2022-11-28 16:47:22.202  INFO--[25-kground-preinit] [                                        ]o.h.v.i.u.Version              :HV000001: Hibernate Validator 6.1.7.Final
2022-11-28 16:47:22.223  INFO--[25-main           ] [                                        ]a.c.m.MbeeliveApplication      :Starting MbeeliveApplication on DESKTOP-GSNRLR9 with PID 11192 (C:\Work\MbLandStock\landstock-cms-be\target\classes started by Thanh Thuc in C:\Work\MbLandStock\landstock-cms-be)
2022-11-28 16:47:22.231  INFO--[25-main           ] [                                        ]a.c.m.MbeeliveApplication      :No active profile set, falling back to default profiles: default
2022-11-28 16:47:23.355  INFO--[25-main           ] [                                        ]epositoryConfigurationDelegate :Multiple Spring Data modules found, entering strict repository configuration mode!
2022-11-28 16:47:23.355  INFO--[25-main           ] [                                        ]epositoryConfigurationDelegate :Bootstrapping Spring Data JPA repositories in DEFAULT mode.
2022-11-28 16:47:23.604  INFO--[25-main           ] [                                        ]epositoryConfigurationDelegate :Finished Spring Data repository scanning in 246ms. Found 36 JPA repository interfaces.
2022-11-28 16:47:23.604  INFO--[25-main           ] [                                        ]epositoryConfigurationDelegate :Multiple Spring Data modules found, entering strict repository configuration mode!
2022-11-28 16:47:23.604  INFO--[25-main           ] [                                        ]epositoryConfigurationDelegate :Bootstrapping Spring Data MongoDB repositories in DEFAULT mode.
2022-11-28 16:47:23.622  INFO--[25-main           ] [                                        ]epositoryConfigurationDelegate :Finished Spring Data repository scanning in 12ms. Found 2 MongoDB repository interfaces.
2022-11-28 16:47:24.682  INFO--[25-main           ] [                                        ]o.s.b.w.e.t.TomcatWebServer    :Tomcat initialized with port(s): 8083 (http)
2022-11-28 16:47:24.694  INFO--[25-main           ] [                                        ]o.a.c.h.Http11NioProtocol      :Initializing ProtocolHandler ["http-nio-8083"]
2022-11-28 16:47:24.694  INFO--[25-main           ] [                                        ]o.a.c.c.StandardService        :Starting service [Tomcat]
2022-11-28 16:47:24.694  INFO--[25-main           ] [                                        ]o.a.c.c.StandardEngine         :Starting Servlet engine: [Apache Tomcat/9.0.46]
2022-11-28 16:47:24.852  INFO--[25-main           ] [                                        ]o.a.c.c.C.[.[.[/]              :Initializing Spring embedded WebApplicationContext
2022-11-28 16:47:24.852  INFO--[25-main           ] [                                        ]letWebServerApplicationContext :Root WebApplicationContext: initialization completed in 2580 ms
2022-11-28 16:47:25.033  INFO--[25-main           ] [                                        ]o.m.d.cluster                  :Cluster created with settings {hosts=[207.46.234.134:27717], mode=SINGLE, requiredClusterType=UNKNOWN, serverSelectionTimeout='30000 ms'}
2022-11-28 16:47:25.552  INFO--[25-main           ] [                                        ]o.m.d.cluster                  :Cluster description not yet available. Waiting for 30000 ms before timing out
2022-11-28 16:47:27.104  INFO--[25-6.234.134:27717] [                                        ]o.m.d.connection               :Opened connection [connectionId{localValue:1, serverValue:5308827}] to 207.46.234.134:27717
2022-11-28 16:47:27.483  INFO--[25-6.234.134:27717] [                                        ]o.m.d.cluster                  :Monitor thread successfully connected to server with description ServerDescription{address=207.46.234.134:27717, type=STANDALONE, state=CONNECTED, ok=true, minWireVersion=0, maxWireVersion=9, maxDocumentSize=16777216, logicalSessionTimeoutMinutes=30, roundTripTimeNanos=381220800}
2022-11-28 16:47:29.053  INFO--[25-main           ] [                                        ]o.m.d.connection               :Opened connection [connectionId{localValue:2, serverValue:5308828}] to 207.46.234.134:27717
2022-11-28 16:47:29.624  INFO--[25-main           ] [                                        ]oPersistentEntityIndexResolver :Found cycle for field '_id' in type 'PostComment' for path 'lastComment -> lastComment'
2022-11-28 16:47:29.631  INFO--[25-main           ] [                                        ]oPersistentEntityIndexResolver :Found cycle for field 'lastComment' in type 'PostComment' for path 'lastComment -> lastComment'
2022-11-28 16:47:29.840  INFO--[25-main           ] [                                        ]oPersistentEntityIndexResolver :Found cycle for field '_id' in type 'PostComment' for path 'lastComment -> lastComment'
2022-11-28 16:47:29.840  INFO--[25-main           ] [                                        ]oPersistentEntityIndexResolver :Found cycle for field 'lastComment' in type 'PostComment' for path 'lastComment -> lastComment'
2022-11-28 16:47:30.632  INFO--[25-main           ] [                                        ]c.z.h.HikariDataSource         :HikariPool-1 - Starting...
2022-11-28 16:47:38.062  INFO--[25-main           ] [                                        ]c.z.h.HikariDataSource         :HikariPool-1 - Start completed.
2022-11-28 16:47:38.172  INFO--[25-main           ] [                                        ]o.h.j.i.u.LogHelper            :HHH000204: Processing PersistenceUnitInfo [name: default]
2022-11-28 16:47:38.203  INFO--[25-main           ] [                                        ]o.h.Version                    :HHH000412: Hibernate ORM core version 5.4.32.Final
2022-11-28 16:47:38.284  INFO--[25-main           ] [                                        ]o.h.a.c.Version                :HCANN000001: Hibernate Commons Annotations {5.1.2.Final}
2022-11-28 16:47:38.363  INFO--[25-main           ] [                                        ]o.h.d.Dialect                  :HHH000400: Using dialect: org.hibernate.dialect.MySQL5Dialect
2022-11-28 16:47:39.152  INFO--[25-main           ] [                                        ]e.t.j.p.i.JtaPlatformInitiator :HHH000490: Using JtaPlatform implementation: [org.hibernate.engine.transaction.jta.platform.internal.NoJtaPlatform]
2022-11-28 16:47:39.163  INFO--[25-main           ] [                                        ]tainerEntityManagerFactoryBean :Initialized JPA EntityManagerFactory for persistence unit 'default'
2022-11-28 16:47:40.092  WARN--[25-main           ] [                                        ]figuration$JpaWebConfiguration :spring.jpa.open-in-view is enabled by default. Therefore, database queries may be performed during view rendering. Explicitly configure spring.jpa.open-in-view to disable this warning
2022-11-28 16:47:41.003  INFO--[25-main           ] [                                        ]o.r.Version                    :Redisson 3.13.2
2022-11-28 16:47:44.692  INFO--[25-isson-netty-2-6] [                                        ]c.p.MasterPubSubConnectionPool :1 connections initialized for dev-brood.redis.cache.windows.net/13.76.180.224:6380
2022-11-28 16:47:45.354  INFO--[25-sson-netty-2-20] [                                        ]o.r.c.p.MasterConnectionPool   :24 connections initialized for dev-brood.redis.cache.windows.net/13.76.180.224:6380
2022-11-28 16:47:45.712  INFO--[25-main           ] [                                        ]redAnnotationBeanPostProcessor :Autowired annotation is not supported on static fields: private static java.lang.String ati.com.mbeelive.cmv.CmvRestClient.clientMessageId
2022-11-28 16:47:46.382  INFO--[25-main           ] [                                        ]o.s.s.c.ThreadPoolTaskExecutor :Initializing ExecutorService
2022-11-28 16:47:46.382  INFO--[25-main           ] [                                        ]o.s.s.c.ThreadPoolTaskExecutor :Initializing ExecutorService 'threadPoolTaskExecutor'
2022-11-28 16:47:46.494  INFO--[25-main           ] [                                        ]etailsServiceAutoConfiguration :

Using generated security password: ad9cc9fc-e23c-4bd2-862b-6c587ec37bf9

2022-11-28 16:47:46.539  INFO--[25-main           ] [                                        ]s.w.DefaultSecurityFilterChain :Creating filter chain: Ant [pattern='/v2/api-docs'], []
2022-11-28 16:47:46.539  INFO--[25-main           ] [                                        ]s.w.DefaultSecurityFilterChain :Creating filter chain: Ant [pattern='/configuration/ui'], []
2022-11-28 16:47:46.539  INFO--[25-main           ] [                                        ]s.w.DefaultSecurityFilterChain :Creating filter chain: Ant [pattern='/swagger-resources/**'], []
2022-11-28 16:47:46.539  INFO--[25-main           ] [                                        ]s.w.DefaultSecurityFilterChain :Creating filter chain: Ant [pattern='/configuration/security'], []
2022-11-28 16:47:46.539  INFO--[25-main           ] [                                        ]s.w.DefaultSecurityFilterChain :Creating filter chain: Ant [pattern='/swagger-ui.html'], []
2022-11-28 16:47:46.539  INFO--[25-main           ] [                                        ]s.w.DefaultSecurityFilterChain :Creating filter chain: Ant [pattern='/swagger-ui/**'], []
2022-11-28 16:47:46.539  INFO--[25-main           ] [                                        ]s.w.DefaultSecurityFilterChain :Creating filter chain: Ant [pattern='/v3/api-docs/**'], []
2022-11-28 16:47:46.539  INFO--[25-main           ] [                                        ]s.w.DefaultSecurityFilterChain :Creating filter chain: Ant [pattern='/webjars/**'], []
2022-11-28 16:47:46.574  INFO--[25-main           ] [                                        ]s.w.DefaultSecurityFilterChain :Creating filter chain: any request, [org.springframework.security.web.context.request.async.WebAsyncManagerIntegrationFilter@56c45636, org.springframework.security.web.context.SecurityContextPersistenceFilter@29fe45a3, org.springframework.security.web.header.HeaderWriterFilter@5e5db72e, org.springframework.web.filter.CorsFilter@6becf200, org.springframework.security.web.csrf.CsrfFilter@72294513, org.springframework.security.web.authentication.logout.LogoutFilter@79b9ed8d, ati.com.mbeelive.springsercurity.JwtAuthenticationFilter@6b5e8b3a, org.springframework.security.web.savedrequest.RequestCacheAwareFilter@2af97fb9, org.springframework.security.web.servletapi.SecurityContextHolderAwareRequestFilter@786c7cc9, org.springframework.security.web.authentication.AnonymousAuthenticationFilter@4cc7bd09, org.springframework.security.web.session.SessionManagementFilter@1ef50c3b, org.springframework.security.web.access.ExceptionTranslationFilter@500497e3, org.springframework.security.web.access.intercept.FilterSecurityInterceptor@763d7eef]
2022-11-28 16:47:46.737  INFO--[25-main           ] [                                        ]o.s.s.c.ThreadPoolTaskExecutor :Initializing ExecutorService
2022-11-28 16:47:46.737  INFO--[25-main           ] [                                        ]o.s.s.c.ThreadPoolTaskExecutor :Initializing ExecutorService 'asyncExecutor'
2022-11-28 16:47:46.737  INFO--[25-main           ] [                                        ]o.s.s.c.ThreadPoolTaskExecutor :Initializing ExecutorService
2022-11-28 16:47:46.737  INFO--[25-main           ] [                                        ]o.s.s.c.ThreadPoolTaskExecutor :Initializing ExecutorService 'asyncExecutorNotification'
2022-11-28 16:47:46.739  INFO--[25-main           ] [                                        ]o.s.s.c.ThreadPoolTaskExecutor :Initializing ExecutorService
2022-11-28 16:47:46.739  INFO--[25-main           ] [                                        ]o.s.s.c.ThreadPoolTaskExecutor :Initializing ExecutorService 'asyncLogsExecutor'
2022-11-28 16:47:48.020  INFO--[25-main           ] [                                        ].s.s.c.ThreadPoolTaskScheduler :Initializing ExecutorService 'taskScheduler'
2022-11-28 16:47:48.053  INFO--[25-main           ] [                                        ]o.a.c.h.Http11NioProtocol      :Starting ProtocolHandler ["http-nio-8083"]
2022-11-28 16:47:48.062  INFO--[25-main           ] [                                        ]o.s.b.w.e.t.TomcatWebServer    :Tomcat started on port(s): 8083 (http) with context path ''
2022-11-28 16:47:48.132  INFO--[25-main           ] [                                        ]o.s.b.w.e.t.TomcatWebServer    :Tomcat initialized with port(s): 8090 (http)
2022-11-28 16:47:48.141  INFO--[25-main           ] [                                        ]o.a.c.h.Http11NioProtocol      :Initializing ProtocolHandler ["http-nio-8090"]
2022-11-28 16:47:48.141  INFO--[25-main           ] [                                        ]o.a.c.c.StandardService        :Starting service [Tomcat]
2022-11-28 16:47:48.141  INFO--[25-main           ] [                                        ]o.a.c.c.StandardEngine         :Starting Servlet engine: [Apache Tomcat/9.0.46]
2022-11-28 16:47:48.192  INFO--[25-main           ] [                                        ]o.a.c.c.C.[.[.[/]              :Initializing Spring embedded WebApplicationContext
2022-11-28 16:47:48.192  INFO--[25-main           ] [                                        ]letWebServerApplicationContext :Root WebApplicationContext: initialization completed in 119 ms
2022-11-28 16:47:48.206  INFO--[25-main           ] [                                        ].b.a.e.w.EndpointLinksResolver :Exposing 2 endpoint(s) beneath base path '/actuator'
2022-11-28 16:47:48.674  INFO--[25-main           ] [                                        ]o.a.c.h.Http11NioProtocol      :Starting ProtocolHandler ["http-nio-8090"]
2022-11-28 16:47:48.674  INFO--[25-main           ] [                                        ]o.s.b.w.e.t.TomcatWebServer    :Tomcat started on port(s): 8090 (http) with context path ''
2022-11-28 16:47:48.693  INFO--[25-main           ] [                                        ]a.c.m.MbeeliveApplication      :Started MbeeliveApplication in 26.718 seconds (JVM running for 28.527)
2022-11-28 16:47:48.693  INFO--[25-main           ] [                                        ]a.c.m.c.CmvSchedule            :start getFirstAccessToken
2022-11-28 16:47:48.693  INFO--[25-main           ] [                                        ]a.c.m.c.CmvRestClient          :getAccessToken with no auth!!!
2022-11-28 16:47:48.863  INFO--[25-)-192.168.8.150] [                                        ]o.a.c.c.C.[.[.[/]              :Initializing Spring DispatcherServlet 'dispatcherServlet'
2022-11-28 16:47:48.863  INFO--[25-)-192.168.8.150] [                                        ]o.s.w.s.DispatcherServlet      :Initializing Servlet 'dispatcherServlet'
2022-11-28 16:47:48.872  INFO--[25-)-192.168.8.150] [                                        ]o.s.w.s.DispatcherServlet      :Completed initialization in 9 ms
2022-11-28 16:47:48.904  INFO--[25-main           ] [                                        ]omClientHttpRequestInterceptor :RestTemplate request logging: URI: https://api-sandbox.mbbank.com.vn/ms-cmv-service-auth/v1.0/login Method: POST Headers: {Accept=[text/plain, application/xml, text/xml, application/json, application/*+xml, application/*+json, */*], Content-Type=[application/json], clientMessageId=[null], Content-Length=[46]} Body: {"username":"cmv_amc_app","password":"123456"}
2022-11-28 16:47:49.404  INFO--[25-main           ] [                                        ]omClientHttpRequestInterceptor :RestTemplate response logging: URI: https://api-sandbox.mbbank.com.vn/ms-cmv-service-auth/v1.0/login Method: POST Status code: 400 BAD_REQUEST Headers: {Date=[Mon, 28 Nov 2022 09:47:00 GMT], Content-Type=[application/json], Content-Length=[108], Connection=[keep-alive], Access-Control-Allow-Origin=[*], Access-Control-Allow-Methods=[*], Access-Control-Allow-Headers=[*], Set-Cookie=[BIGipServer~DEV~apiGee=rd5o00000000000000000000ffff0a011b63o443; path=/; Httponly; Secure, MBAnalyticsaaaaaaaaaaaaaaaa_session_=ABELGJGCGDCLLNKGAIKGPBJHHODOAHFIIADLHJAKJGAIILAKPGMEDMNHOOIHMJHEHDBDLLIBJDIKIDLDMNLAMINEEIKBEAHOHDLOMMJFCJNLENNBOMMBIJJHIBOELFIA; HttpOnly; secure, MB01e353a0=01bb14ea428da0c1d0b9eaab2eb5660cd7a5cf7004fd75165df290a9338f9bbacc10b9553c3b2797be5b3016c72028861b76717ac5; Path=/]} Body: {"clientMessageId":null,"data":null,"errorCode":"203","errorDesc":["'clientMessageId' header is mandatory"]}
2022-11-28 16:47:53.718 ERROR--[25-main           ] [                                        ]a.c.m.c.CmvSchedule            :400 Bad Request: [{"clientMessageId":null,"data":null,"errorCode":"203","errorDesc":["'clientMessageId' header is mandatory"]}]
org.springframework.web.client.HttpClientErrorException$BadRequest: 400 Bad Request: [{"clientMessageId":null,"data":null,"errorCode":"203","errorDesc":["'clientMessageId' header is mandatory"]}]
	at org.springframework.web.client.HttpClientErrorException.create(HttpClientErrorException.java:101)
	at org.springframework.web.client.DefaultResponseErrorHandler.handleError(DefaultResponseErrorHandler.java:184)
	at org.springframework.web.client.DefaultResponseErrorHandler.handleError(DefaultResponseErrorHandler.java:125)
	at org.springframework.web.client.ResponseErrorHandler.handleError(ResponseErrorHandler.java:63)
	at org.springframework.web.client.RestTemplate.handleResponse(RestTemplate.java:780)
	at org.springframework.web.client.RestTemplate.doExecute(RestTemplate.java:738)
	at org.springframework.web.client.RestTemplate.execute(RestTemplate.java:672)
	at org.springframework.web.client.RestTemplate.postForEntity(RestTemplate.java:447)
	at ati.com.mbeelive.cmv.CmvRestClient.postForLogin(CmvRestClient.java:82)
	at ati.com.mbeelive.cmv.CmvRestClient.login(CmvRestClient.java:119)
	at ati.com.mbeelive.cmv.CmvRestClient.getAccessToken(CmvRestClient.java:110)
	at ati.com.mbeelive.cmv.CmvSchedule.getFirstAccessToken(CmvSchedule.java:22)
	at java.base/jdk.internal.reflect.NativeMethodAccessorImpl.invoke0(Native Method)
	at java.base/jdk.internal.reflect.NativeMethodAccessorImpl.invoke(NativeMethodAccessorImpl.java:62)
	at java.base/jdk.internal.reflect.DelegatingMethodAccessorImpl.invoke(DelegatingMethodAccessorImpl.java:43)
	at java.base/java.lang.reflect.Method.invoke(Method.java:566)
	at org.springframework.context.event.ApplicationListenerMethodAdapter.doInvoke(ApplicationListenerMethodAdapter.java:305)
	at org.springframework.context.event.ApplicationListenerMethodAdapter.processEvent(ApplicationListenerMethodAdapter.java:190)
	at org.springframework.context.event.ApplicationListenerMethodAdapter.onApplicationEvent(ApplicationListenerMethodAdapter.java:153)
	at org.springframework.context.event.SimpleApplicationEventMulticaster.doInvokeListener(SimpleApplicationEventMulticaster.java:172)
	at org.springframework.context.event.SimpleApplicationEventMulticaster.invokeListener(SimpleApplicationEventMulticaster.java:165)
	at org.springframework.context.event.SimpleApplicationEventMulticaster.multicastEvent(SimpleApplicationEventMulticaster.java:139)
	at org.springframework.context.support.AbstractApplicationContext.publishEvent(AbstractApplicationContext.java:404)
	at org.springframework.context.support.AbstractApplicationContext.publishEvent(AbstractApplicationContext.java:361)
	at org.springframework.boot.context.event.EventPublishingRunListener.running(EventPublishingRunListener.java:108)
	at org.springframework.boot.SpringApplicationRunListeners.running(SpringApplicationRunListeners.java:77)
	at org.springframework.boot.SpringApplication.run(SpringApplication.java:327)
	at org.springframework.boot.SpringApplication.run(SpringApplication.java:1247)
	at org.springframework.boot.SpringApplication.run(SpringApplication.java:1236)
	at ati.com.mbeelive.MbeeliveApplication.main(MbeeliveApplication.java:29)
2022-11-28 16:48:13.424  INFO--[25-nio-8083-exec-2] [                                        ]a.c.m.l.LoggingService         :REQUEST:X-Request-ID=a3c6c562-90f3-498d-9cbc-0dedfa7ab2b9 | {"httpMethod":"POST","httpPath":"/api/cms/v1/postcate/updateHighlight","clientIp":"0:0:0:0:0:0:0:1","localIp":"0:0:0:0:0:0:0:1","headers":{"authorization":"\u003c\u003cNot log authorization record\u003e\u003e","content-length":"257","postman-token":"e35837a1-8ec0-4c89-ac3b-3658f2b25cd0","host":"localhost:8083","content-type":"application/json","connection":"keep-alive","accept-encoding":"gzip, deflate, br","accept":"application/json; charset\u003dUTF-8","user-agent":"PostmanRuntime/7.29.2"},"parameters":{}}
2022-11-28 16:48:13.463  INFO--[25-nio-8083-exec-2] [                                        ]a.c.m.l.LoggingService         :REQUEST BODY:X-Request-ID=a3c6c562-90f3-498d-9cbc-0dedfa7ab2b9 | {"postCates":[{"id":"628c8bdcd9624725ea84bcc8","position":3},{"id":"62a833edf857b75d6343f584","position":2},{"id":"62a83370f857b75d6343f567","position":1}],"isHighLight":true}
2022-11-28 16:48:13.473 DEBUG--[25-ynchLogThread-1] [                                        ]o.s.d.m.c.MongoTemplate        :Saving Document containing fields: [createdAt, userId, cif, path, requestId, requestObject, _class]
2022-11-28 16:48:13.503 DEBUG--[25-ynchLogThread-2] [                                        ]o.s.d.m.c.MongoTemplate        :Calling update using query: { "requestId" : "a3c6c562-90f3-498d-9cbc-0dedfa7ab2b9"} and update: { "$set" : { "requestBody" : { "postCates" : [{ "_id" : { "$oid" : "628c8bdcd9624725ea84bcc8"}, "position" : 3}, { "_id" : { "$oid" : "62a833edf857b75d6343f584"}, "position" : 2}, { "_id" : { "$oid" : "62a83370f857b75d6343f567"}, "position" : 1}], "isHighLight" : true, "_class" : "ati.com.mbeelive.dto.input.PostCateUpdateHighLight"}}} in collection: logs
2022-11-28 16:48:13.825 DEBUG--[25-nio-8083-exec-2] [                                        ]o.s.d.m.c.MongoTemplate        :find using query: { "deleted" : false, "_id" : { "$in" : [{ "$oid" : "628c8bdcd9624725ea84bcc8"}, { "$oid" : "62a833edf857b75d6343f584"}, { "$oid" : "62a83370f857b75d6343f567"}]}} fields: {} for class: class ati.com.mbeelive.document.post.PostCategory in collection: post_category
2022-11-28 16:48:13.903  INFO--[25-ynchLogThread-2] [                                        ]o.m.d.connection               :Opened connection [connectionId{localValue:3, serverValue:5308829}] to 207.46.234.134:27717
2022-11-28 16:48:14.522  INFO--[25-nio-8083-exec-2] [                                        ]c.m.c.CachePostCategoryService :clearCache success!
2022-11-28 16:48:14.774  INFO--[25-nio-8083-exec-2] [                                        ]a.c.m.l.LoggingService         :RESPONSE:X-Request-ID=a3c6c562-90f3-498d-9cbc-0dedfa7ab2b9 | {"responseCode":200,"during":"1548 ms","httpPath":"/api/cms/v1/postcate/updateHighlight","clientIp":"0:0:0:0:0:0:0:1","localIp":"0:0:0:0:0:0:0:1","headers":{"authorization":"\u003c\u003cNot log authorization record\u003e\u003e","content-length":"257","postman-token":"e35837a1-8ec0-4c89-ac3b-3658f2b25cd0","host":"localhost:8083","content-type":"application/json","connection":"keep-alive","accept-encoding":"gzip, deflate, br","accept":"application/json; charset\u003dUTF-8","user-agent":"PostmanRuntime/7.29.2"},"body":"{\"message\":\"success\",\"code\":200,\"data\":false,\"timestamp\":{\"date\":{\"year\":2022,\"month\":11,\"day\":28},\"time\":{\"hour\":16,\"minute\":48,\"second\":14,\"nano\":733035600}}}"}
2022-11-28 16:49:04.973  INFO--[25-nio-8083-exec-3] [                                        ]a.c.m.l.LoggingService         :REQUEST:X-Request-ID=eacdd972-f80c-45cf-b370-834500387a94 | {"httpMethod":"POST","httpPath":"/api/cms/v1/postcate/updateHighlight","clientIp":"0:0:0:0:0:0:0:1","localIp":"0:0:0:0:0:0:0:1","headers":{"authorization":"\u003c\u003cNot log authorization record\u003e\u003e","content-length":"257","postman-token":"2a80e1b9-0c12-4df7-9d97-4dd898ccf39a","host":"localhost:8083","content-type":"application/json","connection":"keep-alive","accept-encoding":"gzip, deflate, br","accept":"application/json; charset\u003dUTF-8","user-agent":"PostmanRuntime/7.29.2"},"parameters":{}}
2022-11-28 16:49:04.973  INFO--[25-nio-8083-exec-3] [                                        ]a.c.m.l.LoggingService         :REQUEST BODY:X-Request-ID=eacdd972-f80c-45cf-b370-834500387a94 | {"postCates":[{"id":"628c8bdcd9624725ea84bcc8","position":3},{"id":"62a833edf857b75d6343f584","position":2},{"id":"62a83370f857b75d6343f567","position":1}],"isHighLight":true}
2022-11-28 16:49:04.973 DEBUG--[25-ynchLogThread-3] [                                        ]o.s.d.m.c.MongoTemplate        :Saving Document containing fields: [createdAt, userId, cif, path, requestId, requestObject, _class]
2022-11-28 16:49:04.977 DEBUG--[25-ynchLogThread-4] [                                        ]o.s.d.m.c.MongoTemplate        :Calling update using query: { "requestId" : "eacdd972-f80c-45cf-b370-834500387a94"} and update: { "$set" : { "requestBody" : { "postCates" : [{ "_id" : { "$oid" : "628c8bdcd9624725ea84bcc8"}, "position" : 3}, { "_id" : { "$oid" : "62a833edf857b75d6343f584"}, "position" : 2}, { "_id" : { "$oid" : "62a83370f857b75d6343f567"}, "position" : 1}], "isHighLight" : true, "_class" : "ati.com.mbeelive.dto.input.PostCateUpdateHighLight"}}} in collection: logs
2022-11-28 16:49:12.405 DEBUG--[25-nio-8083-exec-3] [                                        ]o.s.d.m.c.MongoTemplate        :find using query: { "deleted" : false, "_id" : { "$in" : [{ "$oid" : "628c8bdcd9624725ea84bcc8"}, { "$oid" : "62a833edf857b75d6343f584"}, { "$oid" : "62a83370f857b75d6343f567"}]}} fields: {} for class: class ati.com.mbeelive.document.post.PostCategory in collection: post_category
2022-11-28 16:49:42.145  INFO--[25-nio-8083-exec-3] [                                        ]c.m.c.CachePostCategoryService :clearCache success!
2022-11-28 16:49:42.313  INFO--[25-nio-8083-exec-3] [                                        ]a.c.m.l.LoggingService         :RESPONSE:X-Request-ID=eacdd972-f80c-45cf-b370-834500387a94 | {"responseCode":200,"during":"37349 ms","httpPath":"/api/cms/v1/postcate/updateHighlight","clientIp":"0:0:0:0:0:0:0:1","localIp":"0:0:0:0:0:0:0:1","headers":{"authorization":"\u003c\u003cNot log authorization record\u003e\u003e","content-length":"257","postman-token":"2a80e1b9-0c12-4df7-9d97-4dd898ccf39a","host":"localhost:8083","content-type":"application/json","connection":"keep-alive","accept-encoding":"gzip, deflate, br","accept":"application/json; charset\u003dUTF-8","user-agent":"PostmanRuntime/7.29.2"},"body":"{\"message\":\"success\",\"code\":200,\"data\":false,\"timestamp\":{\"date\":{\"year\":2022,\"month\":11,\"day\":28},\"time\":{\"hour\":16,\"minute\":49,\"second\":42,\"nano\":313768500}}}"}
2022-11-28 16:50:27.168  INFO--[25-nio-8083-exec-4] [                                        ]a.c.m.l.LoggingService         :REQUEST:X-Request-ID=b7cbd2a6-4dc8-4e5a-a597-404a9b2fbcaa | {"httpMethod":"POST","httpPath":"/api/cms/v1/postcate/updateHighlight","clientIp":"0:0:0:0:0:0:0:1","localIp":"0:0:0:0:0:0:0:1","headers":{"authorization":"\u003c\u003cNot log authorization record\u003e\u003e","content-length":"257","postman-token":"b79d20e5-5c1e-41f7-8574-514beabb9572","host":"localhost:8083","content-type":"application/json","connection":"keep-alive","accept-encoding":"gzip, deflate, br","accept":"application/json; charset\u003dUTF-8","user-agent":"PostmanRuntime/7.29.2"},"parameters":{}}
2022-11-28 16:50:27.171  INFO--[25-nio-8083-exec-4] [                                        ]a.c.m.l.LoggingService         :REQUEST BODY:X-Request-ID=b7cbd2a6-4dc8-4e5a-a597-404a9b2fbcaa | {"postCates":[{"id":"628c8bdcd9624725ea84bcc8","position":3},{"id":"62a833edf857b75d6343f584","position":2},{"id":"62a83370f857b75d6343f567","position":1}],"isHighLight":true}
2022-11-28 16:50:27.172 DEBUG--[25-ynchLogThread-5] [                                        ]o.s.d.m.c.MongoTemplate        :Saving Document containing fields: [createdAt, userId, cif, path, requestId, requestObject, _class]
2022-11-28 16:50:27.174 DEBUG--[25-ynchLogThread-6] [                                        ]o.s.d.m.c.MongoTemplate        :Calling update using query: { "requestId" : "b7cbd2a6-4dc8-4e5a-a597-404a9b2fbcaa"} and update: { "$set" : { "requestBody" : { "postCates" : [{ "_id" : { "$oid" : "628c8bdcd9624725ea84bcc8"}, "position" : 3}, { "_id" : { "$oid" : "62a833edf857b75d6343f584"}, "position" : 2}, { "_id" : { "$oid" : "62a83370f857b75d6343f567"}, "position" : 1}], "isHighLight" : true, "_class" : "ati.com.mbeelive.dto.input.PostCateUpdateHighLight"}}} in collection: logs
2022-11-28 16:50:33.954 DEBUG--[25-nio-8083-exec-4] [                                        ]o.s.d.m.c.MongoTemplate        :find using query: { "deleted" : false, "_id" : { "$in" : [{ "$oid" : "628c8bdcd9624725ea84bcc8"}, { "$oid" : "62a833edf857b75d6343f584"}, { "$oid" : "62a83370f857b75d6343f567"}]}} fields: {} for class: class ati.com.mbeelive.document.post.PostCategory in collection: post_category
2022-11-28 16:51:12.455  INFO--[25-nio-8083-exec-4] [                                        ]c.m.c.CachePostCategoryService :clearCache success!
2022-11-28 16:51:12.619  INFO--[25-nio-8083-exec-4] [                                        ]a.c.m.l.LoggingService         :RESPONSE:X-Request-ID=b7cbd2a6-4dc8-4e5a-a597-404a9b2fbcaa | {"responseCode":200,"during":"45456 ms","httpPath":"/api/cms/v1/postcate/updateHighlight","clientIp":"0:0:0:0:0:0:0:1","localIp":"0:0:0:0:0:0:0:1","headers":{"authorization":"\u003c\u003cNot log authorization record\u003e\u003e","content-length":"257","postman-token":"b79d20e5-5c1e-41f7-8574-514beabb9572","host":"localhost:8083","content-type":"application/json","connection":"keep-alive","accept-encoding":"gzip, deflate, br","accept":"application/json; charset\u003dUTF-8","user-agent":"PostmanRuntime/7.29.2"},"body":"{\"message\":\"success\",\"code\":200,\"data\":false,\"timestamp\":{\"date\":{\"year\":2022,\"month\":11,\"day\":28},\"time\":{\"hour\":16,\"minute\":51,\"second\":12,\"nano\":618849700}}}"}
2022-11-28 16:51:30.069  INFO--[25-nio-8083-exec-5] [                                        ]a.c.m.l.LoggingService         :REQUEST:X-Request-ID=5a1e3bdb-b826-40fb-ba75-85d1e1588c17 | {"httpMethod":"POST","httpPath":"/api/cms/v1/postcate/updateHighlight","clientIp":"0:0:0:0:0:0:0:1","localIp":"0:0:0:0:0:0:0:1","headers":{"authorization":"\u003c\u003cNot log authorization record\u003e\u003e","content-length":"257","postman-token":"53ec3e3d-8285-410e-a3be-24fb93b7ce90","host":"localhost:8083","content-type":"application/json","connection":"keep-alive","accept-encoding":"gzip, deflate, br","accept":"application/json; charset\u003dUTF-8","user-agent":"PostmanRuntime/7.29.2"},"parameters":{}}
2022-11-28 16:51:30.071 DEBUG--[25-ynchLogThread-7] [                                        ]o.s.d.m.c.MongoTemplate        :Saving Document containing fields: [createdAt, userId, cif, path, requestId, requestObject, _class]
2022-11-28 16:51:30.071  INFO--[25-nio-8083-exec-5] [                                        ]a.c.m.l.LoggingService         :REQUEST BODY:X-Request-ID=5a1e3bdb-b826-40fb-ba75-85d1e1588c17 | {"postCates":[{"id":"628c8bdcd9624725ea84bcc8","position":3},{"id":"62a833edf857b75d6343f584","position":2},{"id":"62a83370f857b75d6343f567","position":1}],"isHighLight":true}
2022-11-28 16:51:30.072 DEBUG--[25-ynchLogThread-8] [                                        ]o.s.d.m.c.MongoTemplate        :Calling update using query: { "requestId" : "5a1e3bdb-b826-40fb-ba75-85d1e1588c17"} and update: { "$set" : { "requestBody" : { "postCates" : [{ "_id" : { "$oid" : "628c8bdcd9624725ea84bcc8"}, "position" : 3}, { "_id" : { "$oid" : "62a833edf857b75d6343f584"}, "position" : 2}, { "_id" : { "$oid" : "62a83370f857b75d6343f567"}, "position" : 1}], "isHighLight" : true, "_class" : "ati.com.mbeelive.dto.input.PostCateUpdateHighLight"}}} in collection: logs
2022-11-28 16:51:30.515 DEBUG--[25-nio-8083-exec-5] [                                        ]o.s.d.m.c.MongoTemplate        :find using query: { "deleted" : false, "_id" : { "$in" : [{ "$oid" : "628c8bdcd9624725ea84bcc8"}, { "$oid" : "62a833edf857b75d6343f584"}, { "$oid" : "62a83370f857b75d6343f567"}]}} fields: {} for class: class ati.com.mbeelive.document.post.PostCategory in collection: post_category
2022-11-28 16:51:30.929  INFO--[25-nio-8083-exec-5] [                                        ]c.m.c.CachePostCategoryService :clearCache success!
2022-11-28 16:51:31.129  INFO--[25-nio-8083-exec-5] [                                        ]a.c.m.l.LoggingService         :RESPONSE:X-Request-ID=5a1e3bdb-b826-40fb-ba75-85d1e1588c17 | {"responseCode":200,"during":"1064 ms","httpPath":"/api/cms/v1/postcate/updateHighlight","clientIp":"0:0:0:0:0:0:0:1","localIp":"0:0:0:0:0:0:0:1","headers":{"authorization":"\u003c\u003cNot log authorization record\u003e\u003e","content-length":"257","postman-token":"53ec3e3d-8285-410e-a3be-24fb93b7ce90","host":"localhost:8083","content-type":"application/json","connection":"keep-alive","accept-encoding":"gzip, deflate, br","accept":"application/json; charset\u003dUTF-8","user-agent":"PostmanRuntime/7.29.2"},"body":"{\"message\":\"success\",\"code\":200,\"data\":false,\"timestamp\":{\"date\":{\"year\":2022,\"month\":11,\"day\":28},\"time\":{\"hour\":16,\"minute\":51,\"second\":31,\"nano\":128547100}}}"}
2022-11-28 16:51:35.500  INFO--[25-nio-8083-exec-6] [                                        ]a.c.m.l.LoggingService         :REQUEST:X-Request-ID=f7689989-a37c-4744-8de5-2287180b9029 | {"httpMethod":"POST","httpPath":"/api/cms/v1/postcate/updateHighlight","clientIp":"0:0:0:0:0:0:0:1","localIp":"0:0:0:0:0:0:0:1","headers":{"authorization":"\u003c\u003cNot log authorization record\u003e\u003e","content-length":"257","postman-token":"3a829150-b80f-4d8c-af1c-381b7c8a8959","host":"localhost:8083","content-type":"application/json","connection":"keep-alive","accept-encoding":"gzip, deflate, br","accept":"application/json; charset\u003dUTF-8","user-agent":"PostmanRuntime/7.29.2"},"parameters":{}}
2022-11-28 16:51:35.502  INFO--[25-nio-8083-exec-6] [                                        ]a.c.m.l.LoggingService         :REQUEST BODY:X-Request-ID=f7689989-a37c-4744-8de5-2287180b9029 | {"postCates":[{"id":"628c8bdcd9624725ea84bcc8","position":3},{"id":"62a833edf857b75d6343f584","position":2},{"id":"62a83370f857b75d6343f567","position":1}],"isHighLight":true}
2022-11-28 16:51:35.505 DEBUG--[25-ynchLogThread-9] [                                        ]o.s.d.m.c.MongoTemplate        :Saving Document containing fields: [createdAt, userId, cif, path, requestId, requestObject, _class]
2022-11-28 16:51:35.506 DEBUG--[25-nchLogThread-10] [                                        ]o.s.d.m.c.MongoTemplate        :Calling update using query: { "requestId" : "f7689989-a37c-4744-8de5-2287180b9029"} and update: { "$set" : { "requestBody" : { "postCates" : [{ "_id" : { "$oid" : "628c8bdcd9624725ea84bcc8"}, "position" : 3}, { "_id" : { "$oid" : "62a833edf857b75d6343f584"}, "position" : 2}, { "_id" : { "$oid" : "62a83370f857b75d6343f567"}, "position" : 1}], "isHighLight" : true, "_class" : "ati.com.mbeelive.dto.input.PostCateUpdateHighLight"}}} in collection: logs
2022-11-28 16:51:35.855 DEBUG--[25-nio-8083-exec-6] [                                        ]o.s.d.m.c.MongoTemplate        :find using query: { "deleted" : false, "_id" : { "$in" : [{ "$oid" : "628c8bdcd9624725ea84bcc8"}, { "$oid" : "62a833edf857b75d6343f584"}, { "$oid" : "62a83370f857b75d6343f567"}]}} fields: {} for class: class ati.com.mbeelive.document.post.PostCategory in collection: post_category
2022-11-28 16:51:36.273  INFO--[25-nio-8083-exec-6] [                                        ]c.m.c.CachePostCategoryService :clearCache success!
2022-11-28 16:51:36.439  INFO--[25-nio-8083-exec-6] [                                        ]a.c.m.l.LoggingService         :RESPONSE:X-Request-ID=f7689989-a37c-4744-8de5-2287180b9029 | {"responseCode":200,"during":"940 ms","httpPath":"/api/cms/v1/postcate/updateHighlight","clientIp":"0:0:0:0:0:0:0:1","localIp":"0:0:0:0:0:0:0:1","headers":{"authorization":"\u003c\u003cNot log authorization record\u003e\u003e","content-length":"257","postman-token":"3a829150-b80f-4d8c-af1c-381b7c8a8959","host":"localhost:8083","content-type":"application/json","connection":"keep-alive","accept-encoding":"gzip, deflate, br","accept":"application/json; charset\u003dUTF-8","user-agent":"PostmanRuntime/7.29.2"},"body":"{\"message\":\"success\",\"code\":200,\"data\":false,\"timestamp\":{\"date\":{\"year\":2022,\"month\":11,\"day\":28},\"time\":{\"hour\":16,\"minute\":51,\"second\":36,\"nano\":436750500}}}"}
2022-11-28 16:51:44.657  INFO--[25-nio-8083-exec-7] [                                        ]a.c.m.l.LoggingService         :REQUEST:X-Request-ID=d14967e1-0ef5-473f-b448-8858f7aebcb0 | {"httpMethod":"POST","httpPath":"/api/cms/v1/postcate/updateHighlight","clientIp":"0:0:0:0:0:0:0:1","localIp":"0:0:0:0:0:0:0:1","headers":{"authorization":"\u003c\u003cNot log authorization record\u003e\u003e","content-length":"257","postman-token":"bdf25463-06fd-474f-9e87-0228d17b5302","host":"localhost:8083","content-type":"application/json","connection":"keep-alive","accept-encoding":"gzip, deflate, br","accept":"application/json; charset\u003dUTF-8","user-agent":"PostmanRuntime/7.29.2"},"parameters":{}}
2022-11-28 16:51:44.658 DEBUG--[25-ynchLogThread-1] [                                        ]o.s.d.m.c.MongoTemplate        :Saving Document containing fields: [createdAt, userId, cif, path, requestId, requestObject, _class]
2022-11-28 16:51:44.659  INFO--[25-nio-8083-exec-7] [                                        ]a.c.m.l.LoggingService         :REQUEST BODY:X-Request-ID=d14967e1-0ef5-473f-b448-8858f7aebcb0 | {"postCates":[{"id":"628c8bdcd9624725ea84bcc8","position":3},{"id":"62a833edf857b75d6343f584","position":2},{"id":"62a83370f857b75d6343f567","position":1}],"isHighLight":true}
2022-11-28 16:51:44.659 DEBUG--[25-ynchLogThread-2] [                                        ]o.s.d.m.c.MongoTemplate        :Calling update using query: { "requestId" : "d14967e1-0ef5-473f-b448-8858f7aebcb0"} and update: { "$set" : { "requestBody" : { "postCates" : [{ "_id" : { "$oid" : "628c8bdcd9624725ea84bcc8"}, "position" : 3}, { "_id" : { "$oid" : "62a833edf857b75d6343f584"}, "position" : 2}, { "_id" : { "$oid" : "62a83370f857b75d6343f567"}, "position" : 1}], "isHighLight" : true, "_class" : "ati.com.mbeelive.dto.input.PostCateUpdateHighLight"}}} in collection: logs
2022-11-28 16:51:45.065 DEBUG--[25-nio-8083-exec-7] [                                        ]o.s.d.m.c.MongoTemplate        :find using query: { "deleted" : false, "_id" : { "$in" : [{ "$oid" : "628c8bdcd9624725ea84bcc8"}, { "$oid" : "62a833edf857b75d6343f584"}, { "$oid" : "62a83370f857b75d6343f567"}]}} fields: {} for class: class ati.com.mbeelive.document.post.PostCategory in collection: post_category
2022-11-28 16:51:45.755  INFO--[25-nio-8083-exec-7] [                                        ]c.m.c.CachePostCategoryService :clearCache success!
2022-11-28 16:51:47.193  INFO--[25-nio-8083-exec-7] [                                        ]a.c.m.l.LoggingService         :RESPONSE:X-Request-ID=d14967e1-0ef5-473f-b448-8858f7aebcb0 | {"responseCode":200,"during":"2538 ms","httpPath":"/api/cms/v1/postcate/updateHighlight","clientIp":"0:0:0:0:0:0:0:1","localIp":"0:0:0:0:0:0:0:1","headers":{"authorization":"\u003c\u003cNot log authorization record\u003e\u003e","content-length":"257","postman-token":"bdf25463-06fd-474f-9e87-0228d17b5302","host":"localhost:8083","content-type":"application/json","connection":"keep-alive","accept-encoding":"gzip, deflate, br","accept":"application/json; charset\u003dUTF-8","user-agent":"PostmanRuntime/7.29.2"},"body":"{\"message\":\"success\",\"code\":200,\"data\":false,\"timestamp\":{\"date\":{\"year\":2022,\"month\":11,\"day\":28},\"time\":{\"hour\":16,\"minute\":51,\"second\":47,\"nano\":191119200}}}"}
2022-11-28 16:51:52.776  INFO--[25-extShutdownHook] [                                        ].s.s.c.ThreadPoolTaskScheduler :Shutting down ExecutorService 'taskScheduler'
2022-11-28 16:51:52.782  INFO--[25-extShutdownHook] [                                        ]o.s.s.c.ThreadPoolTaskExecutor :Shutting down ExecutorService 'asyncLogsExecutor'
2022-11-28 16:51:52.783  INFO--[25-extShutdownHook] [                                        ]o.s.s.c.ThreadPoolTaskExecutor :Shutting down ExecutorService 'asyncExecutorNotification'
2022-11-28 16:51:52.783  INFO--[25-extShutdownHook] [                                        ]o.s.s.c.ThreadPoolTaskExecutor :Shutting down ExecutorService 'asyncExecutor'
2022-11-28 16:51:52.785  INFO--[25-extShutdownHook] [                                        ]o.s.s.c.ThreadPoolTaskExecutor :Shutting down ExecutorService 'threadPoolTaskExecutor'
2022-11-28 16:51:53.593  INFO--[25-extShutdownHook] [                                        ]tainerEntityManagerFactoryBean :Closing JPA EntityManagerFactory for persistence unit 'default'
2022-11-28 16:51:53.596  INFO--[25-extShutdownHook] [                                        ]c.z.h.HikariDataSource         :HikariPool-1 - Shutdown initiated...
2022-11-28 16:51:53.608  INFO--[25-extShutdownHook] [                                        ]c.z.h.HikariDataSource         :HikariPool-1 - Shutdown completed.
2022-11-28 16:51:54.052  INFO--[25-extShutdownHook] [                                        ]o.m.d.connection               :Closed connection [connectionId{localValue:3, serverValue:5308829}] to 207.46.234.134:27717 because the pool has been closed.
2022-11-28 16:51:54.052  INFO--[25-extShutdownHook] [                                        ]o.m.d.connection               :Closed connection [connectionId{localValue:2, serverValue:5308828}] to 207.46.234.134:27717 because the pool has been closed.
