2022-11-14 14:16:11.703  INFO--[25-kground-preinit] [                                        ]o.h.v.i.u.Version              :HV000001: Hibernate Validator 6.1.7.Final
2022-11-14 14:16:11.729  INFO--[25-main           ] [                                        ]a.c.m.MbeeliveApplication      :Starting MbeeliveApplication on DESKTOP-GSNRLR9 with PID 2632 (C:\Work\MbLandStock\landstock-cms-be\target\classes started by Thanh Thuc in C:\Work\MbLandStock\landstock-cms-be)
2022-11-14 14:16:11.736  INFO--[25-main           ] [                                        ]a.c.m.MbeeliveApplication      :No active profile set, falling back to default profiles: default
2022-11-14 14:16:12.973  INFO--[25-main           ] [                                        ]epositoryConfigurationDelegate :Multiple Spring Data modules found, entering strict repository configuration mode!
2022-11-14 14:16:12.974  INFO--[25-main           ] [                                        ]epositoryConfigurationDelegate :Bootstrapping Spring Data JPA repositories in DEFAULT mode.
2022-11-14 14:16:13.191  INFO--[25-main           ] [                                        ]epositoryConfigurationDelegate :Finished Spring Data repository scanning in 210ms. Found 36 JPA repository interfaces.
2022-11-14 14:16:13.192  INFO--[25-main           ] [                                        ]epositoryConfigurationDelegate :Multiple Spring Data modules found, entering strict repository configuration mode!
2022-11-14 14:16:13.192  INFO--[25-main           ] [                                        ]epositoryConfigurationDelegate :Bootstrapping Spring Data MongoDB repositories in DEFAULT mode.
2022-11-14 14:16:13.204  INFO--[25-main           ] [                                        ]epositoryConfigurationDelegate :Finished Spring Data repository scanning in 11ms. Found 2 MongoDB repository interfaces.
2022-11-14 14:16:14.293  INFO--[25-main           ] [                                        ]o.s.b.w.e.t.TomcatWebServer    :Tomcat initialized with port(s): 8083 (http)
2022-11-14 14:16:14.301  INFO--[25-main           ] [                                        ]o.a.c.h.Http11NioProtocol      :Initializing ProtocolHandler ["http-nio-8083"]
2022-11-14 14:16:14.302  INFO--[25-main           ] [                                        ]o.a.c.c.StandardService        :Starting service [Tomcat]
2022-11-14 14:16:14.302  INFO--[25-main           ] [                                        ]o.a.c.c.StandardEngine         :Starting Servlet engine: [Apache Tomcat/9.0.46]
2022-11-14 14:16:14.485  INFO--[25-main           ] [                                        ]o.a.c.c.C.[.[.[/]              :Initializing Spring embedded WebApplicationContext
2022-11-14 14:16:14.485  INFO--[25-main           ] [                                        ]letWebServerApplicationContext :Root WebApplicationContext: initialization completed in 2708 ms
2022-11-14 14:16:14.694  INFO--[25-main           ] [                                        ]o.m.d.cluster                  :Cluster created with settings {hosts=[207.46.234.134:27717], mode=SINGLE, requiredClusterType=UNKNOWN, serverSelectionTimeout='30000 ms'}
2022-11-14 14:16:15.269  INFO--[25-main           ] [                                        ]o.m.d.cluster                  :Cluster description not yet available. Waiting for 30000 ms before timing out
2022-11-14 14:16:15.435  INFO--[25-6.234.134:27717] [                                        ]o.m.d.connection               :Opened connection [connectionId{localValue:1, serverValue:5197701}] to 207.46.234.134:27717
2022-11-14 14:16:15.690  INFO--[25-6.234.134:27717] [                                        ]o.m.d.cluster                  :Monitor thread successfully connected to server with description ServerDescription{address=207.46.234.134:27717, type=STANDALONE, state=CONNECTED, ok=true, minWireVersion=0, maxWireVersion=9, maxDocumentSize=16777216, logicalSessionTimeoutMinutes=30, roundTripTimeNanos=250860200}
2022-11-14 14:16:16.291  INFO--[25-main           ] [                                        ]o.m.d.connection               :Opened connection [connectionId{localValue:2, serverValue:5197702}] to 207.46.234.134:27717
2022-11-14 14:16:16.405  INFO--[25-main           ] [                                        ]oPersistentEntityIndexResolver :Found cycle for field '_id' in type 'PostComment' for path 'lastComment -> lastComment'
2022-11-14 14:16:16.406  INFO--[25-main           ] [                                        ]oPersistentEntityIndexResolver :Found cycle for field 'lastComment' in type 'PostComment' for path 'lastComment -> lastComment'
2022-11-14 14:16:16.736  INFO--[25-main           ] [                                        ]oPersistentEntityIndexResolver :Found cycle for field '_id' in type 'PostComment' for path 'lastComment -> lastComment'
2022-11-14 14:16:16.736  INFO--[25-main           ] [                                        ]oPersistentEntityIndexResolver :Found cycle for field 'lastComment' in type 'PostComment' for path 'lastComment -> lastComment'
2022-11-14 14:16:17.540  INFO--[25-main           ] [                                        ]c.z.h.HikariDataSource         :HikariPool-1 - Starting...
2022-11-14 14:16:20.784  INFO--[25-main           ] [                                        ]c.z.h.HikariDataSource         :HikariPool-1 - Start completed.
2022-11-14 14:16:20.878  INFO--[25-main           ] [                                        ]o.h.j.i.u.LogHelper            :HHH000204: Processing PersistenceUnitInfo [name: default]
2022-11-14 14:16:20.917  INFO--[25-main           ] [                                        ]o.h.Version                    :HHH000412: Hibernate ORM core version 5.4.32.Final
2022-11-14 14:16:20.997  INFO--[25-main           ] [                                        ]o.h.a.c.Version                :HCANN000001: Hibernate Commons Annotations {5.1.2.Final}
2022-11-14 14:16:21.081  INFO--[25-main           ] [                                        ]o.h.d.Dialect                  :HHH000400: Using dialect: org.hibernate.dialect.MySQL5Dialect
2022-11-14 14:16:21.887  INFO--[25-main           ] [                                        ]e.t.j.p.i.JtaPlatformInitiator :HHH000490: Using JtaPlatform implementation: [org.hibernate.engine.transaction.jta.platform.internal.NoJtaPlatform]
2022-11-14 14:16:21.908  INFO--[25-main           ] [                                        ]tainerEntityManagerFactoryBean :Initialized JPA EntityManagerFactory for persistence unit 'default'
2022-11-14 14:16:22.651  WARN--[25-main           ] [                                        ]figuration$JpaWebConfiguration :spring.jpa.open-in-view is enabled by default. Therefore, database queries may be performed during view rendering. Explicitly configure spring.jpa.open-in-view to disable this warning
2022-11-14 14:16:23.617  INFO--[25-main           ] [                                        ]o.r.Version                    :Redisson 3.13.2
2022-11-14 14:16:26.811  INFO--[25-isson-netty-2-6] [                                        ]c.p.MasterPubSubConnectionPool :1 connections initialized for dev-brood.redis.cache.windows.net/13.76.180.224:6380
2022-11-14 14:16:26.998  INFO--[25-sson-netty-2-20] [                                        ]o.r.c.p.MasterConnectionPool   :24 connections initialized for dev-brood.redis.cache.windows.net/13.76.180.224:6380
2022-11-14 14:16:28.128  INFO--[25-main           ] [                                        ]o.s.s.c.ThreadPoolTaskExecutor :Initializing ExecutorService
2022-11-14 14:16:28.128  INFO--[25-main           ] [                                        ]o.s.s.c.ThreadPoolTaskExecutor :Initializing ExecutorService 'threadPoolTaskExecutor'
2022-11-14 14:16:28.257  INFO--[25-main           ] [                                        ]etailsServiceAutoConfiguration :

Using generated security password: 20a7d893-726a-4c76-a134-070b114e0d48

2022-11-14 14:16:28.293  INFO--[25-main           ] [                                        ]s.w.DefaultSecurityFilterChain :Creating filter chain: Ant [pattern='/v2/api-docs'], []
2022-11-14 14:16:28.296  INFO--[25-main           ] [                                        ]s.w.DefaultSecurityFilterChain :Creating filter chain: Ant [pattern='/configuration/ui'], []
2022-11-14 14:16:28.296  INFO--[25-main           ] [                                        ]s.w.DefaultSecurityFilterChain :Creating filter chain: Ant [pattern='/swagger-resources/**'], []
2022-11-14 14:16:28.296  INFO--[25-main           ] [                                        ]s.w.DefaultSecurityFilterChain :Creating filter chain: Ant [pattern='/configuration/security'], []
2022-11-14 14:16:28.296  INFO--[25-main           ] [                                        ]s.w.DefaultSecurityFilterChain :Creating filter chain: Ant [pattern='/swagger-ui.html'], []
2022-11-14 14:16:28.296  INFO--[25-main           ] [                                        ]s.w.DefaultSecurityFilterChain :Creating filter chain: Ant [pattern='/swagger-ui/**'], []
2022-11-14 14:16:28.296  INFO--[25-main           ] [                                        ]s.w.DefaultSecurityFilterChain :Creating filter chain: Ant [pattern='/v3/api-docs/**'], []
2022-11-14 14:16:28.296  INFO--[25-main           ] [                                        ]s.w.DefaultSecurityFilterChain :Creating filter chain: Ant [pattern='/webjars/**'], []
2022-11-14 14:16:28.328  INFO--[25-main           ] [                                        ]s.w.DefaultSecurityFilterChain :Creating filter chain: any request, [org.springframework.security.web.context.request.async.WebAsyncManagerIntegrationFilter@2183db30, org.springframework.security.web.context.SecurityContextPersistenceFilter@79f8af90, org.springframework.security.web.header.HeaderWriterFilter@2e5ca5fe, org.springframework.web.filter.CorsFilter@389d371a, org.springframework.security.web.authentication.logout.LogoutFilter@5708b827, ati.com.mbeelive.springsercurity.JwtAuthenticationFilter@24a024c8, org.springframework.security.web.savedrequest.RequestCacheAwareFilter@7a0ba5f0, org.springframework.security.web.servletapi.SecurityContextHolderAwareRequestFilter@23b085ab, org.springframework.security.web.authentication.AnonymousAuthenticationFilter@554a76fd, org.springframework.security.web.session.SessionManagementFilter@10357889, org.springframework.security.web.access.ExceptionTranslationFilter@36e74495, org.springframework.security.web.access.intercept.FilterSecurityInterceptor@41c02b8c]
2022-11-14 14:16:28.461  INFO--[25-main           ] [                                        ]o.s.s.c.ThreadPoolTaskExecutor :Initializing ExecutorService
2022-11-14 14:16:28.461  INFO--[25-main           ] [                                        ]o.s.s.c.ThreadPoolTaskExecutor :Initializing ExecutorService 'asyncExecutor'
2022-11-14 14:16:28.461  INFO--[25-main           ] [                                        ]o.s.s.c.ThreadPoolTaskExecutor :Initializing ExecutorService
2022-11-14 14:16:28.461  INFO--[25-main           ] [                                        ]o.s.s.c.ThreadPoolTaskExecutor :Initializing ExecutorService 'asyncExecutorNotification'
2022-11-14 14:16:28.461  INFO--[25-main           ] [                                        ]o.s.s.c.ThreadPoolTaskExecutor :Initializing ExecutorService
2022-11-14 14:16:28.461  INFO--[25-main           ] [                                        ]o.s.s.c.ThreadPoolTaskExecutor :Initializing ExecutorService 'asyncLogsExecutor'
2022-11-14 14:16:29.928  INFO--[25-main           ] [                                        ].s.s.c.ThreadPoolTaskScheduler :Initializing ExecutorService 'taskScheduler'
2022-11-14 14:16:29.972  INFO--[25-main           ] [                                        ]o.a.c.h.Http11NioProtocol      :Starting ProtocolHandler ["http-nio-8083"]
2022-11-14 14:16:29.981  INFO--[25-main           ] [                                        ]o.s.b.w.e.t.TomcatWebServer    :Tomcat started on port(s): 8083 (http) with context path ''
2022-11-14 14:16:30.037  INFO--[25-main           ] [                                        ]o.s.b.w.e.t.TomcatWebServer    :Tomcat initialized with port(s): 8090 (http)
2022-11-14 14:16:30.037  INFO--[25-main           ] [                                        ]o.a.c.h.Http11NioProtocol      :Initializing ProtocolHandler ["http-nio-8090"]
2022-11-14 14:16:30.037  INFO--[25-main           ] [                                        ]o.a.c.c.StandardService        :Starting service [Tomcat]
2022-11-14 14:16:30.037  INFO--[25-main           ] [                                        ]o.a.c.c.StandardEngine         :Starting Servlet engine: [Apache Tomcat/9.0.46]
2022-11-14 14:16:30.087  INFO--[25-main           ] [                                        ]o.a.c.c.C.[.[.[/]              :Initializing Spring embedded WebApplicationContext
2022-11-14 14:16:30.087  INFO--[25-main           ] [                                        ]letWebServerApplicationContext :Root WebApplicationContext: initialization completed in 100 ms
2022-11-14 14:16:30.098  INFO--[25-main           ] [                                        ].b.a.e.w.EndpointLinksResolver :Exposing 2 endpoint(s) beneath base path '/actuator'
2022-11-14 14:16:30.688  INFO--[25-main           ] [                                        ]o.a.c.h.Http11NioProtocol      :Starting ProtocolHandler ["http-nio-8090"]
2022-11-14 14:16:30.697  INFO--[25-main           ] [                                        ]o.s.b.w.e.t.TomcatWebServer    :Tomcat started on port(s): 8090 (http) with context path ''
2022-11-14 14:16:30.727  INFO--[25-main           ] [                                        ]a.c.m.MbeeliveApplication      :Started MbeeliveApplication in 19.284 seconds (JVM running for 21.363)
2022-11-14 14:16:30.727  INFO--[25-main           ] [                                        ]a.c.m.c.CmvSchedule            :start getFirstAccessToken
2022-11-14 14:16:30.727  INFO--[25-main           ] [                                        ]a.c.m.c.CmvRestClient          :getAccessToken with no auth!!!
2022-11-14 14:16:30.897  INFO--[25-main           ] [                                        ]omClientHttpRequestInterceptor :RestTemplate request logging: URI: https://api-sandbox.mbbank.com.vn/ms-cmv-service-auth/v1.0/login Method: POST Headers: {Accept=[text/plain, application/xml, text/xml, application/json, application/*+xml, application/*+json, */*], Content-Type=[application/json], clientMessageId=[LandStock], Content-Length=[46]} Body: {"username":"cmv_amc_app","password":"123456"}
2022-11-14 14:16:31.282  INFO--[25-)-192.168.8.150] [                                        ]o.a.c.c.C.[.[.[/]              :Initializing Spring DispatcherServlet 'dispatcherServlet'
2022-11-14 14:16:31.282  INFO--[25-)-192.168.8.150] [                                        ]o.s.w.s.DispatcherServlet      :Initializing Servlet 'dispatcherServlet'
2022-11-14 14:16:31.289  INFO--[25-)-192.168.8.150] [                                        ]o.s.w.s.DispatcherServlet      :Completed initialization in 7 ms
2022-11-14 14:16:31.289  INFO--[25-main           ] [                                        ]omClientHttpRequestInterceptor :RestTemplate response logging: URI: https://api-sandbox.mbbank.com.vn/ms-cmv-service-auth/v1.0/login Method: POST Status code: 200 OK Headers: {Date=[Mon, 14 Nov 2022 07:15:46 GMT], Content-Type=[application/json;charset=UTF-8], Connection=[keep-alive], Vary=[Origin, Access-Control-Request-Method, Access-Control-Request-Headers], Cache-Control=[no-store], Pragma=[no-cache], Set-Cookie=[BIGipServer~DEV~apiGee=rd5o00000000000000000000ffff0a011b63o443; path=/; Httponly; Secure, MBAnalyticsaaaaaaaaaaaaaaaa_session_=PCNIBJKGCIKDEGBOLCJHGBDIEHIDMFGDGLEEHEBMCHOBBHFLGBKEHBEPNNHNFIMIIIDDCHIMHKGNJKDCDAEAJDONNOIFBMPGGGPDIGBJHIPCFHJJDBNDOLLLADHJEINB; HttpOnly; secure, MB01e353a0=01bb14ea42254e5e3c82d76238ee16f079fe85619ab3463a3aacbb1ea5853a586ba5e4f9febe02aa95201eedcc8d9de480c5c3538b; Path=/], Transfer-Encoding=[chunked]} Body: {"access_token":"eyJhbGciOiJIUzI1NiIsInR5cCI6IkpXVCJ9.eyJleHAiOjE2Njg0MTM3NDYsInVzZXJfbmFtZSI6IntcImlkXCI6MTE0MzIsXCJicmFuY2hJZFwiOjEsXCJ1c2VybmFtZVwiOlwiY212X2FtY19hcHBcIixcInVzZXJDb2RlXCI6XCJjbXZfYW1jX2FwcFwiLFwiZnVsbE5hbWVcIjpcIk1vYmlsZSBhcHAgQU1DXCIsXCJlbWFpbFwiOlwidGVzdC5jbXZfYW1jX2FwcEBtYmJhbmsuY29tLnZuXCIsXCJicmFuY2hDb2RlXCI6XCJWTjAwMTAwMDFcIixcImV4cGlyZUF0XCI6MTY2ODQxMDE1MDE4NixcInRva2VuVHlwZVwiOlwiQUNDRVNTX1RPS0VOXCIsXCJjbGllbnRJZFwiOlwiY212LWNsaWVudC1pZFwiLFwic2NvcGVzXCI6W1wiTUIjTU9ESU
2022-11-14 14:16:31.386  INFO--[25-main           ] [                                        ]a.c.m.c.CmvSchedule            :end getFirstAccessToken
2022-11-14 14:17:02.187  INFO--[25-nio-8083-exec-2] [                                        ]a.c.m.l.LoggingService         :REQUEST:X-Request-ID=922d693f-69bc-4342-9bf7-65fbc40722b0 | {"httpMethod":"POST","httpPath":"/api/cms/v1/post/updateStatus","clientIp":"0:0:0:0:0:0:0:1","localIp":"0:0:0:0:0:0:0:1","headers":{"authorization":"\u003c\u003cNot log authorization record\u003e\u003e","content-length":"73","postman-token":"5723ccf5-8ac9-4344-9ec3-d57ff1c93bc9","host":"localhost:8083","content-type":"application/json","connection":"keep-alive","accept-encoding":"gzip, deflate, br","accept":"application/json; charset\u003dUTF-8","user-agent":"PostmanRuntime/7.29.2"},"parameters":{}}
2022-11-14 14:17:02.236  INFO--[25-nio-8083-exec-2] [                                        ]a.c.m.l.LoggingService         :REQUEST BODY:X-Request-ID=922d693f-69bc-4342-9bf7-65fbc40722b0 | {"ids":["6371ea1874c1811275df89da"],"status":"Approved"}
2022-11-14 14:17:02.237 DEBUG--[25-ynchLogThread-1] [                                        ]o.s.d.m.c.MongoTemplate        :Saving Document containing fields: [createdAt, userId, cif, path, requestId, requestObject, _class]
2022-11-14 14:17:02.308 DEBUG--[25-ynchLogThread-2] [                                        ]o.s.d.m.c.MongoTemplate        :Calling update using query: { "requestId" : "922d693f-69bc-4342-9bf7-65fbc40722b0"} and update: { "$set" : { "requestBody" : { "ids" : ["6371ea1874c1811275df89da"], "status" : "Approved", "_class" : "ati.com.mbeelive.dto.post.input.UpdateStatusPostInput"}}} in collection: logs
2022-11-14 14:17:09.214 DEBUG--[25-nio-8083-exec-2] [                                        ]o.s.d.m.c.MongoTemplate        :find using query: { "_id" : { "$in" : [{ "$oid" : "6371ea1874c1811275df89da"}]}} fields: {} for class: class ati.com.mbeelive.document.post.Post in collection: posts
2022-11-14 14:17:09.308  INFO--[25-ynchLogThread-2] [                                        ]o.m.d.connection               :Opened connection [connectionId{localValue:3, serverValue:5197705}] to 207.46.234.134:27717
2022-11-14 14:17:18.037 DEBUG--[25-nio-8083-exec-2] [                                        ]o.s.d.m.c.MongoTemplate        :Saving Document containing fields: [_id, title, customerCategory, images, categoryIds, categoryNames, status, type, totalView, totalLike, totalComment, approved_at, offComment, score, postImages, floorNo, area, costs, created_at, updated_at, created_by, deleted, _class]
2022-11-14 14:17:45.637  WARN--[25-l-1 housekeeper] [                                        ]c.z.h.p.HikariPool             :HikariPool-1 - Thread starvation or clock leap detected (housekeeper delta=54s727ms251µs500ns).
2022-11-14 14:17:54.857 DEBUG--[25-nchNotiThread-1] [                                        ]o.s.d.m.c.MongoTemplate        :Saving Document containing fields: [title, content, userId, sourceId, status, type, linkToTarget, subType, created_at, updated_at, created_by, deleted, _class]
2022-11-14 14:17:55.231  INFO--[25-nio-8083-exec-2] [                                        ]a.c.m.l.LoggingService         :RESPONSE:X-Request-ID=922d693f-69bc-4342-9bf7-65fbc40722b0 | {"responseCode":200,"during":"53274 ms","httpPath":"/api/cms/v1/post/updateStatus","clientIp":"0:0:0:0:0:0:0:1","localIp":"0:0:0:0:0:0:0:1","headers":{"authorization":"\u003c\u003cNot log authorization record\u003e\u003e","content-length":"73","postman-token":"5723ccf5-8ac9-4344-9ec3-d57ff1c93bc9","host":"localhost:8083","content-type":"application/json","connection":"keep-alive","accept-encoding":"gzip, deflate, br","accept":"application/json; charset\u003dUTF-8","user-agent":"PostmanRuntime/7.29.2"},"body":"{\"message\":\"success\",\"code\":200,\"data\":true,\"timestamp\":{\"date\":{\"year\":2022,\"month\":11,\"day\":14},\"time\":{\"hour\":14,\"minute\":17,\"second\":55,\"nano\":222017000}}}"}
2022-11-14 15:48:25.657  INFO--[25-nio-8083-exec-5] [                                        ]a.c.m.l.LoggingService         :REQUEST:X-Request-ID=null | {"httpMethod":"GET","httpPath":"/swagger-ui/swagger-ui-bundle.js","clientIp":"0:0:0:0:0:0:0:1","localIp":"0:0:0:0:0:0:0:1","headers":{"sec-fetch-mode":"no-cors","referer":"http://localhost:8083/swagger-ui/index.html?configUrl\u003d/v3/api-docs/swagger-config","sec-fetch-site":"same-origin","accept-language":"vi-VN,vi;q\u003d0.9,fr-FR;q\u003d0.8,fr;q\u003d0.7,en-US;q\u003d0.6,en;q\u003d0.5","accept":"*/*","if-modified-since":"Fri, 27 May 2022 04:04:02 GMT","sec-ch-ua":"\"Google Chrome\";v\u003d\"107\", \"Chromium\";v\u003d\"107\", \"Not\u003dA?Brand\";v\u003d\"24\"","sec-ch-ua-mobile":"?0","sec-ch-ua-platform":"\"Windows\"","host":"localhost:8083","connection":"keep-alive","accept-encoding":"gzip, deflate, br","user-agent":"Mozilla/5.0 (Windows NT 10.0; Win64; x64) AppleWebKit/537.36 (KHTML, like Gecko) Chrome/107.0.0.0 Safari/537.36","sec-fetch-dest":"script"},"parameters":{}}
2022-11-14 15:48:25.657  INFO--[25-nio-8083-exec-6] [                                        ]a.c.m.l.LoggingService         :REQUEST:X-Request-ID=null | {"httpMethod":"GET","httpPath":"/swagger-ui/swagger-ui-standalone-preset.js","clientIp":"0:0:0:0:0:0:0:1","localIp":"0:0:0:0:0:0:0:1","headers":{"sec-fetch-mode":"no-cors","referer":"http://localhost:8083/swagger-ui/index.html?configUrl\u003d/v3/api-docs/swagger-config","sec-fetch-site":"same-origin","accept-language":"vi-VN,vi;q\u003d0.9,fr-FR;q\u003d0.8,fr;q\u003d0.7,en-US;q\u003d0.6,en;q\u003d0.5","accept":"*/*","if-modified-since":"Fri, 27 May 2022 04:04:02 GMT","sec-ch-ua":"\"Google Chrome\";v\u003d\"107\", \"Chromium\";v\u003d\"107\", \"Not\u003dA?Brand\";v\u003d\"24\"","sec-ch-ua-mobile":"?0","sec-ch-ua-platform":"\"Windows\"","host":"localhost:8083","connection":"keep-alive","accept-encoding":"gzip, deflate, br","user-agent":"Mozilla/5.0 (Windows NT 10.0; Win64; x64) AppleWebKit/537.36 (KHTML, like Gecko) Chrome/107.0.0.0 Safari/537.36","sec-fetch-dest":"script"},"parameters":{}}
2022-11-14 15:48:25.657  INFO--[25-nio-8083-exec-4] [                                        ]a.c.m.l.LoggingService         :REQUEST:X-Request-ID=null | {"httpMethod":"GET","httpPath":"/swagger-ui/swagger-ui.css","clientIp":"0:0:0:0:0:0:0:1","localIp":"0:0:0:0:0:0:0:1","headers":{"sec-fetch-mode":"no-cors","referer":"http://localhost:8083/swagger-ui/index.html?configUrl\u003d/v3/api-docs/swagger-config","sec-fetch-site":"same-origin","accept-language":"vi-VN,vi;q\u003d0.9,fr-FR;q\u003d0.8,fr;q\u003d0.7,en-US;q\u003d0.6,en;q\u003d0.5","accept":"text/css,*/*;q\u003d0.1","if-modified-since":"Fri, 27 May 2022 04:04:02 GMT","sec-ch-ua":"\"Google Chrome\";v\u003d\"107\", \"Chromium\";v\u003d\"107\", \"Not\u003dA?Brand\";v\u003d\"24\"","sec-ch-ua-mobile":"?0","sec-ch-ua-platform":"\"Windows\"","host":"localhost:8083","connection":"keep-alive","accept-encoding":"gzip, deflate, br","user-agent":"Mozilla/5.0 (Windows NT 10.0; Win64; x64) AppleWebKit/537.36 (KHTML, like Gecko) Chrome/107.0.0.0 Safari/537.36","sec-fetch-dest":"style"},"parameters":{}}
2022-11-14 15:48:25.827  INFO--[25-nio-8083-exec-7] [                                        ]a.c.m.l.LoggingService         :REQUEST:X-Request-ID=null | {"httpMethod":"GET","httpPath":"/v3/api-docs/swagger-config","clientIp":"0:0:0:0:0:0:0:1","localIp":"0:0:0:0:0:0:0:1","headers":{"sec-fetch-mode":"cors","referer":"http://localhost:8083/swagger-ui/index.html?configUrl\u003d/v3/api-docs/swagger-config","sec-fetch-site":"same-origin","accept-language":"vi-VN,vi;q\u003d0.9,fr-FR;q\u003d0.8,fr;q\u003d0.7,en-US;q\u003d0.6,en;q\u003d0.5","accept":"*/*","sec-ch-ua":"\"Google Chrome\";v\u003d\"107\", \"Chromium\";v\u003d\"107\", \"Not\u003dA?Brand\";v\u003d\"24\"","sec-ch-ua-mobile":"?0","sec-ch-ua-platform":"\"Windows\"","host":"localhost:8083","connection":"keep-alive","accept-encoding":"gzip, deflate, br","user-agent":"Mozilla/5.0 (Windows NT 10.0; Win64; x64) AppleWebKit/537.36 (KHTML, like Gecko) Chrome/107.0.0.0 Safari/537.36","sec-fetch-dest":"empty"},"parameters":{}}
2022-11-14 15:48:25.858  INFO--[25-nio-8083-exec-7] [                                        ]a.c.m.l.LoggingService         :RESPONSE:X-Request-ID=null | {"responseCode":200,"during":"1668415705858 ms","httpPath":"/v3/api-docs/swagger-config","clientIp":"0:0:0:0:0:0:0:1","localIp":"0:0:0:0:0:0:0:1","headers":{"sec-fetch-mode":"cors","referer":"http://localhost:8083/swagger-ui/index.html?configUrl\u003d/v3/api-docs/swagger-config","sec-fetch-site":"same-origin","accept-language":"vi-VN,vi;q\u003d0.9,fr-FR;q\u003d0.8,fr;q\u003d0.7,en-US;q\u003d0.6,en;q\u003d0.5","accept":"*/*","sec-ch-ua":"\"Google Chrome\";v\u003d\"107\", \"Chromium\";v\u003d\"107\", \"Not\u003dA?Brand\";v\u003d\"24\"","sec-ch-ua-mobile":"?0","sec-ch-ua-platform":"\"Windows\"","host":"localhost:8083","connection":"keep-alive","accept-encoding":"gzip, deflate, br","user-agent":"Mozilla/5.0 (Windows NT 10.0; Win64; x64) AppleWebKit/537.36 (KHTML, like Gecko) Chrome/107.0.0.0 Safari/537.36","sec-fetch-dest":"empty"},"body":"{\"configUrl\":\"/v3/api-docs/swagger-config\",\"oauth2RedirectUrl\":\"http://localhost:8083/swagger-ui/oauth2-redirect.html\",\"url\":\"/v3/api-docs\",\"validatorUrl\":\"\"}"}
2022-11-14 15:48:25.881  INFO--[25-nio-8083-exec-8] [                                        ]a.c.m.l.LoggingService         :REQUEST:X-Request-ID=null | {"httpMethod":"GET","httpPath":"/v3/api-docs","clientIp":"0:0:0:0:0:0:0:1","localIp":"0:0:0:0:0:0:0:1","headers":{"sec-fetch-mode":"cors","referer":"http://localhost:8083/swagger-ui/index.html?configUrl\u003d/v3/api-docs/swagger-config","sec-fetch-site":"same-origin","accept-language":"vi-VN,vi;q\u003d0.9,fr-FR;q\u003d0.8,fr;q\u003d0.7,en-US;q\u003d0.6,en;q\u003d0.5","accept":"application/json,*/*","sec-ch-ua":"\"Google Chrome\";v\u003d\"107\", \"Chromium\";v\u003d\"107\", \"Not\u003dA?Brand\";v\u003d\"24\"","sec-ch-ua-mobile":"?0","sec-ch-ua-platform":"\"Windows\"","host":"localhost:8083","connection":"keep-alive","accept-encoding":"gzip, deflate, br","user-agent":"Mozilla/5.0 (Windows NT 10.0; Win64; x64) AppleWebKit/537.36 (KHTML, like Gecko) Chrome/107.0.0.0 Safari/537.36","sec-fetch-dest":"empty"},"parameters":{}}
2022-11-14 15:48:27.032  INFO--[25-nio-8083-exec-8] [                                        ]o.s.a.AbstractOpenApiResource  :Init duration for springdoc-openapi is: 1074 ms
2022-11-14 15:48:27.091  INFO--[25-nio-8083-exec-8] [                                        ]a.c.m.l.LoggingService         :RESPONSE:X-Request-ID=null | {"responseCode":200,"during":"1668415707091 ms","httpPath":"/v3/api-docs","clientIp":"0:0:0:0:0:0:0:1","localIp":"0:0:0:0:0:0:0:1","headers":{"sec-fetch-mode":"cors","referer":"http://localhost:8083/swagger-ui/index.html?configUrl\u003d/v3/api-docs/swagger-config","sec-fetch-site":"same-origin","accept-language":"vi-VN,vi;q\u003d0.9,fr-FR;q\u003d0.8,fr;q\u003d0.7,en-US;q\u003d0.6,en;q\u003d0.5","accept":"application/json,*/*","sec-ch-ua":"\"Google Chrome\";v\u003d\"107\", \"Chromium\";v\u003d\"107\", \"Not\u003dA?Brand\";v\u003d\"24\"","sec-ch-ua-mobile":"?0","sec-ch-ua-platform":"\"Windows\"","host":"localhost:8083","connection":"keep-alive","accept-encoding":"gzip, deflate, br","user-agent":"Mozilla/5.0 (Windows NT 10.0; Win64; x64) AppleWebKit/537.36 (KHTML, like Gecko) Chrome/107.0.0.0 Safari/537.36","sec-fetch-dest":"empty"},"body":"\"{\\\"openapi\\\":\\\"3.0.1\\\",\\\"info\\\":{\\\"title\\\":\\\"MBeeLive\\\",\\\"version\\\":\\\"v1\\\"},\\\"servers\\\":[{\\\"url\\\":\\\"http://localhost:8083\\\",\\\"description\\\":\\\"Generated server url\\\"}],\\\"paths\\\":{\\\"/api/cms/v1/user/uppdate/password\\\":{\\\"put\\\":{\\\"tags\\\":[\\\"user-cms-controller\\\"],\\\"operationId\\\":\\\"UpdatePassword\\\",\\\"requestBody\\\":{\\\"content\\\":{\\\"application/json\\\":{\\\"schema\\\":{\\\"$ref\\\":\\\"#/components/schemas/UpdatePass\\\"}}},\\\"required\\\":true},\\\"responses\\\":{\\\"200\\\":{\\\"description\\\":\\\"OK\\\",\\\"content\\\":{\\\"applicati"}
2022-11-14 15:48:37.925  INFO--[25-extShutdownHook] [                                        ].s.s.c.ThreadPoolTaskScheduler :Shutting down ExecutorService 'taskScheduler'
2022-11-14 15:48:37.930  INFO--[25-extShutdownHook] [                                        ]o.s.s.c.ThreadPoolTaskExecutor :Shutting down ExecutorService 'asyncLogsExecutor'
2022-11-14 15:48:37.930  INFO--[25-extShutdownHook] [                                        ]o.s.s.c.ThreadPoolTaskExecutor :Shutting down ExecutorService 'asyncExecutorNotification'
2022-11-14 15:48:37.930  INFO--[25-extShutdownHook] [                                        ]o.s.s.c.ThreadPoolTaskExecutor :Shutting down ExecutorService 'asyncExecutor'
2022-11-14 15:48:37.930  INFO--[25-extShutdownHook] [                                        ]o.s.s.c.ThreadPoolTaskExecutor :Shutting down ExecutorService 'threadPoolTaskExecutor'
