2022-11-01 11:06:39.990  INFO--[21-kground-preinit] [                                        ]o.h.v.i.u.Version              :HV000001: Hibernate Validator 6.1.7.Final
2022-11-01 11:06:40.021  INFO--[21-main           ] [                                        ]a.c.m.MbeeliveApplication      :Starting MbeeliveApplication on DESKTOP-GSNRLR9 with PID 15052 (C:\Work\MbLandStock\landstock-cms-be\target\classes started by Thanh Thuc in C:\Work\MbLandStock\landstock-cms-be)
2022-11-01 11:06:40.021  INFO--[21-main           ] [                                        ]a.c.m.MbeeliveApplication      :No active profile set, falling back to default profiles: default
2022-11-01 11:06:41.177  INFO--[21-main           ] [                                        ]epositoryConfigurationDelegate :Multiple Spring Data modules found, entering strict repository configuration mode!
2022-11-01 11:06:41.177  INFO--[21-main           ] [                                        ]epositoryConfigurationDelegate :Bootstrapping Spring Data JPA repositories in DEFAULT mode.
2022-11-01 11:06:41.365  INFO--[21-main           ] [                                        ]epositoryConfigurationDelegate :Finished Spring Data repository scanning in 177ms. Found 36 JPA repository interfaces.
2022-11-01 11:06:41.365  INFO--[21-main           ] [                                        ]epositoryConfigurationDelegate :Multiple Spring Data modules found, entering strict repository configuration mode!
2022-11-01 11:06:41.365  INFO--[21-main           ] [                                        ]epositoryConfigurationDelegate :Bootstrapping Spring Data MongoDB repositories in DEFAULT mode.
2022-11-01 11:06:41.365  INFO--[21-main           ] [                                        ]epositoryConfigurationDelegate :Finished Spring Data repository scanning in 9ms. Found 2 MongoDB repository interfaces.
2022-11-01 11:06:42.349  INFO--[21-main           ] [                                        ]o.s.b.w.e.t.TomcatWebServer    :Tomcat initialized with port(s): 8083 (http)
2022-11-01 11:06:42.349  INFO--[21-main           ] [                                        ]o.a.c.h.Http11NioProtocol      :Initializing ProtocolHandler ["http-nio-8083"]
2022-11-01 11:06:42.349  INFO--[21-main           ] [                                        ]o.a.c.c.StandardService        :Starting service [Tomcat]
2022-11-01 11:06:42.349  INFO--[21-main           ] [                                        ]o.a.c.c.StandardEngine         :Starting Servlet engine: [Apache Tomcat/9.0.46]
2022-11-01 11:06:42.505  INFO--[21-main           ] [                                        ]o.a.c.c.C.[.[.[/]              :Initializing Spring embedded WebApplicationContext
2022-11-01 11:06:42.505  INFO--[21-main           ] [                                        ]letWebServerApplicationContext :Root WebApplicationContext: initialization completed in 2437 ms
2022-11-01 11:06:42.677  INFO--[21-main           ] [                                        ]o.m.d.cluster                  :Cluster created with settings {hosts=[207.46.234.134:27717], mode=SINGLE, requiredClusterType=UNKNOWN, serverSelectionTimeout='30000 ms'}
2022-11-01 11:06:43.019  INFO--[21-6.234.134:27717] [                                        ]o.m.d.connection               :Opened connection [connectionId{localValue:1, serverValue:5088565}] to 207.46.234.134:27717
2022-11-01 11:06:43.160  INFO--[21-6.234.134:27717] [                                        ]o.m.d.cluster                  :Monitor thread successfully connected to server with description ServerDescription{address=207.46.234.134:27717, type=STANDALONE, state=CONNECTED, ok=true, minWireVersion=0, maxWireVersion=9, maxDocumentSize=16777216, logicalSessionTimeoutMinutes=30, roundTripTimeNanos=125482900}
2022-11-01 11:06:43.160  INFO--[21-main           ] [                                        ]oPersistentEntityIndexResolver :Found cycle for field '_id' in type 'PostComment' for path 'lastComment -> lastComment'
2022-11-01 11:06:43.160  INFO--[21-main           ] [                                        ]oPersistentEntityIndexResolver :Found cycle for field 'lastComment' in type 'PostComment' for path 'lastComment -> lastComment'
2022-11-01 11:06:44.097  INFO--[21-main           ] [                                        ]o.m.d.connection               :Opened connection [connectionId{localValue:2, serverValue:5088566}] to 207.46.234.134:27717
2022-11-01 11:06:44.503  INFO--[21-main           ] [                                        ]oPersistentEntityIndexResolver :Found cycle for field '_id' in type 'PostComment' for path 'lastComment -> lastComment'
2022-11-01 11:06:44.503  INFO--[21-main           ] [                                        ]oPersistentEntityIndexResolver :Found cycle for field 'lastComment' in type 'PostComment' for path 'lastComment -> lastComment'
2022-11-01 11:06:46.377  INFO--[21-main           ] [                                        ]c.z.h.HikariDataSource         :HikariPool-1 - Starting...
2022-11-01 11:06:49.656  INFO--[21-main           ] [                                        ]c.z.h.HikariDataSource         :HikariPool-1 - Start completed.
2022-11-01 11:06:49.779  INFO--[21-main           ] [                                        ]o.h.j.i.u.LogHelper            :HHH000204: Processing PersistenceUnitInfo [name: default]
2022-11-01 11:06:49.822  INFO--[21-main           ] [                                        ]o.h.Version                    :HHH000412: Hibernate ORM core version 5.4.32.Final
2022-11-01 11:06:49.916  INFO--[21-main           ] [                                        ]o.h.a.c.Version                :HCANN000001: Hibernate Commons Annotations {5.1.2.Final}
2022-11-01 11:06:49.994  INFO--[21-main           ] [                                        ]o.h.d.Dialect                  :HHH000400: Using dialect: org.hibernate.dialect.MySQL5Dialect
2022-11-01 11:06:50.806  INFO--[21-main           ] [                                        ]e.t.j.p.i.JtaPlatformInitiator :HHH000490: Using JtaPlatform implementation: [org.hibernate.engine.transaction.jta.platform.internal.NoJtaPlatform]
2022-11-01 11:06:50.822  INFO--[21-main           ] [                                        ]tainerEntityManagerFactoryBean :Initialized JPA EntityManagerFactory for persistence unit 'default'
2022-11-01 11:06:51.369  WARN--[21-main           ] [                                        ]figuration$JpaWebConfiguration :spring.jpa.open-in-view is enabled by default. Therefore, database queries may be performed during view rendering. Explicitly configure spring.jpa.open-in-view to disable this warning
2022-11-01 11:06:52.244  INFO--[21-main           ] [                                        ]o.r.Version                    :Redisson 3.13.2
2022-11-01 11:06:53.905  INFO--[21-isson-netty-2-2] [                                        ]c.p.MasterPubSubConnectionPool :1 connections initialized for dev-brood.redis.cache.windows.net/13.76.180.224:6380
2022-11-01 11:06:53.921  INFO--[21-sson-netty-2-20] [                                        ]o.r.c.p.MasterConnectionPool   :24 connections initialized for dev-brood.redis.cache.windows.net/13.76.180.224:6380
2022-11-01 11:06:55.044  INFO--[21-main           ] [                                        ]o.s.s.c.ThreadPoolTaskExecutor :Initializing ExecutorService
2022-11-01 11:06:55.044  INFO--[21-main           ] [                                        ]o.s.s.c.ThreadPoolTaskExecutor :Initializing ExecutorService 'threadPoolTaskExecutor'
2022-11-01 11:06:55.154  INFO--[21-main           ] [                                        ]etailsServiceAutoConfiguration :

Using generated security password: c2888be5-8c68-4548-ae40-4be9ce2640f7

2022-11-01 11:06:55.188  INFO--[21-main           ] [                                        ]s.w.DefaultSecurityFilterChain :Creating filter chain: Ant [pattern='/v2/api-docs'], []
2022-11-01 11:06:55.188  INFO--[21-main           ] [                                        ]s.w.DefaultSecurityFilterChain :Creating filter chain: Ant [pattern='/configuration/ui'], []
2022-11-01 11:06:55.188  INFO--[21-main           ] [                                        ]s.w.DefaultSecurityFilterChain :Creating filter chain: Ant [pattern='/swagger-resources/**'], []
2022-11-01 11:06:55.188  INFO--[21-main           ] [                                        ]s.w.DefaultSecurityFilterChain :Creating filter chain: Ant [pattern='/configuration/security'], []
2022-11-01 11:06:55.188  INFO--[21-main           ] [                                        ]s.w.DefaultSecurityFilterChain :Creating filter chain: Ant [pattern='/swagger-ui.html'], []
2022-11-01 11:06:55.188  INFO--[21-main           ] [                                        ]s.w.DefaultSecurityFilterChain :Creating filter chain: Ant [pattern='/swagger-ui/**'], []
2022-11-01 11:06:55.188  INFO--[21-main           ] [                                        ]s.w.DefaultSecurityFilterChain :Creating filter chain: Ant [pattern='/v3/api-docs/**'], []
2022-11-01 11:06:55.188  INFO--[21-main           ] [                                        ]s.w.DefaultSecurityFilterChain :Creating filter chain: Ant [pattern='/webjars/**'], []
2022-11-01 11:06:55.219  INFO--[21-main           ] [                                        ]s.w.DefaultSecurityFilterChain :Creating filter chain: any request, [org.springframework.security.web.context.request.async.WebAsyncManagerIntegrationFilter@10de92aa, org.springframework.security.web.context.SecurityContextPersistenceFilter@24aa1547, org.springframework.security.web.header.HeaderWriterFilter@34bbfd4b, org.springframework.web.filter.CorsFilter@9c53820, org.springframework.security.web.authentication.logout.LogoutFilter@41c02b8c, ati.com.mbeelive.springsercurity.JwtAuthenticationFilter@74af4b0, org.springframework.security.web.savedrequest.RequestCacheAwareFilter@5b293cc9, org.springframework.security.web.servletapi.SecurityContextHolderAwareRequestFilter@7d963aca, org.springframework.security.web.authentication.AnonymousAuthenticationFilter@7f218b0c, org.springframework.security.web.session.SessionManagementFilter@13987842, org.springframework.security.web.access.ExceptionTranslationFilter@1efb1a38, org.springframework.security.web.access.intercept.FilterSecurityInterceptor@6b54dbd8]
2022-11-01 11:06:55.360  INFO--[21-main           ] [                                        ]o.s.s.c.ThreadPoolTaskExecutor :Initializing ExecutorService
2022-11-01 11:06:55.360  INFO--[21-main           ] [                                        ]o.s.s.c.ThreadPoolTaskExecutor :Initializing ExecutorService 'asyncExecutor'
2022-11-01 11:06:55.360  INFO--[21-main           ] [                                        ]o.s.s.c.ThreadPoolTaskExecutor :Initializing ExecutorService
2022-11-01 11:06:55.360  INFO--[21-main           ] [                                        ]o.s.s.c.ThreadPoolTaskExecutor :Initializing ExecutorService 'asyncExecutorNotification'
2022-11-01 11:06:55.360  INFO--[21-main           ] [                                        ]o.s.s.c.ThreadPoolTaskExecutor :Initializing ExecutorService
2022-11-01 11:06:55.360  INFO--[21-main           ] [                                        ]o.s.s.c.ThreadPoolTaskExecutor :Initializing ExecutorService 'asyncLogsExecutor'
2022-11-01 11:06:56.635  INFO--[21-main           ] [                                        ].s.s.c.ThreadPoolTaskScheduler :Initializing ExecutorService 'taskScheduler'
2022-11-01 11:06:56.682  INFO--[21-main           ] [                                        ]o.a.c.h.Http11NioProtocol      :Starting ProtocolHandler ["http-nio-8083"]
2022-11-01 11:06:56.697  INFO--[21-main           ] [                                        ]o.s.b.w.e.t.TomcatWebServer    :Tomcat started on port(s): 8083 (http) with context path ''
2022-11-01 11:06:56.791  INFO--[21-main           ] [                                        ]o.s.b.w.e.t.TomcatWebServer    :Tomcat initialized with port(s): 8090 (http)
2022-11-01 11:06:56.791  INFO--[21-main           ] [                                        ]o.a.c.h.Http11NioProtocol      :Initializing ProtocolHandler ["http-nio-8090"]
2022-11-01 11:06:56.791  INFO--[21-main           ] [                                        ]o.a.c.c.StandardService        :Starting service [Tomcat]
2022-11-01 11:06:56.791  INFO--[21-main           ] [                                        ]o.a.c.c.StandardEngine         :Starting Servlet engine: [Apache Tomcat/9.0.46]
2022-11-01 11:06:56.838  INFO--[21-main           ] [                                        ]o.a.c.c.C.[.[.[/]              :Initializing Spring embedded WebApplicationContext
2022-11-01 11:06:56.838  INFO--[21-main           ] [                                        ]letWebServerApplicationContext :Root WebApplicationContext: initialization completed in 125 ms
2022-11-01 11:06:56.853  INFO--[21-main           ] [                                        ].b.a.e.w.EndpointLinksResolver :Exposing 2 endpoint(s) beneath base path '/actuator'
2022-11-01 11:06:57.439  INFO--[21-main           ] [                                        ]o.a.c.h.Http11NioProtocol      :Starting ProtocolHandler ["http-nio-8090"]
2022-11-01 11:06:57.439  INFO--[21-main           ] [                                        ]o.s.b.w.e.t.TomcatWebServer    :Tomcat started on port(s): 8090 (http) with context path ''
2022-11-01 11:06:57.470  INFO--[21-main           ] [                                        ]a.c.m.MbeeliveApplication      :Started MbeeliveApplication in 17.729 seconds (JVM running for 19.233)
2022-11-01 11:06:57.477  INFO--[21-main           ] [                                        ]a.c.m.c.CmvSchedule            :start getFirstAccessToken
2022-11-01 11:06:57.477  INFO--[21-main           ] [                                        ]a.c.m.c.CmvRestClient          :getAccessToken with no auth!!!
2022-11-01 11:06:57.658  INFO--[21-main           ] [                                        ]omClientHttpRequestInterceptor :RestTemplate request logging: URI: https://api-sandbox.mbbank.com.vn/ms-cmv-service-auth/v1.0/login Method: POST Headers: {Accept=[text/plain, application/xml, text/xml, application/json, application/*+xml, application/*+json, */*], Content-Type=[application/json], clientMessageId=[LandStock], Content-Length=[46]} Body: {"username":"cmv_amc_app","password":"123456"}
2022-11-01 11:06:57.919  INFO--[21-)-192.168.8.103] [                                        ]o.a.c.c.C.[.[.[/]              :Initializing Spring DispatcherServlet 'dispatcherServlet'
2022-11-01 11:06:57.919  INFO--[21-)-192.168.8.103] [                                        ]o.s.w.s.DispatcherServlet      :Initializing Servlet 'dispatcherServlet'
2022-11-01 11:06:57.919  INFO--[21-)-192.168.8.103] [                                        ]o.s.w.s.DispatcherServlet      :Completed initialization in 0 ms
2022-11-01 11:06:57.997  INFO--[21-main           ] [                                        ]omClientHttpRequestInterceptor :RestTemplate response logging: URI: https://api-sandbox.mbbank.com.vn/ms-cmv-service-auth/v1.0/login Method: POST Status code: 200 OK Headers: {Date=[Tue, 01 Nov 2022 04:06:16 GMT], Content-Type=[application/json;charset=UTF-8], Connection=[keep-alive], Vary=[Origin, Access-Control-Request-Method, Access-Control-Request-Headers], Cache-Control=[no-store], Pragma=[no-cache], Set-Cookie=[BIGipServer~DEV~apiGee=rd5o00000000000000000000ffff0a011b63o443; path=/; Httponly; Secure, MBAnalyticsaaaaaaaaaaaaaaaa_session_=NFAFHKDCLKOCHMEIIJBDDHELNDKPGLMAJNMCJHEBMAIFIKCKCAIKANIKLAICJNKIDNHDDKAONKBPPJFHEALAKLIHOJBDIKAHCBGLILNELFJDPLNPEPLEMDOIDHKNEEHI; HttpOnly; secure, MB01e353a0=01bb14ea42a607f6fe24f2c256a50218b3303e0d494292dfae019e6826b0546ecebaab93386d293421298609c694b17330e79aae2b; Path=/], Transfer-Encoding=[chunked]} Body: {"access_token":"eyJhbGciOiJIUzI1NiIsInR5cCI6IkpXVCJ9.eyJleHAiOjE2NjcyNzkxNzYsInVzZXJfbmFtZSI6IntcImlkXCI6MTE0MzIsXCJicmFuY2hJZFwiOjEsXCJ1c2VybmFtZVwiOlwiY212X2FtY19hcHBcIixcInVzZXJDb2RlXCI6XCJjbXZfYW1jX2FwcFwiLFwiZnVsbE5hbWVcIjpcIk1vYmlsZSBhcHAgQU1DXCIsXCJlbWFpbFwiOlwiY212X2FtY19hcHBAbWJiYW5rLmNvbS52blwiLFwiYnJhbmNoQ29kZVwiOlwiVk4wMDEwMDAxXCIsXCJleHBpcmVBdFwiOjE2NjcyNzU1ODAxNTQsXCJ0b2tlblR5cGVcIjpcIkFDQ0VTU19UT0tFTlwiLFwiY2xpZW50SWRcIjpcImNtdi1jbGllbnQtaWRcIixcInNjb3Blc1wiOltcIk1CI01PRElGWVwiLF
2022-11-01 11:06:58.091  INFO--[21-main           ] [                                        ]a.c.m.c.CmvSchedule            :end getFirstAccessToken
2022-11-01 11:07:23.897  INFO--[21-nio-8083-exec-2] [                                        ]a.c.m.l.LoggingService         :REQUEST:X-Request-ID=dcf16604-5d7c-43b7-af09-6c963d4424ad | {"httpMethod":"GET","httpPath":"/api/cms/v1/user-logs","clientIp":"0:0:0:0:0:0:0:1","localIp":"0:0:0:0:0:0:0:1","headers":{"authorization":"\u003c\u003cNot log authorization record\u003e\u003e","postman-token":"6fa712c7-ff8c-4c64-9f87-0de668478ede","host":"localhost:8083","connection":"keep-alive","accept-encoding":"gzip, deflate, br","accept":"application/json; charset\u003dUTF-8","user-agent":"PostmanRuntime/7.29.2"},"parameters":{"path":"search","timeStart":"2022-11-01T03:48:55.694Z","pageNo":"0","pageSize":"10","sort":"createdAt:desc","userID":"2"}}
2022-11-01 11:07:23.960 DEBUG--[21-ynchLogThread-1] [                                        ]o.s.d.m.c.MongoTemplate        :Saving Document containing fields: [createdAt, userId, cif, path, requestId, requestObject, _class]
2022-11-01 11:07:29.799  INFO--[21-nio-8083-exec-4] [                                        ]a.c.m.l.LoggingService         :REQUEST:X-Request-ID=aa52c862-841d-46af-b0dd-f36546fbbb4c | {"httpMethod":"GET","httpPath":"/api/cms/v1/user-logs","clientIp":"0:0:0:0:0:0:0:1","localIp":"0:0:0:0:0:0:0:1","headers":{"authorization":"\u003c\u003cNot log authorization record\u003e\u003e","postman-token":"431a0f73-6165-4db4-888c-63b8fd616975","host":"localhost:8083","connection":"keep-alive","accept-encoding":"gzip, deflate, br","accept":"application/json; charset\u003dUTF-8","user-agent":"PostmanRuntime/7.29.2"},"parameters":{"path":"search","pageNo":"0","pageSize":"10","sort":"createdAt:desc","userID":"2"}}
2022-11-01 11:07:29.800 DEBUG--[21-ynchLogThread-2] [                                        ]o.s.d.m.c.MongoTemplate        :Saving Document containing fields: [createdAt, userId, cif, path, requestId, requestObject, _class]
2022-11-01 11:07:29.825 DEBUG--[21-nio-8083-exec-4] [                                        ]o.s.d.m.c.MongoTemplate        :find using query: { "userId" : 2, "$and" : [{ "path" : { "$regularExpression" : { "pattern" : "search", "options" : ""}}}], "cif" : { "$exists" : false}} fields: {} for class: class ati.com.mbeelive.document.Log in collection: logs
2022-11-01 11:07:30.232  INFO--[21-nio-8083-exec-4] [                                        ]o.m.d.connection               :Opened connection [connectionId{localValue:3, serverValue:5088567}] to 207.46.234.134:27717
2022-11-01 11:07:30.717 DEBUG--[21-nio-8083-exec-4] [                                        ]o.s.d.m.c.MongoTemplate        :Executing count: { "userId" : 2, "$and" : [{ "path" : { "$regularExpression" : { "pattern" : "search", "options" : ""}}}], "cif" : { "$exists" : false}} in collection: posts
2022-11-01 11:07:30.888  INFO--[21-nio-8083-exec-4] [                                        ]a.c.m.l.LoggingService         :RESPONSE:X-Request-ID=aa52c862-841d-46af-b0dd-f36546fbbb4c | {"responseCode":200,"during":"1092 ms","httpPath":"/api/cms/v1/user-logs","clientIp":"0:0:0:0:0:0:0:1","localIp":"0:0:0:0:0:0:0:1","headers":{"authorization":"\u003c\u003cNot log authorization record\u003e\u003e","postman-token":"431a0f73-6165-4db4-888c-63b8fd616975","host":"localhost:8083","connection":"keep-alive","accept-encoding":"gzip, deflate, br","accept":"application/json; charset\u003dUTF-8","user-agent":"PostmanRuntime/7.29.2"},"body":"{\"message\":\"OK\",\"code\":200,\"data\":{\"content\":[{\"createdAt\":{\"date\":{\"year\":2022,\"month\":11,\"day\":1},\"time\":{\"hour\":10,\"minute\":55,\"second\":41,\"nano\":927000000}},\"userId\":2,\"path\":\"/api/cms/v1/fenghui/websearch\",\"requestId\":\"a934942c-8938-496f-8e39-67e3841d2eec\",\"requestObject\":{\"httpMethod\":\"GET\",\"httpPath\":\"/api/cms/v1/fenghui/websearch\",\"clientIp\":\"115.79.142.34\",\"localIp\":\"10.4.1.17\",\"headers\":{\"x-request-id\":\"7f367e76e8da036cbc426b4224369fff\",\"x-real-ip\":\"115.79.142.34\",\"authorization\":\"\\u0"}
2022-11-01 11:08:10.927  INFO--[21-nio-8083-exec-5] [                                        ]a.c.m.l.LoggingService         :REQUEST:X-Request-ID=null | {"httpMethod":"GET","httpPath":"/swagger-ui/index.html","clientIp":"0:0:0:0:0:0:0:1","localIp":"0:0:0:0:0:0:0:1","headers":{"sec-fetch-mode":"navigate","sec-fetch-site":"same-origin","accept-language":"vi-VN,vi;q\u003d0.9,fr-FR;q\u003d0.8,fr;q\u003d0.7,en-US;q\u003d0.6,en;q\u003d0.5","sec-fetch-user":"?1","accept":"text/html,application/xhtml+xml,application/xml;q\u003d0.9,image/avif,image/webp,image/apng,*/*;q\u003d0.8,application/signed-exchange;v\u003db3;q\u003d0.9","if-modified-since":"Fri, 27 May 2022 04:04:02 GMT","sec-ch-ua":"\"Chromium\";v\u003d\"106\", \"Google Chrome\";v\u003d\"106\", \"Not;A\u003dBrand\";v\u003d\"99\"","sec-ch-ua-mobile":"?0","sec-ch-ua-platform":"\"Windows\"","host":"localhost:8083","upgrade-insecure-requests":"1","connection":"keep-alive","cache-control":"max-age\u003d0","accept-encoding":"gzip, deflate, br","user-agent":"Mozilla/5.0 (Windows NT 10.0; Win64; x64) AppleWebKit/537.36 (KHTML, like Gecko) Chrome/106.0.0.0 Safari/537.36","sec-fetch-dest":"document"},"parameters":{"configUrl":"/v3/api-docs/swagger-config"}}
2022-11-01 11:08:11.143  INFO--[21-nio-8083-exec-6] [                                        ]a.c.m.l.LoggingService         :REQUEST:X-Request-ID=null | {"httpMethod":"GET","httpPath":"/v3/api-docs/swagger-config","clientIp":"0:0:0:0:0:0:0:1","localIp":"0:0:0:0:0:0:0:1","headers":{"sec-fetch-mode":"cors","referer":"http://localhost:8083/swagger-ui/index.html?configUrl\u003d/v3/api-docs/swagger-config","sec-fetch-site":"same-origin","accept-language":"vi-VN,vi;q\u003d0.9,fr-FR;q\u003d0.8,fr;q\u003d0.7,en-US;q\u003d0.6,en;q\u003d0.5","accept":"*/*","sec-ch-ua":"\"Chromium\";v\u003d\"106\", \"Google Chrome\";v\u003d\"106\", \"Not;A\u003dBrand\";v\u003d\"99\"","sec-ch-ua-mobile":"?0","sec-ch-ua-platform":"\"Windows\"","host":"localhost:8083","connection":"keep-alive","accept-encoding":"gzip, deflate, br","user-agent":"Mozilla/5.0 (Windows NT 10.0; Win64; x64) AppleWebKit/537.36 (KHTML, like Gecko) Chrome/106.0.0.0 Safari/537.36","sec-fetch-dest":"empty"},"parameters":{}}
2022-11-01 11:08:11.147  INFO--[21-nio-8083-exec-6] [                                        ]a.c.m.l.LoggingService         :RESPONSE:X-Request-ID=null | {"responseCode":200,"during":"1667275691147 ms","httpPath":"/v3/api-docs/swagger-config","clientIp":"0:0:0:0:0:0:0:1","localIp":"0:0:0:0:0:0:0:1","headers":{"sec-fetch-mode":"cors","referer":"http://localhost:8083/swagger-ui/index.html?configUrl\u003d/v3/api-docs/swagger-config","sec-fetch-site":"same-origin","accept-language":"vi-VN,vi;q\u003d0.9,fr-FR;q\u003d0.8,fr;q\u003d0.7,en-US;q\u003d0.6,en;q\u003d0.5","accept":"*/*","sec-ch-ua":"\"Chromium\";v\u003d\"106\", \"Google Chrome\";v\u003d\"106\", \"Not;A\u003dBrand\";v\u003d\"99\"","sec-ch-ua-mobile":"?0","sec-ch-ua-platform":"\"Windows\"","host":"localhost:8083","connection":"keep-alive","accept-encoding":"gzip, deflate, br","user-agent":"Mozilla/5.0 (Windows NT 10.0; Win64; x64) AppleWebKit/537.36 (KHTML, like Gecko) Chrome/106.0.0.0 Safari/537.36","sec-fetch-dest":"empty"},"body":"{\"configUrl\":\"/v3/api-docs/swagger-config\",\"oauth2RedirectUrl\":\"http://localhost:8083/swagger-ui/oauth2-redirect.html\",\"url\":\"/v3/api-docs\",\"validatorUrl\":\"\"}"}
2022-11-01 11:08:11.215  INFO--[21-nio-8083-exec-7] [                                        ]a.c.m.l.LoggingService         :REQUEST:X-Request-ID=null | {"httpMethod":"GET","httpPath":"/v3/api-docs","clientIp":"0:0:0:0:0:0:0:1","localIp":"0:0:0:0:0:0:0:1","headers":{"sec-fetch-mode":"cors","referer":"http://localhost:8083/swagger-ui/index.html?configUrl\u003d/v3/api-docs/swagger-config","sec-fetch-site":"same-origin","accept-language":"vi-VN,vi;q\u003d0.9,fr-FR;q\u003d0.8,fr;q\u003d0.7,en-US;q\u003d0.6,en;q\u003d0.5","accept":"application/json,*/*","sec-ch-ua":"\"Chromium\";v\u003d\"106\", \"Google Chrome\";v\u003d\"106\", \"Not;A\u003dBrand\";v\u003d\"99\"","sec-ch-ua-mobile":"?0","sec-ch-ua-platform":"\"Windows\"","host":"localhost:8083","connection":"keep-alive","accept-encoding":"gzip, deflate, br","user-agent":"Mozilla/5.0 (Windows NT 10.0; Win64; x64) AppleWebKit/537.36 (KHTML, like Gecko) Chrome/106.0.0.0 Safari/537.36","sec-fetch-dest":"empty"},"parameters":{}}
2022-11-01 11:08:13.171  INFO--[21-nio-8083-exec-7] [                                        ]o.s.a.AbstractOpenApiResource  :Init duration for springdoc-openapi is: 1949 ms
2022-11-01 11:08:13.204  INFO--[21-nio-8083-exec-7] [                                        ]a.c.m.l.LoggingService         :RESPONSE:X-Request-ID=null | {"responseCode":200,"during":"1667275693204 ms","httpPath":"/v3/api-docs","clientIp":"0:0:0:0:0:0:0:1","localIp":"0:0:0:0:0:0:0:1","headers":{"sec-fetch-mode":"cors","referer":"http://localhost:8083/swagger-ui/index.html?configUrl\u003d/v3/api-docs/swagger-config","sec-fetch-site":"same-origin","accept-language":"vi-VN,vi;q\u003d0.9,fr-FR;q\u003d0.8,fr;q\u003d0.7,en-US;q\u003d0.6,en;q\u003d0.5","accept":"application/json,*/*","sec-ch-ua":"\"Chromium\";v\u003d\"106\", \"Google Chrome\";v\u003d\"106\", \"Not;A\u003dBrand\";v\u003d\"99\"","sec-ch-ua-mobile":"?0","sec-ch-ua-platform":"\"Windows\"","host":"localhost:8083","connection":"keep-alive","accept-encoding":"gzip, deflate, br","user-agent":"Mozilla/5.0 (Windows NT 10.0; Win64; x64) AppleWebKit/537.36 (KHTML, like Gecko) Chrome/106.0.0.0 Safari/537.36","sec-fetch-dest":"empty"},"body":"\"{\\\"openapi\\\":\\\"3.0.1\\\",\\\"info\\\":{\\\"title\\\":\\\"MBeeLive\\\",\\\"version\\\":\\\"v1\\\"},\\\"servers\\\":[{\\\"url\\\":\\\"http://localhost:8083\\\",\\\"description\\\":\\\"Generated server url\\\"}],\\\"paths\\\":{\\\"/api/cms/v1/user/uppdate/password\\\":{\\\"put\\\":{\\\"tags\\\":[\\\"user-cms-controller\\\"],\\\"operationId\\\":\\\"UpdatePassword\\\",\\\"requestBody\\\":{\\\"content\\\":{\\\"application/json\\\":{\\\"schema\\\":{\\\"$ref\\\":\\\"#/components/schemas/UpdatePass\\\"}}},\\\"required\\\":true},\\\"responses\\\":{\\\"200\\\":{\\\"description\\\":\\\"OK\\\",\\\"content\\\":{\\\"applicati"}
2022-11-01 11:10:53.861  INFO--[21-extShutdownHook] [                                        ].s.s.c.ThreadPoolTaskScheduler :Shutting down ExecutorService 'taskScheduler'
2022-11-01 11:10:53.861  INFO--[21-extShutdownHook] [                                        ]o.s.s.c.ThreadPoolTaskExecutor :Shutting down ExecutorService 'asyncLogsExecutor'
2022-11-01 11:10:53.861  INFO--[21-extShutdownHook] [                                        ]o.s.s.c.ThreadPoolTaskExecutor :Shutting down ExecutorService 'asyncExecutorNotification'
2022-11-01 11:10:53.861  INFO--[21-extShutdownHook] [                                        ]o.s.s.c.ThreadPoolTaskExecutor :Shutting down ExecutorService 'asyncExecutor'
2022-11-01 11:10:53.861  INFO--[21-extShutdownHook] [                                        ]o.s.s.c.ThreadPoolTaskExecutor :Shutting down ExecutorService 'threadPoolTaskExecutor'
2022-11-01 11:10:54.005  INFO--[21-extShutdownHook] [                                        ]tainerEntityManagerFactoryBean :Closing JPA EntityManagerFactory for persistence unit 'default'
2022-11-01 11:10:54.021  INFO--[21-extShutdownHook] [                                        ]c.z.h.HikariDataSource         :HikariPool-1 - Shutdown initiated...
2022-11-01 11:10:54.036  INFO--[21-extShutdownHook] [                                        ]c.z.h.HikariDataSource         :HikariPool-1 - Shutdown completed.
2022-11-01 11:10:54.115  INFO--[21-extShutdownHook] [                                        ]o.m.d.connection               :Closed connection [connectionId{localValue:2, serverValue:5088566}] to 207.46.234.134:27717 because the pool has been closed.
2022-11-01 11:10:54.115  INFO--[21-extShutdownHook] [                                        ]o.m.d.connection               :Closed connection [connectionId{localValue:3, serverValue:5088567}] to 207.46.234.134:27717 because the pool has been closed.
