2022-11-18 08:42:38.499  INFO--[26-kground-preinit] [                                        ]o.h.v.i.u.Version              :HV000001: Hibernate Validator 6.1.7.Final
2022-11-18 08:42:38.530  INFO--[26-main           ] [                                        ]a.c.m.MbeeliveApplication      :Starting MbeeliveApplication on DESKTOP-GSNRLR9 with PID 15716 (C:\Work\MbLandStock\landstock-cms-be\target\classes started by Thanh Thuc in C:\Work\MbLandStock\landstock-cms-be)
2022-11-18 08:42:38.530  INFO--[26-main           ] [                                        ]a.c.m.MbeeliveApplication      :No active profile set, falling back to default profiles: default
2022-11-18 08:42:39.717  INFO--[26-main           ] [                                        ]epositoryConfigurationDelegate :Multiple Spring Data modules found, entering strict repository configuration mode!
2022-11-18 08:42:39.733  INFO--[26-main           ] [                                        ]epositoryConfigurationDelegate :Bootstrapping Spring Data JPA repositories in DEFAULT mode.
2022-11-18 08:42:39.905  INFO--[26-main           ] [                                        ]epositoryConfigurationDelegate :Finished Spring Data repository scanning in 180ms. Found 36 JPA repository interfaces.
2022-11-18 08:42:39.905  INFO--[26-main           ] [                                        ]epositoryConfigurationDelegate :Multiple Spring Data modules found, entering strict repository configuration mode!
2022-11-18 08:42:39.905  INFO--[26-main           ] [                                        ]epositoryConfigurationDelegate :Bootstrapping Spring Data MongoDB repositories in DEFAULT mode.
2022-11-18 08:42:39.920  INFO--[26-main           ] [                                        ]epositoryConfigurationDelegate :Finished Spring Data repository scanning in 9ms. Found 2 MongoDB repository interfaces.
2022-11-18 08:42:40.826  INFO--[26-main           ] [                                        ]o.s.b.w.e.t.TomcatWebServer    :Tomcat initialized with port(s): 8083 (http)
2022-11-18 08:42:40.858  INFO--[26-main           ] [                                        ]o.a.c.h.Http11NioProtocol      :Initializing ProtocolHandler ["http-nio-8083"]
2022-11-18 08:42:40.858  INFO--[26-main           ] [                                        ]o.a.c.c.StandardService        :Starting service [Tomcat]
2022-11-18 08:42:40.858  INFO--[26-main           ] [                                        ]o.a.c.c.StandardEngine         :Starting Servlet engine: [Apache Tomcat/9.0.46]
2022-11-18 08:42:41.014  INFO--[26-main           ] [                                        ]o.a.c.c.C.[.[.[/]              :Initializing Spring embedded WebApplicationContext
2022-11-18 08:42:41.014  INFO--[26-main           ] [                                        ]letWebServerApplicationContext :Root WebApplicationContext: initialization completed in 2437 ms
2022-11-18 08:42:41.217  INFO--[26-main           ] [                                        ]o.m.d.cluster                  :Cluster created with settings {hosts=[207.46.234.134:27717], mode=SINGLE, requiredClusterType=UNKNOWN, serverSelectionTimeout='30000 ms'}
2022-11-18 08:42:41.514  INFO--[26-6.234.134:27717] [                                        ]o.m.d.connection               :Opened connection [connectionId{localValue:1, serverValue:5230419}] to 207.46.234.134:27717
2022-11-18 08:42:41.639  INFO--[26-6.234.134:27717] [                                        ]o.m.d.cluster                  :Monitor thread successfully connected to server with description ServerDescription{address=207.46.234.134:27717, type=STANDALONE, state=CONNECTED, ok=true, minWireVersion=0, maxWireVersion=9, maxDocumentSize=16777216, logicalSessionTimeoutMinutes=30, roundTripTimeNanos=124671300}
2022-11-18 08:42:42.436  INFO--[26-main           ] [                                        ]o.m.d.connection               :Opened connection [connectionId{localValue:2, serverValue:5230420}] to 207.46.234.134:27717
2022-11-18 08:42:42.686  INFO--[26-main           ] [                                        ]oPersistentEntityIndexResolver :Found cycle for field '_id' in type 'PostComment' for path 'lastComment -> lastComment'
2022-11-18 08:42:42.686  INFO--[26-main           ] [                                        ]oPersistentEntityIndexResolver :Found cycle for field 'lastComment' in type 'PostComment' for path 'lastComment -> lastComment'
2022-11-18 08:42:43.326  INFO--[26-main           ] [                                        ]oPersistentEntityIndexResolver :Found cycle for field '_id' in type 'PostComment' for path 'lastComment -> lastComment'
2022-11-18 08:42:43.326  INFO--[26-main           ] [                                        ]oPersistentEntityIndexResolver :Found cycle for field 'lastComment' in type 'PostComment' for path 'lastComment -> lastComment'
2022-11-18 08:42:43.685  INFO--[26-main           ] [                                        ]c.z.h.HikariDataSource         :HikariPool-1 - Starting...
2022-11-18 08:42:46.528  INFO--[26-main           ] [                                        ]c.z.h.HikariDataSource         :HikariPool-1 - Start completed.
2022-11-18 08:42:46.653  INFO--[26-main           ] [                                        ]o.h.j.i.u.LogHelper            :HHH000204: Processing PersistenceUnitInfo [name: default]
2022-11-18 08:42:46.684  INFO--[26-main           ] [                                        ]o.h.Version                    :HHH000412: Hibernate ORM core version 5.4.32.Final
2022-11-18 08:42:46.762  INFO--[26-main           ] [                                        ]o.h.a.c.Version                :HCANN000001: Hibernate Commons Annotations {5.1.2.Final}
2022-11-18 08:42:46.841  INFO--[26-main           ] [                                        ]o.h.d.Dialect                  :HHH000400: Using dialect: org.hibernate.dialect.MySQL5Dialect
2022-11-18 08:42:47.637  INFO--[26-main           ] [                                        ]e.t.j.p.i.JtaPlatformInitiator :HHH000490: Using JtaPlatform implementation: [org.hibernate.engine.transaction.jta.platform.internal.NoJtaPlatform]
2022-11-18 08:42:47.637  INFO--[26-main           ] [                                        ]tainerEntityManagerFactoryBean :Initialized JPA EntityManagerFactory for persistence unit 'default'
2022-11-18 08:42:48.246  WARN--[26-main           ] [                                        ]figuration$JpaWebConfiguration :spring.jpa.open-in-view is enabled by default. Therefore, database queries may be performed during view rendering. Explicitly configure spring.jpa.open-in-view to disable this warning
2022-11-18 08:42:49.902  INFO--[26-main           ] [                                        ]o.r.Version                    :Redisson 3.13.2
2022-11-18 08:42:52.667  INFO--[26-isson-netty-2-5] [                                        ]c.p.MasterPubSubConnectionPool :1 connections initialized for dev-brood.redis.cache.windows.net/13.76.180.224:6380
2022-11-18 08:42:52.667  INFO--[26-sson-netty-2-18] [                                        ]o.r.c.p.MasterConnectionPool   :24 connections initialized for dev-brood.redis.cache.windows.net/13.76.180.224:6380
2022-11-18 08:42:53.731  INFO--[26-main           ] [                                        ]o.s.s.c.ThreadPoolTaskExecutor :Initializing ExecutorService
2022-11-18 08:42:53.731  INFO--[26-main           ] [                                        ]o.s.s.c.ThreadPoolTaskExecutor :Initializing ExecutorService 'threadPoolTaskExecutor'
2022-11-18 08:42:53.846  INFO--[26-main           ] [                                        ]etailsServiceAutoConfiguration :

Using generated security password: d43bb065-0f36-49e4-8ef1-ae24f3c5dddd

2022-11-18 08:42:53.877  INFO--[26-main           ] [                                        ]s.w.DefaultSecurityFilterChain :Creating filter chain: Ant [pattern='/v2/api-docs'], []
2022-11-18 08:42:53.877  INFO--[26-main           ] [                                        ]s.w.DefaultSecurityFilterChain :Creating filter chain: Ant [pattern='/configuration/ui'], []
2022-11-18 08:42:53.877  INFO--[26-main           ] [                                        ]s.w.DefaultSecurityFilterChain :Creating filter chain: Ant [pattern='/swagger-resources/**'], []
2022-11-18 08:42:53.877  INFO--[26-main           ] [                                        ]s.w.DefaultSecurityFilterChain :Creating filter chain: Ant [pattern='/configuration/security'], []
2022-11-18 08:42:53.877  INFO--[26-main           ] [                                        ]s.w.DefaultSecurityFilterChain :Creating filter chain: Ant [pattern='/swagger-ui.html'], []
2022-11-18 08:42:53.877  INFO--[26-main           ] [                                        ]s.w.DefaultSecurityFilterChain :Creating filter chain: Ant [pattern='/swagger-ui/**'], []
2022-11-18 08:42:53.877  INFO--[26-main           ] [                                        ]s.w.DefaultSecurityFilterChain :Creating filter chain: Ant [pattern='/v3/api-docs/**'], []
2022-11-18 08:42:53.877  INFO--[26-main           ] [                                        ]s.w.DefaultSecurityFilterChain :Creating filter chain: Ant [pattern='/webjars/**'], []
2022-11-18 08:42:53.924  INFO--[26-main           ] [                                        ]s.w.DefaultSecurityFilterChain :Creating filter chain: any request, [org.springframework.security.web.context.request.async.WebAsyncManagerIntegrationFilter@2183db30, org.springframework.security.web.context.SecurityContextPersistenceFilter@79f8af90, org.springframework.security.web.header.HeaderWriterFilter@2e5ca5fe, org.springframework.web.filter.CorsFilter@389d371a, org.springframework.security.web.authentication.logout.LogoutFilter@5708b827, ati.com.mbeelive.springsercurity.JwtAuthenticationFilter@158bd27d, org.springframework.security.web.savedrequest.RequestCacheAwareFilter@7a0ba5f0, org.springframework.security.web.servletapi.SecurityContextHolderAwareRequestFilter@23b085ab, org.springframework.security.web.authentication.AnonymousAuthenticationFilter@554a76fd, org.springframework.security.web.session.SessionManagementFilter@10357889, org.springframework.security.web.access.ExceptionTranslationFilter@36e74495, org.springframework.security.web.access.intercept.FilterSecurityInterceptor@41c02b8c]
2022-11-18 08:42:54.094  INFO--[26-main           ] [                                        ]o.s.s.c.ThreadPoolTaskExecutor :Initializing ExecutorService
2022-11-18 08:42:54.094  INFO--[26-main           ] [                                        ]o.s.s.c.ThreadPoolTaskExecutor :Initializing ExecutorService 'asyncExecutor'
2022-11-18 08:42:54.095  INFO--[26-main           ] [                                        ]o.s.s.c.ThreadPoolTaskExecutor :Initializing ExecutorService
2022-11-18 08:42:54.095  INFO--[26-main           ] [                                        ]o.s.s.c.ThreadPoolTaskExecutor :Initializing ExecutorService 'asyncExecutorNotification'
2022-11-18 08:42:54.095  INFO--[26-main           ] [                                        ]o.s.s.c.ThreadPoolTaskExecutor :Initializing ExecutorService
2022-11-18 08:42:54.096  INFO--[26-main           ] [                                        ]o.s.s.c.ThreadPoolTaskExecutor :Initializing ExecutorService 'asyncLogsExecutor'
2022-11-18 08:42:55.615  INFO--[26-main           ] [                                        ].s.s.c.ThreadPoolTaskScheduler :Initializing ExecutorService 'taskScheduler'
2022-11-18 08:42:55.689  INFO--[26-main           ] [                                        ]o.a.c.h.Http11NioProtocol      :Starting ProtocolHandler ["http-nio-8083"]
2022-11-18 08:42:55.706  INFO--[26-main           ] [                                        ]o.s.b.w.e.t.TomcatWebServer    :Tomcat started on port(s): 8083 (http) with context path ''
2022-11-18 08:42:55.777  INFO--[26-main           ] [                                        ]o.s.b.w.e.t.TomcatWebServer    :Tomcat initialized with port(s): 8090 (http)
2022-11-18 08:42:55.777  INFO--[26-main           ] [                                        ]o.a.c.h.Http11NioProtocol      :Initializing ProtocolHandler ["http-nio-8090"]
2022-11-18 08:42:55.777  INFO--[26-main           ] [                                        ]o.a.c.c.StandardService        :Starting service [Tomcat]
2022-11-18 08:42:55.777  INFO--[26-main           ] [                                        ]o.a.c.c.StandardEngine         :Starting Servlet engine: [Apache Tomcat/9.0.46]
2022-11-18 08:42:55.824  INFO--[26-main           ] [                                        ]o.a.c.c.C.[.[.[/]              :Initializing Spring embedded WebApplicationContext
2022-11-18 08:42:55.824  INFO--[26-main           ] [                                        ]letWebServerApplicationContext :Root WebApplicationContext: initialization completed in 113 ms
2022-11-18 08:42:55.856  INFO--[26-main           ] [                                        ].b.a.e.w.EndpointLinksResolver :Exposing 2 endpoint(s) beneath base path '/actuator'
2022-11-18 08:42:57.168  INFO--[26-main           ] [                                        ]o.a.c.h.Http11NioProtocol      :Starting ProtocolHandler ["http-nio-8090"]
2022-11-18 08:42:57.168  INFO--[26-main           ] [                                        ]o.s.b.w.e.t.TomcatWebServer    :Tomcat started on port(s): 8090 (http) with context path ''
2022-11-18 08:42:57.199  INFO--[26-main           ] [                                        ]a.c.m.MbeeliveApplication      :Started MbeeliveApplication in 18.934 seconds (JVM running for 21.26)
2022-11-18 08:42:57.199  INFO--[26-main           ] [                                        ]a.c.m.c.CmvSchedule            :start getFirstAccessToken
2022-11-18 08:42:57.199  INFO--[26-main           ] [                                        ]a.c.m.c.CmvRestClient          :getAccessToken with no auth!!!
2022-11-18 08:42:57.402  INFO--[26-main           ] [                                        ]omClientHttpRequestInterceptor :RestTemplate request logging: URI: https://api-sandbox.mbbank.com.vn/ms-cmv-service-auth/v1.0/login Method: POST Headers: {Accept=[text/plain, application/xml, text/xml, application/json, application/*+xml, application/*+json, */*], Content-Type=[application/json], clientMessageId=[LandStock], Content-Length=[46]} Body: {"username":"cmv_amc_app","password":"123456"}
2022-11-18 08:42:58.753  INFO--[26-main           ] [                                        ]omClientHttpRequestInterceptor :RestTemplate response logging: URI: https://api-sandbox.mbbank.com.vn/ms-cmv-service-auth/v1.0/login Method: POST Status code: 200 OK Headers: {Date=[Fri, 18 Nov 2022 01:42:13 GMT], Content-Type=[application/json;charset=UTF-8], Connection=[keep-alive], Vary=[Origin, Access-Control-Request-Method, Access-Control-Request-Headers], Cache-Control=[no-store], Pragma=[no-cache], Set-Cookie=[BIGipServer~DEV~apiGee=rd5o00000000000000000000ffff0a011b63o443; path=/; Httponly; Secure, MBAnalyticsaaaaaaaaaaaaaaaa_session_=CCLCICPNIGLIDPKKAPJCMEJLGNBKJBIKIDMOBBJEEENIMONLPMDFMHJIEEFANNFEDOFDNNPFKCLFIMGBGFMAANIHKOGCOEIKLMAMNJACONKKMHEKGCCCJLLOPAONOEGA; HttpOnly; secure, MB01e353a0=01bb14ea42813a238a6e975a0b9c086bf12faee06be5fab7f68c6332695f8b72ea0c06f5c3bc723114b7d8cd209f91a36adf30460d; Path=/], Transfer-Encoding=[chunked]} Body: {"access_token":"eyJhbGciOiJIUzI1NiIsInR5cCI6IkpXVCJ9.eyJleHAiOjE2Njg3MzkzMzMsInVzZXJfbmFtZSI6IntcImlkXCI6MTE0MzIsXCJicmFuY2hJZFwiOjEsXCJ1c2VybmFtZVwiOlwiY212X2FtY19hcHBcIixcInVzZXJDb2RlXCI6XCJjbXZfYW1jX2FwcFwiLFwiZnVsbE5hbWVcIjpcIk1vYmlsZSBhcHAgQU1DXCIsXCJlbWFpbFwiOlwidGVzdC5jbXZfYW1jX2FwcEBtYmJhbmsuY29tLnZuXCIsXCJicmFuY2hDb2RlXCI6XCJWTjAwMTAwMDFcIixcImV4cGlyZUF0XCI6MTY2ODczNTczNjg4NCxcInRva2VuVHlwZVwiOlwiQUNDRVNTX1RPS0VOXCIsXCJjbGllbnRJZFwiOlwiY212LWNsaWVudC1pZFwiLFwic2NvcGVzXCI6W1wiTUIjTU9ESU
2022-11-18 08:42:59.251  INFO--[26-main           ] [                                        ]a.c.m.c.CmvSchedule            :end getFirstAccessToken
2022-11-18 08:42:59.985  INFO--[26-)-192.168.8.150] [                                        ]o.a.c.c.C.[.[.[/]              :Initializing Spring DispatcherServlet 'dispatcherServlet'
2022-11-18 08:42:59.985  INFO--[26-)-192.168.8.150] [                                        ]o.s.w.s.DispatcherServlet      :Initializing Servlet 'dispatcherServlet'
2022-11-18 08:43:00.001  INFO--[26-)-192.168.8.150] [                                        ]o.s.w.s.DispatcherServlet      :Completed initialization in 16 ms
2022-11-18 08:43:11.356  INFO--[26-nio-8083-exec-2] [                                        ]a.c.m.l.LoggingService         :REQUEST:X-Request-ID=71275847-24eb-44c6-99e0-7ff0ca49ed42 | {"httpMethod":"POST","httpPath":"/api/common/v1/login","clientIp":"0:0:0:0:0:0:0:1","localIp":"0:0:0:0:0:0:0:1","headers":{"content-length":"60","cookie":"JSESSIONID\u003dFB0922087EB2008C9B02693FE5C48C2C","postman-token":"c5236ef1-3a8c-44e1-8000-7e5d044357d9","host":"localhost:8083","content-type":"application/json","connection":"keep-alive","accept-encoding":"gzip, deflate, br","accept":"application/json; charset\u003dUTF-8","user-agent":"PostmanRuntime/7.29.2"},"parameters":{}}
2022-11-18 08:43:11.468  INFO--[26-nio-8083-exec-2] [                                        ]a.c.m.l.LoggingService         :REQUEST BODY:X-Request-ID=71275847-24eb-44c6-99e0-7ff0ca49ed42 | {"username":"thucnt","password":"Admin12345678910"}
2022-11-18 08:43:14.078  INFO--[26-nio-8083-exec-2] [                                        ]a.c.m.l.LoggingService         :RESPONSE:X-Request-ID=71275847-24eb-44c6-99e0-7ff0ca49ed42 | {"responseCode":200,"during":"2754 ms","httpPath":"/api/common/v1/login","clientIp":"0:0:0:0:0:0:0:1","localIp":"0:0:0:0:0:0:0:1","headers":{"content-length":"60","cookie":"JSESSIONID\u003dFB0922087EB2008C9B02693FE5C48C2C","postman-token":"c5236ef1-3a8c-44e1-8000-7e5d044357d9","host":"localhost:8083","content-type":"application/json","connection":"keep-alive","accept-encoding":"gzip, deflate, br","accept":"application/json; charset\u003dUTF-8","user-agent":"PostmanRuntime/7.29.2"},"body":"{\"message\":\"OK\",\"code\":200,\"data\":{\"accessToken\":\"eyJhbGciOiJIUzUxMiJ9.eyJzdWIiOiI3OTczIiwiaWF0IjoxNjY4NzM1NzkzLCJleHAiOjE2Njg3NDI5OTMsInJvbGUiOjIsInVzZXJuYW1lIjoidGh1Y250IiwiZnVsbG5hbWUiOiJUaHVjbnQiLCJlbWFpbCI6InRodWNAZ21haWwuY29tIiwibW9iaWxlIjoiMDM2NzIwNjgzNSIsInNleCI6IkZFTUFMRSIsImNpZiI6IjIxMTI5NjEifQ.YehooULbCqnnvLXwxW0-EbYw8lEWbB8-JuwtmSprhCTqNQQI8yF_vWWUNCQ3ZztFtblkf_xwsJYjKefxuLBaAA\",\"refreshToken\":\"825c139b-ed93-4b33-932b-2532736f03d6.1676511792768\"},\"timestamp\":{\"date\":{\"year\":2022,\"mo"}
2022-11-18 08:43:18.063  INFO--[26-extShutdownHook] [                                        ].s.s.c.ThreadPoolTaskScheduler :Shutting down ExecutorService 'taskScheduler'
2022-11-18 08:43:18.079  INFO--[26-extShutdownHook] [                                        ]o.s.s.c.ThreadPoolTaskExecutor :Shutting down ExecutorService 'asyncLogsExecutor'
2022-11-18 08:43:18.079  INFO--[26-extShutdownHook] [                                        ]o.s.s.c.ThreadPoolTaskExecutor :Shutting down ExecutorService 'asyncExecutorNotification'
2022-11-18 08:43:18.079  INFO--[26-extShutdownHook] [                                        ]o.s.s.c.ThreadPoolTaskExecutor :Shutting down ExecutorService 'asyncExecutor'
2022-11-18 08:43:18.079  INFO--[26-extShutdownHook] [                                        ]o.s.s.c.ThreadPoolTaskExecutor :Shutting down ExecutorService 'threadPoolTaskExecutor'
2022-11-18 08:43:18.219  INFO--[26-extShutdownHook] [                                        ]tainerEntityManagerFactoryBean :Closing JPA EntityManagerFactory for persistence unit 'default'
2022-11-18 08:43:18.219  INFO--[26-extShutdownHook] [                                        ]c.z.h.HikariDataSource         :HikariPool-1 - Shutdown initiated...
2022-11-18 08:43:18.219  INFO--[26-extShutdownHook] [                                        ]c.z.h.HikariDataSource         :HikariPool-1 - Shutdown completed.
2022-11-18 08:43:18.313  INFO--[26-extShutdownHook] [                                        ]o.m.d.connection               :Closed connection [connectionId{localValue:2, serverValue:5230420}] to 207.46.234.134:27717 because the pool has been closed.
