2022-12-06 09:40:14.197  INFO--[25-kground-preinit] [                                        ]o.h.v.i.u.Version              :HV000001: Hibernate Validator 6.1.7.Final
2022-12-06 09:40:14.216  INFO--[25-main           ] [                                        ]a.c.m.MbeeliveApplication      :Starting MbeeliveApplication on DESKTOP-GSNRLR9 with PID 12432 (C:\Work\MbLandStock\landstock-cms-be\target\classes started by Thanh Thuc in C:\Work\MbLandStock\landstock-cms-be)
2022-12-06 09:40:14.216  INFO--[25-main           ] [                                        ]a.c.m.MbeeliveApplication      :No active profile set, falling back to default profiles: default
2022-12-06 09:40:15.282  INFO--[25-main           ] [                                        ]epositoryConfigurationDelegate :Multiple Spring Data modules found, entering strict repository configuration mode!
2022-12-06 09:40:15.282  INFO--[25-main           ] [                                        ]epositoryConfigurationDelegate :Bootstrapping Spring Data JPA repositories in DEFAULT mode.
2022-12-06 09:40:15.470  INFO--[25-main           ] [                                        ]epositoryConfigurationDelegate :Finished Spring Data repository scanning in 177ms. Found 36 JPA repository interfaces.
2022-12-06 09:40:15.470  INFO--[25-main           ] [                                        ]epositoryConfigurationDelegate :Multiple Spring Data modules found, entering strict repository configuration mode!
2022-12-06 09:40:15.470  INFO--[25-main           ] [                                        ]epositoryConfigurationDelegate :Bootstrapping Spring Data MongoDB repositories in DEFAULT mode.
2022-12-06 09:40:15.486  INFO--[25-main           ] [                                        ]epositoryConfigurationDelegate :Finished Spring Data repository scanning in 9ms. Found 2 MongoDB repository interfaces.
2022-12-06 09:40:16.371  INFO--[25-main           ] [                                        ]o.s.b.w.e.t.TomcatWebServer    :Tomcat initialized with port(s): 8083 (http)
2022-12-06 09:40:16.380  INFO--[25-main           ] [                                        ]o.a.c.h.Http11NioProtocol      :Initializing ProtocolHandler ["http-nio-8083"]
2022-12-06 09:40:16.380  INFO--[25-main           ] [                                        ]o.a.c.c.StandardService        :Starting service [Tomcat]
2022-12-06 09:40:16.380  INFO--[25-main           ] [                                        ]o.a.c.c.StandardEngine         :Starting Servlet engine: [Apache Tomcat/9.0.46]
2022-12-06 09:40:16.521  INFO--[25-main           ] [                                        ]o.a.c.c.C.[.[.[/]              :Initializing Spring embedded WebApplicationContext
2022-12-06 09:40:16.521  INFO--[25-main           ] [                                        ]letWebServerApplicationContext :Root WebApplicationContext: initialization completed in 2254 ms
2022-12-06 09:40:16.678  INFO--[25-main           ] [                                        ]o.m.d.cluster                  :Cluster created with settings {hosts=[207.46.234.134:27717], mode=SINGLE, requiredClusterType=UNKNOWN, serverSelectionTimeout='30000 ms'}
2022-12-06 09:40:17.022  INFO--[25-6.234.134:27717] [                                        ]o.m.d.connection               :Opened connection [connectionId{localValue:1, serverValue:5368647}] to 207.46.234.134:27717
2022-12-06 09:40:17.101  INFO--[25-6.234.134:27717] [                                        ]o.m.d.cluster                  :Monitor thread successfully connected to server with description ServerDescription{address=207.46.234.134:27717, type=STANDALONE, state=CONNECTED, ok=true, minWireVersion=0, maxWireVersion=9, maxDocumentSize=16777216, logicalSessionTimeoutMinutes=30, roundTripTimeNanos=78971800}
2022-12-06 09:40:17.746  INFO--[25-main           ] [                                        ]o.m.d.connection               :Opened connection [connectionId{localValue:2, serverValue:5368648}] to 207.46.234.134:27717
2022-12-06 09:40:18.174  INFO--[25-main           ] [                                        ]oPersistentEntityIndexResolver :Found cycle for field '_id' in type 'PostComment' for path 'lastComment -> lastComment'
2022-12-06 09:40:18.174  INFO--[25-main           ] [                                        ]oPersistentEntityIndexResolver :Found cycle for field 'lastComment' in type 'PostComment' for path 'lastComment -> lastComment'
2022-12-06 09:40:18.517  INFO--[25-main           ] [                                        ]oPersistentEntityIndexResolver :Found cycle for field '_id' in type 'PostComment' for path 'lastComment -> lastComment'
2022-12-06 09:40:18.517  INFO--[25-main           ] [                                        ]oPersistentEntityIndexResolver :Found cycle for field 'lastComment' in type 'PostComment' for path 'lastComment -> lastComment'
2022-12-06 09:40:19.360  INFO--[25-main           ] [                                        ]c.z.h.HikariDataSource         :HikariPool-1 - Starting...
2022-12-06 09:40:22.828  INFO--[25-main           ] [                                        ]c.z.h.HikariDataSource         :HikariPool-1 - Start completed.
2022-12-06 09:40:22.938  INFO--[25-main           ] [                                        ]o.h.j.i.u.LogHelper            :HHH000204: Processing PersistenceUnitInfo [name: default]
2022-12-06 09:40:22.985  INFO--[25-main           ] [                                        ]o.h.Version                    :HHH000412: Hibernate ORM core version 5.4.32.Final
2022-12-06 09:40:23.048  INFO--[25-main           ] [                                        ]o.h.a.c.Version                :HCANN000001: Hibernate Commons Annotations {5.1.2.Final}
2022-12-06 09:40:23.126  INFO--[25-main           ] [                                        ]o.h.d.Dialect                  :HHH000400: Using dialect: org.hibernate.dialect.MySQL5Dialect
2022-12-06 09:40:23.895  INFO--[25-main           ] [                                        ]e.t.j.p.i.JtaPlatformInitiator :HHH000490: Using JtaPlatform implementation: [org.hibernate.engine.transaction.jta.platform.internal.NoJtaPlatform]
2022-12-06 09:40:23.910  INFO--[25-main           ] [                                        ]tainerEntityManagerFactoryBean :Initialized JPA EntityManagerFactory for persistence unit 'default'
2022-12-06 09:40:24.457  WARN--[25-main           ] [                                        ]figuration$JpaWebConfiguration :spring.jpa.open-in-view is enabled by default. Therefore, database queries may be performed during view rendering. Explicitly configure spring.jpa.open-in-view to disable this warning
2022-12-06 09:40:25.363  INFO--[25-main           ] [                                        ]o.r.Version                    :Redisson 3.13.2
2022-12-06 09:40:27.144  INFO--[25-sson-netty-2-20] [                                        ]c.p.MasterPubSubConnectionPool :1 connections initialized for dev-brood.redis.cache.windows.net/13.76.180.224:6380
2022-12-06 09:40:27.144  INFO--[25-sson-netty-2-28] [                                        ]o.r.c.p.MasterConnectionPool   :24 connections initialized for dev-brood.redis.cache.windows.net/13.76.180.224:6380
2022-12-06 09:40:27.472  INFO--[25-main           ] [                                        ]redAnnotationBeanPostProcessor :Autowired annotation is not supported on static fields: private static java.lang.String ati.com.mbeelive.cmv.CmvRestClient.clientMessageId
2022-12-06 09:40:28.159  INFO--[25-main           ] [                                        ]o.s.s.c.ThreadPoolTaskExecutor :Initializing ExecutorService
2022-12-06 09:40:28.159  INFO--[25-main           ] [                                        ]o.s.s.c.ThreadPoolTaskExecutor :Initializing ExecutorService 'threadPoolTaskExecutor'
2022-12-06 09:40:28.300  INFO--[25-main           ] [                                        ]etailsServiceAutoConfiguration :

Using generated security password: e0dd2d40-cf89-4448-b4db-f74cef1c552d

2022-12-06 09:40:28.347  INFO--[25-main           ] [                                        ]s.w.DefaultSecurityFilterChain :Creating filter chain: Ant [pattern='/v2/api-docs'], []
2022-12-06 09:40:28.347  INFO--[25-main           ] [                                        ]s.w.DefaultSecurityFilterChain :Creating filter chain: Ant [pattern='/configuration/ui'], []
2022-12-06 09:40:28.347  INFO--[25-main           ] [                                        ]s.w.DefaultSecurityFilterChain :Creating filter chain: Ant [pattern='/swagger-resources/**'], []
2022-12-06 09:40:28.347  INFO--[25-main           ] [                                        ]s.w.DefaultSecurityFilterChain :Creating filter chain: Ant [pattern='/configuration/security'], []
2022-12-06 09:40:28.347  INFO--[25-main           ] [                                        ]s.w.DefaultSecurityFilterChain :Creating filter chain: Ant [pattern='/swagger-ui.html'], []
2022-12-06 09:40:28.347  INFO--[25-main           ] [                                        ]s.w.DefaultSecurityFilterChain :Creating filter chain: Ant [pattern='/swagger-ui/**'], []
2022-12-06 09:40:28.347  INFO--[25-main           ] [                                        ]s.w.DefaultSecurityFilterChain :Creating filter chain: Ant [pattern='/v3/api-docs/**'], []
2022-12-06 09:40:28.347  INFO--[25-main           ] [                                        ]s.w.DefaultSecurityFilterChain :Creating filter chain: Ant [pattern='/webjars/**'], []
2022-12-06 09:40:28.378  INFO--[25-main           ] [                                        ]s.w.DefaultSecurityFilterChain :Creating filter chain: any request, [org.springframework.security.web.context.request.async.WebAsyncManagerIntegrationFilter@6fd14e7c, org.springframework.security.web.context.SecurityContextPersistenceFilter@571fa73c, org.springframework.security.web.header.HeaderWriterFilter@2cbd35f2, org.springframework.web.filter.CorsFilter@17294e82, org.springframework.security.web.csrf.CsrfFilter@5e3c3c3d, org.springframework.security.web.authentication.logout.LogoutFilter@4daf3b31, ati.com.mbeelive.springsercurity.JwtAuthenticationFilter@580694ce, org.springframework.security.web.savedrequest.RequestCacheAwareFilter@541e8e40, org.springframework.security.web.servletapi.SecurityContextHolderAwareRequestFilter@2121d0ed, org.springframework.security.web.authentication.AnonymousAuthenticationFilter@66997c32, org.springframework.security.web.session.SessionManagementFilter@4ce1292a, org.springframework.security.web.access.ExceptionTranslationFilter@60b201c, org.springframework.security.web.access.intercept.FilterSecurityInterceptor@73c7a727]
2022-12-06 09:40:28.519  INFO--[25-main           ] [                                        ]o.s.s.c.ThreadPoolTaskExecutor :Initializing ExecutorService
2022-12-06 09:40:28.519  INFO--[25-main           ] [                                        ]o.s.s.c.ThreadPoolTaskExecutor :Initializing ExecutorService 'asyncExecutor'
2022-12-06 09:40:28.519  INFO--[25-main           ] [                                        ]o.s.s.c.ThreadPoolTaskExecutor :Initializing ExecutorService
2022-12-06 09:40:28.519  INFO--[25-main           ] [                                        ]o.s.s.c.ThreadPoolTaskExecutor :Initializing ExecutorService 'asyncExecutorNotification'
2022-12-06 09:40:28.519  INFO--[25-main           ] [                                        ]o.s.s.c.ThreadPoolTaskExecutor :Initializing ExecutorService
2022-12-06 09:40:28.519  INFO--[25-main           ] [                                        ]o.s.s.c.ThreadPoolTaskExecutor :Initializing ExecutorService 'asyncLogsExecutor'
2022-12-06 09:40:29.831  INFO--[25-main           ] [                                        ].s.s.c.ThreadPoolTaskScheduler :Initializing ExecutorService 'taskScheduler'
2022-12-06 09:40:29.878  INFO--[25-main           ] [                                        ]o.a.c.h.Http11NioProtocol      :Starting ProtocolHandler ["http-nio-8083"]
2022-12-06 09:40:29.893  INFO--[25-main           ] [                                        ]o.s.b.w.e.t.TomcatWebServer    :Tomcat started on port(s): 8083 (http) with context path ''
2022-12-06 09:40:29.956  INFO--[25-main           ] [                                        ]o.s.b.w.e.t.TomcatWebServer    :Tomcat initialized with port(s): 8090 (http)
2022-12-06 09:40:29.956  INFO--[25-main           ] [                                        ]o.a.c.h.Http11NioProtocol      :Initializing ProtocolHandler ["http-nio-8090"]
2022-12-06 09:40:29.956  INFO--[25-main           ] [                                        ]o.a.c.c.StandardService        :Starting service [Tomcat]
2022-12-06 09:40:29.956  INFO--[25-main           ] [                                        ]o.a.c.c.StandardEngine         :Starting Servlet engine: [Apache Tomcat/9.0.46]
2022-12-06 09:40:30.003  INFO--[25-main           ] [                                        ]o.a.c.c.C.[.[.[/]              :Initializing Spring embedded WebApplicationContext
2022-12-06 09:40:30.003  INFO--[25-main           ] [                                        ]letWebServerApplicationContext :Root WebApplicationContext: initialization completed in 110 ms
2022-12-06 09:40:30.018  INFO--[25-main           ] [                                        ].b.a.e.w.EndpointLinksResolver :Exposing 2 endpoint(s) beneath base path '/actuator'
2022-12-06 09:40:30.565  INFO--[25-main           ] [                                        ]o.a.c.h.Http11NioProtocol      :Starting ProtocolHandler ["http-nio-8090"]
2022-12-06 09:40:30.581  INFO--[25-main           ] [                                        ]o.s.b.w.e.t.TomcatWebServer    :Tomcat started on port(s): 8090 (http) with context path ''
2022-12-06 09:40:30.581  INFO--[25-main           ] [                                        ]a.c.m.MbeeliveApplication      :Started MbeeliveApplication in 16.623 seconds (JVM running for 18.202)
2022-12-06 09:40:30.596  INFO--[25-main           ] [                                        ]a.c.m.c.CmvSchedule            :start getFirstAccessToken
2022-12-06 09:40:30.596  INFO--[25-main           ] [                                        ]a.c.m.c.CmvRestClient          :getAccessToken with no auth!!!
2022-12-06 09:40:30.768  INFO--[25-main           ] [                                        ]omClientHttpRequestInterceptor :RestTemplate request logging: URI: https://api-sandbox.mbbank.com.vn/ms-cmv-service-auth/v1.0/login Method: POST Headers: {Accept=[text/plain, application/xml, text/xml, application/json, application/*+xml, application/*+json, */*], Content-Type=[application/json], clientMessageId=[null], Content-Length=[46]} Body: {"username":"cmv_amc_app","password":"123456"}
2022-12-06 09:40:30.877  INFO--[25-(1)-172.20.10.7] [                                        ]o.a.c.c.C.[.[.[/]              :Initializing Spring DispatcherServlet 'dispatcherServlet'
2022-12-06 09:40:30.877  INFO--[25-(1)-172.20.10.7] [                                        ]o.s.w.s.DispatcherServlet      :Initializing Servlet 'dispatcherServlet'
2022-12-06 09:40:30.893  INFO--[25-(1)-172.20.10.7] [                                        ]o.s.w.s.DispatcherServlet      :Completed initialization in 16 ms
2022-12-06 09:40:31.159  INFO--[25-main           ] [                                        ]omClientHttpRequestInterceptor :RestTemplate response logging: URI: https://api-sandbox.mbbank.com.vn/ms-cmv-service-auth/v1.0/login Method: POST Status code: 400 BAD_REQUEST Headers: {Date=[Tue, 06 Dec 2022 02:39:40 GMT], Content-Type=[application/json], Content-Length=[108], Connection=[keep-alive], Access-Control-Allow-Origin=[*], Access-Control-Allow-Methods=[*], Access-Control-Allow-Headers=[*], Set-Cookie=[BIGipServer~DEV~apiGee=rd5o00000000000000000000ffff0a011b63o443; path=/; Httponly; Secure, MBAnalyticsaaaaaaaaaaaaaaaa_session_=CPMINJKJJFNHMJKDOPAMIIGDBLFIAKOPJKDECAOEHIHGAHBKOBCJBOIGGKMKMHEICONDNNNCBLFHIJLILEBANMFBCKGIBPEIDGMAGEOIBJDHJEFMIPBBJGALDGHMKLNP; HttpOnly; secure, MB01e353a0=01bb14ea42228119c389afbf60ab781b4e0027b31e85f17b7d08bf6bf34bbe0e8d15221c1ba473b1fe3ee1aae1af2d70c51878941e; Path=/]} Body: {"clientMessageId":null,"data":null,"errorCode":"203","errorDesc":["'clientMessageId' header is mandatory"]}
2022-12-06 09:40:53.819 ERROR--[25-main           ] [                                        ]a.c.m.c.CmvSchedule            :400 Bad Request: [{"clientMessageId":null,"data":null,"errorCode":"203","errorDesc":["'clientMessageId' header is mandatory"]}]
org.springframework.web.client.HttpClientErrorException$BadRequest: 400 Bad Request: [{"clientMessageId":null,"data":null,"errorCode":"203","errorDesc":["'clientMessageId' header is mandatory"]}]
	at org.springframework.web.client.HttpClientErrorException.create(HttpClientErrorException.java:101)
	at org.springframework.web.client.DefaultResponseErrorHandler.handleError(DefaultResponseErrorHandler.java:184)
	at org.springframework.web.client.DefaultResponseErrorHandler.handleError(DefaultResponseErrorHandler.java:125)
	at org.springframework.web.client.ResponseErrorHandler.handleError(ResponseErrorHandler.java:63)
	at org.springframework.web.client.RestTemplate.handleResponse(RestTemplate.java:780)
	at org.springframework.web.client.RestTemplate.doExecute(RestTemplate.java:738)
	at org.springframework.web.client.RestTemplate.execute(RestTemplate.java:672)
	at org.springframework.web.client.RestTemplate.postForEntity(RestTemplate.java:447)
	at ati.com.mbeelive.cmv.CmvRestClient.postForLogin(CmvRestClient.java:82)
	at ati.com.mbeelive.cmv.CmvRestClient.login(CmvRestClient.java:119)
	at ati.com.mbeelive.cmv.CmvRestClient.getAccessToken(CmvRestClient.java:110)
	at ati.com.mbeelive.cmv.CmvSchedule.getFirstAccessToken(CmvSchedule.java:22)
	at java.base/jdk.internal.reflect.NativeMethodAccessorImpl.invoke0(Native Method)
	at java.base/jdk.internal.reflect.NativeMethodAccessorImpl.invoke(NativeMethodAccessorImpl.java:62)
	at java.base/jdk.internal.reflect.DelegatingMethodAccessorImpl.invoke(DelegatingMethodAccessorImpl.java:43)
	at java.base/java.lang.reflect.Method.invoke(Method.java:566)
	at org.springframework.context.event.ApplicationListenerMethodAdapter.doInvoke(ApplicationListenerMethodAdapter.java:305)
	at org.springframework.context.event.ApplicationListenerMethodAdapter.processEvent(ApplicationListenerMethodAdapter.java:190)
	at org.springframework.context.event.ApplicationListenerMethodAdapter.onApplicationEvent(ApplicationListenerMethodAdapter.java:153)
	at org.springframework.context.event.SimpleApplicationEventMulticaster.doInvokeListener(SimpleApplicationEventMulticaster.java:172)
	at org.springframework.context.event.SimpleApplicationEventMulticaster.invokeListener(SimpleApplicationEventMulticaster.java:165)
	at org.springframework.context.event.SimpleApplicationEventMulticaster.multicastEvent(SimpleApplicationEventMulticaster.java:139)
	at org.springframework.context.support.AbstractApplicationContext.publishEvent(AbstractApplicationContext.java:404)
	at org.springframework.context.support.AbstractApplicationContext.publishEvent(AbstractApplicationContext.java:361)
	at org.springframework.boot.context.event.EventPublishingRunListener.running(EventPublishingRunListener.java:108)
	at org.springframework.boot.SpringApplicationRunListeners.running(SpringApplicationRunListeners.java:77)
	at org.springframework.boot.SpringApplication.run(SpringApplication.java:327)
	at org.springframework.boot.SpringApplication.run(SpringApplication.java:1247)
	at org.springframework.boot.SpringApplication.run(SpringApplication.java:1236)
	at ati.com.mbeelive.MbeeliveApplication.main(MbeeliveApplication.java:29)
2022-12-06 09:40:54.183  INFO--[25-nio-8083-exec-3] [                                        ]a.c.m.l.LoggingService         :REQUEST:X-Request-ID=62c74803-5764-4e9d-919d-661836821e39 | {"httpMethod":"GET","httpPath":"/api/api/cms/v2/post/search","clientIp":"0:0:0:0:0:0:0:1","localIp":"0:0:0:0:0:0:0:1","headers":{"authorization":"\u003c\u003cNot log authorization record\u003e\u003e","postman-token":"cfe96cdc-17d7-4c4f-ba8d-315242c4b6d2","host":"localhost:8083","content-type":"application/json","connection":"keep-alive","accept-encoding":"gzip, deflate, br","accept":"application/json; charset\u003dUTF-8","user-agent":"PostmanRuntime/7.29.2"},"parameters":{"pageNo":"0","pageSize":"10","sort":"updatedAt:desc"}}
2022-12-06 09:40:54.238 DEBUG--[25-ynchLogThread-1] [                                        ]o.s.d.m.c.MongoTemplate        :Saving Document containing fields: [createdAt, userId, cif, path, requestId, requestObject, _class]
2022-12-06 09:40:54.258  INFO--[25-nio-8083-exec-3] [                                        ]a.c.m.l.LoggingService         :RESPONSE:X-Request-ID=62c74803-5764-4e9d-919d-661836821e39 | {"responseCode":404,"during":"362 ms","httpPath":"/error","clientIp":"0:0:0:0:0:0:0:1","localIp":"0:0:0:0:0:0:0:1","headers":{"authorization":"\u003c\u003cNot log authorization record\u003e\u003e","postman-token":"cfe96cdc-17d7-4c4f-ba8d-315242c4b6d2","host":"localhost:8083","content-type":"application/json","connection":"keep-alive","accept-encoding":"gzip, deflate, br","accept":"application/json; charset\u003dUTF-8","user-agent":"PostmanRuntime/7.29.2"},"body":"{\"timestamp\":\"Dec 6, 2022, 9:40:54 AM\",\"status\":404,\"error\":\"Not Found\",\"message\":\"\",\"path\":\"/api/api/cms/v2/post/search\"}"}
2022-12-06 09:41:04.673  INFO--[25-nio-8083-exec-2] [                                        ]a.c.m.l.LoggingService         :REQUEST:X-Request-ID=21f96b33-f6f2-4216-a897-6fe5673679fd | {"httpMethod":"GET","httpPath":"/api/cms/v2/post/search","clientIp":"0:0:0:0:0:0:0:1","localIp":"0:0:0:0:0:0:0:1","headers":{"authorization":"\u003c\u003cNot log authorization record\u003e\u003e","postman-token":"3f6bd223-1dbb-4bc7-9acd-7d12e07c9718","host":"localhost:8083","content-type":"application/json","connection":"keep-alive","accept-encoding":"gzip, deflate, br","accept":"application/json; charset\u003dUTF-8","user-agent":"PostmanRuntime/7.29.2"},"parameters":{"pageNo":"0","pageSize":"10","sort":"updatedAt:desc"}}
2022-12-06 09:41:04.676 DEBUG--[25-ynchLogThread-2] [                                        ]o.s.d.m.c.MongoTemplate        :Saving Document containing fields: [createdAt, userId, cif, path, requestId, requestObject, _class]
2022-12-06 09:41:04.745 DEBUG--[25-nio-8083-exec-2] [                                        ]o.s.d.m.c.MongoTemplate        :find using query: { "deleted" : false} fields: {} for class: class ati.com.mbeelive.document.post.Post in collection: posts
2022-12-06 09:41:05.203  INFO--[25-nio-8083-exec-2] [                                        ]o.m.d.connection               :Opened connection [connectionId{localValue:3, serverValue:5368651}] to 207.46.234.134:27717
2022-12-06 09:41:05.399 ERROR--[25-nio-8083-exec-2] [                                        ]a.c.m.e.CustomExceptionHandler :No enum constant ati.com.mbeelive.enums.post.PostType.ChillHouse","ChillCorner; nested exception is java.lang.IllegalArgumentException: No enum constant ati.com.mbeelive.enums.post.PostType.ChillHouse","ChillCorner
org.springframework.dao.InvalidDataAccessApiUsageException: No enum constant ati.com.mbeelive.enums.post.PostType.ChillHouse","ChillCorner; nested exception is java.lang.IllegalArgumentException: No enum constant ati.com.mbeelive.enums.post.PostType.ChillHouse","ChillCorner
	at org.springframework.orm.jpa.EntityManagerFactoryUtils.convertJpaAccessExceptionIfPossible(EntityManagerFactoryUtils.java:374)
	at org.springframework.orm.jpa.vendor.HibernateJpaDialect.translateExceptionIfPossible(HibernateJpaDialect.java:257)
	at org.springframework.orm.jpa.AbstractEntityManagerFactoryBean.translateExceptionIfPossible(AbstractEntityManagerFactoryBean.java:531)
	at org.springframework.dao.support.ChainedPersistenceExceptionTranslator.translateExceptionIfPossible(ChainedPersistenceExceptionTranslator.java:61)
	at org.springframework.dao.support.DataAccessUtils.translateIfNecessary(DataAccessUtils.java:242)
	at org.springframework.dao.support.PersistenceExceptionTranslationInterceptor.invoke(PersistenceExceptionTranslationInterceptor.java:154)
	at org.springframework.aop.framework.ReflectiveMethodInvocation.proceed(ReflectiveMethodInvocation.java:186)
	at org.springframework.aop.framework.CglibAopProxy$CglibMethodInvocation.proceed(CglibAopProxy.java:750)
	at org.springframework.aop.framework.CglibAopProxy$DynamicAdvisedInterceptor.intercept(CglibAopProxy.java:692)
	at ati.com.mbeelive.collection.PostCollection$$EnhancerBySpringCGLIB$$38b9a1cb.search(<generated>)
	at ati.com.mbeelive.service.post.PostService.search(PostService.java:117)
	at ati.com.mbeelive.service.post.PostService$$FastClassBySpringCGLIB$$1f70b308.invoke(<generated>)
	at org.springframework.cglib.proxy.MethodProxy.invoke(MethodProxy.java:218)
	at org.springframework.aop.framework.CglibAopProxy$DynamicAdvisedInterceptor.intercept(CglibAopProxy.java:688)
	at ati.com.mbeelive.service.post.PostService$$EnhancerBySpringCGLIB$$8c80e367.search(<generated>)
	at ati.com.mbeelive.controller.cms.PostV2Controller.search(PostV2Controller.java:38)
	at java.base/jdk.internal.reflect.NativeMethodAccessorImpl.invoke0(Native Method)
	at java.base/jdk.internal.reflect.NativeMethodAccessorImpl.invoke(NativeMethodAccessorImpl.java:62)
	at java.base/jdk.internal.reflect.DelegatingMethodAccessorImpl.invoke(DelegatingMethodAccessorImpl.java:43)
	at java.base/java.lang.reflect.Method.invoke(Method.java:566)
	at org.springframework.web.method.support.InvocableHandlerMethod.doInvoke(InvocableHandlerMethod.java:190)
	at org.springframework.web.method.support.InvocableHandlerMethod.invokeForRequest(InvocableHandlerMethod.java:138)
	at org.springframework.web.servlet.mvc.method.annotation.ServletInvocableHandlerMethod.invokeAndHandle(ServletInvocableHandlerMethod.java:105)
	at org.springframework.web.servlet.mvc.method.annotation.RequestMappingHandlerAdapter.invokeHandlerMethod(RequestMappingHandlerAdapter.java:878)
	at org.springframework.web.servlet.mvc.method.annotation.RequestMappingHandlerAdapter.handleInternal(RequestMappingHandlerAdapter.java:792)
	at org.springframework.web.servlet.mvc.method.AbstractHandlerMethodAdapter.handle(AbstractHandlerMethodAdapter.java:87)
	at org.springframework.web.servlet.DispatcherServlet.doDispatch(DispatcherServlet.java:1040)
	at org.springframework.web.servlet.DispatcherServlet.doService(DispatcherServlet.java:943)
	at org.springframework.web.servlet.FrameworkServlet.processRequest(FrameworkServlet.java:1006)
	at org.springframework.web.servlet.FrameworkServlet.doGet(FrameworkServlet.java:898)
	at javax.servlet.http.HttpServlet.service(HttpServlet.java:626)
	at org.springframework.web.servlet.FrameworkServlet.service(FrameworkServlet.java:883)
	at javax.servlet.http.HttpServlet.service(HttpServlet.java:733)
	at org.apache.catalina.core.ApplicationFilterChain.internalDoFilter(ApplicationFilterChain.java:227)
	at org.apache.catalina.core.ApplicationFilterChain.doFilter(ApplicationFilterChain.java:162)
	at org.apache.tomcat.websocket.server.WsFilter.doFilter(WsFilter.java:53)
	at org.apache.catalina.core.ApplicationFilterChain.internalDoFilter(ApplicationFilterChain.java:189)
	at org.apache.catalina.core.ApplicationFilterChain.doFilter(ApplicationFilterChain.java:162)
	at org.springframework.web.filter.AbstractRequestLoggingFilter.doFilterInternal(AbstractRequestLoggingFilter.java:289)
	at org.springframework.web.filter.OncePerRequestFilter.doFilter(OncePerRequestFilter.java:119)
	at org.apache.catalina.core.ApplicationFilterChain.internalDoFilter(ApplicationFilterChain.java:189)
	at org.apache.catalina.core.ApplicationFilterChain.doFilter(ApplicationFilterChain.java:162)
	at org.springframework.web.filter.OncePerRequestFilter.doFilter(OncePerRequestFilter.java:113)
	at org.apache.catalina.core.ApplicationFilterChain.internalDoFilter(ApplicationFilterChain.java:189)
	at org.apache.catalina.core.ApplicationFilterChain.doFilter(ApplicationFilterChain.java:162)
	at ati.com.mbeelive.log.RequestLoggingFilter.doFilter(RequestLoggingFilter.java:53)
	at org.apache.catalina.core.ApplicationFilterChain.internalDoFilter(ApplicationFilterChain.java:189)
	at org.apache.catalina.core.ApplicationFilterChain.doFilter(ApplicationFilterChain.java:162)
	at org.springframework.security.web.FilterChainProxy$VirtualFilterChain.doFilter(FilterChainProxy.java:320)
	at org.springframework.security.web.access.intercept.FilterSecurityInterceptor.invoke(FilterSecurityInterceptor.java:126)
	at org.springframework.security.web.access.intercept.FilterSecurityInterceptor.doFilter(FilterSecurityInterceptor.java:90)
	at org.springframework.security.web.FilterChainProxy$VirtualFilterChain.doFilter(FilterChainProxy.java:334)
	at org.springframework.security.web.access.ExceptionTranslationFilter.doFilter(ExceptionTranslationFilter.java:118)
	at org.springframework.security.web.FilterChainProxy$VirtualFilterChain.doFilter(FilterChainProxy.java:334)
	at org.springframework.security.web.session.SessionManagementFilter.doFilter(SessionManagementFilter.java:137)
	at org.springframework.security.web.FilterChainProxy$VirtualFilterChain.doFilter(FilterChainProxy.java:334)
	at org.springframework.security.web.authentication.AnonymousAuthenticationFilter.doFilter(AnonymousAuthenticationFilter.java:111)
	at org.springframework.security.web.FilterChainProxy$VirtualFilterChain.doFilter(FilterChainProxy.java:334)
	at org.springframework.security.web.servletapi.SecurityContextHolderAwareRequestFilter.doFilter(SecurityContextHolderAwareRequestFilter.java:158)
	at org.springframework.security.web.FilterChainProxy$VirtualFilterChain.doFilter(FilterChainProxy.java:334)
	at org.springframework.security.web.savedrequest.RequestCacheAwareFilter.doFilter(RequestCacheAwareFilter.java:63)
	at org.springframework.security.web.FilterChainProxy$VirtualFilterChain.doFilter(FilterChainProxy.java:334)
	at ati.com.mbeelive.springsercurity.JwtAuthenticationFilter.doFilterInternal(JwtAuthenticationFilter.java:110)
	at org.springframework.web.filter.OncePerRequestFilter.doFilter(OncePerRequestFilter.java:119)
	at org.springframework.security.web.FilterChainProxy$VirtualFilterChain.doFilter(FilterChainProxy.java:334)
	at org.springframework.security.web.authentication.logout.LogoutFilter.doFilter(LogoutFilter.java:116)
	at org.springframework.security.web.FilterChainProxy$VirtualFilterChain.doFilter(FilterChainProxy.java:334)
	at org.springframework.security.web.csrf.CsrfFilter.doFilterInternal(CsrfFilter.java:117)
	at org.springframework.web.filter.OncePerRequestFilter.doFilter(OncePerRequestFilter.java:119)
	at org.springframework.security.web.FilterChainProxy$VirtualFilterChain.doFilter(FilterChainProxy.java:334)
	at org.springframework.web.filter.CorsFilter.doFilterInternal(CorsFilter.java:92)
	at org.springframework.web.filter.OncePerRequestFilter.doFilter(OncePerRequestFilter.java:119)
	at org.springframework.security.web.FilterChainProxy$VirtualFilterChain.doFilter(FilterChainProxy.java:334)
	at org.springframework.security.web.header.HeaderWriterFilter.doHeadersAfter(HeaderWriterFilter.java:92)
	at org.springframework.security.web.header.HeaderWriterFilter.doFilterInternal(HeaderWriterFilter.java:77)
	at org.springframework.web.filter.OncePerRequestFilter.doFilter(OncePerRequestFilter.java:119)
	at org.springframework.security.web.FilterChainProxy$VirtualFilterChain.doFilter(FilterChainProxy.java:334)
	at org.springframework.security.web.context.SecurityContextPersistenceFilter.doFilter(SecurityContextPersistenceFilter.java:105)
	at org.springframework.security.web.FilterChainProxy$VirtualFilterChain.doFilter(FilterChainProxy.java:334)
	at org.springframework.security.web.context.request.async.WebAsyncManagerIntegrationFilter.doFilterInternal(WebAsyncManagerIntegrationFilter.java:56)
	at org.springframework.web.filter.OncePerRequestFilter.doFilter(OncePerRequestFilter.java:119)
	at org.springframework.security.web.FilterChainProxy$VirtualFilterChain.doFilter(FilterChainProxy.java:334)
	at org.springframework.security.web.FilterChainProxy.doFilterInternal(FilterChainProxy.java:215)
	at org.springframework.security.web.FilterChainProxy.doFilter(FilterChainProxy.java:178)
	at org.springframework.web.filter.DelegatingFilterProxy.invokeDelegate(DelegatingFilterProxy.java:358)
	at org.springframework.web.filter.DelegatingFilterProxy.doFilter(DelegatingFilterProxy.java:271)
	at org.apache.catalina.core.ApplicationFilterChain.internalDoFilter(ApplicationFilterChain.java:189)
	at org.apache.catalina.core.ApplicationFilterChain.doFilter(ApplicationFilterChain.java:162)
	at org.springframework.web.filter.RequestContextFilter.doFilterInternal(RequestContextFilter.java:100)
	at org.springframework.web.filter.OncePerRequestFilter.doFilter(OncePerRequestFilter.java:119)
	at org.apache.catalina.core.ApplicationFilterChain.internalDoFilter(ApplicationFilterChain.java:189)
	at org.apache.catalina.core.ApplicationFilterChain.doFilter(ApplicationFilterChain.java:162)
	at org.springframework.web.filter.FormContentFilter.doFilterInternal(FormContentFilter.java:93)
	at org.springframework.web.filter.OncePerRequestFilter.doFilter(OncePerRequestFilter.java:119)
	at org.apache.catalina.core.ApplicationFilterChain.internalDoFilter(ApplicationFilterChain.java:189)
	at org.apache.catalina.core.ApplicationFilterChain.doFilter(ApplicationFilterChain.java:162)
	at org.springframework.boot.actuate.metrics.web.servlet.WebMvcMetricsFilter.doFilterInternal(WebMvcMetricsFilter.java:97)
	at org.springframework.web.filter.OncePerRequestFilter.doFilter(OncePerRequestFilter.java:119)
	at org.apache.catalina.core.ApplicationFilterChain.internalDoFilter(ApplicationFilterChain.java:189)
	at org.apache.catalina.core.ApplicationFilterChain.doFilter(ApplicationFilterChain.java:162)
	at org.springframework.web.filter.CharacterEncodingFilter.doFilterInternal(CharacterEncodingFilter.java:201)
	at org.springframework.web.filter.OncePerRequestFilter.doFilter(OncePerRequestFilter.java:119)
	at org.apache.catalina.core.ApplicationFilterChain.internalDoFilter(ApplicationFilterChain.java:189)
	at org.apache.catalina.core.ApplicationFilterChain.doFilter(ApplicationFilterChain.java:162)
	at org.apache.catalina.core.StandardWrapperValve.invoke(StandardWrapperValve.java:202)
	at org.apache.catalina.core.StandardContextValve.invoke(StandardContextValve.java:97)
	at org.apache.catalina.authenticator.AuthenticatorBase.invoke(AuthenticatorBase.java:542)
	at org.apache.catalina.core.StandardHostValve.invoke(StandardHostValve.java:143)
	at org.apache.catalina.valves.ErrorReportValve.invoke(ErrorReportValve.java:92)
	at org.apache.catalina.core.StandardEngineValve.invoke(StandardEngineValve.java:78)
	at org.apache.catalina.connector.CoyoteAdapter.service(CoyoteAdapter.java:357)
	at org.apache.coyote.http11.Http11Processor.service(Http11Processor.java:374)
	at org.apache.coyote.AbstractProcessorLight.process(AbstractProcessorLight.java:65)
	at org.apache.coyote.AbstractProtocol$ConnectionHandler.process(AbstractProtocol.java:893)
	at org.apache.tomcat.util.net.NioEndpoint$SocketProcessor.doRun(NioEndpoint.java:1707)
	at org.apache.tomcat.util.net.SocketProcessorBase.run(SocketProcessorBase.java:49)
	at java.base/java.util.concurrent.ThreadPoolExecutor.runWorker(ThreadPoolExecutor.java:1128)
	at java.base/java.util.concurrent.ThreadPoolExecutor$Worker.run(ThreadPoolExecutor.java:628)
	at org.apache.tomcat.util.threads.TaskThread$WrappingRunnable.run(TaskThread.java:61)
	at java.base/java.lang.Thread.run(Thread.java:834)
Caused by: java.lang.IllegalArgumentException: No enum constant ati.com.mbeelive.enums.post.PostType.ChillHouse","ChillCorner
	at java.base/java.lang.Enum.valueOf(Enum.java:240)
	at org.springframework.data.mongodb.core.convert.MappingMongoConverter.getPotentiallyConvertedSimpleRead(MappingMongoConverter.java:1029)
	at org.springframework.data.mongodb.core.convert.MappingMongoConverter.readValue(MappingMongoConverter.java:1584)
	at org.springframework.data.mongodb.core.convert.MappingMongoConverter$MongoDbPropertyValueProvider.getPropertyValue(MappingMongoConverter.java:1478)
	at org.springframework.data.mongodb.core.convert.MappingMongoConverter.readProperties(MappingMongoConverter.java:450)
	at org.springframework.data.mongodb.core.convert.MappingMongoConverter.populateProperties(MappingMongoConverter.java:367)
	at org.springframework.data.mongodb.core.convert.MappingMongoConverter.read(MappingMongoConverter.java:347)
	at org.springframework.data.mongodb.core.convert.MappingMongoConverter.read(MappingMongoConverter.java:317)
	at org.springframework.data.mongodb.core.convert.MappingMongoConverter.read(MappingMongoConverter.java:250)
	at org.springframework.data.mongodb.core.convert.MappingMongoConverter.read(MappingMongoConverter.java:246)
	at org.springframework.data.mongodb.core.convert.MappingMongoConverter.read(MappingMongoConverter.java:98)
	at org.springframework.data.mongodb.core.MongoTemplate$ReadDocumentCallback.doWith(MongoTemplate.java:3141)
	at org.springframework.data.mongodb.core.MongoTemplate.executeFindMultiInternal(MongoTemplate.java:2788)
	at org.springframework.data.mongodb.core.MongoTemplate.doFind(MongoTemplate.java:2518)
	at org.springframework.data.mongodb.core.MongoTemplate.doFind(MongoTemplate.java:2500)
	at org.springframework.data.mongodb.core.MongoTemplate.find(MongoTemplate.java:856)
	at org.springframework.data.mongodb.core.MongoTemplate.find(MongoTemplate.java:842)
	at ati.com.mbeelive.collection.PostCollection.search(PostCollection.java:92)
	at ati.com.mbeelive.collection.PostCollection$$FastClassBySpringCGLIB$$b1f29266.invoke(<generated>)
	at org.springframework.cglib.proxy.MethodProxy.invoke(MethodProxy.java:218)
	at org.springframework.aop.framework.CglibAopProxy$CglibMethodInvocation.invokeJoinpoint(CglibAopProxy.java:779)
	at org.springframework.aop.framework.ReflectiveMethodInvocation.proceed(ReflectiveMethodInvocation.java:163)
	at org.springframework.aop.framework.CglibAopProxy$CglibMethodInvocation.proceed(CglibAopProxy.java:750)
	at org.springframework.dao.support.PersistenceExceptionTranslationInterceptor.invoke(PersistenceExceptionTranslationInterceptor.java:139)
	... 114 more
2022-12-06 09:41:05.411  INFO--[25-nio-8083-exec-2] [                                        ]a.c.m.l.LoggingService         :RESPONSE:X-Request-ID=21f96b33-f6f2-4216-a897-6fe5673679fd | {"responseCode":500,"during":"742 ms","httpPath":"/api/cms/v2/post/search","clientIp":"0:0:0:0:0:0:0:1","localIp":"0:0:0:0:0:0:0:1","headers":{"authorization":"\u003c\u003cNot log authorization record\u003e\u003e","postman-token":"3f6bd223-1dbb-4bc7-9acd-7d12e07c9718","host":"localhost:8083","content-type":"application/json","connection":"keep-alive","accept-encoding":"gzip, deflate, br","accept":"application/json; charset\u003dUTF-8","user-agent":"PostmanRuntime/7.29.2"},"body":"{\"message\":\"Lỗi hệ thống!\",\"code\":1001,\"timestamp\":{\"date\":{\"year\":2022,\"month\":12,\"day\":6},\"time\":{\"hour\":9,\"minute\":41,\"second\":5,\"nano\":401021500}}}"}
2022-12-06 09:44:46.033 ERROR--[25-sson-netty-2-21] [                                        ]o.r.c.DNSMonitor               :Unable to resolve dev-brood.redis.cache.windows.net
java.net.UnknownHostException: failed to resolve 'dev-brood.redis.cache.windows.net' after 2 queries 
	at io.netty.resolver.dns.DnsResolveContext.finishResolve(DnsResolveContext.java:1014)
	at io.netty.resolver.dns.DnsResolveContext.tryToFinishResolve(DnsResolveContext.java:967)
	at io.netty.resolver.dns.DnsResolveContext.query(DnsResolveContext.java:414)
	at io.netty.resolver.dns.DnsResolveContext.access$600(DnsResolveContext.java:63)
	at io.netty.resolver.dns.DnsResolveContext$2.operationComplete(DnsResolveContext.java:463)
	at io.netty.util.concurrent.DefaultPromise.notifyListener0(DefaultPromise.java:578)
	at io.netty.util.concurrent.DefaultPromise.notifyListeners0(DefaultPromise.java:571)
	at io.netty.util.concurrent.DefaultPromise.notifyListenersNow(DefaultPromise.java:550)
	at io.netty.util.concurrent.DefaultPromise.notifyListeners(DefaultPromise.java:491)
	at io.netty.util.concurrent.DefaultPromise.setValue0(DefaultPromise.java:616)
	at io.netty.util.concurrent.DefaultPromise.setFailure0(DefaultPromise.java:609)
	at io.netty.util.concurrent.DefaultPromise.tryFailure(DefaultPromise.java:117)
	at io.netty.resolver.dns.DnsQueryContext.tryFailure(DnsQueryContext.java:225)
	at io.netty.resolver.dns.DnsQueryContext$4.run(DnsQueryContext.java:177)
	at io.netty.util.concurrent.PromiseTask.runTask(PromiseTask.java:98)
	at io.netty.util.concurrent.ScheduledFutureTask.run(ScheduledFutureTask.java:170)
	at io.netty.util.concurrent.AbstractEventExecutor.safeExecute$$$capture(AbstractEventExecutor.java:164)
	at io.netty.util.concurrent.AbstractEventExecutor.safeExecute(AbstractEventExecutor.java)
	at io.netty.util.concurrent.SingleThreadEventExecutor.runAllTasks(SingleThreadEventExecutor.java:472)
	at io.netty.channel.nio.NioEventLoop.run(NioEventLoop.java:500)
	at io.netty.util.concurrent.SingleThreadEventExecutor$4.run(SingleThreadEventExecutor.java:989)
	at io.netty.util.internal.ThreadExecutorMap$2.run(ThreadExecutorMap.java:74)
	at io.netty.util.concurrent.FastThreadLocalRunnable.run(FastThreadLocalRunnable.java:30)
	at java.base/java.lang.Thread.run(Thread.java:834)
Caused by: io.netty.resolver.dns.DnsNameResolverTimeoutException: [/172.20.10.1:53] query via UDP timed out after 5000 milliseconds (no stack trace available)
2022-12-06 09:49:18.192  INFO--[25-nio-8083-exec-5] [                                        ]a.c.m.l.LoggingService         :REQUEST:X-Request-ID=02c593ca-20d7-4487-9a2c-94830c31a2a3 | {"httpMethod":"GET","httpPath":"/api/cms/v2/post/search","clientIp":"0:0:0:0:0:0:0:1","localIp":"0:0:0:0:0:0:0:1","headers":{"authorization":"\u003c\u003cNot log authorization record\u003e\u003e","postman-token":"265e9530-f4fd-4635-b6a2-88eac1b64ebb","host":"localhost:8083","content-type":"application/json","connection":"keep-alive","accept-encoding":"gzip, deflate, br","accept":"application/json; charset\u003dUTF-8","user-agent":"PostmanRuntime/7.29.2"},"parameters":{"pageNo":"0","pageSize":"10","sort":"updatedAt:desc"}}
2022-12-06 09:49:18.207 DEBUG--[25-ynchLogThread-3] [                                        ]o.s.d.m.c.MongoTemplate        :Saving Document containing fields: [createdAt, userId, cif, path, requestId, requestObject, _class]
2022-12-06 09:51:05.687  WARN--[25-l-1 housekeeper] [                                        ]c.z.h.p.HikariPool             :HikariPool-1 - Thread starvation or clock leap detected (housekeeper delta=1m42s595ms816µs400ns).
2022-12-06 09:52:35.448  WARN--[25-l-1 housekeeper] [                                        ]c.z.h.p.HikariPool             :HikariPool-1 - Thread starvation or clock leap detected (housekeeper delta=1m29s763ms930µs600ns).
2022-12-06 09:52:35.478 DEBUG--[25-nio-8083-exec-5] [                                        ]o.s.d.m.c.MongoTemplate        :find using query: { "deleted" : false} fields: {} for class: class ati.com.mbeelive.document.post.Post in collection: posts
2022-12-06 09:54:53.891  WARN--[25-l-1 housekeeper] [                                        ]c.z.h.p.HikariPool             :HikariPool-1 - Thread starvation or clock leap detected (housekeeper delta=2m18s433ms248µs500ns).
2022-12-06 09:56:13.497 ERROR--[25-nio-8083-exec-5] [                                        ]a.c.m.e.CustomExceptionHandler :No enum constant ati.com.mbeelive.enums.post.PostType.ChillHouse","ChillCorner; nested exception is java.lang.IllegalArgumentException: No enum constant ati.com.mbeelive.enums.post.PostType.ChillHouse","ChillCorner
org.springframework.dao.InvalidDataAccessApiUsageException: No enum constant ati.com.mbeelive.enums.post.PostType.ChillHouse","ChillCorner; nested exception is java.lang.IllegalArgumentException: No enum constant ati.com.mbeelive.enums.post.PostType.ChillHouse","ChillCorner
	at org.springframework.orm.jpa.EntityManagerFactoryUtils.convertJpaAccessExceptionIfPossible(EntityManagerFactoryUtils.java:374)
	at org.springframework.orm.jpa.vendor.HibernateJpaDialect.translateExceptionIfPossible(HibernateJpaDialect.java:257)
	at org.springframework.orm.jpa.AbstractEntityManagerFactoryBean.translateExceptionIfPossible(AbstractEntityManagerFactoryBean.java:531)
	at org.springframework.dao.support.ChainedPersistenceExceptionTranslator.translateExceptionIfPossible(ChainedPersistenceExceptionTranslator.java:61)
	at org.springframework.dao.support.DataAccessUtils.translateIfNecessary(DataAccessUtils.java:242)
	at org.springframework.dao.support.PersistenceExceptionTranslationInterceptor.invoke(PersistenceExceptionTranslationInterceptor.java:154)
	at org.springframework.aop.framework.ReflectiveMethodInvocation.proceed(ReflectiveMethodInvocation.java:186)
	at org.springframework.aop.framework.CglibAopProxy$CglibMethodInvocation.proceed(CglibAopProxy.java:750)
	at org.springframework.aop.framework.CglibAopProxy$DynamicAdvisedInterceptor.intercept(CglibAopProxy.java:692)
	at ati.com.mbeelive.collection.PostCollection$$EnhancerBySpringCGLIB$$38b9a1cb.search(<generated>)
	at ati.com.mbeelive.service.post.PostService.search(PostService.java:117)
	at ati.com.mbeelive.service.post.PostService$$FastClassBySpringCGLIB$$1f70b308.invoke(<generated>)
	at org.springframework.cglib.proxy.MethodProxy.invoke(MethodProxy.java:218)
	at org.springframework.aop.framework.CglibAopProxy$DynamicAdvisedInterceptor.intercept(CglibAopProxy.java:688)
	at ati.com.mbeelive.service.post.PostService$$EnhancerBySpringCGLIB$$8c80e367.search(<generated>)
	at ati.com.mbeelive.controller.cms.PostV2Controller.search(PostV2Controller.java:38)
	at java.base/jdk.internal.reflect.NativeMethodAccessorImpl.invoke0(Native Method)
	at java.base/jdk.internal.reflect.NativeMethodAccessorImpl.invoke(NativeMethodAccessorImpl.java:62)
	at java.base/jdk.internal.reflect.DelegatingMethodAccessorImpl.invoke(DelegatingMethodAccessorImpl.java:43)
	at java.base/java.lang.reflect.Method.invoke(Method.java:566)
	at org.springframework.web.method.support.InvocableHandlerMethod.doInvoke(InvocableHandlerMethod.java:190)
	at org.springframework.web.method.support.InvocableHandlerMethod.invokeForRequest(InvocableHandlerMethod.java:138)
	at org.springframework.web.servlet.mvc.method.annotation.ServletInvocableHandlerMethod.invokeAndHandle(ServletInvocableHandlerMethod.java:105)
	at org.springframework.web.servlet.mvc.method.annotation.RequestMappingHandlerAdapter.invokeHandlerMethod(RequestMappingHandlerAdapter.java:878)
	at org.springframework.web.servlet.mvc.method.annotation.RequestMappingHandlerAdapter.handleInternal(RequestMappingHandlerAdapter.java:792)
	at org.springframework.web.servlet.mvc.method.AbstractHandlerMethodAdapter.handle(AbstractHandlerMethodAdapter.java:87)
	at org.springframework.web.servlet.DispatcherServlet.doDispatch(DispatcherServlet.java:1040)
	at org.springframework.web.servlet.DispatcherServlet.doService(DispatcherServlet.java:943)
	at org.springframework.web.servlet.FrameworkServlet.processRequest(FrameworkServlet.java:1006)
	at org.springframework.web.servlet.FrameworkServlet.doGet(FrameworkServlet.java:898)
	at javax.servlet.http.HttpServlet.service(HttpServlet.java:626)
	at org.springframework.web.servlet.FrameworkServlet.service(FrameworkServlet.java:883)
	at javax.servlet.http.HttpServlet.service(HttpServlet.java:733)
	at org.apache.catalina.core.ApplicationFilterChain.internalDoFilter(ApplicationFilterChain.java:227)
	at org.apache.catalina.core.ApplicationFilterChain.doFilter(ApplicationFilterChain.java:162)
	at org.apache.tomcat.websocket.server.WsFilter.doFilter(WsFilter.java:53)
	at org.apache.catalina.core.ApplicationFilterChain.internalDoFilter(ApplicationFilterChain.java:189)
	at org.apache.catalina.core.ApplicationFilterChain.doFilter(ApplicationFilterChain.java:162)
	at org.springframework.web.filter.AbstractRequestLoggingFilter.doFilterInternal(AbstractRequestLoggingFilter.java:289)
	at org.springframework.web.filter.OncePerRequestFilter.doFilter(OncePerRequestFilter.java:119)
	at org.apache.catalina.core.ApplicationFilterChain.internalDoFilter(ApplicationFilterChain.java:189)
	at org.apache.catalina.core.ApplicationFilterChain.doFilter(ApplicationFilterChain.java:162)
	at org.springframework.web.filter.OncePerRequestFilter.doFilter(OncePerRequestFilter.java:113)
	at org.apache.catalina.core.ApplicationFilterChain.internalDoFilter(ApplicationFilterChain.java:189)
	at org.apache.catalina.core.ApplicationFilterChain.doFilter(ApplicationFilterChain.java:162)
	at ati.com.mbeelive.log.RequestLoggingFilter.doFilter(RequestLoggingFilter.java:53)
	at org.apache.catalina.core.ApplicationFilterChain.internalDoFilter(ApplicationFilterChain.java:189)
	at org.apache.catalina.core.ApplicationFilterChain.doFilter(ApplicationFilterChain.java:162)
	at org.springframework.security.web.FilterChainProxy$VirtualFilterChain.doFilter(FilterChainProxy.java:320)
	at org.springframework.security.web.access.intercept.FilterSecurityInterceptor.invoke(FilterSecurityInterceptor.java:126)
	at org.springframework.security.web.access.intercept.FilterSecurityInterceptor.doFilter(FilterSecurityInterceptor.java:90)
	at org.springframework.security.web.FilterChainProxy$VirtualFilterChain.doFilter(FilterChainProxy.java:334)
	at org.springframework.security.web.access.ExceptionTranslationFilter.doFilter(ExceptionTranslationFilter.java:118)
	at org.springframework.security.web.FilterChainProxy$VirtualFilterChain.doFilter(FilterChainProxy.java:334)
	at org.springframework.security.web.session.SessionManagementFilter.doFilter(SessionManagementFilter.java:137)
	at org.springframework.security.web.FilterChainProxy$VirtualFilterChain.doFilter(FilterChainProxy.java:334)
	at org.springframework.security.web.authentication.AnonymousAuthenticationFilter.doFilter(AnonymousAuthenticationFilter.java:111)
	at org.springframework.security.web.FilterChainProxy$VirtualFilterChain.doFilter(FilterChainProxy.java:334)
	at org.springframework.security.web.servletapi.SecurityContextHolderAwareRequestFilter.doFilter(SecurityContextHolderAwareRequestFilter.java:158)
	at org.springframework.security.web.FilterChainProxy$VirtualFilterChain.doFilter(FilterChainProxy.java:334)
	at org.springframework.security.web.savedrequest.RequestCacheAwareFilter.doFilter(RequestCacheAwareFilter.java:63)
	at org.springframework.security.web.FilterChainProxy$VirtualFilterChain.doFilter(FilterChainProxy.java:334)
	at ati.com.mbeelive.springsercurity.JwtAuthenticationFilter.doFilterInternal(JwtAuthenticationFilter.java:110)
	at org.springframework.web.filter.OncePerRequestFilter.doFilter(OncePerRequestFilter.java:119)
	at org.springframework.security.web.FilterChainProxy$VirtualFilterChain.doFilter(FilterChainProxy.java:334)
	at org.springframework.security.web.authentication.logout.LogoutFilter.doFilter(LogoutFilter.java:116)
	at org.springframework.security.web.FilterChainProxy$VirtualFilterChain.doFilter(FilterChainProxy.java:334)
	at org.springframework.security.web.csrf.CsrfFilter.doFilterInternal(CsrfFilter.java:117)
	at org.springframework.web.filter.OncePerRequestFilter.doFilter(OncePerRequestFilter.java:119)
	at org.springframework.security.web.FilterChainProxy$VirtualFilterChain.doFilter(FilterChainProxy.java:334)
	at org.springframework.web.filter.CorsFilter.doFilterInternal(CorsFilter.java:92)
	at org.springframework.web.filter.OncePerRequestFilter.doFilter(OncePerRequestFilter.java:119)
	at org.springframework.security.web.FilterChainProxy$VirtualFilterChain.doFilter(FilterChainProxy.java:334)
	at org.springframework.security.web.header.HeaderWriterFilter.doHeadersAfter(HeaderWriterFilter.java:92)
	at org.springframework.security.web.header.HeaderWriterFilter.doFilterInternal(HeaderWriterFilter.java:77)
	at org.springframework.web.filter.OncePerRequestFilter.doFilter(OncePerRequestFilter.java:119)
	at org.springframework.security.web.FilterChainProxy$VirtualFilterChain.doFilter(FilterChainProxy.java:334)
	at org.springframework.security.web.context.SecurityContextPersistenceFilter.doFilter(SecurityContextPersistenceFilter.java:105)
	at org.springframework.security.web.FilterChainProxy$VirtualFilterChain.doFilter(FilterChainProxy.java:334)
	at org.springframework.security.web.context.request.async.WebAsyncManagerIntegrationFilter.doFilterInternal(WebAsyncManagerIntegrationFilter.java:56)
	at org.springframework.web.filter.OncePerRequestFilter.doFilter(OncePerRequestFilter.java:119)
	at org.springframework.security.web.FilterChainProxy$VirtualFilterChain.doFilter(FilterChainProxy.java:334)
	at org.springframework.security.web.FilterChainProxy.doFilterInternal(FilterChainProxy.java:215)
	at org.springframework.security.web.FilterChainProxy.doFilter(FilterChainProxy.java:178)
	at org.springframework.web.filter.DelegatingFilterProxy.invokeDelegate(DelegatingFilterProxy.java:358)
	at org.springframework.web.filter.DelegatingFilterProxy.doFilter(DelegatingFilterProxy.java:271)
	at org.apache.catalina.core.ApplicationFilterChain.internalDoFilter(ApplicationFilterChain.java:189)
	at org.apache.catalina.core.ApplicationFilterChain.doFilter(ApplicationFilterChain.java:162)
	at org.springframework.web.filter.RequestContextFilter.doFilterInternal(RequestContextFilter.java:100)
	at org.springframework.web.filter.OncePerRequestFilter.doFilter(OncePerRequestFilter.java:119)
	at org.apache.catalina.core.ApplicationFilterChain.internalDoFilter(ApplicationFilterChain.java:189)
	at org.apache.catalina.core.ApplicationFilterChain.doFilter(ApplicationFilterChain.java:162)
	at org.springframework.web.filter.FormContentFilter.doFilterInternal(FormContentFilter.java:93)
	at org.springframework.web.filter.OncePerRequestFilter.doFilter(OncePerRequestFilter.java:119)
	at org.apache.catalina.core.ApplicationFilterChain.internalDoFilter(ApplicationFilterChain.java:189)
	at org.apache.catalina.core.ApplicationFilterChain.doFilter(ApplicationFilterChain.java:162)
	at org.springframework.boot.actuate.metrics.web.servlet.WebMvcMetricsFilter.doFilterInternal(WebMvcMetricsFilter.java:97)
	at org.springframework.web.filter.OncePerRequestFilter.doFilter(OncePerRequestFilter.java:119)
	at org.apache.catalina.core.ApplicationFilterChain.internalDoFilter(ApplicationFilterChain.java:189)
	at org.apache.catalina.core.ApplicationFilterChain.doFilter(ApplicationFilterChain.java:162)
	at org.springframework.web.filter.CharacterEncodingFilter.doFilterInternal(CharacterEncodingFilter.java:201)
	at org.springframework.web.filter.OncePerRequestFilter.doFilter(OncePerRequestFilter.java:119)
	at org.apache.catalina.core.ApplicationFilterChain.internalDoFilter(ApplicationFilterChain.java:189)
	at org.apache.catalina.core.ApplicationFilterChain.doFilter(ApplicationFilterChain.java:162)
	at org.apache.catalina.core.StandardWrapperValve.invoke(StandardWrapperValve.java:202)
	at org.apache.catalina.core.StandardContextValve.invoke(StandardContextValve.java:97)
	at org.apache.catalina.authenticator.AuthenticatorBase.invoke(AuthenticatorBase.java:542)
	at org.apache.catalina.core.StandardHostValve.invoke(StandardHostValve.java:143)
	at org.apache.catalina.valves.ErrorReportValve.invoke(ErrorReportValve.java:92)
	at org.apache.catalina.core.StandardEngineValve.invoke(StandardEngineValve.java:78)
	at org.apache.catalina.connector.CoyoteAdapter.service(CoyoteAdapter.java:357)
	at org.apache.coyote.http11.Http11Processor.service(Http11Processor.java:374)
	at org.apache.coyote.AbstractProcessorLight.process(AbstractProcessorLight.java:65)
	at org.apache.coyote.AbstractProtocol$ConnectionHandler.process(AbstractProtocol.java:893)
	at org.apache.tomcat.util.net.NioEndpoint$SocketProcessor.doRun(NioEndpoint.java:1707)
	at org.apache.tomcat.util.net.SocketProcessorBase.run(SocketProcessorBase.java:49)
	at java.base/java.util.concurrent.ThreadPoolExecutor.runWorker(ThreadPoolExecutor.java:1128)
	at java.base/java.util.concurrent.ThreadPoolExecutor$Worker.run(ThreadPoolExecutor.java:628)
	at org.apache.tomcat.util.threads.TaskThread$WrappingRunnable.run(TaskThread.java:61)
	at java.base/java.lang.Thread.run(Thread.java:834)
Caused by: java.lang.IllegalArgumentException: No enum constant ati.com.mbeelive.enums.post.PostType.ChillHouse","ChillCorner
	at java.base/java.lang.Enum.valueOf(Enum.java:240)
	at org.springframework.data.mongodb.core.convert.MappingMongoConverter.getPotentiallyConvertedSimpleRead(MappingMongoConverter.java:1029)
	at org.springframework.data.mongodb.core.convert.MappingMongoConverter.readValue(MappingMongoConverter.java:1584)
	at org.springframework.data.mongodb.core.convert.MappingMongoConverter$MongoDbPropertyValueProvider.getPropertyValue(MappingMongoConverter.java:1478)
	at org.springframework.data.mongodb.core.convert.MappingMongoConverter.readProperties(MappingMongoConverter.java:450)
	at org.springframework.data.mongodb.core.convert.MappingMongoConverter.populateProperties(MappingMongoConverter.java:367)
	at org.springframework.data.mongodb.core.convert.MappingMongoConverter.read(MappingMongoConverter.java:347)
	at org.springframework.data.mongodb.core.convert.MappingMongoConverter.read(MappingMongoConverter.java:317)
	at org.springframework.data.mongodb.core.convert.MappingMongoConverter.read(MappingMongoConverter.java:250)
	at org.springframework.data.mongodb.core.convert.MappingMongoConverter.read(MappingMongoConverter.java:246)
	at org.springframework.data.mongodb.core.convert.MappingMongoConverter.read(MappingMongoConverter.java:98)
	at org.springframework.data.mongodb.core.MongoTemplate$ReadDocumentCallback.doWith(MongoTemplate.java:3141)
	at org.springframework.data.mongodb.core.MongoTemplate.executeFindMultiInternal(MongoTemplate.java:2788)
	at org.springframework.data.mongodb.core.MongoTemplate.doFind(MongoTemplate.java:2518)
	at org.springframework.data.mongodb.core.MongoTemplate.doFind(MongoTemplate.java:2500)
	at org.springframework.data.mongodb.core.MongoTemplate.find(MongoTemplate.java:856)
	at org.springframework.data.mongodb.core.MongoTemplate.find(MongoTemplate.java:842)
	at ati.com.mbeelive.collection.PostCollection.search(PostCollection.java:92)
	at ati.com.mbeelive.collection.PostCollection$$FastClassBySpringCGLIB$$b1f29266.invoke(<generated>)
	at org.springframework.cglib.proxy.MethodProxy.invoke(MethodProxy.java:218)
	at org.springframework.aop.framework.CglibAopProxy$CglibMethodInvocation.invokeJoinpoint(CglibAopProxy.java:779)
	at org.springframework.aop.framework.ReflectiveMethodInvocation.proceed(ReflectiveMethodInvocation.java:163)
	at org.springframework.aop.framework.CglibAopProxy$CglibMethodInvocation.proceed(CglibAopProxy.java:750)
	at org.springframework.dao.support.PersistenceExceptionTranslationInterceptor.invoke(PersistenceExceptionTranslationInterceptor.java:139)
	... 114 more
2022-12-06 09:56:13.513  INFO--[25-nio-8083-exec-5] [                                        ]a.c.m.l.LoggingService         :RESPONSE:X-Request-ID=02c593ca-20d7-4487-9a2c-94830c31a2a3 | {"responseCode":500,"during":"415305 ms","httpPath":"/api/cms/v2/post/search","clientIp":"0:0:0:0:0:0:0:1","localIp":"0:0:0:0:0:0:0:1","headers":{"authorization":"\u003c\u003cNot log authorization record\u003e\u003e","postman-token":"265e9530-f4fd-4635-b6a2-88eac1b64ebb","host":"localhost:8083","content-type":"application/json","connection":"keep-alive","accept-encoding":"gzip, deflate, br","accept":"application/json; charset\u003dUTF-8","user-agent":"PostmanRuntime/7.29.2"},"body":"{\"message\":\"Lỗi hệ thống!\",\"code\":1001,\"timestamp\":{\"date\":{\"year\":2022,\"month\":12,\"day\":6},\"time\":{\"hour\":9,\"minute\":56,\"second\":13,\"nano\":497561800}}}"}
2022-12-06 09:56:18.384  INFO--[25-nio-8083-exec-6] [                                        ]a.c.m.l.LoggingService         :REQUEST:X-Request-ID=e37d45b9-b8d6-4fd3-be2e-d6afa1331124 | {"httpMethod":"GET","httpPath":"/api/cms/v2/post/search","clientIp":"0:0:0:0:0:0:0:1","localIp":"0:0:0:0:0:0:0:1","headers":{"authorization":"\u003c\u003cNot log authorization record\u003e\u003e","postman-token":"40ac3812-f440-4ddf-8b9f-75fcc543378e","host":"localhost:8083","content-type":"application/json","connection":"keep-alive","accept-encoding":"gzip, deflate, br","accept":"application/json; charset\u003dUTF-8","user-agent":"PostmanRuntime/7.29.2"},"parameters":{"pageNo":"0","pageSize":"10","sort":"updatedAt:desc"}}
2022-12-06 09:56:18.384 DEBUG--[25-ynchLogThread-4] [                                        ]o.s.d.m.c.MongoTemplate        :Saving Document containing fields: [createdAt, userId, cif, path, requestId, requestObject, _class]
2022-12-06 09:56:49.159  WARN--[25-l-1 housekeeper] [                                        ]c.z.h.p.HikariPool             :HikariPool-1 - Thread starvation or clock leap detected (housekeeper delta=1m55s267ms395µs200ns).
2022-12-06 09:56:49.163 DEBUG--[25-nio-8083-exec-6] [                                        ]o.s.d.m.c.MongoTemplate        :find using query: { "deleted" : false} fields: {} for class: class ati.com.mbeelive.document.post.Post in collection: posts
2022-12-06 09:56:49.305 ERROR--[25-nio-8083-exec-6] [                                        ]a.c.m.e.CustomExceptionHandler :No enum constant ati.com.mbeelive.enums.post.PostType.ChillHouse","ChillCorner; nested exception is java.lang.IllegalArgumentException: No enum constant ati.com.mbeelive.enums.post.PostType.ChillHouse","ChillCorner
org.springframework.dao.InvalidDataAccessApiUsageException: No enum constant ati.com.mbeelive.enums.post.PostType.ChillHouse","ChillCorner; nested exception is java.lang.IllegalArgumentException: No enum constant ati.com.mbeelive.enums.post.PostType.ChillHouse","ChillCorner
	at org.springframework.orm.jpa.EntityManagerFactoryUtils.convertJpaAccessExceptionIfPossible(EntityManagerFactoryUtils.java:374)
	at org.springframework.orm.jpa.vendor.HibernateJpaDialect.translateExceptionIfPossible(HibernateJpaDialect.java:257)
	at org.springframework.orm.jpa.AbstractEntityManagerFactoryBean.translateExceptionIfPossible(AbstractEntityManagerFactoryBean.java:531)
	at org.springframework.dao.support.ChainedPersistenceExceptionTranslator.translateExceptionIfPossible(ChainedPersistenceExceptionTranslator.java:61)
	at org.springframework.dao.support.DataAccessUtils.translateIfNecessary(DataAccessUtils.java:242)
	at org.springframework.dao.support.PersistenceExceptionTranslationInterceptor.invoke(PersistenceExceptionTranslationInterceptor.java:154)
	at org.springframework.aop.framework.ReflectiveMethodInvocation.proceed(ReflectiveMethodInvocation.java:186)
	at org.springframework.aop.framework.CglibAopProxy$CglibMethodInvocation.proceed(CglibAopProxy.java:750)
	at org.springframework.aop.framework.CglibAopProxy$DynamicAdvisedInterceptor.intercept(CglibAopProxy.java:692)
	at ati.com.mbeelive.collection.PostCollection$$EnhancerBySpringCGLIB$$38b9a1cb.search(<generated>)
	at ati.com.mbeelive.service.post.PostService.search(PostService.java:117)
	at ati.com.mbeelive.service.post.PostService$$FastClassBySpringCGLIB$$1f70b308.invoke(<generated>)
	at org.springframework.cglib.proxy.MethodProxy.invoke(MethodProxy.java:218)
	at org.springframework.aop.framework.CglibAopProxy$DynamicAdvisedInterceptor.intercept(CglibAopProxy.java:688)
	at ati.com.mbeelive.service.post.PostService$$EnhancerBySpringCGLIB$$8c80e367.search(<generated>)
	at ati.com.mbeelive.controller.cms.PostV2Controller.search(PostV2Controller.java:38)
	at java.base/jdk.internal.reflect.NativeMethodAccessorImpl.invoke0(Native Method)
	at java.base/jdk.internal.reflect.NativeMethodAccessorImpl.invoke(NativeMethodAccessorImpl.java:62)
	at java.base/jdk.internal.reflect.DelegatingMethodAccessorImpl.invoke(DelegatingMethodAccessorImpl.java:43)
	at java.base/java.lang.reflect.Method.invoke(Method.java:566)
	at org.springframework.web.method.support.InvocableHandlerMethod.doInvoke(InvocableHandlerMethod.java:190)
	at org.springframework.web.method.support.InvocableHandlerMethod.invokeForRequest(InvocableHandlerMethod.java:138)
	at org.springframework.web.servlet.mvc.method.annotation.ServletInvocableHandlerMethod.invokeAndHandle(ServletInvocableHandlerMethod.java:105)
	at org.springframework.web.servlet.mvc.method.annotation.RequestMappingHandlerAdapter.invokeHandlerMethod(RequestMappingHandlerAdapter.java:878)
	at org.springframework.web.servlet.mvc.method.annotation.RequestMappingHandlerAdapter.handleInternal(RequestMappingHandlerAdapter.java:792)
	at org.springframework.web.servlet.mvc.method.AbstractHandlerMethodAdapter.handle(AbstractHandlerMethodAdapter.java:87)
	at org.springframework.web.servlet.DispatcherServlet.doDispatch(DispatcherServlet.java:1040)
	at org.springframework.web.servlet.DispatcherServlet.doService(DispatcherServlet.java:943)
	at org.springframework.web.servlet.FrameworkServlet.processRequest(FrameworkServlet.java:1006)
	at org.springframework.web.servlet.FrameworkServlet.doGet(FrameworkServlet.java:898)
	at javax.servlet.http.HttpServlet.service(HttpServlet.java:626)
	at org.springframework.web.servlet.FrameworkServlet.service(FrameworkServlet.java:883)
	at javax.servlet.http.HttpServlet.service(HttpServlet.java:733)
	at org.apache.catalina.core.ApplicationFilterChain.internalDoFilter(ApplicationFilterChain.java:227)
	at org.apache.catalina.core.ApplicationFilterChain.doFilter(ApplicationFilterChain.java:162)
	at org.apache.tomcat.websocket.server.WsFilter.doFilter(WsFilter.java:53)
	at org.apache.catalina.core.ApplicationFilterChain.internalDoFilter(ApplicationFilterChain.java:189)
	at org.apache.catalina.core.ApplicationFilterChain.doFilter(ApplicationFilterChain.java:162)
	at org.springframework.web.filter.AbstractRequestLoggingFilter.doFilterInternal(AbstractRequestLoggingFilter.java:289)
	at org.springframework.web.filter.OncePerRequestFilter.doFilter(OncePerRequestFilter.java:119)
	at org.apache.catalina.core.ApplicationFilterChain.internalDoFilter(ApplicationFilterChain.java:189)
	at org.apache.catalina.core.ApplicationFilterChain.doFilter(ApplicationFilterChain.java:162)
	at org.springframework.web.filter.OncePerRequestFilter.doFilter(OncePerRequestFilter.java:113)
	at org.apache.catalina.core.ApplicationFilterChain.internalDoFilter(ApplicationFilterChain.java:189)
	at org.apache.catalina.core.ApplicationFilterChain.doFilter(ApplicationFilterChain.java:162)
	at ati.com.mbeelive.log.RequestLoggingFilter.doFilter(RequestLoggingFilter.java:53)
	at org.apache.catalina.core.ApplicationFilterChain.internalDoFilter(ApplicationFilterChain.java:189)
	at org.apache.catalina.core.ApplicationFilterChain.doFilter(ApplicationFilterChain.java:162)
	at org.springframework.security.web.FilterChainProxy$VirtualFilterChain.doFilter(FilterChainProxy.java:320)
	at org.springframework.security.web.access.intercept.FilterSecurityInterceptor.invoke(FilterSecurityInterceptor.java:126)
	at org.springframework.security.web.access.intercept.FilterSecurityInterceptor.doFilter(FilterSecurityInterceptor.java:90)
	at org.springframework.security.web.FilterChainProxy$VirtualFilterChain.doFilter(FilterChainProxy.java:334)
	at org.springframework.security.web.access.ExceptionTranslationFilter.doFilter(ExceptionTranslationFilter.java:118)
	at org.springframework.security.web.FilterChainProxy$VirtualFilterChain.doFilter(FilterChainProxy.java:334)
	at org.springframework.security.web.session.SessionManagementFilter.doFilter(SessionManagementFilter.java:137)
	at org.springframework.security.web.FilterChainProxy$VirtualFilterChain.doFilter(FilterChainProxy.java:334)
	at org.springframework.security.web.authentication.AnonymousAuthenticationFilter.doFilter(AnonymousAuthenticationFilter.java:111)
	at org.springframework.security.web.FilterChainProxy$VirtualFilterChain.doFilter(FilterChainProxy.java:334)
	at org.springframework.security.web.servletapi.SecurityContextHolderAwareRequestFilter.doFilter(SecurityContextHolderAwareRequestFilter.java:158)
	at org.springframework.security.web.FilterChainProxy$VirtualFilterChain.doFilter(FilterChainProxy.java:334)
	at org.springframework.security.web.savedrequest.RequestCacheAwareFilter.doFilter(RequestCacheAwareFilter.java:63)
	at org.springframework.security.web.FilterChainProxy$VirtualFilterChain.doFilter(FilterChainProxy.java:334)
	at ati.com.mbeelive.springsercurity.JwtAuthenticationFilter.doFilterInternal(JwtAuthenticationFilter.java:110)
	at org.springframework.web.filter.OncePerRequestFilter.doFilter(OncePerRequestFilter.java:119)
	at org.springframework.security.web.FilterChainProxy$VirtualFilterChain.doFilter(FilterChainProxy.java:334)
	at org.springframework.security.web.authentication.logout.LogoutFilter.doFilter(LogoutFilter.java:116)
	at org.springframework.security.web.FilterChainProxy$VirtualFilterChain.doFilter(FilterChainProxy.java:334)
	at org.springframework.security.web.csrf.CsrfFilter.doFilterInternal(CsrfFilter.java:117)
	at org.springframework.web.filter.OncePerRequestFilter.doFilter(OncePerRequestFilter.java:119)
	at org.springframework.security.web.FilterChainProxy$VirtualFilterChain.doFilter(FilterChainProxy.java:334)
	at org.springframework.web.filter.CorsFilter.doFilterInternal(CorsFilter.java:92)
	at org.springframework.web.filter.OncePerRequestFilter.doFilter(OncePerRequestFilter.java:119)
	at org.springframework.security.web.FilterChainProxy$VirtualFilterChain.doFilter(FilterChainProxy.java:334)
	at org.springframework.security.web.header.HeaderWriterFilter.doHeadersAfter(HeaderWriterFilter.java:92)
	at org.springframework.security.web.header.HeaderWriterFilter.doFilterInternal(HeaderWriterFilter.java:77)
	at org.springframework.web.filter.OncePerRequestFilter.doFilter(OncePerRequestFilter.java:119)
	at org.springframework.security.web.FilterChainProxy$VirtualFilterChain.doFilter(FilterChainProxy.java:334)
	at org.springframework.security.web.context.SecurityContextPersistenceFilter.doFilter(SecurityContextPersistenceFilter.java:105)
	at org.springframework.security.web.FilterChainProxy$VirtualFilterChain.doFilter(FilterChainProxy.java:334)
	at org.springframework.security.web.context.request.async.WebAsyncManagerIntegrationFilter.doFilterInternal(WebAsyncManagerIntegrationFilter.java:56)
	at org.springframework.web.filter.OncePerRequestFilter.doFilter(OncePerRequestFilter.java:119)
	at org.springframework.security.web.FilterChainProxy$VirtualFilterChain.doFilter(FilterChainProxy.java:334)
	at org.springframework.security.web.FilterChainProxy.doFilterInternal(FilterChainProxy.java:215)
	at org.springframework.security.web.FilterChainProxy.doFilter(FilterChainProxy.java:178)
	at org.springframework.web.filter.DelegatingFilterProxy.invokeDelegate(DelegatingFilterProxy.java:358)
	at org.springframework.web.filter.DelegatingFilterProxy.doFilter(DelegatingFilterProxy.java:271)
	at org.apache.catalina.core.ApplicationFilterChain.internalDoFilter(ApplicationFilterChain.java:189)
	at org.apache.catalina.core.ApplicationFilterChain.doFilter(ApplicationFilterChain.java:162)
	at org.springframework.web.filter.RequestContextFilter.doFilterInternal(RequestContextFilter.java:100)
	at org.springframework.web.filter.OncePerRequestFilter.doFilter(OncePerRequestFilter.java:119)
	at org.apache.catalina.core.ApplicationFilterChain.internalDoFilter(ApplicationFilterChain.java:189)
	at org.apache.catalina.core.ApplicationFilterChain.doFilter(ApplicationFilterChain.java:162)
	at org.springframework.web.filter.FormContentFilter.doFilterInternal(FormContentFilter.java:93)
	at org.springframework.web.filter.OncePerRequestFilter.doFilter(OncePerRequestFilter.java:119)
	at org.apache.catalina.core.ApplicationFilterChain.internalDoFilter(ApplicationFilterChain.java:189)
	at org.apache.catalina.core.ApplicationFilterChain.doFilter(ApplicationFilterChain.java:162)
	at org.springframework.boot.actuate.metrics.web.servlet.WebMvcMetricsFilter.doFilterInternal(WebMvcMetricsFilter.java:97)
	at org.springframework.web.filter.OncePerRequestFilter.doFilter(OncePerRequestFilter.java:119)
	at org.apache.catalina.core.ApplicationFilterChain.internalDoFilter(ApplicationFilterChain.java:189)
	at org.apache.catalina.core.ApplicationFilterChain.doFilter(ApplicationFilterChain.java:162)
	at org.springframework.web.filter.CharacterEncodingFilter.doFilterInternal(CharacterEncodingFilter.java:201)
	at org.springframework.web.filter.OncePerRequestFilter.doFilter(OncePerRequestFilter.java:119)
	at org.apache.catalina.core.ApplicationFilterChain.internalDoFilter(ApplicationFilterChain.java:189)
	at org.apache.catalina.core.ApplicationFilterChain.doFilter(ApplicationFilterChain.java:162)
	at org.apache.catalina.core.StandardWrapperValve.invoke(StandardWrapperValve.java:202)
	at org.apache.catalina.core.StandardContextValve.invoke(StandardContextValve.java:97)
	at org.apache.catalina.authenticator.AuthenticatorBase.invoke(AuthenticatorBase.java:542)
	at org.apache.catalina.core.StandardHostValve.invoke(StandardHostValve.java:143)
	at org.apache.catalina.valves.ErrorReportValve.invoke(ErrorReportValve.java:92)
	at org.apache.catalina.core.StandardEngineValve.invoke(StandardEngineValve.java:78)
	at org.apache.catalina.connector.CoyoteAdapter.service(CoyoteAdapter.java:357)
	at org.apache.coyote.http11.Http11Processor.service(Http11Processor.java:374)
	at org.apache.coyote.AbstractProcessorLight.process(AbstractProcessorLight.java:65)
	at org.apache.coyote.AbstractProtocol$ConnectionHandler.process(AbstractProtocol.java:893)
	at org.apache.tomcat.util.net.NioEndpoint$SocketProcessor.doRun(NioEndpoint.java:1707)
	at org.apache.tomcat.util.net.SocketProcessorBase.run(SocketProcessorBase.java:49)
	at java.base/java.util.concurrent.ThreadPoolExecutor.runWorker(ThreadPoolExecutor.java:1128)
	at java.base/java.util.concurrent.ThreadPoolExecutor$Worker.run(ThreadPoolExecutor.java:628)
	at org.apache.tomcat.util.threads.TaskThread$WrappingRunnable.run(TaskThread.java:61)
	at java.base/java.lang.Thread.run(Thread.java:834)
Caused by: java.lang.IllegalArgumentException: No enum constant ati.com.mbeelive.enums.post.PostType.ChillHouse","ChillCorner
	at java.base/java.lang.Enum.valueOf(Enum.java:240)
	at org.springframework.data.mongodb.core.convert.MappingMongoConverter.getPotentiallyConvertedSimpleRead(MappingMongoConverter.java:1029)
	at org.springframework.data.mongodb.core.convert.MappingMongoConverter.readValue(MappingMongoConverter.java:1584)
	at org.springframework.data.mongodb.core.convert.MappingMongoConverter$MongoDbPropertyValueProvider.getPropertyValue(MappingMongoConverter.java:1478)
	at org.springframework.data.mongodb.core.convert.MappingMongoConverter.readProperties(MappingMongoConverter.java:450)
	at org.springframework.data.mongodb.core.convert.MappingMongoConverter.populateProperties(MappingMongoConverter.java:367)
	at org.springframework.data.mongodb.core.convert.MappingMongoConverter.read(MappingMongoConverter.java:347)
	at org.springframework.data.mongodb.core.convert.MappingMongoConverter.read(MappingMongoConverter.java:317)
	at org.springframework.data.mongodb.core.convert.MappingMongoConverter.read(MappingMongoConverter.java:250)
	at org.springframework.data.mongodb.core.convert.MappingMongoConverter.read(MappingMongoConverter.java:246)
	at org.springframework.data.mongodb.core.convert.MappingMongoConverter.read(MappingMongoConverter.java:98)
	at org.springframework.data.mongodb.core.MongoTemplate$ReadDocumentCallback.doWith(MongoTemplate.java:3141)
	at org.springframework.data.mongodb.core.MongoTemplate.executeFindMultiInternal(MongoTemplate.java:2788)
	at org.springframework.data.mongodb.core.MongoTemplate.doFind(MongoTemplate.java:2518)
	at org.springframework.data.mongodb.core.MongoTemplate.doFind(MongoTemplate.java:2500)
	at org.springframework.data.mongodb.core.MongoTemplate.find(MongoTemplate.java:856)
	at org.springframework.data.mongodb.core.MongoTemplate.find(MongoTemplate.java:842)
	at ati.com.mbeelive.collection.PostCollection.search(PostCollection.java:92)
	at ati.com.mbeelive.collection.PostCollection$$FastClassBySpringCGLIB$$b1f29266.invoke(<generated>)
	at org.springframework.cglib.proxy.MethodProxy.invoke(MethodProxy.java:218)
	at org.springframework.aop.framework.CglibAopProxy$CglibMethodInvocation.invokeJoinpoint(CglibAopProxy.java:779)
	at org.springframework.aop.framework.ReflectiveMethodInvocation.proceed(ReflectiveMethodInvocation.java:163)
	at org.springframework.aop.framework.CglibAopProxy$CglibMethodInvocation.proceed(CglibAopProxy.java:750)
	at org.springframework.dao.support.PersistenceExceptionTranslationInterceptor.invoke(PersistenceExceptionTranslationInterceptor.java:139)
	... 114 more
2022-12-06 09:56:49.307  INFO--[25-nio-8083-exec-6] [                                        ]a.c.m.l.LoggingService         :RESPONSE:X-Request-ID=e37d45b9-b8d6-4fd3-be2e-d6afa1331124 | {"responseCode":500,"during":"30937 ms","httpPath":"/api/cms/v2/post/search","clientIp":"0:0:0:0:0:0:0:1","localIp":"0:0:0:0:0:0:0:1","headers":{"authorization":"\u003c\u003cNot log authorization record\u003e\u003e","postman-token":"40ac3812-f440-4ddf-8b9f-75fcc543378e","host":"localhost:8083","content-type":"application/json","connection":"keep-alive","accept-encoding":"gzip, deflate, br","accept":"application/json; charset\u003dUTF-8","user-agent":"PostmanRuntime/7.29.2"},"body":"{\"message\":\"Lỗi hệ thống!\",\"code\":1001,\"timestamp\":{\"date\":{\"year\":2022,\"month\":12,\"day\":6},\"time\":{\"hour\":9,\"minute\":56,\"second\":49,\"nano\":306678300}}}"}
2022-12-06 09:56:50.172  INFO--[25-extShutdownHook] [                                        ].s.s.c.ThreadPoolTaskScheduler :Shutting down ExecutorService 'taskScheduler'
2022-12-06 09:56:50.172  INFO--[25-extShutdownHook] [                                        ]o.s.s.c.ThreadPoolTaskExecutor :Shutting down ExecutorService 'asyncLogsExecutor'
2022-12-06 09:56:50.172  INFO--[25-extShutdownHook] [                                        ]o.s.s.c.ThreadPoolTaskExecutor :Shutting down ExecutorService 'asyncExecutorNotification'
2022-12-06 09:56:50.172  INFO--[25-extShutdownHook] [                                        ]o.s.s.c.ThreadPoolTaskExecutor :Shutting down ExecutorService 'asyncExecutor'
2022-12-06 09:56:50.188  INFO--[25-extShutdownHook] [                                        ]o.s.s.c.ThreadPoolTaskExecutor :Shutting down ExecutorService 'threadPoolTaskExecutor'
2022-12-06 09:56:50.363  INFO--[25-extShutdownHook] [                                        ]tainerEntityManagerFactoryBean :Closing JPA EntityManagerFactory for persistence unit 'default'
2022-12-06 09:56:50.378  INFO--[25-extShutdownHook] [                                        ]c.z.h.HikariDataSource         :HikariPool-1 - Shutdown initiated...
2022-12-06 09:56:50.410  INFO--[25-extShutdownHook] [                                        ]c.z.h.HikariDataSource         :HikariPool-1 - Shutdown completed.
2022-12-06 09:56:50.535  INFO--[25-extShutdownHook] [                                        ]o.m.d.connection               :Closed connection [connectionId{localValue:2, serverValue:5368648}] to 207.46.234.134:27717 because the pool has been closed.
2022-12-06 09:56:50.535  INFO--[25-extShutdownHook] [                                        ]o.m.d.connection               :Closed connection [connectionId{localValue:3, serverValue:5368651}] to 207.46.234.134:27717 because the pool has been closed.
