2022-12-22 13:21:10.355  INFO--[29-kground-preinit] [                                        ]o.h.v.i.u.Version              :HV000001: Hibernate Validator 6.1.7.Final
2022-12-22 13:21:10.390  INFO--[29-main           ] [                                        ]a.c.m.MbeeliveApplication      :Starting MbeeliveApplication on DESKTOP-GSNRLR9 with PID 20844 (C:\Work\MbLandStock\landstock-cms-be\target\classes started by Thanh Thuc in C:\Work\MbLandStock\landstock-cms-be)
2022-12-22 13:21:10.393  INFO--[29-main           ] [                                        ]a.c.m.MbeeliveApplication      :No active profile set, falling back to default profiles: default
2022-12-22 13:21:11.615  INFO--[29-main           ] [                                        ]epositoryConfigurationDelegate :Multiple Spring Data modules found, entering strict repository configuration mode!
2022-12-22 13:21:11.617  INFO--[29-main           ] [                                        ]epositoryConfigurationDelegate :Bootstrapping Spring Data JPA repositories in DEFAULT mode.
2022-12-22 13:21:11.810  INFO--[29-main           ] [                                        ]epositoryConfigurationDelegate :Finished Spring Data repository scanning in 187ms. Found 36 JPA repository interfaces.
2022-12-22 13:21:11.810  INFO--[29-main           ] [                                        ]epositoryConfigurationDelegate :Multiple Spring Data modules found, entering strict repository configuration mode!
2022-12-22 13:21:11.810  INFO--[29-main           ] [                                        ]epositoryConfigurationDelegate :Bootstrapping Spring Data MongoDB repositories in DEFAULT mode.
2022-12-22 13:21:11.821  INFO--[29-main           ] [                                        ]epositoryConfigurationDelegate :Finished Spring Data repository scanning in 10ms. Found 2 MongoDB repository interfaces.
2022-12-22 13:21:12.491  INFO--[29-main           ] [                                        ]guringBeanFactoryPostProcessor :No bean named 'errorChannel' has been explicitly defined. Therefore, a default PublishSubscribeChannel will be created.
2022-12-22 13:21:12.498  INFO--[29-main           ] [                                        ]guringBeanFactoryPostProcessor :No bean named 'taskScheduler' has been explicitly defined. Therefore, a default ThreadPoolTaskScheduler will be created.
2022-12-22 13:21:12.502  INFO--[29-main           ] [                                        ]guringBeanFactoryPostProcessor :No bean named 'integrationHeaderChannelRegistry' has been explicitly defined. Therefore, a default DefaultHeaderChannelRegistry will be created.
2022-12-22 13:21:12.749  INFO--[29-main           ] [                                        ]egate$BeanPostProcessorChecker :Bean 'org.springframework.integration.config.IntegrationManagementConfiguration' of type [org.springframework.integration.config.IntegrationManagementConfiguration] is not eligible for getting processed by all BeanPostProcessors (for example: not eligible for auto-proxying)
2022-12-22 13:21:12.759  INFO--[29-main           ] [                                        ]egate$BeanPostProcessorChecker :Bean 'integrationChannelResolver' of type [org.springframework.integration.support.channel.BeanFactoryChannelResolver] is not eligible for getting processed by all BeanPostProcessors (for example: not eligible for auto-proxying)
2022-12-22 13:21:12.762  INFO--[29-main           ] [                                        ]egate$BeanPostProcessorChecker :Bean 'integrationDisposableAutoCreatedBeans' of type [org.springframework.integration.config.annotation.Disposables] is not eligible for getting processed by all BeanPostProcessors (for example: not eligible for auto-proxying)
2022-12-22 13:21:13.001  INFO--[29-main           ] [                                        ]o.s.b.w.e.t.TomcatWebServer    :Tomcat initialized with port(s): 8083 (http)
2022-12-22 13:21:13.008  INFO--[29-main           ] [                                        ]o.a.c.h.Http11NioProtocol      :Initializing ProtocolHandler ["http-nio-8083"]
2022-12-22 13:21:13.009  INFO--[29-main           ] [                                        ]o.a.c.c.StandardService        :Starting service [Tomcat]
2022-12-22 13:21:13.009  INFO--[29-main           ] [                                        ]o.a.c.c.StandardEngine         :Starting Servlet engine: [Apache Tomcat/9.0.46]
2022-12-22 13:21:13.184  INFO--[29-main           ] [                                        ]o.a.c.c.C.[.[.[/]              :Initializing Spring embedded WebApplicationContext
2022-12-22 13:21:13.185  INFO--[29-main           ] [                                        ]letWebServerApplicationContext :Root WebApplicationContext: initialization completed in 2736 ms
2022-12-22 13:21:13.483  INFO--[29-main           ] [                                        ]o.m.d.cluster                  :Cluster created with settings {hosts=[127.0.0.1:27017], srvHost=lab-uat.ojso0.mongodb.net, mode=MULTIPLE, requiredClusterType=REPLICA_SET, serverSelectionTimeout='30000 ms', requiredReplicaSetName='atlas-gx6iy8-shard-0'}
2022-12-22 13:21:13.963  INFO--[29-main           ] [                                        ]o.m.d.cluster                  :Cluster description not yet available. Waiting for 30000 ms before timing out
2022-12-22 13:21:16.651  INFO--[29-so0.mongodb.net] [                                        ]o.m.d.cluster                  :Adding discovered server lab-uat-shard-00-00.ojso0.mongodb.net:27017 to client view of cluster
2022-12-22 13:21:16.714  INFO--[29-so0.mongodb.net] [                                        ]o.m.d.cluster                  :Adding discovered server lab-uat-shard-00-01.ojso0.mongodb.net:27017 to client view of cluster
2022-12-22 13:21:16.714  INFO--[29-so0.mongodb.net] [                                        ]o.m.d.cluster                  :Adding discovered server lab-uat-shard-00-02.ojso0.mongodb.net:27017 to client view of cluster
2022-12-22 13:21:16.717  INFO--[29-main           ] [                                        ]o.m.d.cluster                  :No server chosen by com.mongodb.client.internal.MongoClientDelegate$1@1c0cf193 from cluster description ClusterDescription{type=REPLICA_SET, connectionMode=MULTIPLE, serverDescriptions=[ServerDescription{address=lab-uat-shard-00-00.ojso0.mongodb.net:27017, type=UNKNOWN, state=CONNECTING}, ServerDescription{address=lab-uat-shard-00-01.ojso0.mongodb.net:27017, type=UNKNOWN, state=CONNECTING}, ServerDescription{address=lab-uat-shard-00-02.ojso0.mongodb.net:27017, type=UNKNOWN, state=CONNECTING}]}. Waiting for 30000 ms before timing out
2022-12-22 13:21:17.400  INFO--[29-ngodb.net:27017] [                                        ]o.m.d.connection               :Opened connection [connectionId{localValue:1, serverValue:96576}] to lab-uat-shard-00-01.ojso0.mongodb.net:27017
2022-12-22 13:21:17.400  INFO--[29-ngodb.net:27017] [                                        ]o.m.d.connection               :Opened connection [connectionId{localValue:2, serverValue:93227}] to lab-uat-shard-00-00.ojso0.mongodb.net:27017
2022-12-22 13:21:17.495  INFO--[29-ngodb.net:27017] [                                        ]o.m.d.cluster                  :Monitor thread successfully connected to server with description ServerDescription{address=lab-uat-shard-00-01.ojso0.mongodb.net:27017, type=REPLICA_SET_PRIMARY, state=CONNECTED, ok=true, minWireVersion=0, maxWireVersion=17, maxDocumentSize=16777216, logicalSessionTimeoutMinutes=30, roundTripTimeNanos=92457700, setName='atlas-gx6iy8-shard-0', canonicalAddress=lab-uat-shard-00-01.ojso0.mongodb.net:27017, hosts=[lab-uat-shard-00-02.ojso0.mongodb.net:27017, lab-uat-shard-00-01.ojso0.mongodb.net:27017, lab-uat-shard-00-00.ojso0.mongodb.net:27017], passives=[], arbiters=[], primary='lab-uat-shard-00-01.ojso0.mongodb.net:27017', tagSet=TagSet{[Tag{name='nodeType', value='ELECTABLE'}, Tag{name='provider', value='AZURE'}, Tag{name='region', value='ASIA_SOUTH_EAST'}, Tag{name='workloadType', value='OPERATIONAL'}]}, electionId=7fffffff0000000000000002, setVersion=1, lastWriteDate=Thu Dec 22 13:21:12 GMT+07:00 2022, lastUpdateTimeNanos=126671493773900}
2022-12-22 13:21:17.496  INFO--[29-ngodb.net:27017] [                                        ]o.m.d.cluster                  :Setting max election id to 7fffffff0000000000000002 from replica set primary lab-uat-shard-00-01.ojso0.mongodb.net:27017
2022-12-22 13:21:17.496  INFO--[29-ngodb.net:27017] [                                        ]o.m.d.cluster                  :Setting max set version to 1 from replica set primary lab-uat-shard-00-01.ojso0.mongodb.net:27017
2022-12-22 13:21:17.496  INFO--[29-ngodb.net:27017] [                                        ]o.m.d.cluster                  :Discovered replica set primary lab-uat-shard-00-01.ojso0.mongodb.net:27017
2022-12-22 13:21:17.501  INFO--[29-ngodb.net:27017] [                                        ]o.m.d.cluster                  :Monitor thread successfully connected to server with description ServerDescription{address=lab-uat-shard-00-00.ojso0.mongodb.net:27017, type=REPLICA_SET_SECONDARY, state=CONNECTED, ok=true, minWireVersion=0, maxWireVersion=17, maxDocumentSize=16777216, logicalSessionTimeoutMinutes=30, roundTripTimeNanos=101283700, setName='atlas-gx6iy8-shard-0', canonicalAddress=lab-uat-shard-00-00.ojso0.mongodb.net:27017, hosts=[lab-uat-shard-00-02.ojso0.mongodb.net:27017, lab-uat-shard-00-01.ojso0.mongodb.net:27017, lab-uat-shard-00-00.ojso0.mongodb.net:27017], passives=[], arbiters=[], primary='lab-uat-shard-00-01.ojso0.mongodb.net:27017', tagSet=TagSet{[Tag{name='nodeType', value='ELECTABLE'}, Tag{name='provider', value='AZURE'}, Tag{name='region', value='ASIA_SOUTH_EAST'}, Tag{name='workloadType', value='OPERATIONAL'}]}, electionId=null, setVersion=1, lastWriteDate=Thu Dec 22 13:21:12 GMT+07:00 2022, lastUpdateTimeNanos=126671501565600}
2022-12-22 13:21:18.162  INFO--[29-main           ] [                                        ]o.m.d.connection               :Opened connection [connectionId{localValue:4, serverValue:96577}] to lab-uat-shard-00-01.ojso0.mongodb.net:27017
2022-12-22 13:21:18.272  INFO--[29-main           ] [                                        ]oPersistentEntityIndexResolver :Found cycle for field '_id' in type 'PostComment' for path 'lastComment -> lastComment'
2022-12-22 13:21:18.277  INFO--[29-main           ] [                                        ]oPersistentEntityIndexResolver :Found cycle for field 'lastComment' in type 'PostComment' for path 'lastComment -> lastComment'
2022-12-22 13:21:18.379  INFO--[29-ngodb.net:27017] [                                        ]o.m.d.connection               :Opened connection [connectionId{localValue:3, serverValue:92915}] to lab-uat-shard-00-02.ojso0.mongodb.net:27017
2022-12-22 13:21:18.464  INFO--[29-ngodb.net:27017] [                                        ]o.m.d.cluster                  :Monitor thread successfully connected to server with description ServerDescription{address=lab-uat-shard-00-02.ojso0.mongodb.net:27017, type=REPLICA_SET_SECONDARY, state=CONNECTED, ok=true, minWireVersion=0, maxWireVersion=17, maxDocumentSize=16777216, logicalSessionTimeoutMinutes=30, roundTripTimeNanos=84499400, setName='atlas-gx6iy8-shard-0', canonicalAddress=lab-uat-shard-00-02.ojso0.mongodb.net:27017, hosts=[lab-uat-shard-00-02.ojso0.mongodb.net:27017, lab-uat-shard-00-01.ojso0.mongodb.net:27017, lab-uat-shard-00-00.ojso0.mongodb.net:27017], passives=[], arbiters=[], primary='lab-uat-shard-00-01.ojso0.mongodb.net:27017', tagSet=TagSet{[Tag{name='nodeType', value='ELECTABLE'}, Tag{name='provider', value='AZURE'}, Tag{name='region', value='ASIA_SOUTH_EAST'}, Tag{name='workloadType', value='OPERATIONAL'}]}, electionId=null, setVersion=1, lastWriteDate=Thu Dec 22 13:21:17 GMT+07:00 2022, lastUpdateTimeNanos=126672463137200}
2022-12-22 13:21:19.009  INFO--[29-main           ] [                                        ]oPersistentEntityIndexResolver :Found cycle for field '_id' in type 'PostComment' for path 'lastComment -> lastComment'
2022-12-22 13:21:19.009  INFO--[29-main           ] [                                        ]oPersistentEntityIndexResolver :Found cycle for field 'lastComment' in type 'PostComment' for path 'lastComment -> lastComment'
2022-12-22 13:21:19.353  INFO--[29-main           ] [                                        ]c.z.h.HikariDataSource         :HikariPool-1 - Starting...
2022-12-22 13:21:22.573  INFO--[29-main           ] [                                        ]c.z.h.HikariDataSource         :HikariPool-1 - Start completed.
2022-12-22 13:21:22.692  INFO--[29-main           ] [                                        ]o.h.j.i.u.LogHelper            :HHH000204: Processing PersistenceUnitInfo [name: default]
2022-12-22 13:21:22.728  INFO--[29-main           ] [                                        ]o.h.Version                    :HHH000412: Hibernate ORM core version 5.4.32.Final
2022-12-22 13:21:22.813  INFO--[29-main           ] [                                        ]o.h.a.c.Version                :HCANN000001: Hibernate Commons Annotations {5.1.2.Final}
2022-12-22 13:21:22.898  INFO--[29-main           ] [                                        ]o.h.d.Dialect                  :HHH000400: Using dialect: org.hibernate.dialect.MySQL5Dialect
2022-12-22 13:21:23.811  INFO--[29-main           ] [                                        ]e.t.j.p.i.JtaPlatformInitiator :HHH000490: Using JtaPlatform implementation: [org.hibernate.engine.transaction.jta.platform.internal.NoJtaPlatform]
2022-12-22 13:21:23.824  INFO--[29-main           ] [                                        ]tainerEntityManagerFactoryBean :Initialized JPA EntityManagerFactory for persistence unit 'default'
2022-12-22 13:21:24.394  WARN--[29-main           ] [                                        ]figuration$JpaWebConfiguration :spring.jpa.open-in-view is enabled by default. Therefore, database queries may be performed during view rendering. Explicitly configure spring.jpa.open-in-view to disable this warning
2022-12-22 13:21:26.148  INFO--[29-main           ] [                                        ].s.s.c.ThreadPoolTaskScheduler :Initializing ExecutorService 'taskScheduler'
2022-12-22 13:21:26.806  INFO--[29-main           ] [                                        ]o.r.Version                    :Redisson 3.13.2
2022-12-22 13:21:29.677  INFO--[29-isson-netty-2-3] [                                        ]c.p.MasterPubSubConnectionPool :1 connections initialized for dev-brood.redis.cache.windows.net/13.76.180.224:6380
2022-12-22 13:21:29.745  INFO--[29-sson-netty-2-19] [                                        ]o.r.c.p.MasterConnectionPool   :24 connections initialized for dev-brood.redis.cache.windows.net/13.76.180.224:6380
2022-12-22 13:21:30.982  INFO--[29-main           ] [                                        ]o.s.s.c.ThreadPoolTaskExecutor :Initializing ExecutorService
2022-12-22 13:21:30.982  INFO--[29-main           ] [                                        ]o.s.s.c.ThreadPoolTaskExecutor :Initializing ExecutorService 'threadPoolTaskExecutor'
2022-12-22 13:21:31.076  INFO--[29-main           ] [                                        ].c.GcpContextAutoConfiguration :The default project ID is mb-data-science-329003
2022-12-22 13:21:31.117  INFO--[29-main           ] [                                        ]s.c.DefaultCredentialsProvider :Default credentials provider for service account landstock-pubsub-dev@mb-data-science-329003.iam.gserviceaccount.com
2022-12-22 13:21:31.117  INFO--[29-main           ] [                                        ]s.c.DefaultCredentialsProvider :Scopes in use by default credentials: [https://www.googleapis.com/auth/pubsub, https://www.googleapis.com/auth/spanner.admin, https://www.googleapis.com/auth/spanner.data, https://www.googleapis.com/auth/datastore, https://www.googleapis.com/auth/sqlservice.admin, https://www.googleapis.com/auth/devstorage.read_only, https://www.googleapis.com/auth/devstorage.read_write, https://www.googleapis.com/auth/cloudruntimeconfig, https://www.googleapis.com/auth/trace.append, https://www.googleapis.com/auth/cloud-platform, https://www.googleapis.com/auth/cloud-vision, https://www.googleapis.com/auth/bigquery, https://www.googleapis.com/auth/monitoring.write]
2022-12-22 13:21:31.128  INFO--[29-main           ] [                                        ].s.s.c.ThreadPoolTaskScheduler :Initializing ExecutorService
2022-12-22 13:21:31.144  INFO--[29-main           ] [                                        ].s.s.c.ThreadPoolTaskScheduler :Initializing ExecutorService 'pubsubPublisherThreadPool'
2022-12-22 13:21:31.208  INFO--[29-main           ] [                                        ]o.s.s.c.ThreadPoolTaskExecutor :Initializing ExecutorService 'pubSubAcknowledgementExecutor'
2022-12-22 13:21:31.284  INFO--[29-main           ] [                                        ]etailsServiceAutoConfiguration :

Using generated security password: e20feeaf-fc0f-4018-bb19-a6fae54ce855

2022-12-22 13:21:31.326  INFO--[29-main           ] [                                        ]s.w.DefaultSecurityFilterChain :Creating filter chain: Ant [pattern='/v2/api-docs'], []
2022-12-22 13:21:31.326  INFO--[29-main           ] [                                        ]s.w.DefaultSecurityFilterChain :Creating filter chain: Ant [pattern='/configuration/ui'], []
2022-12-22 13:21:31.326  INFO--[29-main           ] [                                        ]s.w.DefaultSecurityFilterChain :Creating filter chain: Ant [pattern='/swagger-resources/**'], []
2022-12-22 13:21:31.326  INFO--[29-main           ] [                                        ]s.w.DefaultSecurityFilterChain :Creating filter chain: Ant [pattern='/configuration/security'], []
2022-12-22 13:21:31.326  INFO--[29-main           ] [                                        ]s.w.DefaultSecurityFilterChain :Creating filter chain: Ant [pattern='/swagger-ui.html'], []
2022-12-22 13:21:31.326  INFO--[29-main           ] [                                        ]s.w.DefaultSecurityFilterChain :Creating filter chain: Ant [pattern='/swagger-ui/**'], []
2022-12-22 13:21:31.326  INFO--[29-main           ] [                                        ]s.w.DefaultSecurityFilterChain :Creating filter chain: Ant [pattern='/v3/api-docs/**'], []
2022-12-22 13:21:31.326  INFO--[29-main           ] [                                        ]s.w.DefaultSecurityFilterChain :Creating filter chain: Ant [pattern='/webjars/**'], []
2022-12-22 13:21:31.409  INFO--[29-main           ] [                                        ]s.w.DefaultSecurityFilterChain :Creating filter chain: any request, [org.springframework.security.web.context.request.async.WebAsyncManagerIntegrationFilter@3c41f6be, org.springframework.security.web.context.SecurityContextPersistenceFilter@7226747d, org.springframework.security.web.header.HeaderWriterFilter@24e82f43, org.springframework.web.filter.CorsFilter@3a8af40a, org.springframework.security.web.csrf.CsrfFilter@3e99738e, org.springframework.security.web.authentication.logout.LogoutFilter@9dc9aa4, ati.com.mbeelive.springsercurity.JwtAuthenticationFilter@17cf5dcc, org.springframework.security.web.savedrequest.RequestCacheAwareFilter@5aadad55, org.springframework.security.web.servletapi.SecurityContextHolderAwareRequestFilter@54f5457e, org.springframework.security.web.authentication.AnonymousAuthenticationFilter@44a84775, org.springframework.security.web.session.SessionManagementFilter@31a266e0, org.springframework.security.web.access.ExceptionTranslationFilter@1517015c, org.springframework.security.web.access.intercept.FilterSecurityInterceptor@7807e2bb]
2022-12-22 13:21:31.585  INFO--[29-main           ] [                                        ]o.s.s.c.ThreadPoolTaskExecutor :Initializing ExecutorService
2022-12-22 13:21:31.586  INFO--[29-main           ] [                                        ]o.s.s.c.ThreadPoolTaskExecutor :Initializing ExecutorService 'asyncExecutor'
2022-12-22 13:21:31.586  INFO--[29-main           ] [                                        ]o.s.s.c.ThreadPoolTaskExecutor :Initializing ExecutorService
2022-12-22 13:21:31.586  INFO--[29-main           ] [                                        ]o.s.s.c.ThreadPoolTaskExecutor :Initializing ExecutorService 'asyncExecutorNotification'
2022-12-22 13:21:31.586  INFO--[29-main           ] [                                        ]o.s.s.c.ThreadPoolTaskExecutor :Initializing ExecutorService
2022-12-22 13:21:31.586  INFO--[29-main           ] [                                        ]o.s.s.c.ThreadPoolTaskExecutor :Initializing ExecutorService 'asyncLogsExecutor'
2022-12-22 13:21:34.574  INFO--[29-main           ] [                                        ]o.s.i.e.EventDrivenConsumer    :Adding {logging-channel-adapter:_org.springframework.integration.errorLogger} as a subscriber to the 'errorChannel' channel
2022-12-22 13:21:34.574  INFO--[29-main           ] [                                        ].s.i.c.PublishSubscribeChannel :Channel 'application.errorChannel' has 1 subscriber(s).
2022-12-22 13:21:34.574  INFO--[29-main           ] [                                        ]o.s.i.e.EventDrivenConsumer    :started bean '_org.springframework.integration.errorLogger'
2022-12-22 13:21:34.574  INFO--[29-main           ] [                                        ]o.s.i.e.EventDrivenConsumer    :Adding {message-handler:pubSubConfig.messageSender.serviceActivator} as a subscriber to the 'pubsubOutputChannel' channel
2022-12-22 13:21:34.574  INFO--[29-main           ] [                                        ]o.s.i.c.DirectChannel          :Channel 'application.pubsubOutputChannel' has 1 subscriber(s).
2022-12-22 13:21:34.574  INFO--[29-main           ] [                                        ]o.s.i.e.EventDrivenConsumer    :started bean 'pubSubConfig.messageSender.serviceActivator'
2022-12-22 13:21:34.574  INFO--[29-main           ] [                                        ]ryBean$MethodInvocationGateway :started bean 'pubSubConfig$PubsubOutboundGateway'
2022-12-22 13:21:34.574  INFO--[29-main           ] [                                        ].s.i.g.GatewayProxyFactoryBean :started bean 'pubSubConfig$PubsubOutboundGateway'
2022-12-22 13:21:34.575  INFO--[29-main           ] [                                        ]o.a.c.h.Http11NioProtocol      :Starting ProtocolHandler ["http-nio-8083"]
2022-12-22 13:21:34.586  INFO--[29-main           ] [                                        ]o.s.b.w.e.t.TomcatWebServer    :Tomcat started on port(s): 8083 (http) with context path ''
2022-12-22 13:21:34.651  INFO--[29-main           ] [                                        ]o.s.b.w.e.t.TomcatWebServer    :Tomcat initialized with port(s): 8090 (http)
2022-12-22 13:21:34.651  INFO--[29-main           ] [                                        ]o.a.c.h.Http11NioProtocol      :Initializing ProtocolHandler ["http-nio-8090"]
2022-12-22 13:21:34.651  INFO--[29-main           ] [                                        ]o.a.c.c.StandardService        :Starting service [Tomcat]
2022-12-22 13:21:34.651  INFO--[29-main           ] [                                        ]o.a.c.c.StandardEngine         :Starting Servlet engine: [Apache Tomcat/9.0.46]
2022-12-22 13:21:34.691  INFO--[29-main           ] [                                        ]o.a.c.c.C.[.[.[/]              :Initializing Spring embedded WebApplicationContext
2022-12-22 13:21:34.691  INFO--[29-main           ] [                                        ]letWebServerApplicationContext :Root WebApplicationContext: initialization completed in 101 ms
2022-12-22 13:21:34.704  INFO--[29-main           ] [                                        ].b.a.e.w.EndpointLinksResolver :Exposing 2 endpoint(s) beneath base path '/actuator'
2022-12-22 13:21:35.310  INFO--[29-main           ] [                                        ]o.a.c.h.Http11NioProtocol      :Starting ProtocolHandler ["http-nio-8090"]
2022-12-22 13:21:35.313  INFO--[29-main           ] [                                        ]o.s.b.w.e.t.TomcatWebServer    :Tomcat started on port(s): 8090 (http) with context path ''
2022-12-22 13:21:35.353  INFO--[29-main           ] [                                        ]a.c.m.MbeeliveApplication      :Started MbeeliveApplication in 25.38 seconds (JVM running for 30.225)
2022-12-22 13:21:35.361  INFO--[29-main           ] [                                        ]a.c.m.c.CmvSchedule            :start getFirstAccessToken
2022-12-22 13:21:35.361  INFO--[29-main           ] [                                        ]a.c.m.c.CmvRestClient          :getAccessToken with no auth!!!
2022-12-22 13:21:35.516  INFO--[29-main           ] [                                        ]omClientHttpRequestInterceptor :RestTemplate request logging: URI: https://api-sandbox.mbbank.com.vn/ms-cmv-service-auth/v1.0/login Method: POST Headers: {Accept=[text/plain, application/xml, text/xml, application/json, application/*+xml, application/*+json, */*], Content-Type=[application/json], clientMessageId=[LandStock], Content-Length=[46]} Body: {"username":"cmv_amc_app","password":"123456"}
2022-12-22 13:21:35.697  INFO--[29-)-192.168.8.105] [                                        ]o.a.c.c.C.[.[.[/]              :Initializing Spring DispatcherServlet 'dispatcherServlet'
2022-12-22 13:21:35.697  INFO--[29-)-192.168.8.105] [                                        ]o.s.w.s.DispatcherServlet      :Initializing Servlet 'dispatcherServlet'
2022-12-22 13:21:35.707  INFO--[29-)-192.168.8.105] [                                        ]o.s.w.s.DispatcherServlet      :Completed initialization in 10 ms
2022-12-22 13:21:35.945  INFO--[29-main           ] [                                        ]omClientHttpRequestInterceptor :RestTemplate response logging: URI: https://api-sandbox.mbbank.com.vn/ms-cmv-service-auth/v1.0/login Method: POST Status code: 200 OK Headers: {Date=[Thu, 22 Dec 2022 06:20:42 GMT], Content-Type=[application/json;charset=UTF-8], Connection=[keep-alive], Vary=[Origin, Access-Control-Request-Method, Access-Control-Request-Headers], Cache-Control=[no-store], Pragma=[no-cache], Set-Cookie=[BIGipServer~DEV~apiGee=rd5o00000000000000000000ffff0a011b63o443; path=/; Httponly; Secure, MBAnalyticsaaaaaaaaaaaaaaaa_session_=BCBPLBLEKFBJBEHHPOKGFIAINDDIPIDHKMDCNKBAPMKIIBMHPIANEPHHHANOAGKEHCNDKNGLPGEIKNJOOFCAHJLGOPENNEIEEGCOKLDELJPLMKJPDDNANMEHBNECEHAH; HttpOnly; secure, MB01e353a0=01bb14ea4204f905fff8afd248bb818b5a3fe764634873ff10eabf82fe0e51906f548b496cf2f964a0470447180b06e664dae9e231; Path=/], Transfer-Encoding=[chunked]} Body: {"access_token":"eyJhbGciOiJIUzI1NiIsInR5cCI6IkpXVCJ9.eyJleHAiOjE2NzE2OTM2NDIsInVzZXJfbmFtZSI6IntcImlkXCI6MTE0MzIsXCJicmFuY2hJZFwiOjEsXCJ1c2VybmFtZVwiOlwiY212X2FtY19hcHBcIixcInVzZXJDb2RlXCI6XCJjbXZfYW1jX2FwcFwiLFwiZnVsbE5hbWVcIjpcIk1vYmlsZSBhcHAgQU1DXCIsXCJlbWFpbFwiOlwidGVzdC5jbXZfYW1jX2FwcEBtYmJhbmsuY29tLnZuXCIsXCJicmFuY2hDb2RlXCI6XCJWTjAwMTAwMDFcIixcImV4cGlyZUF0XCI6MTY3MTY5MDA0NjAyMyxcInRva2VuVHlwZVwiOlwiQUNDRVNTX1RPS0VOXCIsXCJjbGllbnRJZFwiOlwiY212LWNsaWVudC1pZFwiLFwic2NvcGVzXCI6W1wiTUIjTU9ESU
2022-12-22 13:21:36.042  INFO--[29-main           ] [                                        ]a.c.m.c.CmvSchedule            :end getFirstAccessToken
2022-12-22 13:22:14.270  INFO--[29-nio-8083-exec-3] [                                        ]a.c.m.l.LoggingService         :REQUEST:X-Request-ID=f7759b1f-eab0-4971-8dac-ab68c1fbf61c | {"httpMethod":"PUT","httpPath":"/api/cms/v2/post/update","clientIp":"0:0:0:0:0:0:0:1","localIp":"0:0:0:0:0:0:0:1","headers":{"authorization":"\u003c\u003cNot log authorization record\u003e\u003e","content-length":"184","postman-token":"271708ae-147e-4ffe-875e-1fff77b7b11c","host":"localhost:8083","content-type":"application/json","connection":"keep-alive","accept-encoding":"gzip, deflate, br","accept":"application/json; charset\u003dUTF-8","user-agent":"PostmanRuntime/7.30.0"},"parameters":{}}
2022-12-22 13:22:14.429  INFO--[29-nio-8083-exec-3] [                                        ]a.c.m.l.LoggingService         :REQUEST BODY:X-Request-ID=f7759b1f-eab0-4971-8dac-ab68c1fbf61c | {"postId":"6388064ccfbd3d264b4aa1f3","showInfor":false,"floorNo":6,"area":1000.0,"costs":1.0E10,"isHighlight":false}
2022-12-22 13:22:14.430 DEBUG--[29-ynchLogThread-1] [                                        ]o.s.d.m.c.MongoTemplate        :Saving Document containing fields: [createdAt, userId, cif, path, requestId, requestObject, session, _class]
2022-12-22 13:22:14.463 DEBUG--[29-ynchLogThread-2] [                                        ]o.s.d.m.c.MongoTemplate        :Calling update using query: { "requestId" : "f7759b1f-eab0-4971-8dac-ab68c1fbf61c"} and update: { "$set" : { "requestBody" : { "postId" : "6388064ccfbd3d264b4aa1f3", "showInfor" : false, "floorNo" : 6, "area" : 1000.0, "costs" : 1.0E10, "isHighlight" : false, "_class" : "ati.com.mbeelive.dto.post.input.UpdatePostInput"}, "session" : "ZXlKaGJHY2lPaUpJVXpVeE1pSjkuZXlKemRXSWlPaUkzT1Rjeklpd2lhV0YwSWpveE5qY3hOamt3TVRFeExDSmxlSEFpT2pFMk56RTJPVGN6TVRFc0luSnZiR1VpT2pJc0luVnpaWEp1WVcxbElqb2lkR2gxWTI1MElpd2lablZzYkc1aGJXVWlPaUpVYUhWamJuUWlMQ0psYldGcGJDSTZJblJvZFdOQVoyMWhhV3d1WTI5dElpd2liVzlpYVd4bElqb2lNRE0yTnpJd05qZ3pOU0lzSW5ObGVDSTZJa1pGVFVGTVJTSXNJbU5wWmlJNklqSXhNVEk1TmpFaWZRLmYyaWdRSzd2MGhlajFNMXZld1JyRHZuZDVnQzVBR2pRaGdLa1RENlhYVGs1MmVBaUtvNWFHMTNNNU5OVTllSU5TdVp3dTR0eWVsbjNmYVhicm5aNi1n"}} in collection: logs
2022-12-22 13:22:21.819 DEBUG--[29-nio-8083-exec-3] [                                        ]o.s.d.m.c.MongoTemplate        :findOne using query: { "id" : "6388064ccfbd3d264b4aa1f3", "deleted" : false} fields: {} for class: class ati.com.mbeelive.document.post.Post in collection: posts
2022-12-22 13:22:21.862 DEBUG--[29-nio-8083-exec-3] [                                        ]o.s.d.m.c.MongoTemplate        :findOne using query: { "_id" : { "$oid" : "6388064ccfbd3d264b4aa1f3"}, "deleted" : false} fields: {} in db.collection: landstock_dev.posts
2022-12-22 13:22:21.900  INFO--[29-ynchLogThread-2] [                                        ]o.m.d.connection               :Opened connection [connectionId{localValue:5, serverValue:96584}] to lab-uat-shard-00-01.ojso0.mongodb.net:27017
2022-12-22 13:22:29.202 DEBUG--[29-nio-8083-exec-3] [                                        ]o.s.d.m.c.MongoTemplate        :findOne using query: { "deleted" : false, "postId" : "6388064ccfbd3d264b4aa1f3"} fields: {} for class: class ati.com.mbeelive.document.post.PostLibrary in collection: post_library
2022-12-22 13:22:29.205 DEBUG--[29-nio-8083-exec-3] [                                        ]o.s.d.m.c.MongoTemplate        :findOne using query: { "deleted" : false, "postId" : "6388064ccfbd3d264b4aa1f3"} fields: {} in db.collection: landstock_dev.post_library
2022-12-22 13:24:55.280  WARN--[29-l-1 housekeeper] [                                        ]c.z.h.p.HikariPool             :HikariPool-1 - Thread starvation or clock leap detected (housekeeper delta=2m30s411ms178µs100ns).
2022-12-22 13:24:55.363 DEBUG--[29-nio-8083-exec-3] [                                        ]o.s.d.m.c.MongoTemplate        :Saving Document containing fields: [_id, title, content, images, categoryIds, categoryNames, status, totalView, totalLike, score, postId, floorNo, area, costs, isHighlight, edited_at, created_at, updated_at, created_by, deleted, _class]
2022-12-22 13:24:55.601 DEBUG--[29-nio-8083-exec-3] [                                        ]o.s.d.m.c.MongoTemplate        :Saving Document containing fields: [_id, title, customerCategory, images, categoryIds, categoryNames, status, type, totalView, totalLike, totalComment, approved_at, offComment, score, rejectedReasons, postImages, floorNo, area, costs, showInfor, isHighlight, edited_at, created_at, updated_at, created_by, deleted, _class]
