2022-11-01 09:22:14.447  INFO--[24-kground-preinit] [                                        ]o.h.v.i.u.Version              :HV000001: Hibernate Validator 6.1.7.Final
2022-11-01 09:22:14.462  INFO--[24-main           ] [                                        ]a.c.m.MbeeliveApplication      :Starting MbeeliveApplication on DESKTOP-GSNRLR9 with PID 14188 (C:\Work\MbLandStock\landstock-cms-be\target\classes started by Thanh Thuc in C:\Work\MbLandStock\landstock-cms-be)
2022-11-01 09:22:14.478  INFO--[24-main           ] [                                        ]a.c.m.MbeeliveApplication      :No active profile set, falling back to default profiles: default
2022-11-01 09:22:15.618  INFO--[24-main           ] [                                        ]epositoryConfigurationDelegate :Multiple Spring Data modules found, entering strict repository configuration mode!
2022-11-01 09:22:15.618  INFO--[24-main           ] [                                        ]epositoryConfigurationDelegate :Bootstrapping Spring Data JPA repositories in DEFAULT mode.
2022-11-01 09:22:15.806  INFO--[24-main           ] [                                        ]epositoryConfigurationDelegate :Finished Spring Data repository scanning in 182ms. Found 36 JPA repository interfaces.
2022-11-01 09:22:15.806  INFO--[24-main           ] [                                        ]epositoryConfigurationDelegate :Multiple Spring Data modules found, entering strict repository configuration mode!
2022-11-01 09:22:15.806  INFO--[24-main           ] [                                        ]epositoryConfigurationDelegate :Bootstrapping Spring Data MongoDB repositories in DEFAULT mode.
2022-11-01 09:22:15.821  INFO--[24-main           ] [                                        ]epositoryConfigurationDelegate :Finished Spring Data repository scanning in 10ms. Found 2 MongoDB repository interfaces.
2022-11-01 09:22:16.743  INFO--[24-main           ] [                                        ]o.s.b.w.e.t.TomcatWebServer    :Tomcat initialized with port(s): 8083 (http)
2022-11-01 09:22:16.759  INFO--[24-main           ] [                                        ]o.a.c.h.Http11NioProtocol      :Initializing ProtocolHandler ["http-nio-8083"]
2022-11-01 09:22:16.759  INFO--[24-main           ] [                                        ]o.a.c.c.StandardService        :Starting service [Tomcat]
2022-11-01 09:22:16.759  INFO--[24-main           ] [                                        ]o.a.c.c.StandardEngine         :Starting Servlet engine: [Apache Tomcat/9.0.46]
2022-11-01 09:22:16.919  INFO--[24-main           ] [                                        ]o.a.c.c.C.[.[.[/]              :Initializing Spring embedded WebApplicationContext
2022-11-01 09:22:16.919  INFO--[24-main           ] [                                        ]letWebServerApplicationContext :Root WebApplicationContext: initialization completed in 2394 ms
2022-11-01 09:22:17.091  INFO--[24-main           ] [                                        ]o.m.d.cluster                  :Cluster created with settings {hosts=[207.46.234.134:27717], mode=SINGLE, requiredClusterType=UNKNOWN, serverSelectionTimeout='30000 ms'}
2022-11-01 09:22:17.325  INFO--[24-6.234.134:27717] [                                        ]o.m.d.connection               :Opened connection [connectionId{localValue:1, serverValue:5087180}] to 207.46.234.134:27717
2022-11-01 09:22:17.403  INFO--[24-6.234.134:27717] [                                        ]o.m.d.cluster                  :Monitor thread successfully connected to server with description ServerDescription{address=207.46.234.134:27717, type=STANDALONE, state=CONNECTED, ok=true, minWireVersion=0, maxWireVersion=9, maxDocumentSize=16777216, logicalSessionTimeoutMinutes=30, roundTripTimeNanos=83804800}
2022-11-01 09:22:18.151  INFO--[24-main           ] [                                        ]o.m.d.connection               :Opened connection [connectionId{localValue:2, serverValue:5087181}] to 207.46.234.134:27717
2022-11-01 09:22:18.448  INFO--[24-main           ] [                                        ]oPersistentEntityIndexResolver :Found cycle for field '_id' in type 'PostComment' for path 'lastComment -> lastComment'
2022-11-01 09:22:18.448  INFO--[24-main           ] [                                        ]oPersistentEntityIndexResolver :Found cycle for field 'lastComment' in type 'PostComment' for path 'lastComment -> lastComment'
2022-11-01 09:22:18.713  INFO--[24-main           ] [                                        ]oPersistentEntityIndexResolver :Found cycle for field '_id' in type 'PostComment' for path 'lastComment -> lastComment'
2022-11-01 09:22:18.713  INFO--[24-main           ] [                                        ]oPersistentEntityIndexResolver :Found cycle for field 'lastComment' in type 'PostComment' for path 'lastComment -> lastComment'
2022-11-01 09:22:19.260  INFO--[24-main           ] [                                        ]c.z.h.HikariDataSource         :HikariPool-1 - Starting...
2022-11-01 09:22:22.494  INFO--[24-main           ] [                                        ]c.z.h.HikariDataSource         :HikariPool-1 - Start completed.
2022-11-01 09:22:22.587  INFO--[24-main           ] [                                        ]o.h.j.i.u.LogHelper            :HHH000204: Processing PersistenceUnitInfo [name: default]
2022-11-01 09:22:22.619  INFO--[24-main           ] [                                        ]o.h.Version                    :HHH000412: Hibernate ORM core version 5.4.32.Final
2022-11-01 09:22:22.697  INFO--[24-main           ] [                                        ]o.h.a.c.Version                :HCANN000001: Hibernate Commons Annotations {5.1.2.Final}
2022-11-01 09:22:22.791  INFO--[24-main           ] [                                        ]o.h.d.Dialect                  :HHH000400: Using dialect: org.hibernate.dialect.MySQL5Dialect
2022-11-01 09:22:23.587  INFO--[24-main           ] [                                        ]e.t.j.p.i.JtaPlatformInitiator :HHH000490: Using JtaPlatform implementation: [org.hibernate.engine.transaction.jta.platform.internal.NoJtaPlatform]
2022-11-01 09:22:23.603  INFO--[24-main           ] [                                        ]tainerEntityManagerFactoryBean :Initialized JPA EntityManagerFactory for persistence unit 'default'
2022-11-01 09:22:24.165  WARN--[24-main           ] [                                        ]figuration$JpaWebConfiguration :spring.jpa.open-in-view is enabled by default. Therefore, database queries may be performed during view rendering. Explicitly configure spring.jpa.open-in-view to disable this warning
2022-11-01 09:22:25.102  INFO--[24-main           ] [                                        ]o.r.Version                    :Redisson 3.13.2
2022-11-01 09:22:27.023  INFO--[24-sson-netty-2-14] [                                        ]c.p.MasterPubSubConnectionPool :1 connections initialized for dev-brood.redis.cache.windows.net/13.76.180.224:6380
2022-11-01 09:22:27.061  INFO--[24-sson-netty-2-20] [                                        ]o.r.c.p.MasterConnectionPool   :24 connections initialized for dev-brood.redis.cache.windows.net/13.76.180.224:6380
2022-11-01 09:22:28.117  INFO--[24-main           ] [                                        ]o.s.s.c.ThreadPoolTaskExecutor :Initializing ExecutorService
2022-11-01 09:22:28.117  INFO--[24-main           ] [                                        ]o.s.s.c.ThreadPoolTaskExecutor :Initializing ExecutorService 'threadPoolTaskExecutor'
2022-11-01 09:22:28.226  INFO--[24-main           ] [                                        ]etailsServiceAutoConfiguration :

Using generated security password: 5a1ba213-278e-4be9-8314-7a6e8e98172d

2022-11-01 09:22:28.292  INFO--[24-main           ] [                                        ]s.w.DefaultSecurityFilterChain :Creating filter chain: Ant [pattern='/v2/api-docs'], []
2022-11-01 09:22:28.292  INFO--[24-main           ] [                                        ]s.w.DefaultSecurityFilterChain :Creating filter chain: Ant [pattern='/configuration/ui'], []
2022-11-01 09:22:28.292  INFO--[24-main           ] [                                        ]s.w.DefaultSecurityFilterChain :Creating filter chain: Ant [pattern='/swagger-resources/**'], []
2022-11-01 09:22:28.292  INFO--[24-main           ] [                                        ]s.w.DefaultSecurityFilterChain :Creating filter chain: Ant [pattern='/configuration/security'], []
2022-11-01 09:22:28.292  INFO--[24-main           ] [                                        ]s.w.DefaultSecurityFilterChain :Creating filter chain: Ant [pattern='/swagger-ui.html'], []
2022-11-01 09:22:28.292  INFO--[24-main           ] [                                        ]s.w.DefaultSecurityFilterChain :Creating filter chain: Ant [pattern='/swagger-ui/**'], []
2022-11-01 09:22:28.292  INFO--[24-main           ] [                                        ]s.w.DefaultSecurityFilterChain :Creating filter chain: Ant [pattern='/v3/api-docs/**'], []
2022-11-01 09:22:28.292  INFO--[24-main           ] [                                        ]s.w.DefaultSecurityFilterChain :Creating filter chain: Ant [pattern='/webjars/**'], []
2022-11-01 09:22:28.324  INFO--[24-main           ] [                                        ]s.w.DefaultSecurityFilterChain :Creating filter chain: any request, [org.springframework.security.web.context.request.async.WebAsyncManagerIntegrationFilter@56c45636, org.springframework.security.web.context.SecurityContextPersistenceFilter@193594ad, org.springframework.security.web.header.HeaderWriterFilter@4d5dc037, org.springframework.web.filter.CorsFilter@6becf200, org.springframework.security.web.authentication.logout.LogoutFilter@79b9ed8d, ati.com.mbeelive.springsercurity.JwtAuthenticationFilter@21440e36, org.springframework.security.web.savedrequest.RequestCacheAwareFilter@516dd567, org.springframework.security.web.servletapi.SecurityContextHolderAwareRequestFilter@7bf56370, org.springframework.security.web.authentication.AnonymousAuthenticationFilter@4cc7bd09, org.springframework.security.web.session.SessionManagementFilter@147b758f, org.springframework.security.web.access.ExceptionTranslationFilter@7dd5d17a, org.springframework.security.web.access.intercept.FilterSecurityInterceptor@763d7eef]
2022-11-01 09:22:28.470  INFO--[24-main           ] [                                        ]o.s.s.c.ThreadPoolTaskExecutor :Initializing ExecutorService
2022-11-01 09:22:28.470  INFO--[24-main           ] [                                        ]o.s.s.c.ThreadPoolTaskExecutor :Initializing ExecutorService 'asyncExecutor'
2022-11-01 09:22:28.470  INFO--[24-main           ] [                                        ]o.s.s.c.ThreadPoolTaskExecutor :Initializing ExecutorService
2022-11-01 09:22:28.470  INFO--[24-main           ] [                                        ]o.s.s.c.ThreadPoolTaskExecutor :Initializing ExecutorService 'asyncExecutorNotification'
2022-11-01 09:22:28.470  INFO--[24-main           ] [                                        ]o.s.s.c.ThreadPoolTaskExecutor :Initializing ExecutorService
2022-11-01 09:22:28.470  INFO--[24-main           ] [                                        ]o.s.s.c.ThreadPoolTaskExecutor :Initializing ExecutorService 'asyncLogsExecutor'
2022-11-01 09:22:29.848  INFO--[24-main           ] [                                        ].s.s.c.ThreadPoolTaskScheduler :Initializing ExecutorService 'taskScheduler'
2022-11-01 09:22:29.911  INFO--[24-main           ] [                                        ]o.a.c.h.Http11NioProtocol      :Starting ProtocolHandler ["http-nio-8083"]
2022-11-01 09:22:29.926  INFO--[24-main           ] [                                        ]o.s.b.w.e.t.TomcatWebServer    :Tomcat started on port(s): 8083 (http) with context path ''
2022-11-01 09:22:30.023  INFO--[24-main           ] [                                        ]o.s.b.w.e.t.TomcatWebServer    :Tomcat initialized with port(s): 8090 (http)
2022-11-01 09:22:30.023  INFO--[24-main           ] [                                        ]o.a.c.h.Http11NioProtocol      :Initializing ProtocolHandler ["http-nio-8090"]
2022-11-01 09:22:30.023  INFO--[24-main           ] [                                        ]o.a.c.c.StandardService        :Starting service [Tomcat]
2022-11-01 09:22:30.023  INFO--[24-main           ] [                                        ]o.a.c.c.StandardEngine         :Starting Servlet engine: [Apache Tomcat/9.0.46]
2022-11-01 09:22:30.054  INFO--[24-main           ] [                                        ]o.a.c.c.C.[.[.[/]              :Initializing Spring embedded WebApplicationContext
2022-11-01 09:22:30.054  INFO--[24-main           ] [                                        ]letWebServerApplicationContext :Root WebApplicationContext: initialization completed in 128 ms
2022-11-01 09:22:30.070  INFO--[24-main           ] [                                        ].b.a.e.w.EndpointLinksResolver :Exposing 2 endpoint(s) beneath base path '/actuator'
2022-11-01 09:22:30.615  INFO--[24-main           ] [                                        ]o.a.c.h.Http11NioProtocol      :Starting ProtocolHandler ["http-nio-8090"]
2022-11-01 09:22:30.615  INFO--[24-main           ] [                                        ]o.s.b.w.e.t.TomcatWebServer    :Tomcat started on port(s): 8090 (http) with context path ''
2022-11-01 09:22:30.630  INFO--[24-main           ] [                                        ]a.c.m.MbeeliveApplication      :Started MbeeliveApplication in 16.424 seconds (JVM running for 18.252)
2022-11-01 09:22:30.630  INFO--[24-main           ] [                                        ]a.c.m.c.CmvSchedule            :start getFirstAccessToken
2022-11-01 09:22:30.630  INFO--[24-main           ] [                                        ]a.c.m.c.CmvRestClient          :getAccessToken with no auth!!!
2022-11-01 09:22:30.812  INFO--[24-main           ] [                                        ]omClientHttpRequestInterceptor :RestTemplate request logging: URI: https://api-sandbox.mbbank.com.vn/ms-cmv-service-auth/v1.0/login Method: POST Headers: {Accept=[text/plain, application/xml, text/xml, application/json, application/*+xml, application/*+json, */*], Content-Type=[application/json], clientMessageId=[LandStock], Content-Length=[46]} Body: {"username":"cmv_amc_app","password":"123456"}
2022-11-01 09:22:31.192  INFO--[24-)-192.168.8.103] [                                        ]o.a.c.c.C.[.[.[/]              :Initializing Spring DispatcherServlet 'dispatcherServlet'
2022-11-01 09:22:31.192  INFO--[24-)-192.168.8.103] [                                        ]o.s.w.s.DispatcherServlet      :Initializing Servlet 'dispatcherServlet'
2022-11-01 09:22:31.207  INFO--[24-)-192.168.8.103] [                                        ]o.s.w.s.DispatcherServlet      :Completed initialization in 15 ms
2022-11-01 09:22:31.207  INFO--[24-main           ] [                                        ]omClientHttpRequestInterceptor :RestTemplate response logging: URI: https://api-sandbox.mbbank.com.vn/ms-cmv-service-auth/v1.0/login Method: POST Status code: 200 OK Headers: {Date=[Tue, 01 Nov 2022 02:21:49 GMT], Content-Type=[application/json;charset=UTF-8], Connection=[keep-alive], Vary=[Origin, Access-Control-Request-Method, Access-Control-Request-Headers], Cache-Control=[no-store], Pragma=[no-cache], Set-Cookie=[BIGipServer~DEV~apiGee=rd5o00000000000000000000ffff0a011b63o443; path=/; Httponly; Secure, MBAnalyticsaaaaaaaaaaaaaaaa_session_=AHKCGPIJMPCKFCEGDFFFOABKHALKICJPKIKGMGODAFJMDMGMHMCFFCAJIFJKGFGAOEDDAAPJCCOMHJPFLECAJNGCHIBNHFAILOELAEOACOEMOLEILKMKDFMAPDGBCJKK; HttpOnly; secure, MB01e353a0=01bb14ea4233257d85f86e53498fabe5fa1e10dfc3a58c7d828dd47e9c2a15d07148414b59b43d8a35c44db7ffb4959c67580a7c57; Path=/], Transfer-Encoding=[chunked]} Body: {"access_token":"eyJhbGciOiJIUzI1NiIsInR5cCI6IkpXVCJ9.eyJleHAiOjE2NjcyNzI5MDksInVzZXJfbmFtZSI6IntcImlkXCI6MTE0MzIsXCJicmFuY2hJZFwiOjEsXCJ1c2VybmFtZVwiOlwiY212X2FtY19hcHBcIixcInVzZXJDb2RlXCI6XCJjbXZfYW1jX2FwcFwiLFwiZnVsbE5hbWVcIjpcIk1vYmlsZSBhcHAgQU1DXCIsXCJlbWFpbFwiOlwiY212X2FtY19hcHBAbWJiYW5rLmNvbS52blwiLFwiYnJhbmNoQ29kZVwiOlwiVk4wMDEwMDAxXCIsXCJleHBpcmVBdFwiOjE2NjcyNjkzMTM0MDAsXCJ0b2tlblR5cGVcIjpcIkFDQ0VTU19UT0tFTlwiLFwiY2xpZW50SWRcIjpcImNtdi1jbGllbnQtaWRcIixcInNjb3Blc1wiOltcIk1CI01PRElGWVwiLF
2022-11-01 09:22:31.286  INFO--[24-main           ] [                                        ]a.c.m.c.CmvSchedule            :end getFirstAccessToken
2022-11-01 09:22:38.744  INFO--[24-nio-8083-exec-2] [                                        ]a.c.m.l.LoggingService         :REQUEST:X-Request-ID=341d412f-c3f1-49e7-920f-b9b0693386e9 | {"httpMethod":"GET","httpPath":"/api/cms/v1/user-logs","clientIp":"0:0:0:0:0:0:0:1","localIp":"0:0:0:0:0:0:0:1","headers":{"authorization":"\u003c\u003cNot log authorization record\u003e\u003e","postman-token":"8ca7e4f0-61db-4632-a4cc-ba6c53750fd8","host":"localhost:8083","connection":"keep-alive","accept-encoding":"gzip, deflate, br","accept":"application/json; charset\u003dUTF-8","user-agent":"PostmanRuntime/7.29.2"},"parameters":{"pageNo":"0","pageSize":"10","userID":"112"}}
2022-11-01 09:22:38.850 DEBUG--[24-ynchLogThread-1] [                                        ]o.s.d.m.c.MongoTemplate        :Saving Document containing fields: [createdAt, userId, cif, path, requestId, requestObject, _class]
2022-11-01 09:22:38.882 DEBUG--[24-nio-8083-exec-2] [                                        ]o.s.d.m.c.MongoTemplate        :find using query: { "userId" : 112, "cif" : {}} fields: {} for class: class ati.com.mbeelive.document.Log in collection: logs
2022-11-01 09:22:39.305  INFO--[24-nio-8083-exec-2] [                                        ]o.m.d.connection               :Opened connection [connectionId{localValue:3, serverValue:5087182}] to 207.46.234.134:27717
2022-11-01 09:22:39.700  INFO--[24-nio-8083-exec-2] [                                        ]a.c.m.l.LoggingService         :RESPONSE:X-Request-ID=341d412f-c3f1-49e7-920f-b9b0693386e9 | {"responseCode":200,"during":"1578 ms","httpPath":"/api/cms/v1/user-logs","clientIp":"0:0:0:0:0:0:0:1","localIp":"0:0:0:0:0:0:0:1","headers":{"authorization":"\u003c\u003cNot log authorization record\u003e\u003e","postman-token":"8ca7e4f0-61db-4632-a4cc-ba6c53750fd8","host":"localhost:8083","connection":"keep-alive","accept-encoding":"gzip, deflate, br","accept":"application/json; charset\u003dUTF-8","user-agent":"PostmanRuntime/7.29.2"},"body":"{\"message\":\"OK\",\"code\":200,\"data\":{\"content\":[],\"pageInfo\":{\"pageNo\":0,\"pageSize\":10,\"total\":0,\"totalPage\":0}},\"timestamp\":{\"date\":{\"year\":2022,\"month\":11,\"day\":1},\"time\":{\"hour\":9,\"minute\":22,\"second\":38,\"nano\":828864500}}}"}
2022-11-01 09:23:28.120  INFO--[24-nio-8083-exec-3] [                                        ]a.c.m.l.LoggingService         :REQUEST:X-Request-ID=5e3e5dd8-2fe5-4b82-8f38-983b5d769656 | {"httpMethod":"GET","httpPath":"/api/cms/v1/user-logs","clientIp":"0:0:0:0:0:0:0:1","localIp":"0:0:0:0:0:0:0:1","headers":{"authorization":"\u003c\u003cNot log authorization record\u003e\u003e","postman-token":"2c140549-4c86-4e6e-bed2-d29e2494913b","host":"localhost:8083","connection":"keep-alive","accept-encoding":"gzip, deflate, br","accept":"application/json; charset\u003dUTF-8","user-agent":"PostmanRuntime/7.29.2"},"parameters":{"pageNo":"0","pageSize":"10","userID":"2"}}
2022-11-01 09:23:28.120 DEBUG--[24-nio-8083-exec-3] [                                        ]o.s.d.m.c.MongoTemplate        :find using query: { "userId" : 2, "cif" : {}} fields: {} for class: class ati.com.mbeelive.document.Log in collection: logs
2022-11-01 09:23:28.120 DEBUG--[24-ynchLogThread-2] [                                        ]o.s.d.m.c.MongoTemplate        :Saving Document containing fields: [createdAt, userId, cif, path, requestId, requestObject, _class]
2022-11-01 09:23:28.464  INFO--[24-nio-8083-exec-3] [                                        ]a.c.m.l.LoggingService         :RESPONSE:X-Request-ID=5e3e5dd8-2fe5-4b82-8f38-983b5d769656 | {"responseCode":200,"during":"359 ms","httpPath":"/api/cms/v1/user-logs","clientIp":"0:0:0:0:0:0:0:1","localIp":"0:0:0:0:0:0:0:1","headers":{"authorization":"\u003c\u003cNot log authorization record\u003e\u003e","postman-token":"2c140549-4c86-4e6e-bed2-d29e2494913b","host":"localhost:8083","connection":"keep-alive","accept-encoding":"gzip, deflate, br","accept":"application/json; charset\u003dUTF-8","user-agent":"PostmanRuntime/7.29.2"},"body":"{\"message\":\"OK\",\"code\":200,\"data\":{\"content\":[],\"pageInfo\":{\"pageNo\":0,\"pageSize\":10,\"total\":0,\"totalPage\":0}},\"timestamp\":{\"date\":{\"year\":2022,\"month\":11,\"day\":1},\"time\":{\"hour\":9,\"minute\":23,\"second\":28,\"nano\":120873300}}}"}
2022-11-01 09:23:39.813  INFO--[24-nio-8083-exec-4] [                                        ]a.c.m.l.LoggingService         :REQUEST:X-Request-ID=41792324-08b1-4a2b-b401-e49a517bebe2 | {"httpMethod":"GET","httpPath":"/api/cms/v1/user-logs","clientIp":"0:0:0:0:0:0:0:1","localIp":"0:0:0:0:0:0:0:1","headers":{"authorization":"\u003c\u003cNot log authorization record\u003e\u003e","postman-token":"abeef499-6c12-44b9-9c66-30d4bc8ef0d2","host":"localhost:8083","connection":"keep-alive","accept-encoding":"gzip, deflate, br","accept":"application/json; charset\u003dUTF-8","user-agent":"PostmanRuntime/7.29.2"},"parameters":{"pageNo":"1","pageSize":"10","userID":"2"}}
2022-11-01 09:23:39.814 DEBUG--[24-ynchLogThread-3] [                                        ]o.s.d.m.c.MongoTemplate        :Saving Document containing fields: [createdAt, userId, cif, path, requestId, requestObject, _class]
2022-11-01 09:23:39.815 DEBUG--[24-nio-8083-exec-4] [                                        ]o.s.d.m.c.MongoTemplate        :find using query: { "userId" : 2, "cif" : {}} fields: {} for class: class ati.com.mbeelive.document.Log in collection: logs
2022-11-01 09:23:40.175 DEBUG--[24-nio-8083-exec-4] [                                        ]o.s.d.m.c.MongoTemplate        :Executing count: { "userId" : 2, "cif" : {}} in collection: posts
2022-11-01 09:23:40.276  INFO--[24-nio-8083-exec-4] [                                        ]a.c.m.l.LoggingService         :RESPONSE:X-Request-ID=41792324-08b1-4a2b-b401-e49a517bebe2 | {"responseCode":200,"during":"464 ms","httpPath":"/api/cms/v1/user-logs","clientIp":"0:0:0:0:0:0:0:1","localIp":"0:0:0:0:0:0:0:1","headers":{"authorization":"\u003c\u003cNot log authorization record\u003e\u003e","postman-token":"abeef499-6c12-44b9-9c66-30d4bc8ef0d2","host":"localhost:8083","connection":"keep-alive","accept-encoding":"gzip, deflate, br","accept":"application/json; charset\u003dUTF-8","user-agent":"PostmanRuntime/7.29.2"},"body":"{\"message\":\"OK\",\"code\":200,\"data\":{\"content\":[],\"pageInfo\":{\"pageNo\":1,\"pageSize\":10,\"total\":0,\"totalPage\":0}},\"timestamp\":{\"date\":{\"year\":2022,\"month\":11,\"day\":1},\"time\":{\"hour\":9,\"minute\":23,\"second\":39,\"nano\":814114300}}}"}
2022-11-01 09:24:07.399  INFO--[24-nio-8083-exec-5] [                                        ]a.c.m.l.LoggingService         :REQUEST:X-Request-ID=0fd52021-46a1-40c7-8ef3-797129638773 | {"httpMethod":"GET","httpPath":"/api/cms/v1/user-logs","clientIp":"0:0:0:0:0:0:0:1","localIp":"0:0:0:0:0:0:0:1","headers":{"authorization":"\u003c\u003cNot log authorization record\u003e\u003e","postman-token":"bc4acd06-277c-468c-a79f-1a136ddb9034","host":"localhost:8083","connection":"keep-alive","accept-encoding":"gzip, deflate, br","accept":"application/json; charset\u003dUTF-8","user-agent":"PostmanRuntime/7.29.2"},"parameters":{"pageNo":"0","pageSize":"10","userID":"2"}}
2022-11-01 09:24:07.400 DEBUG--[24-ynchLogThread-4] [                                        ]o.s.d.m.c.MongoTemplate        :Saving Document containing fields: [createdAt, userId, cif, path, requestId, requestObject, _class]
2022-11-01 09:25:00.687 DEBUG--[24-nio-8083-exec-5] [                                        ]o.s.d.m.c.MongoTemplate        :find using query: { "userId" : 2, "cif" : {}} fields: {} for class: class ati.com.mbeelive.document.Log in collection: logs
2022-11-01 09:26:17.593  WARN--[24-l-1 housekeeper] [                                        ]c.z.h.p.HikariPool             :HikariPool-1 - Thread starvation or clock leap detected (housekeeper delta=1m16s906ms298µs600ns).
2022-11-01 09:26:17.598  INFO--[24-nio-8083-exec-5] [                                        ]a.c.m.l.LoggingService         :RESPONSE:X-Request-ID=0fd52021-46a1-40c7-8ef3-797129638773 | {"responseCode":200,"during":"130201 ms","httpPath":"/api/cms/v1/user-logs","clientIp":"0:0:0:0:0:0:0:1","localIp":"0:0:0:0:0:0:0:1","headers":{"authorization":"\u003c\u003cNot log authorization record\u003e\u003e","postman-token":"bc4acd06-277c-468c-a79f-1a136ddb9034","host":"localhost:8083","connection":"keep-alive","accept-encoding":"gzip, deflate, br","accept":"application/json; charset\u003dUTF-8","user-agent":"PostmanRuntime/7.29.2"},"body":"{\"message\":\"OK\",\"code\":200,\"data\":{\"content\":[],\"pageInfo\":{\"pageNo\":0,\"pageSize\":10,\"total\":0,\"totalPage\":0}},\"timestamp\":{\"date\":{\"year\":2022,\"month\":11,\"day\":1},\"time\":{\"hour\":9,\"minute\":24,\"second\":7,\"nano\":400508400}}}"}
2022-11-01 09:26:18.171  INFO--[24-extShutdownHook] [                                        ].s.s.c.ThreadPoolTaskScheduler :Shutting down ExecutorService 'taskScheduler'
2022-11-01 09:26:18.171  INFO--[24-extShutdownHook] [                                        ]o.s.s.c.ThreadPoolTaskExecutor :Shutting down ExecutorService 'asyncLogsExecutor'
2022-11-01 09:26:18.171  INFO--[24-extShutdownHook] [                                        ]o.s.s.c.ThreadPoolTaskExecutor :Shutting down ExecutorService 'asyncExecutorNotification'
2022-11-01 09:26:18.171  INFO--[24-extShutdownHook] [                                        ]o.s.s.c.ThreadPoolTaskExecutor :Shutting down ExecutorService 'asyncExecutor'
2022-11-01 09:26:18.171  INFO--[24-extShutdownHook] [                                        ]o.s.s.c.ThreadPoolTaskExecutor :Shutting down ExecutorService 'threadPoolTaskExecutor'
2022-11-01 09:26:18.554  INFO--[24-extShutdownHook] [                                        ]tainerEntityManagerFactoryBean :Closing JPA EntityManagerFactory for persistence unit 'default'
2022-11-01 09:26:18.554  INFO--[24-extShutdownHook] [                                        ]c.z.h.HikariDataSource         :HikariPool-1 - Shutdown initiated...
2022-11-01 09:26:18.570  INFO--[24-extShutdownHook] [                                        ]c.z.h.HikariDataSource         :HikariPool-1 - Shutdown completed.
2022-11-01 09:26:18.692  INFO--[24-extShutdownHook] [                                        ]o.m.d.connection               :Closed connection [connectionId{localValue:3, serverValue:5087182}] to 207.46.234.134:27717 because the pool has been closed.
2022-11-01 09:26:18.692  INFO--[24-extShutdownHook] [                                        ]o.m.d.connection               :Closed connection [connectionId{localValue:2, serverValue:5087181}] to 207.46.234.134:27717 because the pool has been closed.
