2022-11-01 14:42:32.286  INFO--[24-kground-preinit] [                                        ]o.h.v.i.u.Version              :HV000001: Hibernate Validator 6.1.7.Final
2022-11-01 14:42:32.317  INFO--[24-main           ] [                                        ]a.c.m.MbeeliveApplication      :Starting MbeeliveApplication on DESKTOP-GSNRLR9 with PID 24620 (C:\Work\MbLandStock\landstock-cms-be\target\classes started by Thanh Thuc in C:\Work\MbLandStock\landstock-cms-be)
2022-11-01 14:42:32.317  INFO--[24-main           ] [                                        ]a.c.m.MbeeliveApplication      :No active profile set, falling back to default profiles: default
2022-11-01 14:42:33.468  INFO--[24-main           ] [                                        ]epositoryConfigurationDelegate :Multiple Spring Data modules found, entering strict repository configuration mode!
2022-11-01 14:42:33.468  INFO--[24-main           ] [                                        ]epositoryConfigurationDelegate :Bootstrapping Spring Data JPA repositories in DEFAULT mode.
2022-11-01 14:42:33.671  INFO--[24-main           ] [                                        ]epositoryConfigurationDelegate :Finished Spring Data repository scanning in 192ms. Found 36 JPA repository interfaces.
2022-11-01 14:42:33.671  INFO--[24-main           ] [                                        ]epositoryConfigurationDelegate :Multiple Spring Data modules found, entering strict repository configuration mode!
2022-11-01 14:42:33.671  INFO--[24-main           ] [                                        ]epositoryConfigurationDelegate :Bootstrapping Spring Data MongoDB repositories in DEFAULT mode.
2022-11-01 14:42:33.686  INFO--[24-main           ] [                                        ]epositoryConfigurationDelegate :Finished Spring Data repository scanning in 10ms. Found 2 MongoDB repository interfaces.
2022-11-01 14:42:34.608  INFO--[24-main           ] [                                        ]o.s.b.w.e.t.TomcatWebServer    :Tomcat initialized with port(s): 8083 (http)
2022-11-01 14:42:34.608  INFO--[24-main           ] [                                        ]o.a.c.h.Http11NioProtocol      :Initializing ProtocolHandler ["http-nio-8083"]
2022-11-01 14:42:34.624  INFO--[24-main           ] [                                        ]o.a.c.c.StandardService        :Starting service [Tomcat]
2022-11-01 14:42:34.624  INFO--[24-main           ] [                                        ]o.a.c.c.StandardEngine         :Starting Servlet engine: [Apache Tomcat/9.0.46]
2022-11-01 14:42:34.764  INFO--[24-main           ] [                                        ]o.a.c.c.C.[.[.[/]              :Initializing Spring embedded WebApplicationContext
2022-11-01 14:42:34.764  INFO--[24-main           ] [                                        ]letWebServerApplicationContext :Root WebApplicationContext: initialization completed in 2400 ms
2022-11-01 14:42:34.967  INFO--[24-main           ] [                                        ]o.m.d.cluster                  :Cluster created with settings {hosts=[207.46.234.134:27717], mode=SINGLE, requiredClusterType=UNKNOWN, serverSelectionTimeout='30000 ms'}
2022-11-01 14:42:35.467  INFO--[24-main           ] [                                        ]o.m.d.cluster                  :Cluster description not yet available. Waiting for 30000 ms before timing out
2022-11-01 14:42:35.873  INFO--[24-6.234.134:27717] [                                        ]o.m.d.connection               :Opened connection [connectionId{localValue:1, serverValue:5091453}] to 207.46.234.134:27717
2022-11-01 14:42:36.217  INFO--[24-6.234.134:27717] [                                        ]o.m.d.cluster                  :Monitor thread successfully connected to server with description ServerDescription{address=207.46.234.134:27717, type=STANDALONE, state=CONNECTED, ok=true, minWireVersion=0, maxWireVersion=9, maxDocumentSize=16777216, logicalSessionTimeoutMinutes=30, roundTripTimeNanos=329746800}
2022-11-01 14:42:37.404  INFO--[24-main           ] [                                        ]o.m.d.connection               :Opened connection [connectionId{localValue:2, serverValue:5091454}] to 207.46.234.134:27717
2022-11-01 14:42:37.607  INFO--[24-main           ] [                                        ]oPersistentEntityIndexResolver :Found cycle for field '_id' in type 'PostComment' for path 'lastComment -> lastComment'
2022-11-01 14:42:37.607  INFO--[24-main           ] [                                        ]oPersistentEntityIndexResolver :Found cycle for field 'lastComment' in type 'PostComment' for path 'lastComment -> lastComment'
2022-11-01 14:42:38.264  INFO--[24-main           ] [                                        ]oPersistentEntityIndexResolver :Found cycle for field '_id' in type 'PostComment' for path 'lastComment -> lastComment'
2022-11-01 14:42:38.264  INFO--[24-main           ] [                                        ]oPersistentEntityIndexResolver :Found cycle for field 'lastComment' in type 'PostComment' for path 'lastComment -> lastComment'
2022-11-01 14:42:38.748  INFO--[24-main           ] [                                        ]c.z.h.HikariDataSource         :HikariPool-1 - Starting...
2022-11-01 14:42:43.169  INFO--[24-main           ] [                                        ]c.z.h.HikariDataSource         :HikariPool-1 - Start completed.
2022-11-01 14:42:43.309  INFO--[24-main           ] [                                        ]o.h.j.i.u.LogHelper            :HHH000204: Processing PersistenceUnitInfo [name: default]
2022-11-01 14:42:43.356  INFO--[24-main           ] [                                        ]o.h.Version                    :HHH000412: Hibernate ORM core version 5.4.32.Final
2022-11-01 14:42:43.450  INFO--[24-main           ] [                                        ]o.h.a.c.Version                :HCANN000001: Hibernate Commons Annotations {5.1.2.Final}
2022-11-01 14:42:43.543  INFO--[24-main           ] [                                        ]o.h.d.Dialect                  :HHH000400: Using dialect: org.hibernate.dialect.MySQL5Dialect
2022-11-01 14:42:44.371  INFO--[24-main           ] [                                        ]e.t.j.p.i.JtaPlatformInitiator :HHH000490: Using JtaPlatform implementation: [org.hibernate.engine.transaction.jta.platform.internal.NoJtaPlatform]
2022-11-01 14:42:44.387  INFO--[24-main           ] [                                        ]tainerEntityManagerFactoryBean :Initialized JPA EntityManagerFactory for persistence unit 'default'
2022-11-01 14:42:45.137  WARN--[24-main           ] [                                        ]figuration$JpaWebConfiguration :spring.jpa.open-in-view is enabled by default. Therefore, database queries may be performed during view rendering. Explicitly configure spring.jpa.open-in-view to disable this warning
2022-11-01 14:42:46.043  INFO--[24-main           ] [                                        ]o.r.Version                    :Redisson 3.13.2
2022-11-01 14:42:49.270  INFO--[24-sson-netty-2-19] [                                        ]o.r.c.p.MasterConnectionPool   :24 connections initialized for dev-brood.redis.cache.windows.net/13.76.180.224:6380
2022-11-01 14:42:49.270  INFO--[24-sson-netty-2-20] [                                        ]c.p.MasterPubSubConnectionPool :1 connections initialized for dev-brood.redis.cache.windows.net/13.76.180.224:6380
2022-11-01 14:42:50.280  INFO--[24-main           ] [                                        ]o.s.s.c.ThreadPoolTaskExecutor :Initializing ExecutorService
2022-11-01 14:42:50.295  INFO--[24-main           ] [                                        ]o.s.s.c.ThreadPoolTaskExecutor :Initializing ExecutorService 'threadPoolTaskExecutor'
2022-11-01 14:42:50.393  INFO--[24-main           ] [                                        ]etailsServiceAutoConfiguration :

Using generated security password: ac29ada4-a3f6-44ed-8096-9562849f4dbf

2022-11-01 14:42:50.445  INFO--[24-main           ] [                                        ]s.w.DefaultSecurityFilterChain :Creating filter chain: Ant [pattern='/v2/api-docs'], []
2022-11-01 14:42:50.445  INFO--[24-main           ] [                                        ]s.w.DefaultSecurityFilterChain :Creating filter chain: Ant [pattern='/configuration/ui'], []
2022-11-01 14:42:50.445  INFO--[24-main           ] [                                        ]s.w.DefaultSecurityFilterChain :Creating filter chain: Ant [pattern='/swagger-resources/**'], []
2022-11-01 14:42:50.445  INFO--[24-main           ] [                                        ]s.w.DefaultSecurityFilterChain :Creating filter chain: Ant [pattern='/configuration/security'], []
2022-11-01 14:42:50.445  INFO--[24-main           ] [                                        ]s.w.DefaultSecurityFilterChain :Creating filter chain: Ant [pattern='/swagger-ui.html'], []
2022-11-01 14:42:50.445  INFO--[24-main           ] [                                        ]s.w.DefaultSecurityFilterChain :Creating filter chain: Ant [pattern='/swagger-ui/**'], []
2022-11-01 14:42:50.445  INFO--[24-main           ] [                                        ]s.w.DefaultSecurityFilterChain :Creating filter chain: Ant [pattern='/v3/api-docs/**'], []
2022-11-01 14:42:50.445  INFO--[24-main           ] [                                        ]s.w.DefaultSecurityFilterChain :Creating filter chain: Ant [pattern='/webjars/**'], []
2022-11-01 14:42:50.477  INFO--[24-main           ] [                                        ]s.w.DefaultSecurityFilterChain :Creating filter chain: any request, [org.springframework.security.web.context.request.async.WebAsyncManagerIntegrationFilter@763d7eef, org.springframework.security.web.context.SecurityContextPersistenceFilter@70f0a3a3, org.springframework.security.web.header.HeaderWriterFilter@ccba99, org.springframework.web.filter.CorsFilter@3ea7d936, org.springframework.security.web.authentication.logout.LogoutFilter@57a20e44, ati.com.mbeelive.springsercurity.JwtAuthenticationFilter@42018e32, org.springframework.security.web.savedrequest.RequestCacheAwareFilter@6203cec, org.springframework.security.web.servletapi.SecurityContextHolderAwareRequestFilter@4e88dd32, org.springframework.security.web.authentication.AnonymousAuthenticationFilter@458f1355, org.springframework.security.web.session.SessionManagementFilter@7a76e1b9, org.springframework.security.web.access.ExceptionTranslationFilter@73ae7ce4, org.springframework.security.web.access.intercept.FilterSecurityInterceptor@35950e2]
2022-11-01 14:42:50.607  INFO--[24-main           ] [                                        ]o.s.s.c.ThreadPoolTaskExecutor :Initializing ExecutorService
2022-11-01 14:42:50.607  INFO--[24-main           ] [                                        ]o.s.s.c.ThreadPoolTaskExecutor :Initializing ExecutorService 'asyncExecutor'
2022-11-01 14:42:50.607  INFO--[24-main           ] [                                        ]o.s.s.c.ThreadPoolTaskExecutor :Initializing ExecutorService
2022-11-01 14:42:50.607  INFO--[24-main           ] [                                        ]o.s.s.c.ThreadPoolTaskExecutor :Initializing ExecutorService 'asyncExecutorNotification'
2022-11-01 14:42:50.607  INFO--[24-main           ] [                                        ]o.s.s.c.ThreadPoolTaskExecutor :Initializing ExecutorService
2022-11-01 14:42:50.607  INFO--[24-main           ] [                                        ]o.s.s.c.ThreadPoolTaskExecutor :Initializing ExecutorService 'asyncLogsExecutor'
2022-11-01 14:42:51.914  INFO--[24-main           ] [                                        ].s.s.c.ThreadPoolTaskScheduler :Initializing ExecutorService 'taskScheduler'
2022-11-01 14:42:51.961  INFO--[24-main           ] [                                        ]o.a.c.h.Http11NioProtocol      :Starting ProtocolHandler ["http-nio-8083"]
2022-11-01 14:42:51.961  INFO--[24-main           ] [                                        ]o.s.b.w.e.t.TomcatWebServer    :Tomcat started on port(s): 8083 (http) with context path ''
2022-11-01 14:42:52.023  INFO--[24-main           ] [                                        ]o.s.b.w.e.t.TomcatWebServer    :Tomcat initialized with port(s): 8090 (http)
2022-11-01 14:42:52.023  INFO--[24-main           ] [                                        ]o.a.c.h.Http11NioProtocol      :Initializing ProtocolHandler ["http-nio-8090"]
2022-11-01 14:42:52.023  INFO--[24-main           ] [                                        ]o.a.c.c.StandardService        :Starting service [Tomcat]
2022-11-01 14:42:52.023  INFO--[24-main           ] [                                        ]o.a.c.c.StandardEngine         :Starting Servlet engine: [Apache Tomcat/9.0.46]
2022-11-01 14:42:52.054  INFO--[24-main           ] [                                        ]o.a.c.c.C.[.[.[/]              :Initializing Spring embedded WebApplicationContext
2022-11-01 14:42:52.054  INFO--[24-main           ] [                                        ]letWebServerApplicationContext :Root WebApplicationContext: initialization completed in 78 ms
2022-11-01 14:42:52.070  INFO--[24-main           ] [                                        ].b.a.e.w.EndpointLinksResolver :Exposing 2 endpoint(s) beneath base path '/actuator'
2022-11-01 14:42:52.578  INFO--[24-main           ] [                                        ]o.a.c.h.Http11NioProtocol      :Starting ProtocolHandler ["http-nio-8090"]
2022-11-01 14:42:52.578  INFO--[24-main           ] [                                        ]o.s.b.w.e.t.TomcatWebServer    :Tomcat started on port(s): 8090 (http) with context path ''
2022-11-01 14:42:52.594  INFO--[24-main           ] [                                        ]a.c.m.MbeeliveApplication      :Started MbeeliveApplication in 20.546 seconds (JVM running for 22.233)
2022-11-01 14:42:52.594  INFO--[24-main           ] [                                        ]a.c.m.c.CmvSchedule            :start getFirstAccessToken
2022-11-01 14:42:52.594  INFO--[24-main           ] [                                        ]a.c.m.c.CmvRestClient          :getAccessToken with no auth!!!
2022-11-01 14:42:52.914  INFO--[24-)-192.168.8.103] [                                        ]o.a.c.c.C.[.[.[/]              :Initializing Spring DispatcherServlet 'dispatcherServlet'
2022-11-01 14:42:52.914  INFO--[24-)-192.168.8.103] [                                        ]o.s.w.s.DispatcherServlet      :Initializing Servlet 'dispatcherServlet'
2022-11-01 14:42:52.914  INFO--[24-)-192.168.8.103] [                                        ]o.s.w.s.DispatcherServlet      :Completed initialization in 0 ms
2022-11-01 14:42:53.008  INFO--[24-main           ] [                                        ]omClientHttpRequestInterceptor :RestTemplate request logging: URI: https://api-sandbox.mbbank.com.vn/ms-cmv-service-auth/v1.0/login Method: POST Headers: {Accept=[text/plain, application/xml, text/xml, application/json, application/*+xml, application/*+json, */*], Content-Type=[application/json], clientMessageId=[LandStock], Content-Length=[46]} Body: {"username":"cmv_amc_app","password":"123456"}
2022-11-01 14:42:56.138  INFO--[24-main           ] [                                        ]omClientHttpRequestInterceptor :RestTemplate response logging: URI: https://api-sandbox.mbbank.com.vn/ms-cmv-service-auth/v1.0/login Method: POST Status code: 200 OK Headers: {Date=[Tue, 01 Nov 2022 07:42:14 GMT], Content-Type=[application/json;charset=UTF-8], Connection=[keep-alive], Vary=[Origin, Access-Control-Request-Method, Access-Control-Request-Headers], Cache-Control=[no-store], Pragma=[no-cache], Set-Cookie=[BIGipServer~DEV~apiGee=rd5o00000000000000000000ffff0a011b63o443; path=/; Httponly; Secure, MBAnalyticsaaaaaaaaaaaaaaaa_session_=AILMBKIADNODKOLCNMKKDPLPOPEEKJKJANOBIKFHBANKFCOIMAJFBFJOHOFHMHJNCCODIALLLNOEKGKLMBLACADAIMCMCDFIGIJPCPGDPDNFFMLEANDBDMAKKGBHNLPO; HttpOnly; secure, MB01e353a0=01bb14ea42e37385b0e5fe93a0b3bb5c283a0adc458b40fdcb7a995ca56d599e54aad32586de706bc44296a64ea92042917b6ff265; Path=/], Transfer-Encoding=[chunked]} Body: {"access_token":"eyJhbGciOiJIUzI1NiIsInR5cCI6IkpXVCJ9.eyJleHAiOjE2NjcyOTIxMzQsInVzZXJfbmFtZSI6IntcImlkXCI6MTE0MzIsXCJicmFuY2hJZFwiOjEsXCJ1c2VybmFtZVwiOlwiY212X2FtY19hcHBcIixcInVzZXJDb2RlXCI6XCJjbXZfYW1jX2FwcFwiLFwiZnVsbE5hbWVcIjpcIk1vYmlsZSBhcHAgQU1DXCIsXCJlbWFpbFwiOlwiY212X2FtY19hcHBAbWJiYW5rLmNvbS52blwiLFwiYnJhbmNoQ29kZVwiOlwiVk4wMDEwMDAxXCIsXCJleHBpcmVBdFwiOjE2NjcyODg1MzgyNzksXCJ0b2tlblR5cGVcIjpcIkFDQ0VTU19UT0tFTlwiLFwiY2xpZW50SWRcIjpcImNtdi1jbGllbnQtaWRcIixcInNjb3Blc1wiOltcIk1CI01PRElGWVwiLF
2022-11-01 14:42:56.346  INFO--[24-main           ] [                                        ]a.c.m.c.CmvSchedule            :end getFirstAccessToken
2022-11-01 14:43:42.167  INFO--[24-nio-8083-exec-2] [                                        ]a.c.m.l.LoggingService         :REQUEST:X-Request-ID=2badbc07-01ba-45ab-bf96-71c7cba4197e | {"httpMethod":"GET","httpPath":"/api/cms/v1/user-logs/getUser","clientIp":"0:0:0:0:0:0:0:1","localIp":"0:0:0:0:0:0:0:1","headers":{"authorization":"\u003c\u003cNot log authorization record\u003e\u003e","postman-token":"8ca81f1b-c433-46d5-ab28-874a16f640b8","host":"localhost:8083","connection":"keep-alive","accept-encoding":"gzip, deflate, br","accept":"application/json; charset\u003dUTF-8","user-agent":"PostmanRuntime/7.29.2"},"parameters":{}}
2022-11-01 14:43:44.614 DEBUG--[24-ynchLogThread-1] [                                        ]o.s.d.m.c.MongoTemplate        :Saving Document containing fields: [createdAt, userId, cif, path, requestId, requestObject, _class]
2022-11-01 14:44:31.759  WARN--[24-l-1 housekeeper] [                                        ]c.z.h.p.HikariPool             :HikariPool-1 - Thread starvation or clock leap detected (housekeeper delta=47s176ms866µs400ns).
2022-11-01 14:44:31.774  INFO--[24-nio-8083-exec-2] [                                        ]a.c.m.l.LoggingService         :RESPONSE:X-Request-ID=2badbc07-01ba-45ab-bf96-71c7cba4197e | {"responseCode":200,"during":"49967 ms","httpPath":"/api/cms/v1/user-logs/getUser","clientIp":"0:0:0:0:0:0:0:1","localIp":"0:0:0:0:0:0:0:1","headers":{"authorization":"\u003c\u003cNot log authorization record\u003e\u003e","postman-token":"8ca81f1b-c433-46d5-ab28-874a16f640b8","host":"localhost:8083","connection":"keep-alive","accept-encoding":"gzip, deflate, br","accept":"application/json; charset\u003dUTF-8","user-agent":"PostmanRuntime/7.29.2"},"body":"null"}
2022-11-01 14:44:32.222  INFO--[24-extShutdownHook] [                                        ].s.s.c.ThreadPoolTaskScheduler :Shutting down ExecutorService 'taskScheduler'
2022-11-01 14:44:32.222  INFO--[24-extShutdownHook] [                                        ]o.s.s.c.ThreadPoolTaskExecutor :Shutting down ExecutorService 'asyncLogsExecutor'
2022-11-01 14:44:32.222  INFO--[24-extShutdownHook] [                                        ]o.s.s.c.ThreadPoolTaskExecutor :Shutting down ExecutorService 'asyncExecutorNotification'
2022-11-01 14:44:32.222  INFO--[24-extShutdownHook] [                                        ]o.s.s.c.ThreadPoolTaskExecutor :Shutting down ExecutorService 'asyncExecutor'
2022-11-01 14:44:32.222  INFO--[24-extShutdownHook] [                                        ]o.s.s.c.ThreadPoolTaskExecutor :Shutting down ExecutorService 'threadPoolTaskExecutor'
2022-11-01 14:44:33.176  INFO--[24-extShutdownHook] [                                        ]tainerEntityManagerFactoryBean :Closing JPA EntityManagerFactory for persistence unit 'default'
2022-11-01 14:44:33.223  INFO--[24-extShutdownHook] [                                        ]c.z.h.HikariDataSource         :HikariPool-1 - Shutdown initiated...
2022-11-01 14:44:33.301  INFO--[24-extShutdownHook] [                                        ]c.z.h.HikariDataSource         :HikariPool-1 - Shutdown completed.
2022-11-01 14:44:33.739  INFO--[24-extShutdownHook] [                                        ]o.m.d.connection               :Closed connection [connectionId{localValue:2, serverValue:5091454}] to 207.46.234.134:27717 because the pool has been closed.
