2022-12-09 14:54:16.744  INFO--[26-kground-preinit] [                                        ]o.h.v.i.u.Version              :HV000001: Hibernate Validator 6.1.7.Final
2022-12-09 14:54:16.769  INFO--[26-main           ] [                                        ]a.c.m.MbeeliveApplication      :Starting MbeeliveApplication on DESKTOP-GSNRLR9 with PID 26240 (C:\Work\MbLandStock\landstock-cms-be\target\classes started by Thanh Thuc in C:\Work\MbLandStock\landstock-cms-be)
2022-12-09 14:54:16.784  INFO--[26-main           ] [                                        ]a.c.m.MbeeliveApplication      :No active profile set, falling back to default profiles: default
2022-12-09 14:54:18.309  INFO--[26-main           ] [                                        ]epositoryConfigurationDelegate :Multiple Spring Data modules found, entering strict repository configuration mode!
2022-12-09 14:54:18.309  INFO--[26-main           ] [                                        ]epositoryConfigurationDelegate :Bootstrapping Spring Data JPA repositories in DEFAULT mode.
2022-12-09 14:54:18.591  INFO--[26-main           ] [                                        ]epositoryConfigurationDelegate :Finished Spring Data repository scanning in 276ms. Found 36 JPA repository interfaces.
2022-12-09 14:54:18.591  INFO--[26-main           ] [                                        ]epositoryConfigurationDelegate :Multiple Spring Data modules found, entering strict repository configuration mode!
2022-12-09 14:54:18.591  INFO--[26-main           ] [                                        ]epositoryConfigurationDelegate :Bootstrapping Spring Data MongoDB repositories in DEFAULT mode.
2022-12-09 14:54:18.607  INFO--[26-main           ] [                                        ]epositoryConfigurationDelegate :Finished Spring Data repository scanning in 13ms. Found 2 MongoDB repository interfaces.
2022-12-09 14:54:19.956  INFO--[26-main           ] [                                        ]o.s.b.w.e.t.TomcatWebServer    :Tomcat initialized with port(s): 8083 (http)
2022-12-09 14:54:19.972  INFO--[26-main           ] [                                        ]o.a.c.h.Http11NioProtocol      :Initializing ProtocolHandler ["http-nio-8083"]
2022-12-09 14:54:19.972  INFO--[26-main           ] [                                        ]o.a.c.c.StandardService        :Starting service [Tomcat]
2022-12-09 14:54:19.972  INFO--[26-main           ] [                                        ]o.a.c.c.StandardEngine         :Starting Servlet engine: [Apache Tomcat/9.0.46]
2022-12-09 14:54:20.150  INFO--[26-main           ] [                                        ]o.a.c.c.C.[.[.[/]              :Initializing Spring embedded WebApplicationContext
2022-12-09 14:54:20.150  INFO--[26-main           ] [                                        ]letWebServerApplicationContext :Root WebApplicationContext: initialization completed in 3306 ms
2022-12-09 14:54:20.332  INFO--[26-main           ] [                                        ]o.m.d.cluster                  :Cluster created with settings {hosts=[207.46.234.134:27717], mode=SINGLE, requiredClusterType=UNKNOWN, serverSelectionTimeout='30000 ms'}
2022-12-09 14:54:20.677  INFO--[26-6.234.134:27717] [                                        ]o.m.d.connection               :Opened connection [connectionId{localValue:1, serverValue:5397735}] to 207.46.234.134:27717
2022-12-09 14:54:20.818  INFO--[26-main           ] [                                        ]o.m.d.cluster                  :Cluster description not yet available. Waiting for 30000 ms before timing out
2022-12-09 14:54:20.834  INFO--[26-6.234.134:27717] [                                        ]o.m.d.cluster                  :Monitor thread successfully connected to server with description ServerDescription{address=207.46.234.134:27717, type=STANDALONE, state=CONNECTED, ok=true, minWireVersion=0, maxWireVersion=9, maxDocumentSize=16777216, logicalSessionTimeoutMinutes=30, roundTripTimeNanos=151050899}
2022-12-09 14:54:21.463  INFO--[26-main           ] [                                        ]o.m.d.connection               :Opened connection [connectionId{localValue:2, serverValue:5397736}] to 207.46.234.134:27717
2022-12-09 14:54:21.699  INFO--[26-main           ] [                                        ]oPersistentEntityIndexResolver :Found cycle for field '_id' in type 'PostComment' for path 'lastComment -> lastComment'
2022-12-09 14:54:21.699  INFO--[26-main           ] [                                        ]oPersistentEntityIndexResolver :Found cycle for field 'lastComment' in type 'PostComment' for path 'lastComment -> lastComment'
2022-12-09 14:54:22.062  INFO--[26-main           ] [                                        ]oPersistentEntityIndexResolver :Found cycle for field '_id' in type 'PostComment' for path 'lastComment -> lastComment'
2022-12-09 14:54:22.062  INFO--[26-main           ] [                                        ]oPersistentEntityIndexResolver :Found cycle for field 'lastComment' in type 'PostComment' for path 'lastComment -> lastComment'
2022-12-09 14:54:22.833  INFO--[26-main           ] [                                        ]c.z.h.HikariDataSource         :HikariPool-1 - Starting...
2022-12-09 14:54:25.857  INFO--[26-main           ] [                                        ]c.z.h.HikariDataSource         :HikariPool-1 - Start completed.
2022-12-09 14:54:26.014  INFO--[26-main           ] [                                        ]o.h.j.i.u.LogHelper            :HHH000204: Processing PersistenceUnitInfo [name: default]
2022-12-09 14:54:26.046  INFO--[26-main           ] [                                        ]o.h.Version                    :HHH000412: Hibernate ORM core version 5.4.32.Final
2022-12-09 14:54:26.124  INFO--[26-main           ] [                                        ]o.h.a.c.Version                :HCANN000001: Hibernate Commons Annotations {5.1.2.Final}
2022-12-09 14:54:26.203  INFO--[26-main           ] [                                        ]o.h.d.Dialect                  :HHH000400: Using dialect: org.hibernate.dialect.MySQL5Dialect
2022-12-09 14:54:26.987  INFO--[26-main           ] [                                        ]e.t.j.p.i.JtaPlatformInitiator :HHH000490: Using JtaPlatform implementation: [org.hibernate.engine.transaction.jta.platform.internal.NoJtaPlatform]
2022-12-09 14:54:27.002  INFO--[26-main           ] [                                        ]tainerEntityManagerFactoryBean :Initialized JPA EntityManagerFactory for persistence unit 'default'
2022-12-09 14:54:27.569  WARN--[26-main           ] [                                        ]figuration$JpaWebConfiguration :spring.jpa.open-in-view is enabled by default. Therefore, database queries may be performed during view rendering. Explicitly configure spring.jpa.open-in-view to disable this warning
2022-12-09 14:54:28.478  INFO--[26-main           ] [                                        ]o.r.Version                    :Redisson 3.13.2
2022-12-09 14:54:30.144  INFO--[26-sson-netty-2-14] [                                        ]c.p.MasterPubSubConnectionPool :1 connections initialized for dev-brood.redis.cache.windows.net/13.76.180.224:6380
2022-12-09 14:54:30.191  INFO--[26-sson-netty-2-19] [                                        ]o.r.c.p.MasterConnectionPool   :24 connections initialized for dev-brood.redis.cache.windows.net/13.76.180.224:6380
2022-12-09 14:54:30.521  WARN--[26-main           ] [                                        ]letWebServerApplicationContext :Exception encountered during context initialization - cancelling refresh attempt: org.springframework.beans.factory.UnsatisfiedDependencyException: Error creating bean with name 'cmvProjectService': Unsatisfied dependency expressed through field 'cmvRestClient'; nested exception is org.springframework.beans.factory.BeanCreationException: Error creating bean with name 'cmvRestClient': Injection of autowired dependencies failed; nested exception is java.lang.IllegalArgumentException: Could not resolve placeholder 'ROOT_CMV_URL' in value "${ROOT_CMV_URL}"
2022-12-09 14:54:30.696  INFO--[26-main           ] [                                        ]tainerEntityManagerFactoryBean :Closing JPA EntityManagerFactory for persistence unit 'default'
2022-12-09 14:54:30.696  INFO--[26-main           ] [                                        ]c.z.h.HikariDataSource         :HikariPool-1 - Shutdown initiated...
2022-12-09 14:54:32.383  INFO--[26-main           ] [                                        ]c.z.h.HikariDataSource         :HikariPool-1 - Shutdown completed.
2022-12-09 14:54:32.497  INFO--[26-main           ] [                                        ]o.m.d.connection               :Closed connection [connectionId{localValue:2, serverValue:5397736}] to 207.46.234.134:27717 because the pool has been closed.
2022-12-09 14:54:32.509  INFO--[26-main           ] [                                        ]o.a.c.c.StandardService        :Stopping service [Tomcat]
2022-12-09 14:54:32.571  INFO--[26-main           ] [                                        ]valuationReportLoggingListener :

Error starting ApplicationContext. To display the conditions report re-run your application with 'debug' enabled.
2022-12-09 14:54:32.603 ERROR--[26-main           ] [                                        ]o.s.b.SpringApplication        :Application run failed
org.springframework.beans.factory.UnsatisfiedDependencyException: Error creating bean with name 'cmvProjectService': Unsatisfied dependency expressed through field 'cmvRestClient'; nested exception is org.springframework.beans.factory.BeanCreationException: Error creating bean with name 'cmvRestClient': Injection of autowired dependencies failed; nested exception is java.lang.IllegalArgumentException: Could not resolve placeholder 'ROOT_CMV_URL' in value "${ROOT_CMV_URL}"
	at org.springframework.beans.factory.annotation.AutowiredAnnotationBeanPostProcessor$AutowiredFieldElement.resolveFieldValue(AutowiredAnnotationBeanPostProcessor.java:660)
	at org.springframework.beans.factory.annotation.AutowiredAnnotationBeanPostProcessor$AutowiredFieldElement.inject(AutowiredAnnotationBeanPostProcessor.java:640)
	at org.springframework.beans.factory.annotation.InjectionMetadata.inject(InjectionMetadata.java:119)
	at org.springframework.beans.factory.annotation.AutowiredAnnotationBeanPostProcessor.postProcessProperties(AutowiredAnnotationBeanPostProcessor.java:399)
	at org.springframework.beans.factory.support.AbstractAutowireCapableBeanFactory.populateBean(AbstractAutowireCapableBeanFactory.java:1425)
	at org.springframework.beans.factory.support.AbstractAutowireCapableBeanFactory.doCreateBean(AbstractAutowireCapableBeanFactory.java:593)
	at org.springframework.beans.factory.support.AbstractAutowireCapableBeanFactory.createBean(AbstractAutowireCapableBeanFactory.java:516)
	at org.springframework.beans.factory.support.AbstractBeanFactory.lambda$doGetBean$0(AbstractBeanFactory.java:324)
	at org.springframework.beans.factory.support.DefaultSingletonBeanRegistry.getSingleton(DefaultSingletonBeanRegistry.java:234)
	at org.springframework.beans.factory.support.AbstractBeanFactory.doGetBean(AbstractBeanFactory.java:322)
	at org.springframework.beans.factory.support.AbstractBeanFactory.getBean(AbstractBeanFactory.java:202)
	at org.springframework.beans.factory.support.DefaultListableBeanFactory.preInstantiateSingletons(DefaultListableBeanFactory.java:897)
	at org.springframework.context.support.AbstractApplicationContext.finishBeanFactoryInitialization(AbstractApplicationContext.java:879)
	at org.springframework.context.support.AbstractApplicationContext.refresh(AbstractApplicationContext.java:551)
	at org.springframework.boot.web.servlet.context.ServletWebServerApplicationContext.refresh(ServletWebServerApplicationContext.java:143)
	at org.springframework.boot.SpringApplication.refresh(SpringApplication.java:755)
	at org.springframework.boot.SpringApplication.refresh(SpringApplication.java:747)
	at org.springframework.boot.SpringApplication.refreshContext(SpringApplication.java:402)
	at org.springframework.boot.SpringApplication.run(SpringApplication.java:312)
	at org.springframework.boot.SpringApplication.run(SpringApplication.java:1247)
	at org.springframework.boot.SpringApplication.run(SpringApplication.java:1236)
	at ati.com.mbeelive.MbeeliveApplication.main(MbeeliveApplication.java:29)
Caused by: org.springframework.beans.factory.BeanCreationException: Error creating bean with name 'cmvRestClient': Injection of autowired dependencies failed; nested exception is java.lang.IllegalArgumentException: Could not resolve placeholder 'ROOT_CMV_URL' in value "${ROOT_CMV_URL}"
	at org.springframework.beans.factory.annotation.AutowiredAnnotationBeanPostProcessor.postProcessProperties(AutowiredAnnotationBeanPostProcessor.java:405)
	at org.springframework.beans.factory.support.AbstractAutowireCapableBeanFactory.populateBean(AbstractAutowireCapableBeanFactory.java:1425)
	at org.springframework.beans.factory.support.AbstractAutowireCapableBeanFactory.doCreateBean(AbstractAutowireCapableBeanFactory.java:593)
	at org.springframework.beans.factory.support.AbstractAutowireCapableBeanFactory.createBean(AbstractAutowireCapableBeanFactory.java:516)
	at org.springframework.beans.factory.support.AbstractBeanFactory.lambda$doGetBean$0(AbstractBeanFactory.java:324)
	at org.springframework.beans.factory.support.DefaultSingletonBeanRegistry.getSingleton(DefaultSingletonBeanRegistry.java:234)
	at org.springframework.beans.factory.support.AbstractBeanFactory.doGetBean(AbstractBeanFactory.java:322)
	at org.springframework.beans.factory.support.AbstractBeanFactory.getBean(AbstractBeanFactory.java:202)
	at org.springframework.beans.factory.config.DependencyDescriptor.resolveCandidate(DependencyDescriptor.java:276)
	at org.springframework.beans.factory.support.DefaultListableBeanFactory.doResolveDependency(DefaultListableBeanFactory.java:1307)
	at org.springframework.beans.factory.support.DefaultListableBeanFactory.resolveDependency(DefaultListableBeanFactory.java:1227)
	at org.springframework.beans.factory.annotation.AutowiredAnnotationBeanPostProcessor$AutowiredFieldElement.resolveFieldValue(AutowiredAnnotationBeanPostProcessor.java:657)
	... 21 more
Caused by: java.lang.IllegalArgumentException: Could not resolve placeholder 'ROOT_CMV_URL' in value "${ROOT_CMV_URL}"
	at org.springframework.util.PropertyPlaceholderHelper.parseStringValue(PropertyPlaceholderHelper.java:180)
	at org.springframework.util.PropertyPlaceholderHelper.replacePlaceholders(PropertyPlaceholderHelper.java:126)
	at org.springframework.core.env.AbstractPropertyResolver.doResolvePlaceholders(AbstractPropertyResolver.java:239)
	at org.springframework.core.env.AbstractPropertyResolver.resolveRequiredPlaceholders(AbstractPropertyResolver.java:210)
	at org.springframework.context.support.PropertySourcesPlaceholderConfigurer.lambda$processProperties$0(PropertySourcesPlaceholderConfigurer.java:175)
	at org.springframework.beans.factory.support.AbstractBeanFactory.resolveEmbeddedValue(AbstractBeanFactory.java:918)
	at org.springframework.beans.factory.support.DefaultListableBeanFactory.doResolveDependency(DefaultListableBeanFactory.java:1248)
	at org.springframework.beans.factory.support.DefaultListableBeanFactory.resolveDependency(DefaultListableBeanFactory.java:1227)
	at org.springframework.beans.factory.annotation.AutowiredAnnotationBeanPostProcessor$AutowiredFieldElement.resolveFieldValue(AutowiredAnnotationBeanPostProcessor.java:657)
	at org.springframework.beans.factory.annotation.AutowiredAnnotationBeanPostProcessor$AutowiredFieldElement.inject(AutowiredAnnotationBeanPostProcessor.java:640)
	at org.springframework.beans.factory.annotation.InjectionMetadata.inject(InjectionMetadata.java:119)
	at org.springframework.beans.factory.annotation.AutowiredAnnotationBeanPostProcessor.postProcessProperties(AutowiredAnnotationBeanPostProcessor.java:399)
	... 32 more
