2022-11-30 10:52:30.561  INFO--[25-kground-preinit] [                                        ]o.h.v.i.u.Version              :HV000001: Hibernate Validator 6.1.7.Final
2022-11-30 10:52:30.593  INFO--[25-main           ] [                                        ]a.c.m.MbeeliveApplication      :Starting MbeeliveApplication on DESKTOP-GSNRLR9 with PID 19512 (C:\Work\MbLandStock\landstock-cms-be\target\classes started by Thanh Thuc in C:\Work\MbLandStock\landstock-cms-be)
2022-11-30 10:52:30.593  INFO--[25-main           ] [                                        ]a.c.m.MbeeliveApplication      :No active profile set, falling back to default profiles: default
2022-11-30 10:52:31.566  INFO--[25-main           ] [                                        ]epositoryConfigurationDelegate :Multiple Spring Data modules found, entering strict repository configuration mode!
2022-11-30 10:52:31.566  INFO--[25-main           ] [                                        ]epositoryConfigurationDelegate :Bootstrapping Spring Data JPA repositories in DEFAULT mode.
2022-11-30 10:52:31.754  INFO--[25-main           ] [                                        ]epositoryConfigurationDelegate :Finished Spring Data repository scanning in 173ms. Found 36 JPA repository interfaces.
2022-11-30 10:52:31.754  INFO--[25-main           ] [                                        ]epositoryConfigurationDelegate :Multiple Spring Data modules found, entering strict repository configuration mode!
2022-11-30 10:52:31.754  INFO--[25-main           ] [                                        ]epositoryConfigurationDelegate :Bootstrapping Spring Data MongoDB repositories in DEFAULT mode.
2022-11-30 10:52:31.754  INFO--[25-main           ] [                                        ]epositoryConfigurationDelegate :Finished Spring Data repository scanning in 9ms. Found 2 MongoDB repository interfaces.
2022-11-30 10:52:32.618  INFO--[25-main           ] [                                        ]o.s.b.w.e.t.TomcatWebServer    :Tomcat initialized with port(s): 8083 (http)
2022-11-30 10:52:32.618  INFO--[25-main           ] [                                        ]o.a.c.h.Http11NioProtocol      :Initializing ProtocolHandler ["http-nio-8083"]
2022-11-30 10:52:32.618  INFO--[25-main           ] [                                        ]o.a.c.c.StandardService        :Starting service [Tomcat]
2022-11-30 10:52:32.618  INFO--[25-main           ] [                                        ]o.a.c.c.StandardEngine         :Starting Servlet engine: [Apache Tomcat/9.0.46]
2022-11-30 10:52:32.758  INFO--[25-main           ] [                                        ]o.a.c.c.C.[.[.[/]              :Initializing Spring embedded WebApplicationContext
2022-11-30 10:52:32.758  INFO--[25-main           ] [                                        ]letWebServerApplicationContext :Root WebApplicationContext: initialization completed in 2119 ms
2022-11-30 10:52:32.930  INFO--[25-main           ] [                                        ]o.m.d.cluster                  :Cluster created with settings {hosts=[207.46.234.134:27717], mode=SINGLE, requiredClusterType=UNKNOWN, serverSelectionTimeout='30000 ms'}
2022-11-30 10:52:33.368  INFO--[25-main           ] [                                        ]o.m.d.cluster                  :Cluster description not yet available. Waiting for 30000 ms before timing out
2022-11-30 10:52:33.798  INFO--[25-6.234.134:27717] [                                        ]o.m.d.connection               :Opened connection [connectionId{localValue:1, serverValue:5323940}] to 207.46.234.134:27717
2022-11-30 10:52:33.907  INFO--[25-6.234.134:27717] [                                        ]o.m.d.cluster                  :Monitor thread successfully connected to server with description ServerDescription{address=207.46.234.134:27717, type=STANDALONE, state=CONNECTED, ok=true, minWireVersion=0, maxWireVersion=9, maxDocumentSize=16777216, logicalSessionTimeoutMinutes=30, roundTripTimeNanos=99492300}
2022-11-30 10:52:34.742  INFO--[25-main           ] [                                        ]o.m.d.connection               :Opened connection [connectionId{localValue:2, serverValue:5323941}] to 207.46.234.134:27717
2022-11-30 10:52:35.179  INFO--[25-main           ] [                                        ]oPersistentEntityIndexResolver :Found cycle for field '_id' in type 'PostComment' for path 'lastComment -> lastComment'
2022-11-30 10:52:35.179  INFO--[25-main           ] [                                        ]oPersistentEntityIndexResolver :Found cycle for field 'lastComment' in type 'PostComment' for path 'lastComment -> lastComment'
2022-11-30 10:52:35.539  INFO--[25-main           ] [                                        ]oPersistentEntityIndexResolver :Found cycle for field '_id' in type 'PostComment' for path 'lastComment -> lastComment'
2022-11-30 10:52:35.539  INFO--[25-main           ] [                                        ]oPersistentEntityIndexResolver :Found cycle for field 'lastComment' in type 'PostComment' for path 'lastComment -> lastComment'
2022-11-30 10:52:35.976  INFO--[25-main           ] [                                        ]c.z.h.HikariDataSource         :HikariPool-1 - Starting...
2022-11-30 10:52:40.313  INFO--[25-main           ] [                                        ]c.z.h.HikariDataSource         :HikariPool-1 - Start completed.
2022-11-30 10:52:40.422  INFO--[25-main           ] [                                        ]o.h.j.i.u.LogHelper            :HHH000204: Processing PersistenceUnitInfo [name: default]
2022-11-30 10:52:40.453  INFO--[25-main           ] [                                        ]o.h.Version                    :HHH000412: Hibernate ORM core version 5.4.32.Final
2022-11-30 10:52:40.536  INFO--[25-main           ] [                                        ]o.h.a.c.Version                :HCANN000001: Hibernate Commons Annotations {5.1.2.Final}
2022-11-30 10:52:40.614  INFO--[25-main           ] [                                        ]o.h.d.Dialect                  :HHH000400: Using dialect: org.hibernate.dialect.MySQL5Dialect
2022-11-30 10:52:41.379  INFO--[25-main           ] [                                        ]e.t.j.p.i.JtaPlatformInitiator :HHH000490: Using JtaPlatform implementation: [org.hibernate.engine.transaction.jta.platform.internal.NoJtaPlatform]
2022-11-30 10:52:41.379  INFO--[25-main           ] [                                        ]tainerEntityManagerFactoryBean :Initialized JPA EntityManagerFactory for persistence unit 'default'
2022-11-30 10:52:41.950  WARN--[25-main           ] [                                        ]figuration$JpaWebConfiguration :spring.jpa.open-in-view is enabled by default. Therefore, database queries may be performed during view rendering. Explicitly configure spring.jpa.open-in-view to disable this warning
2022-11-30 10:52:42.845  INFO--[25-main           ] [                                        ]o.r.Version                    :Redisson 3.13.2
2022-11-30 10:52:46.104  INFO--[25-sson-netty-2-11] [                                        ]c.p.MasterPubSubConnectionPool :1 connections initialized for dev-brood.redis.cache.windows.net/13.76.180.224:6380
2022-11-30 10:52:47.192  INFO--[25-sson-netty-2-20] [                                        ]o.r.c.p.MasterConnectionPool   :24 connections initialized for dev-brood.redis.cache.windows.net/13.76.180.224:6380
2022-11-30 10:52:47.530  INFO--[25-main           ] [                                        ]redAnnotationBeanPostProcessor :Autowired annotation is not supported on static fields: private static java.lang.String ati.com.mbeelive.cmv.CmvRestClient.clientMessageId
2022-11-30 10:52:48.176  INFO--[25-main           ] [                                        ]o.s.s.c.ThreadPoolTaskExecutor :Initializing ExecutorService
2022-11-30 10:52:48.176  INFO--[25-main           ] [                                        ]o.s.s.c.ThreadPoolTaskExecutor :Initializing ExecutorService 'threadPoolTaskExecutor'
2022-11-30 10:52:48.289  INFO--[25-main           ] [                                        ]etailsServiceAutoConfiguration :

Using generated security password: 78d4bd3d-6aa6-4a1f-8ee0-f7346f614158

2022-11-30 10:52:48.342  INFO--[25-main           ] [                                        ]s.w.DefaultSecurityFilterChain :Creating filter chain: Ant [pattern='/v2/api-docs'], []
2022-11-30 10:52:48.342  INFO--[25-main           ] [                                        ]s.w.DefaultSecurityFilterChain :Creating filter chain: Ant [pattern='/configuration/ui'], []
2022-11-30 10:52:48.342  INFO--[25-main           ] [                                        ]s.w.DefaultSecurityFilterChain :Creating filter chain: Ant [pattern='/swagger-resources/**'], []
2022-11-30 10:52:48.342  INFO--[25-main           ] [                                        ]s.w.DefaultSecurityFilterChain :Creating filter chain: Ant [pattern='/configuration/security'], []
2022-11-30 10:52:48.342  INFO--[25-main           ] [                                        ]s.w.DefaultSecurityFilterChain :Creating filter chain: Ant [pattern='/swagger-ui.html'], []
2022-11-30 10:52:48.342  INFO--[25-main           ] [                                        ]s.w.DefaultSecurityFilterChain :Creating filter chain: Ant [pattern='/swagger-ui/**'], []
2022-11-30 10:52:48.342  INFO--[25-main           ] [                                        ]s.w.DefaultSecurityFilterChain :Creating filter chain: Ant [pattern='/v3/api-docs/**'], []
2022-11-30 10:52:48.342  INFO--[25-main           ] [                                        ]s.w.DefaultSecurityFilterChain :Creating filter chain: Ant [pattern='/webjars/**'], []
2022-11-30 10:52:48.373  INFO--[25-main           ] [                                        ]s.w.DefaultSecurityFilterChain :Creating filter chain: any request, [org.springframework.security.web.context.request.async.WebAsyncManagerIntegrationFilter@6b54dbd8, org.springframework.security.web.context.SecurityContextPersistenceFilter@13987842, org.springframework.security.web.header.HeaderWriterFilter@1efb1a38, org.springframework.web.filter.CorsFilter@2a03b7d2, org.springframework.security.web.csrf.CsrfFilter@17d1b2a0, org.springframework.security.web.authentication.logout.LogoutFilter@520dc647, ati.com.mbeelive.springsercurity.JwtAuthenticationFilter@7e84be9b, org.springframework.security.web.savedrequest.RequestCacheAwareFilter@24aa1547, org.springframework.security.web.servletapi.SecurityContextHolderAwareRequestFilter@33e2808e, org.springframework.security.web.authentication.AnonymousAuthenticationFilter@229762ab, org.springframework.security.web.session.SessionManagementFilter@710959b3, org.springframework.security.web.access.ExceptionTranslationFilter@f5eff92, org.springframework.security.web.access.intercept.FilterSecurityInterceptor@127abbbe]
2022-11-30 10:52:48.514  INFO--[25-main           ] [                                        ]o.s.s.c.ThreadPoolTaskExecutor :Initializing ExecutorService
2022-11-30 10:52:48.514  INFO--[25-main           ] [                                        ]o.s.s.c.ThreadPoolTaskExecutor :Initializing ExecutorService 'asyncExecutor'
2022-11-30 10:52:48.514  INFO--[25-main           ] [                                        ]o.s.s.c.ThreadPoolTaskExecutor :Initializing ExecutorService
2022-11-30 10:52:48.514  INFO--[25-main           ] [                                        ]o.s.s.c.ThreadPoolTaskExecutor :Initializing ExecutorService 'asyncExecutorNotification'
2022-11-30 10:52:48.514  INFO--[25-main           ] [                                        ]o.s.s.c.ThreadPoolTaskExecutor :Initializing ExecutorService
2022-11-30 10:52:48.514  INFO--[25-main           ] [                                        ]o.s.s.c.ThreadPoolTaskExecutor :Initializing ExecutorService 'asyncLogsExecutor'
2022-11-30 10:52:49.757  INFO--[25-main           ] [                                        ].s.s.c.ThreadPoolTaskScheduler :Initializing ExecutorService 'taskScheduler'
2022-11-30 10:52:49.803  INFO--[25-main           ] [                                        ]o.a.c.h.Http11NioProtocol      :Starting ProtocolHandler ["http-nio-8083"]
2022-11-30 10:52:49.835  INFO--[25-main           ] [                                        ]o.s.b.w.e.t.TomcatWebServer    :Tomcat started on port(s): 8083 (http) with context path ''
2022-11-30 10:52:49.882  INFO--[25-main           ] [                                        ]o.s.b.w.e.t.TomcatWebServer    :Tomcat initialized with port(s): 8090 (http)
2022-11-30 10:52:49.882  INFO--[25-main           ] [                                        ]o.a.c.h.Http11NioProtocol      :Initializing ProtocolHandler ["http-nio-8090"]
2022-11-30 10:52:49.882  INFO--[25-main           ] [                                        ]o.a.c.c.StandardService        :Starting service [Tomcat]
2022-11-30 10:52:49.882  INFO--[25-main           ] [                                        ]o.a.c.c.StandardEngine         :Starting Servlet engine: [Apache Tomcat/9.0.46]
2022-11-30 10:52:49.913  INFO--[25-main           ] [                                        ]o.a.c.c.C.[.[.[/]              :Initializing Spring embedded WebApplicationContext
2022-11-30 10:52:49.913  INFO--[25-main           ] [                                        ]letWebServerApplicationContext :Root WebApplicationContext: initialization completed in 78 ms
2022-11-30 10:52:49.928  INFO--[25-main           ] [                                        ].b.a.e.w.EndpointLinksResolver :Exposing 2 endpoint(s) beneath base path '/actuator'
2022-11-30 10:52:50.350  INFO--[25-main           ] [                                        ]o.a.c.h.Http11NioProtocol      :Starting ProtocolHandler ["http-nio-8090"]
2022-11-30 10:52:50.350  INFO--[25-main           ] [                                        ]o.s.b.w.e.t.TomcatWebServer    :Tomcat started on port(s): 8090 (http) with context path ''
2022-11-30 10:52:50.366  INFO--[25-main           ] [                                        ]a.c.m.MbeeliveApplication      :Started MbeeliveApplication in 20.031 seconds (JVM running for 21.458)
2022-11-30 10:52:50.366  INFO--[25-main           ] [                                        ]a.c.m.c.CmvSchedule            :start getFirstAccessToken
2022-11-30 10:52:50.366  INFO--[25-main           ] [                                        ]a.c.m.c.CmvRestClient          :getAccessToken with no auth!!!
2022-11-30 10:52:50.612  INFO--[25-)-192.168.8.150] [                                        ]o.a.c.c.C.[.[.[/]              :Initializing Spring DispatcherServlet 'dispatcherServlet'
2022-11-30 10:52:50.612  INFO--[25-)-192.168.8.150] [                                        ]o.s.w.s.DispatcherServlet      :Initializing Servlet 'dispatcherServlet'
2022-11-30 10:52:50.628  INFO--[25-)-192.168.8.150] [                                        ]o.s.w.s.DispatcherServlet      :Completed initialization in 16 ms
2022-11-30 10:52:50.675  INFO--[25-main           ] [                                        ]omClientHttpRequestInterceptor :RestTemplate request logging: URI: https://api-sandbox.mbbank.com.vn/ms-cmv-service-auth/v1.0/login Method: POST Headers: {Accept=[text/plain, application/xml, text/xml, application/json, application/*+xml, application/*+json, */*], Content-Type=[application/json], clientMessageId=[null], Content-Length=[46]} Body: {"username":"cmv_amc_app","password":"123456"}
2022-11-30 10:52:52.010  INFO--[25-main           ] [                                        ]omClientHttpRequestInterceptor :RestTemplate response logging: URI: https://api-sandbox.mbbank.com.vn/ms-cmv-service-auth/v1.0/login Method: POST Status code: 400 BAD_REQUEST Headers: {Date=[Wed, 30 Nov 2022 03:52:03 GMT], Content-Type=[application/json], Content-Length=[108], Connection=[keep-alive], Access-Control-Allow-Origin=[*], Access-Control-Allow-Methods=[*], Access-Control-Allow-Headers=[*], Set-Cookie=[BIGipServer~DEV~apiGee=rd5o00000000000000000000ffff0a011b63o443; path=/; Httponly; Secure, MBAnalyticsaaaaaaaaaaaaaaaa_session_=MBDCCHMALAFKBBCNFMHGKONIKIECHDGDCDMDJAOIOMLPOPGLEGOAJDOOALFAMDKEICODLMGHIDHODHMMMCJACIINBNIBHLDFGGCPGBHENDDMCJLJMKEFNDEOOKPLOJDL; HttpOnly; secure, MB01e353a0=01bb14ea420f1c2d943f7c7fb6e6a69f10113c14a7d883b27148f44f4e7e1bd2b87db443b9d6f766732f126bb9eaf54992d857a793; Path=/]} Body: {"clientMessageId":null,"data":null,"errorCode":"203","errorDesc":["'clientMessageId' header is mandatory"]}
2022-11-30 10:52:54.767 ERROR--[25-main           ] [                                        ]a.c.m.c.CmvSchedule            :400 Bad Request: [{"clientMessageId":null,"data":null,"errorCode":"203","errorDesc":["'clientMessageId' header is mandatory"]}]
org.springframework.web.client.HttpClientErrorException$BadRequest: 400 Bad Request: [{"clientMessageId":null,"data":null,"errorCode":"203","errorDesc":["'clientMessageId' header is mandatory"]}]
	at org.springframework.web.client.HttpClientErrorException.create(HttpClientErrorException.java:101)
	at org.springframework.web.client.DefaultResponseErrorHandler.handleError(DefaultResponseErrorHandler.java:184)
	at org.springframework.web.client.DefaultResponseErrorHandler.handleError(DefaultResponseErrorHandler.java:125)
	at org.springframework.web.client.ResponseErrorHandler.handleError(ResponseErrorHandler.java:63)
	at org.springframework.web.client.RestTemplate.handleResponse(RestTemplate.java:780)
	at org.springframework.web.client.RestTemplate.doExecute(RestTemplate.java:738)
	at org.springframework.web.client.RestTemplate.execute(RestTemplate.java:672)
	at org.springframework.web.client.RestTemplate.postForEntity(RestTemplate.java:447)
	at ati.com.mbeelive.cmv.CmvRestClient.postForLogin(CmvRestClient.java:82)
	at ati.com.mbeelive.cmv.CmvRestClient.login(CmvRestClient.java:119)
	at ati.com.mbeelive.cmv.CmvRestClient.getAccessToken(CmvRestClient.java:110)
	at ati.com.mbeelive.cmv.CmvSchedule.getFirstAccessToken(CmvSchedule.java:22)
	at java.base/jdk.internal.reflect.NativeMethodAccessorImpl.invoke0(Native Method)
	at java.base/jdk.internal.reflect.NativeMethodAccessorImpl.invoke(NativeMethodAccessorImpl.java:62)
	at java.base/jdk.internal.reflect.DelegatingMethodAccessorImpl.invoke(DelegatingMethodAccessorImpl.java:43)
	at java.base/java.lang.reflect.Method.invoke(Method.java:566)
	at org.springframework.context.event.ApplicationListenerMethodAdapter.doInvoke(ApplicationListenerMethodAdapter.java:305)
	at org.springframework.context.event.ApplicationListenerMethodAdapter.processEvent(ApplicationListenerMethodAdapter.java:190)
	at org.springframework.context.event.ApplicationListenerMethodAdapter.onApplicationEvent(ApplicationListenerMethodAdapter.java:153)
	at org.springframework.context.event.SimpleApplicationEventMulticaster.doInvokeListener(SimpleApplicationEventMulticaster.java:172)
	at org.springframework.context.event.SimpleApplicationEventMulticaster.invokeListener(SimpleApplicationEventMulticaster.java:165)
	at org.springframework.context.event.SimpleApplicationEventMulticaster.multicastEvent(SimpleApplicationEventMulticaster.java:139)
	at org.springframework.context.support.AbstractApplicationContext.publishEvent(AbstractApplicationContext.java:404)
	at org.springframework.context.support.AbstractApplicationContext.publishEvent(AbstractApplicationContext.java:361)
	at org.springframework.boot.context.event.EventPublishingRunListener.running(EventPublishingRunListener.java:108)
	at org.springframework.boot.SpringApplicationRunListeners.running(SpringApplicationRunListeners.java:77)
	at org.springframework.boot.SpringApplication.run(SpringApplication.java:327)
	at org.springframework.boot.SpringApplication.run(SpringApplication.java:1247)
	at org.springframework.boot.SpringApplication.run(SpringApplication.java:1236)
	at ati.com.mbeelive.MbeeliveApplication.main(MbeeliveApplication.java:29)
2022-11-30 10:53:05.028  INFO--[25-nio-8083-exec-4] [                                        ]a.c.m.l.LoggingService         :REQUEST:X-Request-ID=3d02783c-4e0d-4d38-9f5d-21b957e9c3b2 | {"httpMethod":"POST","httpPath":"/api/cms/v1/postcate/insert","clientIp":"0:0:0:0:0:0:0:1","localIp":"0:0:0:0:0:0:0:1","headers":{"authorization":"\u003c\u003cNot log authorization record\u003e\u003e","content-length":"173","postman-token":"541883eb-237a-4822-a69f-4eb69e810194","host":"localhost:8083","content-type":"application/json","connection":"keep-alive","accept-encoding":"gzip, deflate, br","accept":"application/json; charset\u003dUTF-8","user-agent":"PostmanRuntime/7.29.2"},"parameters":{}}
2022-11-30 10:53:05.075  INFO--[25-nio-8083-exec-4] [                                        ]a.c.m.l.LoggingService         :REQUEST BODY:X-Request-ID=3d02783c-4e0d-4d38-9f5d-21b957e9c3b2 | {"name":"\u003cstring\u003e","image":"\u003cstring\u003e","type":"","status":"ACTIVE","isHighlight":true,"isParent":true,"description":"\u003cstring\u003e","position":99}
2022-11-30 10:53:05.075 DEBUG--[25-ynchLogThread-1] [                                        ]o.s.d.m.c.MongoTemplate        :Saving Document containing fields: [createdAt, userId, cif, path, requestId, requestObject, _class]
2022-11-30 10:53:52.642 DEBUG--[25-ynchLogThread-2] [                                        ]o.s.d.m.c.MongoTemplate        :Calling update using query: { "requestId" : "3d02783c-4e0d-4d38-9f5d-21b957e9c3b2"} and update: { "$set" : { "requestBody" : { "name" : "<string>", "image" : "<string>", "type" : "", "status" : "ACTIVE", "isHighlight" : true, "isParent" : true, "description" : "<string>", "position" : 99, "_class" : "ati.com.mbeelive.dto.post.input.PostCategoryInput"}}} in collection: logs
2022-11-30 10:53:52.642  INFO--[25-nio-8083-exec-4] [                                        ]a.c.m.l.LoggingService         :RESPONSE:X-Request-ID=3d02783c-4e0d-4d38-9f5d-21b957e9c3b2 | {"responseCode":500,"during":"47801 ms","httpPath":"/api/cms/v1/postcate/insert","clientIp":"0:0:0:0:0:0:0:1","localIp":"0:0:0:0:0:0:0:1","headers":{"authorization":"\u003c\u003cNot log authorization record\u003e\u003e","content-length":"173","postman-token":"541883eb-237a-4822-a69f-4eb69e810194","host":"localhost:8083","content-type":"application/json","connection":"keep-alive","accept-encoding":"gzip, deflate, br","accept":"application/json; charset\u003dUTF-8","user-agent":"PostmanRuntime/7.29.2"},"body":"{\"message\":\"Lỗi hệ thống!\",\"code\":1001,\"timestamp\":{\"date\":{\"year\":2022,\"month\":11,\"day\":30},\"time\":{\"hour\":10,\"minute\":53,\"second\":52,\"nano\":626499900}}}"}
2022-11-30 10:53:53.116  INFO--[25-ynchLogThread-2] [                                        ]o.m.d.connection               :Opened connection [connectionId{localValue:3, serverValue:5323945}] to 207.46.234.134:27717
2022-11-30 10:53:53.456  INFO--[25-extShutdownHook] [                                        ].s.s.c.ThreadPoolTaskScheduler :Shutting down ExecutorService 'taskScheduler'
2022-11-30 10:53:53.472  INFO--[25-extShutdownHook] [                                        ]o.s.s.c.ThreadPoolTaskExecutor :Shutting down ExecutorService 'asyncLogsExecutor'
2022-11-30 10:53:53.488  INFO--[25-extShutdownHook] [                                        ]o.s.s.c.ThreadPoolTaskExecutor :Shutting down ExecutorService 'asyncExecutorNotification'
2022-11-30 10:53:53.488  INFO--[25-extShutdownHook] [                                        ]o.s.s.c.ThreadPoolTaskExecutor :Shutting down ExecutorService 'asyncExecutor'
2022-11-30 10:53:53.488  INFO--[25-extShutdownHook] [                                        ]o.s.s.c.ThreadPoolTaskExecutor :Shutting down ExecutorService 'threadPoolTaskExecutor'
2022-11-30 10:53:53.642  INFO--[25-extShutdownHook] [                                        ]tainerEntityManagerFactoryBean :Closing JPA EntityManagerFactory for persistence unit 'default'
2022-11-30 10:53:53.642  INFO--[25-extShutdownHook] [                                        ]c.z.h.HikariDataSource         :HikariPool-1 - Shutdown initiated...
2022-11-30 10:53:55.923  INFO--[25-extShutdownHook] [                                        ]c.z.h.HikariDataSource         :HikariPool-1 - Shutdown completed.
2022-11-30 10:53:56.016  INFO--[25-extShutdownHook] [                                        ]o.m.d.connection               :Closed connection [connectionId{localValue:2, serverValue:5323941}] to 207.46.234.134:27717 because the pool has been closed.
2022-11-30 10:53:56.016  INFO--[25-extShutdownHook] [                                        ]o.m.d.connection               :Closed connection [connectionId{localValue:3, serverValue:5323945}] to 207.46.234.134:27717 because the pool has been closed.
