2022-11-01 15:57:58.792  INFO--[24-kground-preinit] [                                        ]o.h.v.i.u.Version              :HV000001: Hibernate Validator 6.1.7.Final
2022-11-01 15:57:58.821  INFO--[24-main           ] [                                        ]a.c.m.MbeeliveApplication      :Starting MbeeliveApplication on DESKTOP-GSNRLR9 with PID 14400 (C:\Work\MbLandStock\landstock-cms-be\target\classes started by Thanh Thuc in C:\Work\MbLandStock\landstock-cms-be)
2022-11-01 15:57:58.824  INFO--[24-main           ] [                                        ]a.c.m.MbeeliveApplication      :No active profile set, falling back to default profiles: default
2022-11-01 15:57:59.887  INFO--[24-main           ] [                                        ]epositoryConfigurationDelegate :Multiple Spring Data modules found, entering strict repository configuration mode!
2022-11-01 15:57:59.890  INFO--[24-main           ] [                                        ]epositoryConfigurationDelegate :Bootstrapping Spring Data JPA repositories in DEFAULT mode.
2022-11-01 15:58:00.169  INFO--[24-main           ] [                                        ]epositoryConfigurationDelegate :Finished Spring Data repository scanning in 275ms. Found 36 JPA repository interfaces.
2022-11-01 15:58:00.169  INFO--[24-main           ] [                                        ]epositoryConfigurationDelegate :Multiple Spring Data modules found, entering strict repository configuration mode!
2022-11-01 15:58:00.169  INFO--[24-main           ] [                                        ]epositoryConfigurationDelegate :Bootstrapping Spring Data MongoDB repositories in DEFAULT mode.
2022-11-01 15:58:00.169  INFO--[24-main           ] [                                        ]epositoryConfigurationDelegate :Finished Spring Data repository scanning in 10ms. Found 2 MongoDB repository interfaces.
2022-11-01 15:58:02.356  INFO--[24-main           ] [                                        ]o.s.b.w.e.t.TomcatWebServer    :Tomcat initialized with port(s): 8083 (http)
2022-11-01 15:58:02.371  INFO--[24-main           ] [                                        ]o.a.c.h.Http11NioProtocol      :Initializing ProtocolHandler ["http-nio-8083"]
2022-11-01 15:58:02.371  INFO--[24-main           ] [                                        ]o.a.c.c.StandardService        :Starting service [Tomcat]
2022-11-01 15:58:02.371  INFO--[24-main           ] [                                        ]o.a.c.c.StandardEngine         :Starting Servlet engine: [Apache Tomcat/9.0.46]
2022-11-01 15:58:02.840  INFO--[24-main           ] [                                        ]o.a.c.c.C.[.[.[/]              :Initializing Spring embedded WebApplicationContext
2022-11-01 15:58:02.840  INFO--[24-main           ] [                                        ]letWebServerApplicationContext :Root WebApplicationContext: initialization completed in 3971 ms
2022-11-01 15:58:03.340  INFO--[24-main           ] [                                        ]o.m.d.cluster                  :Cluster created with settings {hosts=[207.46.234.134:27717], mode=SINGLE, requiredClusterType=UNKNOWN, serverSelectionTimeout='30000 ms'}
2022-11-01 15:58:04.387  INFO--[24-main           ] [                                        ]oPersistentEntityIndexResolver :Found cycle for field '_id' in type 'PostComment' for path 'lastComment -> lastComment'
2022-11-01 15:58:04.387  INFO--[24-main           ] [                                        ]oPersistentEntityIndexResolver :Found cycle for field 'lastComment' in type 'PostComment' for path 'lastComment -> lastComment'
2022-11-01 15:58:04.418  INFO--[24-main           ] [                                        ]o.m.d.cluster                  :Cluster description not yet available. Waiting for 30000 ms before timing out
2022-11-01 15:58:04.637  INFO--[24-6.234.134:27717] [                                        ]o.m.d.connection               :Opened connection [connectionId{localValue:1, serverValue:5092344}] to 207.46.234.134:27717
2022-11-01 15:58:04.809  INFO--[24-6.234.134:27717] [                                        ]o.m.d.cluster                  :Monitor thread successfully connected to server with description ServerDescription{address=207.46.234.134:27717, type=STANDALONE, state=CONNECTED, ok=true, minWireVersion=0, maxWireVersion=9, maxDocumentSize=16777216, logicalSessionTimeoutMinutes=30, roundTripTimeNanos=175671100}
2022-11-01 15:58:06.594  INFO--[24-main           ] [                                        ]o.m.d.connection               :Opened connection [connectionId{localValue:2, serverValue:5092345}] to 207.46.234.134:27717
2022-11-01 15:58:08.582  INFO--[24-main           ] [                                        ]oPersistentEntityIndexResolver :Found cycle for field '_id' in type 'PostComment' for path 'lastComment -> lastComment'
2022-11-01 15:58:08.582  INFO--[24-main           ] [                                        ]oPersistentEntityIndexResolver :Found cycle for field 'lastComment' in type 'PostComment' for path 'lastComment -> lastComment'
2022-11-01 15:58:12.616  INFO--[24-main           ] [                                        ]c.z.h.HikariDataSource         :HikariPool-1 - Starting...
2022-11-01 15:58:20.537  INFO--[24-main           ] [                                        ]c.z.h.HikariDataSource         :HikariPool-1 - Start completed.
2022-11-01 15:58:20.661  INFO--[24-main           ] [                                        ]o.h.j.i.u.LogHelper            :HHH000204: Processing PersistenceUnitInfo [name: default]
2022-11-01 15:58:20.693  INFO--[24-main           ] [                                        ]o.h.Version                    :HHH000412: Hibernate ORM core version 5.4.32.Final
2022-11-01 15:58:20.771  INFO--[24-main           ] [                                        ]o.h.a.c.Version                :HCANN000001: Hibernate Commons Annotations {5.1.2.Final}
2022-11-01 15:58:20.849  INFO--[24-main           ] [                                        ]o.h.d.Dialect                  :HHH000400: Using dialect: org.hibernate.dialect.MySQL5Dialect
2022-11-01 15:58:21.661  INFO--[24-main           ] [                                        ]e.t.j.p.i.JtaPlatformInitiator :HHH000490: Using JtaPlatform implementation: [org.hibernate.engine.transaction.jta.platform.internal.NoJtaPlatform]
2022-11-01 15:58:21.677  INFO--[24-main           ] [                                        ]tainerEntityManagerFactoryBean :Initialized JPA EntityManagerFactory for persistence unit 'default'
2022-11-01 15:58:22.270  WARN--[24-main           ] [                                        ]figuration$JpaWebConfiguration :spring.jpa.open-in-view is enabled by default. Therefore, database queries may be performed during view rendering. Explicitly configure spring.jpa.open-in-view to disable this warning
2022-11-01 15:58:23.176  INFO--[24-main           ] [                                        ]o.r.Version                    :Redisson 3.13.2
2022-11-01 15:58:27.105  INFO--[24-sson-netty-2-15] [                                        ]c.p.MasterPubSubConnectionPool :1 connections initialized for dev-brood.redis.cache.windows.net/13.76.180.224:6380
2022-11-01 15:58:27.512  INFO--[24-sson-netty-2-20] [                                        ]o.r.c.p.MasterConnectionPool   :24 connections initialized for dev-brood.redis.cache.windows.net/13.76.180.224:6380
2022-11-01 15:58:28.626  INFO--[24-main           ] [                                        ]o.s.s.c.ThreadPoolTaskExecutor :Initializing ExecutorService
2022-11-01 15:58:28.626  INFO--[24-main           ] [                                        ]o.s.s.c.ThreadPoolTaskExecutor :Initializing ExecutorService 'threadPoolTaskExecutor'
2022-11-01 15:58:28.767  INFO--[24-main           ] [                                        ]etailsServiceAutoConfiguration :

Using generated security password: 9a3847da-9f5f-49b9-8d16-f9ab0d67a804

2022-11-01 15:58:28.814  INFO--[24-main           ] [                                        ]s.w.DefaultSecurityFilterChain :Creating filter chain: Ant [pattern='/v2/api-docs'], []
2022-11-01 15:58:28.814  INFO--[24-main           ] [                                        ]s.w.DefaultSecurityFilterChain :Creating filter chain: Ant [pattern='/configuration/ui'], []
2022-11-01 15:58:28.814  INFO--[24-main           ] [                                        ]s.w.DefaultSecurityFilterChain :Creating filter chain: Ant [pattern='/swagger-resources/**'], []
2022-11-01 15:58:28.814  INFO--[24-main           ] [                                        ]s.w.DefaultSecurityFilterChain :Creating filter chain: Ant [pattern='/configuration/security'], []
2022-11-01 15:58:28.814  INFO--[24-main           ] [                                        ]s.w.DefaultSecurityFilterChain :Creating filter chain: Ant [pattern='/swagger-ui.html'], []
2022-11-01 15:58:28.814  INFO--[24-main           ] [                                        ]s.w.DefaultSecurityFilterChain :Creating filter chain: Ant [pattern='/swagger-ui/**'], []
2022-11-01 15:58:28.814  INFO--[24-main           ] [                                        ]s.w.DefaultSecurityFilterChain :Creating filter chain: Ant [pattern='/v3/api-docs/**'], []
2022-11-01 15:58:28.814  INFO--[24-main           ] [                                        ]s.w.DefaultSecurityFilterChain :Creating filter chain: Ant [pattern='/webjars/**'], []
2022-11-01 15:58:28.861  INFO--[24-main           ] [                                        ]s.w.DefaultSecurityFilterChain :Creating filter chain: any request, [org.springframework.security.web.context.request.async.WebAsyncManagerIntegrationFilter@775b908f, org.springframework.security.web.context.SecurityContextPersistenceFilter@79b9ed8d, org.springframework.security.web.header.HeaderWriterFilter@520a8ea1, org.springframework.web.filter.CorsFilter@41058886, org.springframework.security.web.authentication.logout.LogoutFilter@1efb1a38, ati.com.mbeelive.springsercurity.JwtAuthenticationFilter@5d685156, org.springframework.security.web.savedrequest.RequestCacheAwareFilter@788890e9, org.springframework.security.web.servletapi.SecurityContextHolderAwareRequestFilter@2d68af14, org.springframework.security.web.authentication.AnonymousAuthenticationFilter@7bf75275, org.springframework.security.web.session.SessionManagementFilter@19a71722, org.springframework.security.web.access.ExceptionTranslationFilter@728055bf, org.springframework.security.web.access.intercept.FilterSecurityInterceptor@627ed93a]
2022-11-01 15:58:28.994  INFO--[24-main           ] [                                        ]o.s.s.c.ThreadPoolTaskExecutor :Initializing ExecutorService
2022-11-01 15:58:28.994  INFO--[24-main           ] [                                        ]o.s.s.c.ThreadPoolTaskExecutor :Initializing ExecutorService 'asyncExecutor'
2022-11-01 15:58:28.994  INFO--[24-main           ] [                                        ]o.s.s.c.ThreadPoolTaskExecutor :Initializing ExecutorService
2022-11-01 15:58:28.994  INFO--[24-main           ] [                                        ]o.s.s.c.ThreadPoolTaskExecutor :Initializing ExecutorService 'asyncExecutorNotification'
2022-11-01 15:58:28.995  INFO--[24-main           ] [                                        ]o.s.s.c.ThreadPoolTaskExecutor :Initializing ExecutorService
2022-11-01 15:58:28.995  INFO--[24-main           ] [                                        ]o.s.s.c.ThreadPoolTaskExecutor :Initializing ExecutorService 'asyncLogsExecutor'
2022-11-01 15:58:30.227  INFO--[24-main           ] [                                        ].s.s.c.ThreadPoolTaskScheduler :Initializing ExecutorService 'taskScheduler'
2022-11-01 15:58:30.274  INFO--[24-main           ] [                                        ]o.a.c.h.Http11NioProtocol      :Starting ProtocolHandler ["http-nio-8083"]
2022-11-01 15:58:30.274  INFO--[24-main           ] [                                        ]o.s.b.w.e.t.TomcatWebServer    :Tomcat started on port(s): 8083 (http) with context path ''
2022-11-01 15:58:30.336  INFO--[24-main           ] [                                        ]o.s.b.w.e.t.TomcatWebServer    :Tomcat initialized with port(s): 8090 (http)
2022-11-01 15:58:30.336  INFO--[24-main           ] [                                        ]o.a.c.h.Http11NioProtocol      :Initializing ProtocolHandler ["http-nio-8090"]
2022-11-01 15:58:30.336  INFO--[24-main           ] [                                        ]o.a.c.c.StandardService        :Starting service [Tomcat]
2022-11-01 15:58:30.336  INFO--[24-main           ] [                                        ]o.a.c.c.StandardEngine         :Starting Servlet engine: [Apache Tomcat/9.0.46]
2022-11-01 15:58:30.367  INFO--[24-main           ] [                                        ]o.a.c.c.C.[.[.[/]              :Initializing Spring embedded WebApplicationContext
2022-11-01 15:58:30.367  INFO--[24-main           ] [                                        ]letWebServerApplicationContext :Root WebApplicationContext: initialization completed in 93 ms
2022-11-01 15:58:30.383  INFO--[24-main           ] [                                        ].b.a.e.w.EndpointLinksResolver :Exposing 2 endpoint(s) beneath base path '/actuator'
2022-11-01 15:58:30.912  INFO--[24-main           ] [                                        ]o.a.c.h.Http11NioProtocol      :Starting ProtocolHandler ["http-nio-8090"]
2022-11-01 15:58:30.912  INFO--[24-main           ] [                                        ]o.s.b.w.e.t.TomcatWebServer    :Tomcat started on port(s): 8090 (http) with context path ''
2022-11-01 15:58:30.928  INFO--[24-main           ] [                                        ]a.c.m.MbeeliveApplication      :Started MbeeliveApplication in 32.35 seconds (JVM running for 34.0)
2022-11-01 15:58:30.928  INFO--[24-main           ] [                                        ]a.c.m.c.CmvSchedule            :start getFirstAccessToken
2022-11-01 15:58:30.928  INFO--[24-main           ] [                                        ]a.c.m.c.CmvRestClient          :getAccessToken with no auth!!!
2022-11-01 15:58:31.261  INFO--[24-main           ] [                                        ]omClientHttpRequestInterceptor :RestTemplate request logging: URI: https://api-sandbox.mbbank.com.vn/ms-cmv-service-auth/v1.0/login Method: POST Headers: {Accept=[text/plain, application/xml, text/xml, application/json, application/*+xml, application/*+json, */*], Content-Type=[application/json], clientMessageId=[LandStock], Content-Length=[46]} Body: {"username":"cmv_amc_app","password":"123456"}
2022-11-01 15:58:31.467  INFO--[24-)-192.168.8.103] [                                        ]o.a.c.c.C.[.[.[/]              :Initializing Spring DispatcherServlet 'dispatcherServlet'
2022-11-01 15:58:31.467  INFO--[24-)-192.168.8.103] [                                        ]o.s.w.s.DispatcherServlet      :Initializing Servlet 'dispatcherServlet'
2022-11-01 15:58:31.483  INFO--[24-)-192.168.8.103] [                                        ]o.s.w.s.DispatcherServlet      :Completed initialization in 16 ms
2022-11-01 15:58:33.283  INFO--[24-main           ] [                                        ]omClientHttpRequestInterceptor :RestTemplate response logging: URI: https://api-sandbox.mbbank.com.vn/ms-cmv-service-auth/v1.0/login Method: POST Status code: 200 OK Headers: {Date=[Tue, 01 Nov 2022 08:57:51 GMT], Content-Type=[application/json;charset=UTF-8], Connection=[keep-alive], Vary=[Origin, Access-Control-Request-Method, Access-Control-Request-Headers], Cache-Control=[no-store], Pragma=[no-cache], Set-Cookie=[BIGipServer~DEV~apiGee=rd5o00000000000000000000ffff0a011b63o443; path=/; Httponly; Secure, MBAnalyticsaaaaaaaaaaaaaaaa_session_=IHLLNNHOEPDPLBFFJFPPIAPABPGNAPDCHFPBBIOLOCNKKMIPHPPAIDDCGONLIPNPLELDGGFKEPJDBOFBCJIAHABIENAHNHFIEFDFNBAMDOGOKOHCJDOBGCENABJIBGGL; HttpOnly; secure, MB01e353a0=01bb14ea423cc764d63ffbc069adb5f3abe94e96c4c23e270d8756fac69ee55f3d5d6a16790e88c018280aa74337e91646090172a6; Path=/], Transfer-Encoding=[chunked]} Body: {"access_token":"eyJhbGciOiJIUzI1NiIsInR5cCI6IkpXVCJ9.eyJleHAiOjE2NjcyOTY2NzEsInVzZXJfbmFtZSI6IntcImlkXCI6MTE0MzIsXCJicmFuY2hJZFwiOjEsXCJ1c2VybmFtZVwiOlwiY212X2FtY19hcHBcIixcInVzZXJDb2RlXCI6XCJjbXZfYW1jX2FwcFwiLFwiZnVsbE5hbWVcIjpcIk1vYmlsZSBhcHAgQU1DXCIsXCJlbWFpbFwiOlwiY212X2FtY19hcHBAbWJiYW5rLmNvbS52blwiLFwiYnJhbmNoQ29kZVwiOlwiVk4wMDEwMDAxXCIsXCJleHBpcmVBdFwiOjE2NjcyOTMwNzU0MjYsXCJ0b2tlblR5cGVcIjpcIkFDQ0VTU19UT0tFTlwiLFwiY2xpZW50SWRcIjpcImNtdi1jbGllbnQtaWRcIixcInNjb3Blc1wiOltcIk1CI01PRElGWVwiLF
2022-11-01 15:58:33.505  INFO--[24-main           ] [                                        ]a.c.m.c.CmvSchedule            :end getFirstAccessToken
2022-11-01 15:59:02.952  INFO--[24-nio-8083-exec-2] [                                        ]a.c.m.l.LoggingService         :REQUEST:X-Request-ID=45921b08-d0bb-4764-9af9-640b63b9ad09 | {"httpMethod":"GET","httpPath":"/api/cms/v1/user-logs","clientIp":"0:0:0:0:0:0:0:1","localIp":"0:0:0:0:0:0:0:1","headers":{"authorization":"\u003c\u003cNot log authorization record\u003e\u003e","postman-token":"a396e2f3-ee1e-460a-b5e3-3544ab009db1","host":"localhost:8083","connection":"keep-alive","accept-encoding":"gzip, deflate, br","accept":"application/json; charset\u003dUTF-8","user-agent":"PostmanRuntime/7.29.2"},"parameters":{"pageNo":"0","pageSize":"10","sort":"createdAt:desc","userID":"3"}}
2022-11-01 15:59:02.999 DEBUG--[24-ynchLogThread-1] [                                        ]o.s.d.m.c.MongoTemplate        :Saving Document containing fields: [createdAt, userId, cif, path, requestId, requestObject, _class]
2022-11-01 15:59:03.030 DEBUG--[24-nio-8083-exec-2] [                                        ]o.s.d.m.c.MongoTemplate        :find using query: { "userId" : 3, "cif" : { "$exists" : false}} fields: {} for class: class ati.com.mbeelive.document.Log in collection: logs
2022-11-01 15:59:04.846  INFO--[24-nio-8083-exec-2] [                                        ]o.m.d.connection               :Opened connection [connectionId{localValue:3, serverValue:5092346}] to 207.46.234.134:27717
2022-11-01 15:59:06.341 DEBUG--[24-nio-8083-exec-2] [                                        ]o.s.d.m.c.MongoTemplate        :Executing count: { "userId" : 3, "cif" : { "$exists" : false}} in collection: posts
2022-11-01 15:59:06.893  INFO--[24-nio-8083-exec-2] [                                        ]a.c.m.l.LoggingService         :RESPONSE:X-Request-ID=45921b08-d0bb-4764-9af9-640b63b9ad09 | {"responseCode":200,"during":"4178 ms","httpPath":"/api/cms/v1/user-logs","clientIp":"0:0:0:0:0:0:0:1","localIp":"0:0:0:0:0:0:0:1","headers":{"authorization":"\u003c\u003cNot log authorization record\u003e\u003e","postman-token":"a396e2f3-ee1e-460a-b5e3-3544ab009db1","host":"localhost:8083","connection":"keep-alive","accept-encoding":"gzip, deflate, br","accept":"application/json; charset\u003dUTF-8","user-agent":"PostmanRuntime/7.29.2"},"body":"{\"message\":\"OK\",\"code\":200,\"data\":{\"content\":[{\"userName\":\"roleOther\",\"createdAt\":{\"date\":{\"year\":2022,\"month\":10,\"day\":31},\"time\":{\"hour\":17,\"minute\":22,\"second\":37,\"nano\":380000000}},\"userId\":3,\"path\":\"/api/cms/v1/fengshui/item-categories\",\"requestId\":\"91718eb7-7424-485e-aebf-b2c4162d61f6\",\"requestObject\":{\"httpMethod\":\"GET\",\"httpPath\":\"/api/cms/v1/fengshui/item-categories\",\"clientIp\":\"59.153.253.50\",\"localIp\":\"10.4.3.28\",\"headers\":{\"x-request-id\":\"2dfedf89f64c47f72e1b668462ff6fe4\",\"sec-fetch"}
2022-11-01 15:59:13.202  INFO--[24-extShutdownHook] [                                        ].s.s.c.ThreadPoolTaskScheduler :Shutting down ExecutorService 'taskScheduler'
2022-11-01 15:59:13.202  INFO--[24-extShutdownHook] [                                        ]o.s.s.c.ThreadPoolTaskExecutor :Shutting down ExecutorService 'asyncLogsExecutor'
2022-11-01 15:59:13.202  INFO--[24-extShutdownHook] [                                        ]o.s.s.c.ThreadPoolTaskExecutor :Shutting down ExecutorService 'asyncExecutorNotification'
2022-11-01 15:59:13.202  INFO--[24-extShutdownHook] [                                        ]o.s.s.c.ThreadPoolTaskExecutor :Shutting down ExecutorService 'asyncExecutor'
2022-11-01 15:59:13.202  INFO--[24-extShutdownHook] [                                        ]o.s.s.c.ThreadPoolTaskExecutor :Shutting down ExecutorService 'threadPoolTaskExecutor'
2022-11-01 15:59:13.452  INFO--[24-extShutdownHook] [                                        ]tainerEntityManagerFactoryBean :Closing JPA EntityManagerFactory for persistence unit 'default'
2022-11-01 15:59:13.452  INFO--[24-extShutdownHook] [                                        ]c.z.h.HikariDataSource         :HikariPool-1 - Shutdown initiated...
2022-11-01 15:59:13.452  INFO--[24-extShutdownHook] [                                        ]c.z.h.HikariDataSource         :HikariPool-1 - Shutdown completed.
2022-11-01 15:59:13.593  INFO--[24-extShutdownHook] [                                        ]o.m.d.connection               :Closed connection [connectionId{localValue:2, serverValue:5092345}] to 207.46.234.134:27717 because the pool has been closed.
2022-11-01 15:59:13.593  INFO--[24-extShutdownHook] [                                        ]o.m.d.connection               :Closed connection [connectionId{localValue:3, serverValue:5092346}] to 207.46.234.134:27717 because the pool has been closed.
