2023-02-27 09:00:30.947  INFO--[25-kground-preinit] [                                        ]o.h.v.i.u.Version              :HV000001: Hibernate Validator 6.1.7.Final
2023-02-27 09:00:30.981  INFO--[25-main           ] [                                        ]a.c.m.MbeeliveApplication      :Starting MbeeliveApplication on DESKTOP-GSNRLR9 with PID 4168 (C:\Work\MbLandStock\landstock-cms-be\target\classes started by Thanh Thuc in C:\Work\MbLandStock\landstock-cms-be)
2023-02-27 09:00:30.983 DEBUG--[25-main           ] [                                        ]a.c.m.MbeeliveApplication      :Running with Spring Boot v2.3.12.RELEASE, Spring v5.2.15.RELEASE
2023-02-27 09:00:30.984  INFO--[25-main           ] [                                        ]a.c.m.MbeeliveApplication      :No active profile set, falling back to default profiles: default
2023-02-27 09:00:32.266  INFO--[25-main           ] [                                        ]epositoryConfigurationDelegate :Multiple Spring Data modules found, entering strict repository configuration mode!
2023-02-27 09:00:32.267  INFO--[25-main           ] [                                        ]epositoryConfigurationDelegate :Bootstrapping Spring Data JPA repositories in DEFAULT mode.
2023-02-27 09:00:32.462  INFO--[25-main           ] [                                        ]epositoryConfigurationDelegate :Finished Spring Data repository scanning in 189ms. Found 37 JPA repository interfaces.
2023-02-27 09:00:32.462  INFO--[25-main           ] [                                        ]epositoryConfigurationDelegate :Multiple Spring Data modules found, entering strict repository configuration mode!
2023-02-27 09:00:32.462  INFO--[25-main           ] [                                        ]epositoryConfigurationDelegate :Bootstrapping Spring Data MongoDB repositories in DEFAULT mode.
2023-02-27 09:00:32.474  INFO--[25-main           ] [                                        ]epositoryConfigurationDelegate :Finished Spring Data repository scanning in 12ms. Found 2 MongoDB repository interfaces.
2023-02-27 09:00:33.263  INFO--[25-main           ] [                                        ]guringBeanFactoryPostProcessor :No bean named 'errorChannel' has been explicitly defined. Therefore, a default PublishSubscribeChannel will be created.
2023-02-27 09:00:33.270  INFO--[25-main           ] [                                        ]guringBeanFactoryPostProcessor :No bean named 'taskScheduler' has been explicitly defined. Therefore, a default ThreadPoolTaskScheduler will be created.
2023-02-27 09:00:33.275  INFO--[25-main           ] [                                        ]guringBeanFactoryPostProcessor :No bean named 'integrationHeaderChannelRegistry' has been explicitly defined. Therefore, a default DefaultHeaderChannelRegistry will be created.
2023-02-27 09:00:33.530  INFO--[25-main           ] [                                        ]egate$BeanPostProcessorChecker :Bean 'org.springframework.integration.config.IntegrationManagementConfiguration' of type [org.springframework.integration.config.IntegrationManagementConfiguration] is not eligible for getting processed by all BeanPostProcessors (for example: not eligible for auto-proxying)
2023-02-27 09:00:33.541  INFO--[25-main           ] [                                        ]egate$BeanPostProcessorChecker :Bean 'integrationChannelResolver' of type [org.springframework.integration.support.channel.BeanFactoryChannelResolver] is not eligible for getting processed by all BeanPostProcessors (for example: not eligible for auto-proxying)
2023-02-27 09:00:33.543  INFO--[25-main           ] [                                        ]egate$BeanPostProcessorChecker :Bean 'integrationDisposableAutoCreatedBeans' of type [org.springframework.integration.config.annotation.Disposables] is not eligible for getting processed by all BeanPostProcessors (for example: not eligible for auto-proxying)
2023-02-27 09:00:33.791  INFO--[25-main           ] [                                        ]o.s.b.w.e.t.TomcatWebServer    :Tomcat initialized with port(s): 8083 (http)
2023-02-27 09:00:33.798  INFO--[25-main           ] [                                        ]o.a.c.h.Http11NioProtocol      :Initializing ProtocolHandler ["http-nio-8083"]
2023-02-27 09:00:33.799  INFO--[25-main           ] [                                        ]o.a.c.c.StandardService        :Starting service [Tomcat]
2023-02-27 09:00:33.799  INFO--[25-main           ] [                                        ]o.a.c.c.StandardEngine         :Starting Servlet engine: [Apache Tomcat/9.0.46]
2023-02-27 09:00:33.976  INFO--[25-main           ] [                                        ]o.a.c.c.C.[.[.[/]              :Initializing Spring embedded WebApplicationContext
2023-02-27 09:00:33.976  INFO--[25-main           ] [                                        ]letWebServerApplicationContext :Root WebApplicationContext: initialization completed in 2934 ms
2023-02-27 09:00:34.347  INFO--[25-main           ] [                                        ]o.m.d.cluster                  :Cluster created with settings {hosts=[127.0.0.1:27017], srvHost=lab-uat.ojso0.mongodb.net, mode=MULTIPLE, requiredClusterType=REPLICA_SET, serverSelectionTimeout='30000 ms', requiredReplicaSetName='atlas-gx6iy8-shard-0'}
2023-02-27 09:00:34.461  INFO--[25-so0.mongodb.net] [                                        ]o.m.d.cluster                  :Adding discovered server lab-uat-shard-00-00.ojso0.mongodb.net:27017 to client view of cluster
2023-02-27 09:00:34.482  INFO--[25-so0.mongodb.net] [                                        ]o.m.d.cluster                  :Adding discovered server lab-uat-shard-00-01.ojso0.mongodb.net:27017 to client view of cluster
2023-02-27 09:00:34.483  INFO--[25-so0.mongodb.net] [                                        ]o.m.d.cluster                  :Adding discovered server lab-uat-shard-00-02.ojso0.mongodb.net:27017 to client view of cluster
2023-02-27 09:00:34.910  INFO--[25-main           ] [                                        ]o.m.d.cluster                  :No server chosen by com.mongodb.client.internal.MongoClientDelegate$1@4cd90c36 from cluster description ClusterDescription{type=REPLICA_SET, connectionMode=MULTIPLE, serverDescriptions=[ServerDescription{address=lab-uat-shard-00-00.ojso0.mongodb.net:27017, type=UNKNOWN, state=CONNECTING}, ServerDescription{address=lab-uat-shard-00-01.ojso0.mongodb.net:27017, type=UNKNOWN, state=CONNECTING}, ServerDescription{address=lab-uat-shard-00-02.ojso0.mongodb.net:27017, type=UNKNOWN, state=CONNECTING}]}. Waiting for 30000 ms before timing out
2023-02-27 09:00:35.779  INFO--[25-ngodb.net:27017] [                                        ]o.m.d.connection               :Opened connection [connectionId{localValue:1, serverValue:58633}] to lab-uat-shard-00-02.ojso0.mongodb.net:27017
2023-02-27 09:00:35.882  INFO--[25-ngodb.net:27017] [                                        ]o.m.d.cluster                  :Monitor thread successfully connected to server with description ServerDescription{address=lab-uat-shard-00-02.ojso0.mongodb.net:27017, type=REPLICA_SET_SECONDARY, state=CONNECTED, ok=true, minWireVersion=0, maxWireVersion=17, maxDocumentSize=16777216, logicalSessionTimeoutMinutes=30, roundTripTimeNanos=95987000, setName='atlas-gx6iy8-shard-0', canonicalAddress=lab-uat-shard-00-02.ojso0.mongodb.net:27017, hosts=[lab-uat-shard-00-02.ojso0.mongodb.net:27017, lab-uat-shard-00-01.ojso0.mongodb.net:27017, lab-uat-shard-00-00.ojso0.mongodb.net:27017], passives=[], arbiters=[], primary='lab-uat-shard-00-01.ojso0.mongodb.net:27017', tagSet=TagSet{[Tag{name='nodeType', value='ELECTABLE'}, Tag{name='provider', value='AZURE'}, Tag{name='region', value='ASIA_SOUTH_EAST'}, Tag{name='workloadType', value='OPERATIONAL'}]}, electionId=null, setVersion=1, lastWriteDate=Mon Feb 27 09:00:35 GMT+07:00 2023, lastUpdateTimeNanos=585347541293700}
2023-02-27 09:00:35.921  INFO--[25-main           ] [                                        ]o.m.d.cluster                  :No server chosen by WritableServerSelector from cluster description ClusterDescription{type=REPLICA_SET, connectionMode=MULTIPLE, serverDescriptions=[ServerDescription{address=lab-uat-shard-00-00.ojso0.mongodb.net:27017, type=UNKNOWN, state=CONNECTING}, ServerDescription{address=lab-uat-shard-00-01.ojso0.mongodb.net:27017, type=UNKNOWN, state=CONNECTING}, ServerDescription{address=lab-uat-shard-00-02.ojso0.mongodb.net:27017, type=REPLICA_SET_SECONDARY, state=CONNECTED, ok=true, minWireVersion=0, maxWireVersion=17, maxDocumentSize=16777216, logicalSessionTimeoutMinutes=30, roundTripTimeNanos=95987000, setName='atlas-gx6iy8-shard-0', canonicalAddress=lab-uat-shard-00-02.ojso0.mongodb.net:27017, hosts=[lab-uat-shard-00-02.ojso0.mongodb.net:27017, lab-uat-shard-00-01.ojso0.mongodb.net:27017, lab-uat-shard-00-00.ojso0.mongodb.net:27017], passives=[], arbiters=[], primary='lab-uat-shard-00-01.ojso0.mongodb.net:27017', tagSet=TagSet{[Tag{name='nodeType', value='ELECTABLE'}, Tag{name='provider', value='AZURE'}, Tag{name='region', value='ASIA_SOUTH_EAST'}, Tag{name='workloadType', value='OPERATIONAL'}]}, electionId=null, setVersion=1, lastWriteDate=Mon Feb 27 09:00:35 GMT+07:00 2023, lastUpdateTimeNanos=585347541293700}]}. Waiting for 30000 ms before timing out
2023-02-27 09:00:37.179  INFO--[25-ngodb.net:27017] [                                        ]o.m.d.connection               :Opened connection [connectionId{localValue:3, serverValue:58812}] to lab-uat-shard-00-00.ojso0.mongodb.net:27017
2023-02-27 09:00:37.312  INFO--[25-ngodb.net:27017] [                                        ]o.m.d.cluster                  :Monitor thread successfully connected to server with description ServerDescription{address=lab-uat-shard-00-00.ojso0.mongodb.net:27017, type=REPLICA_SET_SECONDARY, state=CONNECTED, ok=true, minWireVersion=0, maxWireVersion=17, maxDocumentSize=16777216, logicalSessionTimeoutMinutes=30, roundTripTimeNanos=131572700, setName='atlas-gx6iy8-shard-0', canonicalAddress=lab-uat-shard-00-00.ojso0.mongodb.net:27017, hosts=[lab-uat-shard-00-02.ojso0.mongodb.net:27017, lab-uat-shard-00-01.ojso0.mongodb.net:27017, lab-uat-shard-00-00.ojso0.mongodb.net:27017], passives=[], arbiters=[], primary='lab-uat-shard-00-01.ojso0.mongodb.net:27017', tagSet=TagSet{[Tag{name='nodeType', value='ELECTABLE'}, Tag{name='provider', value='AZURE'}, Tag{name='region', value='ASIA_SOUTH_EAST'}, Tag{name='workloadType', value='OPERATIONAL'}]}, electionId=null, setVersion=1, lastWriteDate=Mon Feb 27 09:00:35 GMT+07:00 2023, lastUpdateTimeNanos=585348974548900}
2023-02-27 09:00:37.858  INFO--[25-ngodb.net:27017] [                                        ]o.m.d.connection               :Opened connection [connectionId{localValue:2, serverValue:62094}] to lab-uat-shard-00-01.ojso0.mongodb.net:27017
2023-02-27 09:00:37.949  INFO--[25-ngodb.net:27017] [                                        ]o.m.d.cluster                  :Monitor thread successfully connected to server with description ServerDescription{address=lab-uat-shard-00-01.ojso0.mongodb.net:27017, type=REPLICA_SET_PRIMARY, state=CONNECTED, ok=true, minWireVersion=0, maxWireVersion=17, maxDocumentSize=16777216, logicalSessionTimeoutMinutes=30, roundTripTimeNanos=89972400, setName='atlas-gx6iy8-shard-0', canonicalAddress=lab-uat-shard-00-01.ojso0.mongodb.net:27017, hosts=[lab-uat-shard-00-02.ojso0.mongodb.net:27017, lab-uat-shard-00-01.ojso0.mongodb.net:27017, lab-uat-shard-00-00.ojso0.mongodb.net:27017], passives=[], arbiters=[], primary='lab-uat-shard-00-01.ojso0.mongodb.net:27017', tagSet=TagSet{[Tag{name='nodeType', value='ELECTABLE'}, Tag{name='provider', value='AZURE'}, Tag{name='region', value='ASIA_SOUTH_EAST'}, Tag{name='workloadType', value='OPERATIONAL'}]}, electionId=7fffffff0000000000000006, setVersion=1, lastWriteDate=Mon Feb 27 09:00:35 GMT+07:00 2023, lastUpdateTimeNanos=585349611844000}
2023-02-27 09:00:37.949  INFO--[25-ngodb.net:27017] [                                        ]o.m.d.cluster                  :Setting max election id to 7fffffff0000000000000006 from replica set primary lab-uat-shard-00-01.ojso0.mongodb.net:27017
2023-02-27 09:00:37.949  INFO--[25-ngodb.net:27017] [                                        ]o.m.d.cluster                  :Setting max set version to 1 from replica set primary lab-uat-shard-00-01.ojso0.mongodb.net:27017
2023-02-27 09:00:37.949  INFO--[25-ngodb.net:27017] [                                        ]o.m.d.cluster                  :Discovered replica set primary lab-uat-shard-00-01.ojso0.mongodb.net:27017
2023-02-27 09:00:38.644  INFO--[25-main           ] [                                        ]o.m.d.connection               :Opened connection [connectionId{localValue:4, serverValue:62095}] to lab-uat-shard-00-01.ojso0.mongodb.net:27017
2023-02-27 09:00:39.181  INFO--[25-main           ] [                                        ]oPersistentEntityIndexResolver :Found cycle for field '_id' in type 'PostComment' for path 'lastComment -> lastComment'
2023-02-27 09:00:39.182  INFO--[25-main           ] [                                        ]oPersistentEntityIndexResolver :Found cycle for field 'lastComment' in type 'PostComment' for path 'lastComment -> lastComment'
2023-02-27 09:00:39.477  INFO--[25-main           ] [                                        ]oPersistentEntityIndexResolver :Found cycle for field '_id' in type 'PostComment' for path 'lastComment -> lastComment'
2023-02-27 09:00:39.480  INFO--[25-main           ] [                                        ]oPersistentEntityIndexResolver :Found cycle for field 'lastComment' in type 'PostComment' for path 'lastComment -> lastComment'
2023-02-27 09:00:40.069  INFO--[25-main           ] [                                        ]c.z.h.HikariDataSource         :HikariPool-1 - Starting...
2023-02-27 09:00:43.682  INFO--[25-main           ] [                                        ]c.z.h.HikariDataSource         :HikariPool-1 - Start completed.
2023-02-27 09:00:43.783  INFO--[25-main           ] [                                        ]o.h.j.i.u.LogHelper            :HHH000204: Processing PersistenceUnitInfo [name: default]
2023-02-27 09:00:43.820  INFO--[25-main           ] [                                        ]o.h.Version                    :HHH000412: Hibernate ORM core version 5.4.32.Final
2023-02-27 09:00:43.909  INFO--[25-main           ] [                                        ]o.h.a.c.Version                :HCANN000001: Hibernate Commons Annotations {5.1.2.Final}
2023-02-27 09:00:43.999  INFO--[25-main           ] [                                        ]o.h.d.Dialect                  :HHH000400: Using dialect: org.hibernate.dialect.MySQL5Dialect
2023-02-27 09:00:44.838  INFO--[25-main           ] [                                        ]e.t.j.p.i.JtaPlatformInitiator :HHH000490: Using JtaPlatform implementation: [org.hibernate.engine.transaction.jta.platform.internal.NoJtaPlatform]
2023-02-27 09:00:44.851  INFO--[25-main           ] [                                        ]tainerEntityManagerFactoryBean :Initialized JPA EntityManagerFactory for persistence unit 'default'
2023-02-27 09:00:45.437  WARN--[25-main           ] [                                        ]figuration$JpaWebConfiguration :spring.jpa.open-in-view is enabled by default. Therefore, database queries may be performed during view rendering. Explicitly configure spring.jpa.open-in-view to disable this warning
2023-02-27 09:00:49.041  INFO--[25-main           ] [                                        ].s.s.c.ThreadPoolTaskScheduler :Initializing ExecutorService 'taskScheduler'
2023-02-27 09:00:49.139 DEBUG--[25-main           ] [                                        ].c.m.s.JwtAuthenticationFilter :Filter 'jwtAuthenticationFilter' configured for use
2023-02-27 09:00:49.139 DEBUG--[25-main           ] [                                        ]a.c.m.l.RequestLoggingFilter   :Filter 'requestLoggingFilter' configured for use
2023-02-27 09:00:49.605  INFO--[25-main           ] [                                        ]o.r.Version                    :Redisson 3.13.2
2023-02-27 09:00:51.945  INFO--[25-sson-netty-2-17] [                                        ]c.p.MasterPubSubConnectionPool :1 connections initialized for dev-brood.redis.cache.windows.net/13.76.180.224:6380
2023-02-27 09:00:52.061  INFO--[25-sson-netty-2-20] [                                        ]o.r.c.p.MasterConnectionPool   :24 connections initialized for dev-brood.redis.cache.windows.net/13.76.180.224:6380
2023-02-27 09:00:53.323  INFO--[25-main           ] [                                        ]o.s.s.c.ThreadPoolTaskExecutor :Initializing ExecutorService
2023-02-27 09:00:53.323  INFO--[25-main           ] [                                        ]o.s.s.c.ThreadPoolTaskExecutor :Initializing ExecutorService 'threadPoolTaskExecutor'
2023-02-27 09:00:53.368  INFO--[25-main           ] [                                        ]redAnnotationBeanPostProcessor :Autowired annotation is not supported on static methods: public static void ati.com.mbeelive.utils.FengShuiUtils.setBlodUrl(java.lang.String)
2023-02-27 09:00:53.442  INFO--[25-main           ] [                                        ].c.GcpContextAutoConfiguration :The default project ID is mb-data-science-329003
2023-02-27 09:00:53.486  INFO--[25-main           ] [                                        ]s.c.DefaultCredentialsProvider :Default credentials provider for service account landstock-pubsub-dev@mb-data-science-329003.iam.gserviceaccount.com
2023-02-27 09:00:53.486  INFO--[25-main           ] [                                        ]s.c.DefaultCredentialsProvider :Scopes in use by default credentials: [https://www.googleapis.com/auth/pubsub, https://www.googleapis.com/auth/spanner.admin, https://www.googleapis.com/auth/spanner.data, https://www.googleapis.com/auth/datastore, https://www.googleapis.com/auth/sqlservice.admin, https://www.googleapis.com/auth/devstorage.read_only, https://www.googleapis.com/auth/devstorage.read_write, https://www.googleapis.com/auth/cloudruntimeconfig, https://www.googleapis.com/auth/trace.append, https://www.googleapis.com/auth/cloud-platform, https://www.googleapis.com/auth/cloud-vision, https://www.googleapis.com/auth/bigquery, https://www.googleapis.com/auth/monitoring.write]
2023-02-27 09:00:53.489  INFO--[25-main           ] [                                        ].s.s.c.ThreadPoolTaskScheduler :Initializing ExecutorService
2023-02-27 09:00:53.507  INFO--[25-main           ] [                                        ].s.s.c.ThreadPoolTaskScheduler :Initializing ExecutorService 'pubsubPublisherThreadPool'
2023-02-27 09:00:53.564  INFO--[25-main           ] [                                        ]o.s.s.c.ThreadPoolTaskExecutor :Initializing ExecutorService 'pubSubAcknowledgementExecutor'
2023-02-27 09:00:53.659  INFO--[25-main           ] [                                        ]etailsServiceAutoConfiguration :

Using generated security password: d83128f3-a422-483c-9407-d506ab54f69b

2023-02-27 09:00:53.719  INFO--[25-main           ] [                                        ]s.w.DefaultSecurityFilterChain :Creating filter chain: Ant [pattern='/v2/api-docs'], []
2023-02-27 09:00:53.719  INFO--[25-main           ] [                                        ]s.w.DefaultSecurityFilterChain :Creating filter chain: Ant [pattern='/configuration/ui'], []
2023-02-27 09:00:53.719  INFO--[25-main           ] [                                        ]s.w.DefaultSecurityFilterChain :Creating filter chain: Ant [pattern='/swagger-resources/**'], []
2023-02-27 09:00:53.719  INFO--[25-main           ] [                                        ]s.w.DefaultSecurityFilterChain :Creating filter chain: Ant [pattern='/configuration/security'], []
2023-02-27 09:00:53.719  INFO--[25-main           ] [                                        ]s.w.DefaultSecurityFilterChain :Creating filter chain: Ant [pattern='/swagger-ui.html'], []
2023-02-27 09:00:53.719  INFO--[25-main           ] [                                        ]s.w.DefaultSecurityFilterChain :Creating filter chain: Ant [pattern='/swagger-ui/**'], []
2023-02-27 09:00:53.719  INFO--[25-main           ] [                                        ]s.w.DefaultSecurityFilterChain :Creating filter chain: Ant [pattern='/v3/api-docs/**'], []
2023-02-27 09:00:53.719  INFO--[25-main           ] [                                        ]s.w.DefaultSecurityFilterChain :Creating filter chain: Ant [pattern='/webjars/**'], []
2023-02-27 09:00:53.777  INFO--[25-main           ] [                                        ]s.w.DefaultSecurityFilterChain :Creating filter chain: any request, [org.springframework.security.web.context.request.async.WebAsyncManagerIntegrationFilter@6c8e0773, org.springframework.security.web.context.SecurityContextPersistenceFilter@33e0d356, org.springframework.security.web.header.HeaderWriterFilter@410ca583, org.springframework.web.filter.CorsFilter@5b5db3a, org.springframework.security.web.csrf.CsrfFilter@405a2c7b, org.springframework.security.web.authentication.logout.LogoutFilter@2ca9368b, ati.com.mbeelive.springsercurity.JwtAuthenticationFilter@4096a622, org.springframework.security.web.savedrequest.RequestCacheAwareFilter@47e0aeb5, org.springframework.security.web.servletapi.SecurityContextHolderAwareRequestFilter@72d1a87a, org.springframework.security.web.authentication.AnonymousAuthenticationFilter@5406ce9f, org.springframework.security.web.session.SessionManagementFilter@6eb49e78, org.springframework.security.web.access.ExceptionTranslationFilter@2718f622, org.springframework.security.web.access.intercept.FilterSecurityInterceptor@7afaf602]
2023-02-27 09:00:53.947  INFO--[25-main           ] [                                        ]o.s.s.c.ThreadPoolTaskExecutor :Initializing ExecutorService
2023-02-27 09:00:53.947  INFO--[25-main           ] [                                        ]o.s.s.c.ThreadPoolTaskExecutor :Initializing ExecutorService 'asyncExecutor'
2023-02-27 09:00:53.948  INFO--[25-main           ] [                                        ]o.s.s.c.ThreadPoolTaskExecutor :Initializing ExecutorService
2023-02-27 09:00:53.948  INFO--[25-main           ] [                                        ]o.s.s.c.ThreadPoolTaskExecutor :Initializing ExecutorService 'asyncExecutorNotification'
2023-02-27 09:00:53.948  INFO--[25-main           ] [                                        ]o.s.s.c.ThreadPoolTaskExecutor :Initializing ExecutorService
2023-02-27 09:00:53.948  INFO--[25-main           ] [                                        ]o.s.s.c.ThreadPoolTaskExecutor :Initializing ExecutorService 'asyncLogsExecutor'
2023-02-27 09:00:56.578  INFO--[25-main           ] [                                        ]o.s.i.e.EventDrivenConsumer    :Adding {logging-channel-adapter:_org.springframework.integration.errorLogger} as a subscriber to the 'errorChannel' channel
2023-02-27 09:00:56.579  INFO--[25-main           ] [                                        ].s.i.c.PublishSubscribeChannel :Channel 'application.errorChannel' has 1 subscriber(s).
2023-02-27 09:00:56.579  INFO--[25-main           ] [                                        ]o.s.i.e.EventDrivenConsumer    :started bean '_org.springframework.integration.errorLogger'
2023-02-27 09:00:56.579  INFO--[25-main           ] [                                        ]o.s.i.e.EventDrivenConsumer    :Adding {message-handler:pubSubConfig.messageSender.serviceActivator} as a subscriber to the 'pubsubLogChannel' channel
2023-02-27 09:00:56.579  INFO--[25-main           ] [                                        ]o.s.i.c.DirectChannel          :Channel 'application.pubsubLogChannel' has 1 subscriber(s).
2023-02-27 09:00:56.579  INFO--[25-main           ] [                                        ]o.s.i.e.EventDrivenConsumer    :started bean 'pubSubConfig.messageSender.serviceActivator'
2023-02-27 09:00:56.579  INFO--[25-main           ] [                                        ]ryBean$MethodInvocationGateway :started bean 'pubSubConfig$PubsubLogOutboundGateway'
2023-02-27 09:00:56.579  INFO--[25-main           ] [                                        ].s.i.g.GatewayProxyFactoryBean :started bean 'pubSubConfig$PubsubLogOutboundGateway'
2023-02-27 09:00:56.579  INFO--[25-main           ] [                                        ]o.a.c.h.Http11NioProtocol      :Starting ProtocolHandler ["http-nio-8083"]
2023-02-27 09:00:56.591  INFO--[25-main           ] [                                        ]o.s.b.w.e.t.TomcatWebServer    :Tomcat started on port(s): 8083 (http) with context path ''
2023-02-27 09:00:56.661  INFO--[25-main           ] [                                        ]o.s.b.w.e.t.TomcatWebServer    :Tomcat initialized with port(s): 8090 (http)
2023-02-27 09:00:56.661  INFO--[25-main           ] [                                        ]o.a.c.h.Http11NioProtocol      :Initializing ProtocolHandler ["http-nio-8090"]
2023-02-27 09:00:56.661  INFO--[25-main           ] [                                        ]o.a.c.c.StandardService        :Starting service [Tomcat]
2023-02-27 09:00:56.662  INFO--[25-main           ] [                                        ]o.a.c.c.StandardEngine         :Starting Servlet engine: [Apache Tomcat/9.0.46]
2023-02-27 09:00:56.749  INFO--[25-main           ] [                                        ]o.a.c.c.C.[.[.[/]              :Initializing Spring embedded WebApplicationContext
2023-02-27 09:00:56.749  INFO--[25-main           ] [                                        ]letWebServerApplicationContext :Root WebApplicationContext: initialization completed in 154 ms
2023-02-27 09:00:56.766  INFO--[25-main           ] [                                        ].b.a.e.w.EndpointLinksResolver :Exposing 2 endpoint(s) beneath base path '/actuator'
2023-02-27 09:00:57.516  INFO--[25-main           ] [                                        ]o.a.c.h.Http11NioProtocol      :Starting ProtocolHandler ["http-nio-8090"]
2023-02-27 09:00:57.519  INFO--[25-main           ] [                                        ]o.s.b.w.e.t.TomcatWebServer    :Tomcat started on port(s): 8090 (http) with context path ''
2023-02-27 09:00:57.562  INFO--[25-main           ] [                                        ]a.c.m.MbeeliveApplication      :Started MbeeliveApplication in 26.876 seconds (JVM running for 29.236)
2023-02-27 09:00:57.571  INFO--[25-main           ] [                                        ]a.c.m.c.CmvSchedule            :start getFirstAccessToken
2023-02-27 09:00:57.571  INFO--[25-main           ] [                                        ]a.c.m.c.CmvRestClient          :getAccessToken with no auth!!!
2023-02-27 09:00:57.763  INFO--[25-main           ] [                                        ]omClientHttpRequestInterceptor :RestTemplate request logging: URI: https://api-sandbox.mbbank.com.vn/ms-cmv-service-auth/v1.0/login Method: POST Headers: {Accept=[text/plain, application/xml, text/xml, application/json, application/*+xml, application/*+json, */*], Content-Type=[application/json], clientMessageId=[LandStock], Content-Length=[46]} Body: {"username":"cmv_amc_app","password":"123456"}
2023-02-27 09:00:58.058  INFO--[25-)-192.168.8.104] [                                        ]o.a.c.c.C.[.[.[/]              :Initializing Spring DispatcherServlet 'dispatcherServlet'
2023-02-27 09:00:58.058  INFO--[25-)-192.168.8.104] [                                        ]o.s.w.s.DispatcherServlet      :Initializing Servlet 'dispatcherServlet'
2023-02-27 09:00:58.073  INFO--[25-)-192.168.8.104] [                                        ]o.s.w.s.DispatcherServlet      :Completed initialization in 15 ms
2023-02-27 09:00:58.798  INFO--[25-main           ] [                                        ]omClientHttpRequestInterceptor :RestTemplate response logging: URI: https://api-sandbox.mbbank.com.vn/ms-cmv-service-auth/v1.0/login Method: POST Status code: 200 OK Headers: {Date=[Mon, 27 Feb 2023 02:00:58 GMT], Content-Type=[application/json;charset=UTF-8], Connection=[keep-alive], Vary=[Origin, Access-Control-Request-Method, Access-Control-Request-Headers], Cache-Control=[no-store], Pragma=[no-cache], Set-Cookie=[BIGipServer~DEV~apiGee=rd5o00000000000000000000ffff0a011b63o443; path=/; Httponly; Secure, MBAnalyticsaaaaaaaaaaaaaaaa_session_=PAGHPEAJLPKBCBFCFLJAHFHDFJBKKNDBKEOHCNDHILKJOENMLHFHOALMGJJJEIBGHJGDLKLGPOLPBNCCCFLAPLCFIAAJBDPLBMJDJMLCIFLGJIMLKGEIHPEOJOHOGJKD; HttpOnly; secure, MB01e353a0=01bb14ea42ec21dcf23d68ce0d6e56284d6d17f83f23ac7d368240d016eced7a70c8383906620abff53c54da57ef1f737ce6a06608; Path=/], Transfer-Encoding=[chunked]} Body: {"access_token":"eyJhbGciOiJIUzI1NiIsInR5cCI6IkpXVCJ9.eyJleHAiOjE2Nzc0NjY4NTgsInVzZXJfbmFtZSI6IntcImlkXCI6MTE0MzIsXCJicmFuY2hJZFwiOjEsXCJ1c2VybmFtZVwiOlwiY212X2FtY19hcHBcIixcInVzZXJDb2RlXCI6XCJjbXZfYW1jX2FwcFwiLFwiZnVsbE5hbWVcIjpcIk1vYmlsZSBhcHAgQU1DXCIsXCJlbWFpbFwiOlwidGVzdC5jbXZfYW1jX2FwcEBtYmJhbmsuY29tLnZuXCIsXCJicmFuY2hDb2RlXCI6XCJWTjAwMTAwMDFcIixcImV4cGlyZUF0XCI6MTY3NzQ2MzI2MjQ4MyxcInRva2VuVHlwZVwiOlwiQUNDRVNTX1RPS0VOXCIsXCJjbGllbnRJZFwiOlwiY212LWNsaWVudC1pZFwiLFwic2NvcGVzXCI6W1wiTUIjTU9ESU
2023-02-27 09:00:59.030  INFO--[25-main           ] [                                        ]a.c.m.c.CmvSchedule            :end getFirstAccessToken
2023-02-27 09:01:02.449 DEBUG--[25-nio-8083-exec-1] [                                        ]a.c.m.l.LoggingService         :REQUEST:X-Request-ID=null | ati.com.mbeelive.log.LoggingService$LogRequestObject@f4681c1
2023-02-27 09:01:02.563 DEBUG--[25-nio-8083-exec-4] [                                        ]a.c.m.l.LoggingService         :RESPONSE:X-Request-ID=null | ati.com.mbeelive.log.LoggingService$LogResponseObject@ece3c4b
2023-02-27 09:01:02.576 DEBUG--[25-nio-8083-exec-4] [                                        ]a.c.m.l.LoggingService         :REQUEST:X-Request-ID=null | ati.com.mbeelive.log.LoggingService$LogRequestObject@164b7d51
2023-02-27 09:01:03.861  INFO--[25-nio-8083-exec-3] [                                        ]o.s.a.AbstractOpenApiResource  :Init duration for springdoc-openapi is: 1222 ms
2023-02-27 09:01:03.903 DEBUG--[25-nio-8083-exec-3] [                                        ]a.c.m.l.LoggingService         :RESPONSE:X-Request-ID=null | ati.com.mbeelive.log.LoggingService$LogResponseObject@e914605
2023-02-27 09:01:03.914 DEBUG--[25-nio-8083-exec-3] [                                        ]a.c.m.l.LoggingService         :REQUEST:X-Request-ID=null | ati.com.mbeelive.log.LoggingService$LogRequestObject@1d4742f0
2023-02-27 09:01:39.322 DEBUG--[25-nio-8083-exec-2] [                                        ]a.c.m.l.LoggingService         :REQUEST BODY:X-Request-ID=8df16080-0266-444d-8493-13131a8f8511 | ati.com.mbeelive.dto.post.input.UpdatePostInput@10126359
2023-02-27 09:01:39.386 DEBUG--[25-ynchLogThread-1] [                                        ]o.s.d.m.c.MongoTemplate        :Calling update using query: { "requestId" : "8df16080-0266-444d-8493-13131a8f8511"} and update: { "$set" : { "requestBody" : { "postId" : "63f33843079cd221104d88a8", "showInfor" : true, "floorNo" : 0, "area" : 0.0, "costs" : 0.0, "isHighlight" : true, "startTime" : { "$date" : "2023-02-27T01:56:25Z"}, "endTime" : { "$date" : "2023-03-05T01:56:25Z"}, "_class" : "ati.com.mbeelive.dto.post.input.UpdatePostInput"}, "session" : "c27cee0fd29f42e79733fbb1db32a4d83d267f060d7d78b21e45948701b3395707878d72c180f36e4e9453767c9c14d6e5851f74f74023321e7a6d2493f5facf"}} in collection: logs
2023-02-27 09:01:41.917 DEBUG--[25-nio-8083-exec-2] [                                        ]o.s.d.m.c.MongoTemplate        :findOne using query: { "id" : "63f33843079cd221104d88a8", "deleted" : false} fields: {} for class: class ati.com.mbeelive.document.post.Post in collection: posts
2023-02-27 09:01:41.926 DEBUG--[25-nio-8083-exec-2] [                                        ]o.s.d.m.c.MongoTemplate        :findOne using query: { "_id" : { "$oid" : "63f33843079cd221104d88a8"}, "deleted" : false} fields: {} in db.collection: landstock_dev.posts
2023-02-27 09:01:47.906 DEBUG--[25-nio-8083-exec-2] [                                        ]o.s.d.m.c.MongoTemplate        :findOne using query: { "deleted" : false, "postId" : "63f33843079cd221104d88a8"} fields: {} for class: class ati.com.mbeelive.document.post.PostLibrary in collection: post_library
2023-02-27 09:01:47.909 DEBUG--[25-nio-8083-exec-2] [                                        ]o.s.d.m.c.MongoTemplate        :findOne using query: { "deleted" : false, "postId" : "63f33843079cd221104d88a8"} fields: {} in db.collection: landstock_dev.post_library
2023-02-27 09:03:08.001  WARN--[25-l-1 housekeeper] [                                        ]c.z.h.p.HikariPool             :HikariPool-1 - Thread starvation or clock leap detected (housekeeper delta=1m20s160ms731µs100ns).
2023-02-27 09:03:43.073 ERROR--[25-nio-8083-exec-2] [                                        ]a.c.m.e.CustomExceptionHandler :null
java.lang.NullPointerException
	at ati.com.mbeelive.collection.PostLibraryCollection.save(PostLibraryCollection.java:116)
	at ati.com.mbeelive.collection.PostLibraryCollection$$FastClassBySpringCGLIB$$509a0cf1.invoke(<generated>)
	at org.springframework.cglib.proxy.MethodProxy.invoke(MethodProxy.java:218)
	at org.springframework.aop.framework.CglibAopProxy$CglibMethodInvocation.invokeJoinpoint(CglibAopProxy.java:779)
	at org.springframework.aop.framework.ReflectiveMethodInvocation.proceed(ReflectiveMethodInvocation.java:163)
	at org.springframework.aop.framework.CglibAopProxy$CglibMethodInvocation.proceed(CglibAopProxy.java:750)
	at org.springframework.dao.support.PersistenceExceptionTranslationInterceptor.invoke(PersistenceExceptionTranslationInterceptor.java:139)
	at org.springframework.aop.framework.ReflectiveMethodInvocation.proceed(ReflectiveMethodInvocation.java:186)
	at org.springframework.aop.framework.CglibAopProxy$CglibMethodInvocation.proceed(CglibAopProxy.java:750)
	at org.springframework.aop.framework.CglibAopProxy$DynamicAdvisedInterceptor.intercept(CglibAopProxy.java:692)
	at ati.com.mbeelive.collection.PostLibraryCollection$$EnhancerBySpringCGLIB$$1f862db2.save(<generated>)
	at ati.com.mbeelive.service.post.PostService.convertPostLibrary(PostService.java:103)
	at ati.com.mbeelive.service.post.PostService.adminUpdate(PostService.java:77)
	at ati.com.mbeelive.service.post.PostService$$FastClassBySpringCGLIB$$1f70b308.invoke(<generated>)
	at org.springframework.cglib.proxy.MethodProxy.invoke(MethodProxy.java:218)
	at org.springframework.aop.framework.CglibAopProxy$CglibMethodInvocation.invokeJoinpoint(CglibAopProxy.java:779)
	at org.springframework.aop.framework.ReflectiveMethodInvocation.proceed(ReflectiveMethodInvocation.java:163)
	at org.springframework.aop.framework.CglibAopProxy$CglibMethodInvocation.proceed(CglibAopProxy.java:750)
	at org.springframework.transaction.interceptor.TransactionAspectSupport.invokeWithinTransaction(TransactionAspectSupport.java:367)
	at org.springframework.transaction.interceptor.TransactionInterceptor.invoke(TransactionInterceptor.java:118)
	at org.springframework.aop.framework.ReflectiveMethodInvocation.proceed(ReflectiveMethodInvocation.java:186)
	at org.springframework.aop.framework.CglibAopProxy$CglibMethodInvocation.proceed(CglibAopProxy.java:750)
	at org.springframework.aop.framework.CglibAopProxy$DynamicAdvisedInterceptor.intercept(CglibAopProxy.java:692)
	at ati.com.mbeelive.service.post.PostService$$EnhancerBySpringCGLIB$$1f5b2657.adminUpdate(<generated>)
	at ati.com.mbeelive.controller.cms.PostV2Controller.update(PostV2Controller.java:68)
	at java.base/jdk.internal.reflect.NativeMethodAccessorImpl.invoke0(Native Method)
	at java.base/jdk.internal.reflect.NativeMethodAccessorImpl.invoke(NativeMethodAccessorImpl.java:62)
	at java.base/jdk.internal.reflect.DelegatingMethodAccessorImpl.invoke(DelegatingMethodAccessorImpl.java:43)
	at java.base/java.lang.reflect.Method.invoke(Method.java:566)
	at org.springframework.web.method.support.InvocableHandlerMethod.doInvoke(InvocableHandlerMethod.java:190)
	at org.springframework.web.method.support.InvocableHandlerMethod.invokeForRequest(InvocableHandlerMethod.java:138)
	at org.springframework.web.servlet.mvc.method.annotation.ServletInvocableHandlerMethod.invokeAndHandle(ServletInvocableHandlerMethod.java:105)
	at org.springframework.web.servlet.mvc.method.annotation.RequestMappingHandlerAdapter.invokeHandlerMethod(RequestMappingHandlerAdapter.java:878)
	at org.springframework.web.servlet.mvc.method.annotation.RequestMappingHandlerAdapter.handleInternal(RequestMappingHandlerAdapter.java:792)
	at org.springframework.web.servlet.mvc.method.AbstractHandlerMethodAdapter.handle(AbstractHandlerMethodAdapter.java:87)
	at org.springframework.web.servlet.DispatcherServlet.doDispatch(DispatcherServlet.java:1040)
	at org.springframework.web.servlet.DispatcherServlet.doService(DispatcherServlet.java:943)
	at org.springframework.web.servlet.FrameworkServlet.processRequest(FrameworkServlet.java:1006)
	at org.springframework.web.servlet.FrameworkServlet.doPut(FrameworkServlet.java:920)
	at javax.servlet.http.HttpServlet.service(HttpServlet.java:655)
	at org.springframework.web.servlet.FrameworkServlet.service(FrameworkServlet.java:883)
	at javax.servlet.http.HttpServlet.service(HttpServlet.java:733)
	at org.apache.catalina.core.ApplicationFilterChain.internalDoFilter(ApplicationFilterChain.java:227)
	at org.apache.catalina.core.ApplicationFilterChain.doFilter(ApplicationFilterChain.java:162)
	at org.apache.tomcat.websocket.server.WsFilter.doFilter(WsFilter.java:53)
	at org.apache.catalina.core.ApplicationFilterChain.internalDoFilter(ApplicationFilterChain.java:189)
	at org.apache.catalina.core.ApplicationFilterChain.doFilter(ApplicationFilterChain.java:162)
	at org.springframework.web.filter.AbstractRequestLoggingFilter.doFilterInternal(AbstractRequestLoggingFilter.java:289)
	at org.springframework.web.filter.OncePerRequestFilter.doFilter(OncePerRequestFilter.java:119)
	at org.apache.catalina.core.ApplicationFilterChain.internalDoFilter(ApplicationFilterChain.java:189)
	at org.apache.catalina.core.ApplicationFilterChain.doFilter(ApplicationFilterChain.java:162)
	at org.springframework.web.filter.OncePerRequestFilter.doFilter(OncePerRequestFilter.java:113)
	at org.apache.catalina.core.ApplicationFilterChain.internalDoFilter(ApplicationFilterChain.java:189)
	at org.apache.catalina.core.ApplicationFilterChain.doFilter(ApplicationFilterChain.java:162)
	at ati.com.mbeelive.log.RequestLoggingFilter.doFilterInternal(RequestLoggingFilter.java:56)
	at org.springframework.web.filter.OncePerRequestFilter.doFilter(OncePerRequestFilter.java:119)
	at org.apache.catalina.core.ApplicationFilterChain.internalDoFilter(ApplicationFilterChain.java:189)
	at org.apache.catalina.core.ApplicationFilterChain.doFilter(ApplicationFilterChain.java:162)
	at org.springframework.security.web.FilterChainProxy$VirtualFilterChain.doFilter(FilterChainProxy.java:320)
	at org.springframework.security.web.access.intercept.FilterSecurityInterceptor.invoke(FilterSecurityInterceptor.java:126)
	at org.springframework.security.web.access.intercept.FilterSecurityInterceptor.doFilter(FilterSecurityInterceptor.java:90)
	at org.springframework.security.web.FilterChainProxy$VirtualFilterChain.doFilter(FilterChainProxy.java:334)
	at org.springframework.security.web.access.ExceptionTranslationFilter.doFilter(ExceptionTranslationFilter.java:118)
	at org.springframework.security.web.FilterChainProxy$VirtualFilterChain.doFilter(FilterChainProxy.java:334)
	at org.springframework.security.web.session.SessionManagementFilter.doFilter(SessionManagementFilter.java:137)
	at org.springframework.security.web.FilterChainProxy$VirtualFilterChain.doFilter(FilterChainProxy.java:334)
	at org.springframework.security.web.authentication.AnonymousAuthenticationFilter.doFilter(AnonymousAuthenticationFilter.java:111)
	at org.springframework.security.web.FilterChainProxy$VirtualFilterChain.doFilter(FilterChainProxy.java:334)
	at org.springframework.security.web.servletapi.SecurityContextHolderAwareRequestFilter.doFilter(SecurityContextHolderAwareRequestFilter.java:158)
	at org.springframework.security.web.FilterChainProxy$VirtualFilterChain.doFilter(FilterChainProxy.java:334)
	at org.springframework.security.web.savedrequest.RequestCacheAwareFilter.doFilter(RequestCacheAwareFilter.java:63)
	at org.springframework.security.web.FilterChainProxy$VirtualFilterChain.doFilter(FilterChainProxy.java:334)
	at ati.com.mbeelive.springsercurity.JwtAuthenticationFilter.doFilterInternal(JwtAuthenticationFilter.java:105)
	at org.springframework.web.filter.OncePerRequestFilter.doFilter(OncePerRequestFilter.java:119)
	at org.springframework.security.web.FilterChainProxy$VirtualFilterChain.doFilter(FilterChainProxy.java:334)
	at org.springframework.security.web.authentication.logout.LogoutFilter.doFilter(LogoutFilter.java:116)
	at org.springframework.security.web.FilterChainProxy$VirtualFilterChain.doFilter(FilterChainProxy.java:334)
	at org.springframework.security.web.csrf.CsrfFilter.doFilterInternal(CsrfFilter.java:117)
	at org.springframework.web.filter.OncePerRequestFilter.doFilter(OncePerRequestFilter.java:119)
	at org.springframework.security.web.FilterChainProxy$VirtualFilterChain.doFilter(FilterChainProxy.java:334)
	at org.springframework.web.filter.CorsFilter.doFilterInternal(CorsFilter.java:92)
	at org.springframework.web.filter.OncePerRequestFilter.doFilter(OncePerRequestFilter.java:119)
	at org.springframework.security.web.FilterChainProxy$VirtualFilterChain.doFilter(FilterChainProxy.java:334)
	at org.springframework.security.web.header.HeaderWriterFilter.doHeadersAfter(HeaderWriterFilter.java:92)
	at org.springframework.security.web.header.HeaderWriterFilter.doFilterInternal(HeaderWriterFilter.java:77)
	at org.springframework.web.filter.OncePerRequestFilter.doFilter(OncePerRequestFilter.java:119)
	at org.springframework.security.web.FilterChainProxy$VirtualFilterChain.doFilter(FilterChainProxy.java:334)
	at org.springframework.security.web.context.SecurityContextPersistenceFilter.doFilter(SecurityContextPersistenceFilter.java:105)
	at org.springframework.security.web.FilterChainProxy$VirtualFilterChain.doFilter(FilterChainProxy.java:334)
	at org.springframework.security.web.context.request.async.WebAsyncManagerIntegrationFilter.doFilterInternal(WebAsyncManagerIntegrationFilter.java:56)
	at org.springframework.web.filter.OncePerRequestFilter.doFilter(OncePerRequestFilter.java:119)
	at org.springframework.security.web.FilterChainProxy$VirtualFilterChain.doFilter(FilterChainProxy.java:334)
	at org.springframework.security.web.FilterChainProxy.doFilterInternal(FilterChainProxy.java:215)
	at org.springframework.security.web.FilterChainProxy.doFilter(FilterChainProxy.java:178)
	at org.springframework.web.filter.DelegatingFilterProxy.invokeDelegate(DelegatingFilterProxy.java:358)
	at org.springframework.web.filter.DelegatingFilterProxy.doFilter(DelegatingFilterProxy.java:271)
	at org.apache.catalina.core.ApplicationFilterChain.internalDoFilter(ApplicationFilterChain.java:189)
	at org.apache.catalina.core.ApplicationFilterChain.doFilter(ApplicationFilterChain.java:162)
	at org.springframework.web.filter.RequestContextFilter.doFilterInternal(RequestContextFilter.java:100)
	at org.springframework.web.filter.OncePerRequestFilter.doFilter(OncePerRequestFilter.java:119)
	at org.apache.catalina.core.ApplicationFilterChain.internalDoFilter(ApplicationFilterChain.java:189)
	at org.apache.catalina.core.ApplicationFilterChain.doFilter(ApplicationFilterChain.java:162)
	at org.springframework.web.filter.FormContentFilter.doFilterInternal(FormContentFilter.java:93)
	at org.springframework.web.filter.OncePerRequestFilter.doFilter(OncePerRequestFilter.java:119)
	at org.apache.catalina.core.ApplicationFilterChain.internalDoFilter(ApplicationFilterChain.java:189)
	at org.apache.catalina.core.ApplicationFilterChain.doFilter(ApplicationFilterChain.java:162)
	at org.springframework.boot.actuate.metrics.web.servlet.WebMvcMetricsFilter.doFilterInternal(WebMvcMetricsFilter.java:97)
	at org.springframework.web.filter.OncePerRequestFilter.doFilter(OncePerRequestFilter.java:119)
	at org.apache.catalina.core.ApplicationFilterChain.internalDoFilter(ApplicationFilterChain.java:189)
	at org.apache.catalina.core.ApplicationFilterChain.doFilter(ApplicationFilterChain.java:162)
	at org.springframework.web.filter.CharacterEncodingFilter.doFilterInternal(CharacterEncodingFilter.java:201)
	at org.springframework.web.filter.OncePerRequestFilter.doFilter(OncePerRequestFilter.java:119)
	at org.apache.catalina.core.ApplicationFilterChain.internalDoFilter(ApplicationFilterChain.java:189)
	at org.apache.catalina.core.ApplicationFilterChain.doFilter(ApplicationFilterChain.java:162)
	at org.apache.catalina.core.StandardWrapperValve.invoke(StandardWrapperValve.java:202)
	at org.apache.catalina.core.StandardContextValve.invoke(StandardContextValve.java:97)
	at org.apache.catalina.authenticator.AuthenticatorBase.invoke(AuthenticatorBase.java:542)
	at org.apache.catalina.core.StandardHostValve.invoke(StandardHostValve.java:143)
	at org.apache.catalina.valves.ErrorReportValve.invoke(ErrorReportValve.java:92)
	at org.apache.catalina.core.StandardEngineValve.invoke(StandardEngineValve.java:78)
	at org.apache.catalina.connector.CoyoteAdapter.service(CoyoteAdapter.java:357)
	at org.apache.coyote.http11.Http11Processor.service(Http11Processor.java:374)
	at org.apache.coyote.AbstractProcessorLight.process(AbstractProcessorLight.java:65)
	at org.apache.coyote.AbstractProtocol$ConnectionHandler.process(AbstractProtocol.java:893)
	at org.apache.tomcat.util.net.NioEndpoint$SocketProcessor.doRun(NioEndpoint.java:1707)
	at org.apache.tomcat.util.net.SocketProcessorBase.run(SocketProcessorBase.java:49)
	at java.base/java.util.concurrent.ThreadPoolExecutor.runWorker(ThreadPoolExecutor.java:1128)
	at java.base/java.util.concurrent.ThreadPoolExecutor$Worker.run(ThreadPoolExecutor.java:628)
	at org.apache.tomcat.util.threads.TaskThread$WrappingRunnable.run(TaskThread.java:61)
	at java.base/java.lang.Thread.run(Thread.java:834)
2023-02-27 09:03:43.084 DEBUG--[25-nio-8083-exec-2] [                                        ]a.c.m.l.LoggingService         :RESPONSE:X-Request-ID=8df16080-0266-444d-8493-13131a8f8511 | ati.com.mbeelive.log.LoggingService$LogResponseObject@5dfc674a
2023-02-27 09:03:43.109 DEBUG--[25-nio-8083-exec-2] [                                        ]a.c.m.l.LoggingService         :REQUEST:X-Request-ID=8df16080-0266-444d-8493-13131a8f8511 | ati.com.mbeelive.log.LoggingService$LogRequestObject@170bab0f
2023-02-27 09:03:43.110 DEBUG--[25-nio-8083-exec-2] [                                        ]a.c.m.l.LoggingService         :Test here {"postId":"63f33843079cd221104d88a8","showInfor":true,"floorNo":0,"area":0,"costs":0,"startTime":"2023-02-27T08:56:25","endTime":"2023-03-05T08:56:25","isHighlight":true}
2023-02-27 09:03:43.274 DEBUG--[25-ynchLogThread-2] [                                        ]o.s.d.m.c.MongoTemplate        :Saving Document containing fields: [createdAt, userId, cif, path, requestId, requestObject, requestBody, session, _class]
2023-02-27 09:03:47.018 DEBUG--[25-bsub-publisher3] [                                        ]a.c.m.c.PubSubConfig           :GCP Pubsub Log send success ackId = 7088735692028155
2023-02-27 09:05:23.901  INFO--[25-extShutdownHook] [                                        ]ryBean$MethodInvocationGateway :stopped bean 'pubSubConfig$PubsubLogOutboundGateway'
2023-02-27 09:05:23.901  INFO--[25-extShutdownHook] [                                        ].s.i.g.GatewayProxyFactoryBean :stopped bean 'pubSubConfig$PubsubLogOutboundGateway'
2023-02-27 09:05:23.901  INFO--[25-extShutdownHook] [                                        ]o.s.i.e.EventDrivenConsumer    :Removing {logging-channel-adapter:_org.springframework.integration.errorLogger} as a subscriber to the 'errorChannel' channel
2023-02-27 09:05:23.902  INFO--[25-extShutdownHook] [                                        ].s.i.c.PublishSubscribeChannel :Channel 'application.errorChannel' has 0 subscriber(s).
2023-02-27 09:05:23.902  INFO--[25-extShutdownHook] [                                        ]o.s.i.e.EventDrivenConsumer    :stopped bean '_org.springframework.integration.errorLogger'
2023-02-27 09:05:23.902  INFO--[25-extShutdownHook] [                                        ]o.s.i.e.EventDrivenConsumer    :Removing {message-handler:pubSubConfig.messageSender.serviceActivator} as a subscriber to the 'pubsubLogChannel' channel
2023-02-27 09:05:23.902  INFO--[25-extShutdownHook] [                                        ]o.s.i.c.DirectChannel          :Channel 'application.pubsubLogChannel' has 0 subscriber(s).
2023-02-27 09:05:23.902  INFO--[25-extShutdownHook] [                                        ]o.s.i.e.EventDrivenConsumer    :stopped bean 'pubSubConfig.messageSender.serviceActivator'
2023-02-27 09:05:24.042  INFO--[25-extShutdownHook] [                                        ]o.s.s.c.ThreadPoolTaskExecutor :Shutting down ExecutorService 'asyncLogsExecutor'
2023-02-27 09:05:24.043  INFO--[25-extShutdownHook] [                                        ]o.s.s.c.ThreadPoolTaskExecutor :Shutting down ExecutorService 'asyncExecutorNotification'
2023-02-27 09:05:24.043  INFO--[25-extShutdownHook] [                                        ]o.s.s.c.ThreadPoolTaskExecutor :Shutting down ExecutorService 'asyncExecutor'
2023-02-27 09:05:24.044  INFO--[25-extShutdownHook] [                                        ]o.s.s.c.ThreadPoolTaskExecutor :Shutting down ExecutorService 'pubSubAcknowledgementExecutor'
2023-02-27 09:05:24.044  INFO--[25-extShutdownHook] [                                        ].s.s.c.ThreadPoolTaskScheduler :Shutting down ExecutorService 'pubsubPublisherThreadPool'
2023-02-27 09:05:24.046  INFO--[25-extShutdownHook] [                                        ]o.s.s.c.ThreadPoolTaskExecutor :Shutting down ExecutorService 'threadPoolTaskExecutor'
2023-02-27 09:05:24.240  INFO--[25-extShutdownHook] [                                        ].s.s.c.ThreadPoolTaskScheduler :Shutting down ExecutorService 'taskScheduler'
2023-02-27 09:05:24.251  INFO--[25-extShutdownHook] [                                        ]tainerEntityManagerFactoryBean :Closing JPA EntityManagerFactory for persistence unit 'default'
2023-02-27 09:05:24.253  INFO--[25-extShutdownHook] [                                        ]c.z.h.HikariDataSource         :HikariPool-1 - Shutdown initiated...
2023-02-27 09:05:24.265  INFO--[25-extShutdownHook] [                                        ]c.z.h.HikariDataSource         :HikariPool-1 - Shutdown completed.
2023-02-27 09:05:24.381  INFO--[25-extShutdownHook] [                                        ]o.m.d.connection               :Closed connection [connectionId{localValue:4, serverValue:62095}] to lab-uat-shard-00-01.ojso0.mongodb.net:27017 because the pool has been closed.
