2022-12-06 14:24:46.683  INFO--[25-kground-preinit] [                                        ]o.h.v.i.u.Version              :HV000001: Hibernate Validator 6.1.7.Final
2022-12-06 14:24:46.714  INFO--[25-main           ] [                                        ]a.c.m.MbeeliveApplication      :Starting MbeeliveApplication on DESKTOP-GSNRLR9 with PID 12064 (C:\Work\MbLandStock\landstock-cms-be\target\classes started by Thanh Thuc in C:\Work\MbLandStock\landstock-cms-be)
2022-12-06 14:24:46.714  INFO--[25-main           ] [                                        ]a.c.m.MbeeliveApplication      :No active profile set, falling back to default profiles: default
2022-12-06 14:24:47.808  INFO--[25-main           ] [                                        ]epositoryConfigurationDelegate :Multiple Spring Data modules found, entering strict repository configuration mode!
2022-12-06 14:24:47.808  INFO--[25-main           ] [                                        ]epositoryConfigurationDelegate :Bootstrapping Spring Data JPA repositories in DEFAULT mode.
2022-12-06 14:24:47.995  INFO--[25-main           ] [                                        ]epositoryConfigurationDelegate :Finished Spring Data repository scanning in 179ms. Found 36 JPA repository interfaces.
2022-12-06 14:24:47.995  INFO--[25-main           ] [                                        ]epositoryConfigurationDelegate :Multiple Spring Data modules found, entering strict repository configuration mode!
2022-12-06 14:24:47.995  INFO--[25-main           ] [                                        ]epositoryConfigurationDelegate :Bootstrapping Spring Data MongoDB repositories in DEFAULT mode.
2022-12-06 14:24:48.011  INFO--[25-main           ] [                                        ]epositoryConfigurationDelegate :Finished Spring Data repository scanning in 10ms. Found 2 MongoDB repository interfaces.
2022-12-06 14:24:48.980  INFO--[25-main           ] [                                        ]o.s.b.w.e.t.TomcatWebServer    :Tomcat initialized with port(s): 8083 (http)
2022-12-06 14:24:48.995  INFO--[25-main           ] [                                        ]o.a.c.h.Http11NioProtocol      :Initializing ProtocolHandler ["http-nio-8083"]
2022-12-06 14:24:48.995  INFO--[25-main           ] [                                        ]o.a.c.c.StandardService        :Starting service [Tomcat]
2022-12-06 14:24:48.995  INFO--[25-main           ] [                                        ]o.a.c.c.StandardEngine         :Starting Servlet engine: [Apache Tomcat/9.0.46]
2022-12-06 14:24:49.167  INFO--[25-main           ] [                                        ]o.a.c.c.C.[.[.[/]              :Initializing Spring embedded WebApplicationContext
2022-12-06 14:24:49.167  INFO--[25-main           ] [                                        ]letWebServerApplicationContext :Root WebApplicationContext: initialization completed in 2390 ms
2022-12-06 14:24:49.651  INFO--[25-main           ] [                                        ]o.m.d.cluster                  :Cluster created with settings {hosts=[207.46.234.134:27717], mode=SINGLE, requiredClusterType=UNKNOWN, serverSelectionTimeout='30000 ms'}
2022-12-06 14:24:50.401  INFO--[25-main           ] [                                        ]o.m.d.cluster                  :Cluster description not yet available. Waiting for 30000 ms before timing out
2022-12-06 14:24:53.151  INFO--[25-6.234.134:27717] [                                        ]o.m.d.connection               :Opened connection [connectionId{localValue:1, serverValue:5370383}] to 207.46.234.134:27717
2022-12-06 14:24:53.737  INFO--[25-6.234.134:27717] [                                        ]o.m.d.cluster                  :Monitor thread successfully connected to server with description ServerDescription{address=207.46.234.134:27717, type=STANDALONE, state=CONNECTED, ok=true, minWireVersion=0, maxWireVersion=9, maxDocumentSize=16777216, logicalSessionTimeoutMinutes=30, roundTripTimeNanos=576871100}
2022-12-06 14:24:54.544  INFO--[25-main           ] [                                        ]o.m.d.connection               :Opened connection [connectionId{localValue:2, serverValue:5370384}] to 207.46.234.134:27717
2022-12-06 14:24:55.062  INFO--[25-main           ] [                                        ]oPersistentEntityIndexResolver :Found cycle for field '_id' in type 'PostComment' for path 'lastComment -> lastComment'
2022-12-06 14:24:55.062  INFO--[25-main           ] [                                        ]oPersistentEntityIndexResolver :Found cycle for field 'lastComment' in type 'PostComment' for path 'lastComment -> lastComment'
2022-12-06 14:24:55.518  INFO--[25-main           ] [                                        ]oPersistentEntityIndexResolver :Found cycle for field '_id' in type 'PostComment' for path 'lastComment -> lastComment'
2022-12-06 14:24:55.518  INFO--[25-main           ] [                                        ]oPersistentEntityIndexResolver :Found cycle for field 'lastComment' in type 'PostComment' for path 'lastComment -> lastComment'
2022-12-06 14:24:55.972  INFO--[25-main           ] [                                        ]c.z.h.HikariDataSource         :HikariPool-1 - Starting...
2022-12-06 14:24:59.205  INFO--[25-main           ] [                                        ]c.z.h.HikariDataSource         :HikariPool-1 - Start completed.
2022-12-06 14:24:59.314  INFO--[25-main           ] [                                        ]o.h.j.i.u.LogHelper            :HHH000204: Processing PersistenceUnitInfo [name: default]
2022-12-06 14:24:59.345  INFO--[25-main           ] [                                        ]o.h.Version                    :HHH000412: Hibernate ORM core version 5.4.32.Final
2022-12-06 14:24:59.423  INFO--[25-main           ] [                                        ]o.h.a.c.Version                :HCANN000001: Hibernate Commons Annotations {5.1.2.Final}
2022-12-06 14:24:59.501  INFO--[25-main           ] [                                        ]o.h.d.Dialect                  :HHH000400: Using dialect: org.hibernate.dialect.MySQL5Dialect
2022-12-06 14:25:00.285  INFO--[25-main           ] [                                        ]e.t.j.p.i.JtaPlatformInitiator :HHH000490: Using JtaPlatform implementation: [org.hibernate.engine.transaction.jta.platform.internal.NoJtaPlatform]
2022-12-06 14:25:00.300  INFO--[25-main           ] [                                        ]tainerEntityManagerFactoryBean :Initialized JPA EntityManagerFactory for persistence unit 'default'
2022-12-06 14:25:00.879  WARN--[25-main           ] [                                        ]figuration$JpaWebConfiguration :spring.jpa.open-in-view is enabled by default. Therefore, database queries may be performed during view rendering. Explicitly configure spring.jpa.open-in-view to disable this warning
2022-12-06 14:25:01.867  INFO--[25-main           ] [                                        ]o.r.Version                    :Redisson 3.13.2
2022-12-06 14:25:06.253  INFO--[25-sson-netty-2-13] [                                        ]c.p.MasterPubSubConnectionPool :1 connections initialized for dev-brood.redis.cache.windows.net/13.76.180.224:6380
2022-12-06 14:25:06.260  INFO--[25-sson-netty-2-20] [                                        ]o.r.c.p.MasterConnectionPool   :24 connections initialized for dev-brood.redis.cache.windows.net/13.76.180.224:6380
2022-12-06 14:25:06.604  INFO--[25-main           ] [                                        ]redAnnotationBeanPostProcessor :Autowired annotation is not supported on static fields: private static java.lang.String ati.com.mbeelive.cmv.CmvRestClient.clientMessageId
2022-12-06 14:25:07.332  INFO--[25-main           ] [                                        ]o.s.s.c.ThreadPoolTaskExecutor :Initializing ExecutorService
2022-12-06 14:25:07.332  INFO--[25-main           ] [                                        ]o.s.s.c.ThreadPoolTaskExecutor :Initializing ExecutorService 'threadPoolTaskExecutor'
2022-12-06 14:25:07.457  INFO--[25-main           ] [                                        ]etailsServiceAutoConfiguration :

Using generated security password: a45fd304-7569-48b8-a92c-8eca12e505ad

2022-12-06 14:25:07.496  INFO--[25-main           ] [                                        ]s.w.DefaultSecurityFilterChain :Creating filter chain: Ant [pattern='/v2/api-docs'], []
2022-12-06 14:25:07.496  INFO--[25-main           ] [                                        ]s.w.DefaultSecurityFilterChain :Creating filter chain: Ant [pattern='/configuration/ui'], []
2022-12-06 14:25:07.496  INFO--[25-main           ] [                                        ]s.w.DefaultSecurityFilterChain :Creating filter chain: Ant [pattern='/swagger-resources/**'], []
2022-12-06 14:25:07.496  INFO--[25-main           ] [                                        ]s.w.DefaultSecurityFilterChain :Creating filter chain: Ant [pattern='/configuration/security'], []
2022-12-06 14:25:07.496  INFO--[25-main           ] [                                        ]s.w.DefaultSecurityFilterChain :Creating filter chain: Ant [pattern='/swagger-ui.html'], []
2022-12-06 14:25:07.496  INFO--[25-main           ] [                                        ]s.w.DefaultSecurityFilterChain :Creating filter chain: Ant [pattern='/swagger-ui/**'], []
2022-12-06 14:25:07.496  INFO--[25-main           ] [                                        ]s.w.DefaultSecurityFilterChain :Creating filter chain: Ant [pattern='/v3/api-docs/**'], []
2022-12-06 14:25:07.496  INFO--[25-main           ] [                                        ]s.w.DefaultSecurityFilterChain :Creating filter chain: Ant [pattern='/webjars/**'], []
2022-12-06 14:25:07.531  INFO--[25-main           ] [                                        ]s.w.DefaultSecurityFilterChain :Creating filter chain: any request, [org.springframework.security.web.context.request.async.WebAsyncManagerIntegrationFilter@61ecb1c8, org.springframework.security.web.context.SecurityContextPersistenceFilter@6118ad56, org.springframework.security.web.header.HeaderWriterFilter@700cc0e6, org.springframework.web.filter.CorsFilter@11c94cf7, org.springframework.security.web.csrf.CsrfFilter@4bdb5933, org.springframework.security.web.authentication.logout.LogoutFilter@516dd567, ati.com.mbeelive.springsercurity.JwtAuthenticationFilter@76e14208, org.springframework.security.web.savedrequest.RequestCacheAwareFilter@460f1d09, org.springframework.security.web.servletapi.SecurityContextHolderAwareRequestFilter@53b2e5, org.springframework.security.web.authentication.AnonymousAuthenticationFilter@3c21bab4, org.springframework.security.web.session.SessionManagementFilter@37ea5612, org.springframework.security.web.access.ExceptionTranslationFilter@7e2f0c2e, org.springframework.security.web.access.intercept.FilterSecurityInterceptor@1ee1c0cc]
2022-12-06 14:25:07.660  INFO--[25-main           ] [                                        ]o.s.s.c.ThreadPoolTaskExecutor :Initializing ExecutorService
2022-12-06 14:25:07.660  INFO--[25-main           ] [                                        ]o.s.s.c.ThreadPoolTaskExecutor :Initializing ExecutorService 'asyncExecutor'
2022-12-06 14:25:07.660  INFO--[25-main           ] [                                        ]o.s.s.c.ThreadPoolTaskExecutor :Initializing ExecutorService
2022-12-06 14:25:07.660  INFO--[25-main           ] [                                        ]o.s.s.c.ThreadPoolTaskExecutor :Initializing ExecutorService 'asyncExecutorNotification'
2022-12-06 14:25:07.660  INFO--[25-main           ] [                                        ]o.s.s.c.ThreadPoolTaskExecutor :Initializing ExecutorService
2022-12-06 14:25:07.660  INFO--[25-main           ] [                                        ]o.s.s.c.ThreadPoolTaskExecutor :Initializing ExecutorService 'asyncLogsExecutor'
2022-12-06 14:25:08.970  INFO--[25-main           ] [                                        ].s.s.c.ThreadPoolTaskScheduler :Initializing ExecutorService 'taskScheduler'
2022-12-06 14:25:09.009  INFO--[25-main           ] [                                        ]o.a.c.h.Http11NioProtocol      :Starting ProtocolHandler ["http-nio-8083"]
2022-12-06 14:25:09.019  INFO--[25-main           ] [                                        ]o.s.b.w.e.t.TomcatWebServer    :Tomcat started on port(s): 8083 (http) with context path ''
2022-12-06 14:25:09.074  INFO--[25-main           ] [                                        ]o.s.b.w.e.t.TomcatWebServer    :Tomcat initialized with port(s): 8090 (http)
2022-12-06 14:25:09.074  INFO--[25-main           ] [                                        ]o.a.c.h.Http11NioProtocol      :Initializing ProtocolHandler ["http-nio-8090"]
2022-12-06 14:25:09.075  INFO--[25-main           ] [                                        ]o.a.c.c.StandardService        :Starting service [Tomcat]
2022-12-06 14:25:09.075  INFO--[25-main           ] [                                        ]o.a.c.c.StandardEngine         :Starting Servlet engine: [Apache Tomcat/9.0.46]
2022-12-06 14:25:09.124  INFO--[25-main           ] [                                        ]o.a.c.c.C.[.[.[/]              :Initializing Spring embedded WebApplicationContext
2022-12-06 14:25:09.124  INFO--[25-main           ] [                                        ]letWebServerApplicationContext :Root WebApplicationContext: initialization completed in 102 ms
2022-12-06 14:25:09.139  INFO--[25-main           ] [                                        ].b.a.e.w.EndpointLinksResolver :Exposing 2 endpoint(s) beneath base path '/actuator'
2022-12-06 14:25:09.640  INFO--[25-main           ] [                                        ]o.a.c.h.Http11NioProtocol      :Starting ProtocolHandler ["http-nio-8090"]
2022-12-06 14:25:09.643  INFO--[25-main           ] [                                        ]o.s.b.w.e.t.TomcatWebServer    :Tomcat started on port(s): 8090 (http) with context path ''
2022-12-06 14:25:09.659  INFO--[25-main           ] [                                        ]a.c.m.MbeeliveApplication      :Started MbeeliveApplication in 23.177 seconds (JVM running for 24.756)
2022-12-06 14:25:09.664  INFO--[25-main           ] [                                        ]a.c.m.c.CmvSchedule            :start getFirstAccessToken
2022-12-06 14:25:09.664  INFO--[25-main           ] [                                        ]a.c.m.c.CmvRestClient          :getAccessToken with no auth!!!
2022-12-06 14:25:09.905  INFO--[25-main           ] [                                        ]omClientHttpRequestInterceptor :RestTemplate request logging: URI: https://api-sandbox.mbbank.com.vn/ms-cmv-service-auth/v1.0/login Method: POST Headers: {Accept=[text/plain, application/xml, text/xml, application/json, application/*+xml, application/*+json, */*], Content-Type=[application/json], clientMessageId=[null], Content-Length=[46]} Body: {"username":"cmv_amc_app","password":"123456"}
2022-12-06 14:25:10.345  INFO--[25-main           ] [                                        ]omClientHttpRequestInterceptor :RestTemplate response logging: URI: https://api-sandbox.mbbank.com.vn/ms-cmv-service-auth/v1.0/login Method: POST Status code: 400 BAD_REQUEST Headers: {Date=[Tue, 06 Dec 2022 07:24:20 GMT], Content-Type=[application/json], Content-Length=[108], Connection=[keep-alive], Access-Control-Allow-Origin=[*], Access-Control-Allow-Methods=[*], Access-Control-Allow-Headers=[*], Set-Cookie=[BIGipServer~DEV~apiGee=rd5o00000000000000000000ffff0a011b63o443; path=/; Httponly; Secure, MBAnalyticsaaaaaaaaaaaaaaaa_session_=FLFOKHMILEFDBJGDECBEJOLDHFFGBMGMJHLBEPOCAAOGMFOKJGEBNJBMFAMMPMJINLMDDGNOJNMILHAGLPNAAEHHNOGMMKOFAJGEIEGIEFOAKMLNLLEIFGEKGBGGNACM; HttpOnly; secure, MB01e353a0=01bb14ea4201c5419b1b57a99cb906442028394faccc461d99a701c2074f2a1644ac3f3e69898a7b06564d96e51377e90175e74e63; Path=/]} Body: {"clientMessageId":null,"data":null,"errorCode":"203","errorDesc":["'clientMessageId' header is mandatory"]}
2022-12-06 14:27:12.963  WARN--[25-l-1 housekeeper] [                                        ]c.z.h.p.HikariPool             :HikariPool-1 - Thread starvation or clock leap detected (housekeeper delta=2m13s653ms482µs).
2022-12-06 14:27:13.229 ERROR--[25-main           ] [                                        ]a.c.m.c.CmvSchedule            :400 Bad Request: [{"clientMessageId":null,"data":null,"errorCode":"203","errorDesc":["'clientMessageId' header is mandatory"]}]
org.springframework.web.client.HttpClientErrorException$BadRequest: 400 Bad Request: [{"clientMessageId":null,"data":null,"errorCode":"203","errorDesc":["'clientMessageId' header is mandatory"]}]
	at org.springframework.web.client.HttpClientErrorException.create(HttpClientErrorException.java:101)
	at org.springframework.web.client.DefaultResponseErrorHandler.handleError(DefaultResponseErrorHandler.java:184)
	at org.springframework.web.client.DefaultResponseErrorHandler.handleError(DefaultResponseErrorHandler.java:125)
	at org.springframework.web.client.ResponseErrorHandler.handleError(ResponseErrorHandler.java:63)
	at org.springframework.web.client.RestTemplate.handleResponse(RestTemplate.java:780)
	at org.springframework.web.client.RestTemplate.doExecute(RestTemplate.java:738)
	at org.springframework.web.client.RestTemplate.execute(RestTemplate.java:672)
	at org.springframework.web.client.RestTemplate.postForEntity(RestTemplate.java:447)
	at ati.com.mbeelive.cmv.CmvRestClient.postForLogin(CmvRestClient.java:82)
	at ati.com.mbeelive.cmv.CmvRestClient.login(CmvRestClient.java:119)
	at ati.com.mbeelive.cmv.CmvRestClient.getAccessToken(CmvRestClient.java:110)
	at ati.com.mbeelive.cmv.CmvSchedule.getFirstAccessToken(CmvSchedule.java:22)
	at java.base/jdk.internal.reflect.NativeMethodAccessorImpl.invoke0(Native Method)
	at java.base/jdk.internal.reflect.NativeMethodAccessorImpl.invoke(NativeMethodAccessorImpl.java:62)
	at java.base/jdk.internal.reflect.DelegatingMethodAccessorImpl.invoke(DelegatingMethodAccessorImpl.java:43)
	at java.base/java.lang.reflect.Method.invoke(Method.java:566)
	at org.springframework.context.event.ApplicationListenerMethodAdapter.doInvoke(ApplicationListenerMethodAdapter.java:305)
	at org.springframework.context.event.ApplicationListenerMethodAdapter.processEvent(ApplicationListenerMethodAdapter.java:190)
	at org.springframework.context.event.ApplicationListenerMethodAdapter.onApplicationEvent(ApplicationListenerMethodAdapter.java:153)
	at org.springframework.context.event.SimpleApplicationEventMulticaster.doInvokeListener(SimpleApplicationEventMulticaster.java:172)
	at org.springframework.context.event.SimpleApplicationEventMulticaster.invokeListener(SimpleApplicationEventMulticaster.java:165)
	at org.springframework.context.event.SimpleApplicationEventMulticaster.multicastEvent(SimpleApplicationEventMulticaster.java:139)
	at org.springframework.context.support.AbstractApplicationContext.publishEvent(AbstractApplicationContext.java:404)
	at org.springframework.context.support.AbstractApplicationContext.publishEvent(AbstractApplicationContext.java:361)
	at org.springframework.boot.context.event.EventPublishingRunListener.running(EventPublishingRunListener.java:108)
	at org.springframework.boot.SpringApplicationRunListeners.running(SpringApplicationRunListeners.java:77)
	at org.springframework.boot.SpringApplication.run(SpringApplication.java:327)
	at org.springframework.boot.SpringApplication.run(SpringApplication.java:1247)
	at org.springframework.boot.SpringApplication.run(SpringApplication.java:1236)
	at ati.com.mbeelive.MbeeliveApplication.main(MbeeliveApplication.java:29)
2022-12-06 14:27:16.804  INFO--[25-nio-8083-exec-2] [                                        ]o.a.c.c.C.[.[.[/]              :Initializing Spring DispatcherServlet 'dispatcherServlet'
2022-12-06 14:27:16.804  INFO--[25-nio-8083-exec-2] [                                        ]o.s.w.s.DispatcherServlet      :Initializing Servlet 'dispatcherServlet'
2022-12-06 14:27:16.819  INFO--[25-nio-8083-exec-2] [                                        ]o.s.w.s.DispatcherServlet      :Completed initialization in 15 ms
2022-12-06 14:27:17.322  INFO--[25-nio-8083-exec-2] [                                        ]a.c.m.l.LoggingService         :REQUEST:X-Request-ID=de94ccd5-285e-4f7b-904a-8942d1d1d590 | {"httpMethod":"PUT","httpPath":"/api/cms/v2/post/update","clientIp":"0:0:0:0:0:0:0:1","localIp":"0:0:0:0:0:0:0:1","headers":{"authorization":"\u003c\u003cNot log authorization record\u003e\u003e","content-length":"223","postman-token":"8caa19f0-e404-47bd-8c37-c526a00a8e13","host":"localhost:8083","content-type":"application/json","connection":"keep-alive","accept-encoding":"gzip, deflate, br","accept":"application/json; charset\u003dUTF-8","user-agent":"PostmanRuntime/7.29.2"},"parameters":{}}
2022-12-06 14:27:17.404 DEBUG--[25-ynchLogThread-1] [                                        ]o.s.d.m.c.MongoTemplate        :Saving Document containing fields: [createdAt, userId, cif, path, requestId, requestObject, _class]
2022-12-06 14:27:17.447  INFO--[25-nio-8083-exec-2] [                                        ]a.c.m.l.LoggingService         :REQUEST BODY:X-Request-ID=de94ccd5-285e-4f7b-904a-8942d1d1d590 | {"postId":"638ea78a0260ec0e056dbd54","showInfor":true,"floorNo":3,"area":300.0,"costs":5.0E8,"isHighlight":true,"startTime":{"date":{"year":2022,"month":12,"day":5},"time":{"hour":17,"minute":0,"second":0,"nano":0}},"endTime":{"date":{"year":2022,"month":12,"day":15},"time":{"hour":16,"minute":59,"second":59,"nano":0}}}
2022-12-06 14:27:39.080 DEBUG--[25-ynchLogThread-2] [                                        ]o.s.d.m.c.MongoTemplate        :Calling update using query: { "requestId" : "de94ccd5-285e-4f7b-904a-8942d1d1d590"} and update: { "$set" : { "requestBody" : { "postId" : "638ea78a0260ec0e056dbd54", "showInfor" : true, "floorNo" : 3, "area" : 300.0, "costs" : 5.0E8, "isHighlight" : true, "startTime" : { "$date" : "2022-12-05T10:00:00Z"}, "endTime" : { "$date" : "2022-12-15T09:59:59Z"}, "_class" : "ati.com.mbeelive.dto.post.input.UpdatePostInput"}}} in collection: logs
2022-12-06 14:27:39.819 DEBUG--[25-nio-8083-exec-2] [                                        ]o.s.d.m.c.MongoTemplate        :findOne using query: { "id" : "638ea78a0260ec0e056dbd54", "deleted" : false} fields: {} for class: class ati.com.mbeelive.document.post.Post in collection: posts
2022-12-06 14:27:39.857 DEBUG--[25-nio-8083-exec-2] [                                        ]o.s.d.m.c.MongoTemplate        :findOne using query: { "_id" : { "$oid" : "638ea78a0260ec0e056dbd54"}, "deleted" : false} fields: {} in db.collection: landstock.posts
2022-12-06 14:28:16.789 DEBUG--[25-nio-8083-exec-2] [                                        ]o.s.d.m.c.MongoTemplate        :Saving Document containing fields: [_id, title, customerCategory, images, categoryIds, categoryNames, status, totalView, totalLike, totalComment, approved_at, offComment, score, rejectedReasons, postImages, floorNo, area, costs, showInfor, isHighlight, startTime, endTime, created_at, updated_at, created_by, deleted, _class]
2022-12-06 14:28:17.126 DEBUG--[25-nio-8083-exec-2] [                                        ]o.s.d.m.c.MongoTemplate        :findOne using query: { "deleted" : false, "postId" : "638ea78a0260ec0e056dbd54"} fields: {} for class: class ati.com.mbeelive.document.post.PostLibrary in collection: post_library
2022-12-06 14:28:17.126 DEBUG--[25-nio-8083-exec-2] [                                        ]o.s.d.m.c.MongoTemplate        :findOne using query: { "deleted" : false, "postId" : "638ea78a0260ec0e056dbd54"} fields: {} in db.collection: landstock.post_library
2022-12-06 14:28:18.398 DEBUG--[25-nio-8083-exec-2] [                                        ]o.s.d.m.c.MongoTemplate        :Saving Document containing fields: [_id, title, content, images, categoryIds, categoryNames, status, totalView, totalLike, score, postId, floorNo, area, costs, isShowInfor, created_at, updated_at, deleted, _class]
2022-12-06 14:28:18.508 DEBUG--[25-nio-8083-exec-2] [                                        ]o.s.d.m.c.MongoTemplate        :Saving Document containing fields: [_id, title, customerCategory, images, categoryIds, categoryNames, status, totalView, totalLike, totalComment, approved_at, offComment, score, rejectedReasons, postImages, floorNo, area, costs, showInfor, isHighlight, startTime, endTime, created_at, updated_at, created_by, deleted, _class]
2022-12-06 14:28:32.638 ERROR--[25-nio-8083-exec-2] [                                        ]a.c.m.e.CustomExceptionHandler :Redis server response timeout (3000 ms) occured after 3 retry attempts. Increase nettyThreads and/or timeout settings. Try to define pingConnectionInterval setting. Command: (GET), params: [[117, 115, 101, 114, 115, 58, 117, 115, 101, 114, ...]], channel: [id: 0x4b5831bd, L:/192.168.8.100:51171 - R:dev-brood.redis.cache.windows.net/13.76.180.224:6380]; nested exception is org.redisson.client.RedisResponseTimeoutException: Redis server response timeout (3000 ms) occured after 3 retry attempts. Increase nettyThreads and/or timeout settings. Try to define pingConnectionInterval setting. Command: (GET), params: [[117, 115, 101, 114, 115, 58, 117, 115, 101, 114, ...]], channel: [id: 0x4b5831bd, L:/192.168.8.100:51171 - R:dev-brood.redis.cache.windows.net/13.76.180.224:6380]
org.springframework.dao.InvalidDataAccessApiUsageException: Redis server response timeout (3000 ms) occured after 3 retry attempts. Increase nettyThreads and/or timeout settings. Try to define pingConnectionInterval setting. Command: (GET), params: [[117, 115, 101, 114, 115, 58, 117, 115, 101, 114, ...]], channel: [id: 0x4b5831bd, L:/192.168.8.100:51171 - R:dev-brood.redis.cache.windows.net/13.76.180.224:6380]; nested exception is org.redisson.client.RedisResponseTimeoutException: Redis server response timeout (3000 ms) occured after 3 retry attempts. Increase nettyThreads and/or timeout settings. Try to define pingConnectionInterval setting. Command: (GET), params: [[117, 115, 101, 114, 115, 58, 117, 115, 101, 114, ...]], channel: [id: 0x4b5831bd, L:/192.168.8.100:51171 - R:dev-brood.redis.cache.windows.net/13.76.180.224:6380]
	at org.redisson.spring.data.connection.RedissonExceptionConverter.convert(RedissonExceptionConverter.java:48)
	at org.redisson.spring.data.connection.RedissonExceptionConverter.convert(RedissonExceptionConverter.java:35)
	at org.springframework.data.redis.PassThroughExceptionTranslationStrategy.translate(PassThroughExceptionTranslationStrategy.java:44)
	at org.redisson.spring.data.connection.RedissonConnection.transform(RedissonConnection.java:217)
	at org.redisson.spring.data.connection.RedissonConnection.syncFuture(RedissonConnection.java:212)
	at org.redisson.spring.data.connection.RedissonConnection.sync(RedissonConnection.java:378)
	at org.redisson.spring.data.connection.RedissonConnection.read(RedissonConnection.java:759)
	at org.redisson.spring.data.connection.RedissonConnection.get(RedissonConnection.java:493)
	at org.springframework.data.redis.core.DefaultValueOperations$1.inRedis(DefaultValueOperations.java:57)
	at org.springframework.data.redis.core.AbstractOperations$ValueDeserializingRedisCallback.doInRedis(AbstractOperations.java:60)
	at org.springframework.data.redis.core.RedisTemplate.execute(RedisTemplate.java:228)
	at org.springframework.data.redis.core.RedisTemplate.execute(RedisTemplate.java:188)
	at org.springframework.data.redis.core.AbstractOperations.execute(AbstractOperations.java:96)
	at org.springframework.data.redis.core.DefaultValueOperations.get(DefaultValueOperations.java:53)
	at ati.com.mbeelive.config.multiplecache.RedisCaffeineCache.lookup(RedisCaffeineCache.java:168)
	at org.springframework.cache.support.AbstractValueAdaptingCache.get(AbstractValueAdaptingCache.java:58)
	at org.springframework.cache.interceptor.AbstractCacheInvoker.doGet(AbstractCacheInvoker.java:73)
	at org.springframework.cache.interceptor.CacheAspectSupport.findInCaches(CacheAspectSupport.java:571)
	at org.springframework.cache.interceptor.CacheAspectSupport.findCachedItem(CacheAspectSupport.java:536)
	at org.springframework.cache.interceptor.CacheAspectSupport.execute(CacheAspectSupport.java:402)
	at org.springframework.cache.interceptor.CacheAspectSupport.execute(CacheAspectSupport.java:346)
	at org.springframework.cache.interceptor.CacheInterceptor.invoke(CacheInterceptor.java:61)
	at org.springframework.aop.framework.ReflectiveMethodInvocation.proceed(ReflectiveMethodInvocation.java:186)
	at org.springframework.aop.framework.CglibAopProxy$CglibMethodInvocation.proceed(CglibAopProxy.java:750)
	at org.springframework.aop.framework.CglibAopProxy$DynamicAdvisedInterceptor.intercept(CglibAopProxy.java:692)
	at ati.com.mbeelive.cacheservice.CacheUserService$$EnhancerBySpringCGLIB$$54442852.getUserWithoutStatus(<generated>)
	at ati.com.mbeelive.entity.mapper.PostMapper.toOutput(PostMapper.java:48)
	at ati.com.mbeelive.service.post.PostService.adminUpdate(PostService.java:108)
	at ati.com.mbeelive.service.post.PostService$$FastClassBySpringCGLIB$$1f70b308.invoke(<generated>)
	at org.springframework.cglib.proxy.MethodProxy.invoke(MethodProxy.java:218)
	at org.springframework.aop.framework.CglibAopProxy$CglibMethodInvocation.invokeJoinpoint(CglibAopProxy.java:779)
	at org.springframework.aop.framework.ReflectiveMethodInvocation.proceed(ReflectiveMethodInvocation.java:163)
	at org.springframework.aop.framework.CglibAopProxy$CglibMethodInvocation.proceed(CglibAopProxy.java:750)
	at org.springframework.transaction.interceptor.TransactionAspectSupport.invokeWithinTransaction(TransactionAspectSupport.java:367)
	at org.springframework.transaction.interceptor.TransactionInterceptor.invoke(TransactionInterceptor.java:118)
	at org.springframework.aop.framework.ReflectiveMethodInvocation.proceed(ReflectiveMethodInvocation.java:186)
	at org.springframework.aop.framework.CglibAopProxy$CglibMethodInvocation.proceed(CglibAopProxy.java:750)
	at org.springframework.aop.framework.CglibAopProxy$DynamicAdvisedInterceptor.intercept(CglibAopProxy.java:692)
	at ati.com.mbeelive.service.post.PostService$$EnhancerBySpringCGLIB$$ed1a300.adminUpdate(<generated>)
	at ati.com.mbeelive.controller.cms.PostV2Controller.update(PostV2Controller.java:68)
	at java.base/jdk.internal.reflect.NativeMethodAccessorImpl.invoke0(Native Method)
	at java.base/jdk.internal.reflect.NativeMethodAccessorImpl.invoke(NativeMethodAccessorImpl.java:62)
	at java.base/jdk.internal.reflect.DelegatingMethodAccessorImpl.invoke(DelegatingMethodAccessorImpl.java:43)
	at java.base/java.lang.reflect.Method.invoke(Method.java:566)
	at org.springframework.web.method.support.InvocableHandlerMethod.doInvoke(InvocableHandlerMethod.java:190)
	at org.springframework.web.method.support.InvocableHandlerMethod.invokeForRequest(InvocableHandlerMethod.java:138)
	at org.springframework.web.servlet.mvc.method.annotation.ServletInvocableHandlerMethod.invokeAndHandle(ServletInvocableHandlerMethod.java:105)
	at org.springframework.web.servlet.mvc.method.annotation.RequestMappingHandlerAdapter.invokeHandlerMethod(RequestMappingHandlerAdapter.java:878)
	at org.springframework.web.servlet.mvc.method.annotation.RequestMappingHandlerAdapter.handleInternal(RequestMappingHandlerAdapter.java:792)
	at org.springframework.web.servlet.mvc.method.AbstractHandlerMethodAdapter.handle(AbstractHandlerMethodAdapter.java:87)
	at org.springframework.web.servlet.DispatcherServlet.doDispatch(DispatcherServlet.java:1040)
	at org.springframework.web.servlet.DispatcherServlet.doService(DispatcherServlet.java:943)
	at org.springframework.web.servlet.FrameworkServlet.processRequest(FrameworkServlet.java:1006)
	at org.springframework.web.servlet.FrameworkServlet.doPut(FrameworkServlet.java:920)
	at javax.servlet.http.HttpServlet.service(HttpServlet.java:655)
	at org.springframework.web.servlet.FrameworkServlet.service(FrameworkServlet.java:883)
	at javax.servlet.http.HttpServlet.service(HttpServlet.java:733)
	at org.apache.catalina.core.ApplicationFilterChain.internalDoFilter(ApplicationFilterChain.java:227)
	at org.apache.catalina.core.ApplicationFilterChain.doFilter(ApplicationFilterChain.java:162)
	at org.apache.tomcat.websocket.server.WsFilter.doFilter(WsFilter.java:53)
	at org.apache.catalina.core.ApplicationFilterChain.internalDoFilter(ApplicationFilterChain.java:189)
	at org.apache.catalina.core.ApplicationFilterChain.doFilter(ApplicationFilterChain.java:162)
	at org.springframework.web.filter.AbstractRequestLoggingFilter.doFilterInternal(AbstractRequestLoggingFilter.java:289)
	at org.springframework.web.filter.OncePerRequestFilter.doFilter(OncePerRequestFilter.java:119)
	at org.apache.catalina.core.ApplicationFilterChain.internalDoFilter(ApplicationFilterChain.java:189)
	at org.apache.catalina.core.ApplicationFilterChain.doFilter(ApplicationFilterChain.java:162)
	at org.springframework.web.filter.OncePerRequestFilter.doFilter(OncePerRequestFilter.java:113)
	at org.apache.catalina.core.ApplicationFilterChain.internalDoFilter(ApplicationFilterChain.java:189)
	at org.apache.catalina.core.ApplicationFilterChain.doFilter(ApplicationFilterChain.java:162)
	at ati.com.mbeelive.log.RequestLoggingFilter.doFilter(RequestLoggingFilter.java:53)
	at org.apache.catalina.core.ApplicationFilterChain.internalDoFilter(ApplicationFilterChain.java:189)
	at org.apache.catalina.core.ApplicationFilterChain.doFilter(ApplicationFilterChain.java:162)
	at org.springframework.security.web.FilterChainProxy$VirtualFilterChain.doFilter(FilterChainProxy.java:320)
	at org.springframework.security.web.access.intercept.FilterSecurityInterceptor.invoke(FilterSecurityInterceptor.java:126)
	at org.springframework.security.web.access.intercept.FilterSecurityInterceptor.doFilter(FilterSecurityInterceptor.java:90)
	at org.springframework.security.web.FilterChainProxy$VirtualFilterChain.doFilter(FilterChainProxy.java:334)
	at org.springframework.security.web.access.ExceptionTranslationFilter.doFilter(ExceptionTranslationFilter.java:118)
	at org.springframework.security.web.FilterChainProxy$VirtualFilterChain.doFilter(FilterChainProxy.java:334)
	at org.springframework.security.web.session.SessionManagementFilter.doFilter(SessionManagementFilter.java:137)
	at org.springframework.security.web.FilterChainProxy$VirtualFilterChain.doFilter(FilterChainProxy.java:334)
	at org.springframework.security.web.authentication.AnonymousAuthenticationFilter.doFilter(AnonymousAuthenticationFilter.java:111)
	at org.springframework.security.web.FilterChainProxy$VirtualFilterChain.doFilter(FilterChainProxy.java:334)
	at org.springframework.security.web.servletapi.SecurityContextHolderAwareRequestFilter.doFilter(SecurityContextHolderAwareRequestFilter.java:158)
	at org.springframework.security.web.FilterChainProxy$VirtualFilterChain.doFilter(FilterChainProxy.java:334)
	at org.springframework.security.web.savedrequest.RequestCacheAwareFilter.doFilter(RequestCacheAwareFilter.java:63)
	at org.springframework.security.web.FilterChainProxy$VirtualFilterChain.doFilter(FilterChainProxy.java:334)
	at ati.com.mbeelive.springsercurity.JwtAuthenticationFilter.doFilterInternal(JwtAuthenticationFilter.java:110)
	at org.springframework.web.filter.OncePerRequestFilter.doFilter(OncePerRequestFilter.java:119)
	at org.springframework.security.web.FilterChainProxy$VirtualFilterChain.doFilter(FilterChainProxy.java:334)
	at org.springframework.security.web.authentication.logout.LogoutFilter.doFilter(LogoutFilter.java:116)
	at org.springframework.security.web.FilterChainProxy$VirtualFilterChain.doFilter(FilterChainProxy.java:334)
	at org.springframework.security.web.csrf.CsrfFilter.doFilterInternal(CsrfFilter.java:117)
	at org.springframework.web.filter.OncePerRequestFilter.doFilter(OncePerRequestFilter.java:119)
	at org.springframework.security.web.FilterChainProxy$VirtualFilterChain.doFilter(FilterChainProxy.java:334)
	at org.springframework.web.filter.CorsFilter.doFilterInternal(CorsFilter.java:92)
	at org.springframework.web.filter.OncePerRequestFilter.doFilter(OncePerRequestFilter.java:119)
	at org.springframework.security.web.FilterChainProxy$VirtualFilterChain.doFilter(FilterChainProxy.java:334)
	at org.springframework.security.web.header.HeaderWriterFilter.doHeadersAfter(HeaderWriterFilter.java:92)
	at org.springframework.security.web.header.HeaderWriterFilter.doFilterInternal(HeaderWriterFilter.java:77)
	at org.springframework.web.filter.OncePerRequestFilter.doFilter(OncePerRequestFilter.java:119)
	at org.springframework.security.web.FilterChainProxy$VirtualFilterChain.doFilter(FilterChainProxy.java:334)
	at org.springframework.security.web.context.SecurityContextPersistenceFilter.doFilter(SecurityContextPersistenceFilter.java:105)
	at org.springframework.security.web.FilterChainProxy$VirtualFilterChain.doFilter(FilterChainProxy.java:334)
	at org.springframework.security.web.context.request.async.WebAsyncManagerIntegrationFilter.doFilterInternal(WebAsyncManagerIntegrationFilter.java:56)
	at org.springframework.web.filter.OncePerRequestFilter.doFilter(OncePerRequestFilter.java:119)
	at org.springframework.security.web.FilterChainProxy$VirtualFilterChain.doFilter(FilterChainProxy.java:334)
	at org.springframework.security.web.FilterChainProxy.doFilterInternal(FilterChainProxy.java:215)
	at org.springframework.security.web.FilterChainProxy.doFilter(FilterChainProxy.java:178)
	at org.springframework.web.filter.DelegatingFilterProxy.invokeDelegate(DelegatingFilterProxy.java:358)
	at org.springframework.web.filter.DelegatingFilterProxy.doFilter(DelegatingFilterProxy.java:271)
	at org.apache.catalina.core.ApplicationFilterChain.internalDoFilter(ApplicationFilterChain.java:189)
	at org.apache.catalina.core.ApplicationFilterChain.doFilter(ApplicationFilterChain.java:162)
	at org.springframework.web.filter.RequestContextFilter.doFilterInternal(RequestContextFilter.java:100)
	at org.springframework.web.filter.OncePerRequestFilter.doFilter(OncePerRequestFilter.java:119)
	at org.apache.catalina.core.ApplicationFilterChain.internalDoFilter(ApplicationFilterChain.java:189)
	at org.apache.catalina.core.ApplicationFilterChain.doFilter(ApplicationFilterChain.java:162)
	at org.springframework.web.filter.FormContentFilter.doFilterInternal(FormContentFilter.java:93)
	at org.springframework.web.filter.OncePerRequestFilter.doFilter(OncePerRequestFilter.java:119)
	at org.apache.catalina.core.ApplicationFilterChain.internalDoFilter(ApplicationFilterChain.java:189)
	at org.apache.catalina.core.ApplicationFilterChain.doFilter(ApplicationFilterChain.java:162)
	at org.springframework.boot.actuate.metrics.web.servlet.WebMvcMetricsFilter.doFilterInternal(WebMvcMetricsFilter.java:97)
	at org.springframework.web.filter.OncePerRequestFilter.doFilter(OncePerRequestFilter.java:119)
	at org.apache.catalina.core.ApplicationFilterChain.internalDoFilter(ApplicationFilterChain.java:189)
	at org.apache.catalina.core.ApplicationFilterChain.doFilter(ApplicationFilterChain.java:162)
	at org.springframework.web.filter.CharacterEncodingFilter.doFilterInternal(CharacterEncodingFilter.java:201)
	at org.springframework.web.filter.OncePerRequestFilter.doFilter(OncePerRequestFilter.java:119)
	at org.apache.catalina.core.ApplicationFilterChain.internalDoFilter(ApplicationFilterChain.java:189)
	at org.apache.catalina.core.ApplicationFilterChain.doFilter(ApplicationFilterChain.java:162)
	at org.apache.catalina.core.StandardWrapperValve.invoke(StandardWrapperValve.java:202)
	at org.apache.catalina.core.StandardContextValve.invoke(StandardContextValve.java:97)
	at org.apache.catalina.authenticator.AuthenticatorBase.invoke(AuthenticatorBase.java:542)
	at org.apache.catalina.core.StandardHostValve.invoke(StandardHostValve.java:143)
	at org.apache.catalina.valves.ErrorReportValve.invoke(ErrorReportValve.java:92)
	at org.apache.catalina.core.StandardEngineValve.invoke(StandardEngineValve.java:78)
	at org.apache.catalina.connector.CoyoteAdapter.service(CoyoteAdapter.java:357)
	at org.apache.coyote.http11.Http11Processor.service(Http11Processor.java:374)
	at org.apache.coyote.AbstractProcessorLight.process(AbstractProcessorLight.java:65)
	at org.apache.coyote.AbstractProtocol$ConnectionHandler.process(AbstractProtocol.java:893)
	at org.apache.tomcat.util.net.NioEndpoint$SocketProcessor.doRun(NioEndpoint.java:1707)
	at org.apache.tomcat.util.net.SocketProcessorBase.run(SocketProcessorBase.java:49)
	at java.base/java.util.concurrent.ThreadPoolExecutor.runWorker(ThreadPoolExecutor.java:1128)
	at java.base/java.util.concurrent.ThreadPoolExecutor$Worker.run(ThreadPoolExecutor.java:628)
	at org.apache.tomcat.util.threads.TaskThread$WrappingRunnable.run(TaskThread.java:61)
	at java.base/java.lang.Thread.run(Thread.java:834)
Caused by: org.redisson.client.RedisResponseTimeoutException: Redis server response timeout (3000 ms) occured after 3 retry attempts. Increase nettyThreads and/or timeout settings. Try to define pingConnectionInterval setting. Command: (GET), params: [[117, 115, 101, 114, 115, 58, 117, 115, 101, 114, ...]], channel: [id: 0x4b5831bd, L:/192.168.8.100:51171 - R:dev-brood.redis.cache.windows.net/13.76.180.224:6380]
	at org.redisson.command.RedisExecutor$3.run(RedisExecutor.java:332)
	at io.netty.util.HashedWheelTimer$HashedWheelTimeout.expire(HashedWheelTimer.java:669)
	at io.netty.util.HashedWheelTimer$HashedWheelBucket.expireTimeouts(HashedWheelTimer.java:744)
	at io.netty.util.HashedWheelTimer$Worker.run(HashedWheelTimer.java:469)
	at io.netty.util.concurrent.FastThreadLocalRunnable.run(FastThreadLocalRunnable.java:30)
	... 1 more
2022-12-06 14:28:32.691  INFO--[25-nio-8083-exec-2] [                                        ]a.c.m.l.LoggingService         :RESPONSE:X-Request-ID=de94ccd5-285e-4f7b-904a-8942d1d1d590 | {"responseCode":500,"during":"75841 ms","httpPath":"/api/cms/v2/post/update","clientIp":"0:0:0:0:0:0:0:1","localIp":"0:0:0:0:0:0:0:1","headers":{"authorization":"\u003c\u003cNot log authorization record\u003e\u003e","content-length":"223","postman-token":"8caa19f0-e404-47bd-8c37-c526a00a8e13","host":"localhost:8083","content-type":"application/json","connection":"keep-alive","accept-encoding":"gzip, deflate, br","accept":"application/json; charset\u003dUTF-8","user-agent":"PostmanRuntime/7.29.2"},"body":"{\"message\":\"Lỗi hệ thống!\",\"code\":1001,\"timestamp\":{\"date\":{\"year\":2022,\"month\":12,\"day\":6},\"time\":{\"hour\":14,\"minute\":28,\"second\":32,\"nano\":644360600}}}"}
2022-12-06 14:29:20.305  INFO--[25-nio-8083-exec-4] [                                        ]a.c.m.l.LoggingService         :REQUEST:X-Request-ID=e47ce624-71d3-4a2e-b7c4-45ff94dc7591 | {"httpMethod":"PUT","httpPath":"/api/cms/v2/post/update","clientIp":"0:0:0:0:0:0:0:1","localIp":"0:0:0:0:0:0:0:1","headers":{"authorization":"\u003c\u003cNot log authorization record\u003e\u003e","content-length":"223","postman-token":"a75a4f1a-a788-489f-b4e1-81ccc4f4b3be","host":"localhost:8083","content-type":"application/json","connection":"keep-alive","accept-encoding":"gzip, deflate, br","accept":"application/json; charset\u003dUTF-8","user-agent":"PostmanRuntime/7.29.2"},"parameters":{}}
2022-12-06 14:29:20.305  INFO--[25-nio-8083-exec-4] [                                        ]a.c.m.l.LoggingService         :REQUEST BODY:X-Request-ID=e47ce624-71d3-4a2e-b7c4-45ff94dc7591 | {"postId":"638ea78a0260ec0e056dbd54","showInfor":true,"floorNo":3,"area":300.0,"costs":5.0E8,"isHighlight":true,"startTime":{"date":{"year":2022,"month":12,"day":5},"time":{"hour":17,"minute":0,"second":0,"nano":0}},"endTime":{"date":{"year":2022,"month":12,"day":15},"time":{"hour":16,"minute":59,"second":59,"nano":0}}}
2022-12-06 14:29:21.821 DEBUG--[25-ynchLogThread-3] [                                        ]o.s.d.m.c.MongoTemplate        :Saving Document containing fields: [createdAt, userId, cif, path, requestId, requestObject, _class]
2022-12-06 14:29:21.821 DEBUG--[25-ynchLogThread-4] [                                        ]o.s.d.m.c.MongoTemplate        :Calling update using query: { "requestId" : "e47ce624-71d3-4a2e-b7c4-45ff94dc7591"} and update: { "$set" : { "requestBody" : { "postId" : "638ea78a0260ec0e056dbd54", "showInfor" : true, "floorNo" : 3, "area" : 300.0, "costs" : 5.0E8, "isHighlight" : true, "startTime" : { "$date" : "2022-12-05T10:00:00Z"}, "endTime" : { "$date" : "2022-12-15T09:59:59Z"}, "_class" : "ati.com.mbeelive.dto.post.input.UpdatePostInput"}}} in collection: logs
2022-12-06 14:29:22.698 DEBUG--[25-nio-8083-exec-4] [                                        ]o.s.d.m.c.MongoTemplate        :findOne using query: { "id" : "638ea78a0260ec0e056dbd54", "deleted" : false} fields: {} for class: class ati.com.mbeelive.document.post.Post in collection: posts
2022-12-06 14:29:22.698 DEBUG--[25-nio-8083-exec-4] [                                        ]o.s.d.m.c.MongoTemplate        :findOne using query: { "_id" : { "$oid" : "638ea78a0260ec0e056dbd54"}, "deleted" : false} fields: {} in db.collection: landstock.posts
2022-12-06 14:29:28.785  INFO--[25-ynchLogThread-4] [                                        ]o.m.d.connection               :Opened connection [connectionId{localValue:3, serverValue:5370385}] to 207.46.234.134:27717
2022-12-06 14:29:30.806 DEBUG--[25-nio-8083-exec-4] [                                        ]o.s.d.m.c.MongoTemplate        :Saving Document containing fields: [_id, title, customerCategory, images, categoryIds, categoryNames, status, totalView, totalLike, totalComment, approved_at, offComment, score, rejectedReasons, postImages, floorNo, area, costs, showInfor, isHighlight, startTime, endTime, created_at, updated_at, created_by, deleted, _class]
2022-12-06 14:29:31.739 DEBUG--[25-nio-8083-exec-4] [                                        ]o.s.d.m.c.MongoTemplate        :findOne using query: { "deleted" : false, "postId" : "638ea78a0260ec0e056dbd54"} fields: {} for class: class ati.com.mbeelive.document.post.PostLibrary in collection: post_library
2022-12-06 14:29:31.744 DEBUG--[25-nio-8083-exec-4] [                                        ]o.s.d.m.c.MongoTemplate        :findOne using query: { "deleted" : false, "postId" : "638ea78a0260ec0e056dbd54"} fields: {} in db.collection: landstock.post_library
2022-12-06 14:29:51.379 DEBUG--[25-nio-8083-exec-4] [                                        ]o.s.d.m.c.MongoTemplate        :Saving Document containing fields: [_id, title, content, images, categoryIds, categoryNames, status, totalView, totalLike, score, postId, floorNo, area, costs, isShowInfor, created_at, updated_at, deleted, _class]
2022-12-06 14:29:57.335 DEBUG--[25-nio-8083-exec-4] [                                        ]o.s.d.m.c.MongoTemplate        :Saving Document containing fields: [_id, title, customerCategory, images, categoryIds, categoryNames, status, totalView, totalLike, totalComment, approved_at, offComment, score, rejectedReasons, postImages, floorNo, area, costs, showInfor, isHighlight, startTime, endTime, created_at, updated_at, created_by, deleted, _class]
2022-12-06 14:31:04.005  WARN--[25-l-1 housekeeper] [                                        ]c.z.h.p.HikariPool             :HikariPool-1 - Thread starvation or clock leap detected (housekeeper delta=1m11s691ms315µs800ns).
2022-12-06 14:31:08.383  INFO--[25-nio-8083-exec-4] [                                        ]a.c.m.l.LoggingService         :RESPONSE:X-Request-ID=e47ce624-71d3-4a2e-b7c4-45ff94dc7591 | {"responseCode":200,"during":"108078 ms","httpPath":"/api/cms/v2/post/update","clientIp":"0:0:0:0:0:0:0:1","localIp":"0:0:0:0:0:0:0:1","headers":{"authorization":"\u003c\u003cNot log authorization record\u003e\u003e","content-length":"223","postman-token":"a75a4f1a-a788-489f-b4e1-81ccc4f4b3be","host":"localhost:8083","content-type":"application/json","connection":"keep-alive","accept-encoding":"gzip, deflate, br","accept":"application/json; charset\u003dUTF-8","user-agent":"PostmanRuntime/7.29.2"},"body":"{\"message\":\"success\",\"code\":200,\"data\":{\"id\":\"638ea78a0260ec0e056dbd54\",\"title\":\"Đăng bài test caption 06/12/2022\",\"customerCategory\":\"\",\"images\":[null],\"status\":\"Reject\",\"totalView\":0,\"totalLike\":0,\"totalComment\":0,\"categories\":[{\"id\":\"637b38120aef820ed55e5af5\",\"name\":\"Nhà đẹp\",\"type\":\"ChillHouse\",\"status\":\"ACTIVE\",\"image\":\"https://devbrood.blob.core.windows.net/bds/cms%2Fnews%2Fimages_BxiZ4Q.jfif\",\"isParent\":true,\"parentName\":\"Nhà đẹp\",\"description\":\"        Nhà Vườn     \"},{\"id\":\"62a2ffeca6c"}
2022-12-06 14:31:43.550  INFO--[25-extShutdownHook] [                                        ].s.s.c.ThreadPoolTaskScheduler :Shutting down ExecutorService 'taskScheduler'
2022-12-06 14:31:43.550  INFO--[25-extShutdownHook] [                                        ]o.s.s.c.ThreadPoolTaskExecutor :Shutting down ExecutorService 'asyncLogsExecutor'
2022-12-06 14:31:43.550  INFO--[25-extShutdownHook] [                                        ]o.s.s.c.ThreadPoolTaskExecutor :Shutting down ExecutorService 'asyncExecutorNotification'
2022-12-06 14:31:43.550  INFO--[25-extShutdownHook] [                                        ]o.s.s.c.ThreadPoolTaskExecutor :Shutting down ExecutorService 'asyncExecutor'
2022-12-06 14:31:43.566  INFO--[25-extShutdownHook] [                                        ]o.s.s.c.ThreadPoolTaskExecutor :Shutting down ExecutorService 'threadPoolTaskExecutor'
2022-12-06 14:31:45.589 ERROR--[25-isson-netty-2-5] [                                        ]i.n.u.c.D.rejectedExecution    :Failed to submit a listener notification task. Event loop shut down?
java.util.concurrent.RejectedExecutionException: event executor terminated
	at io.netty.util.concurrent.SingleThreadEventExecutor.reject(SingleThreadEventExecutor.java:926)
	at io.netty.util.concurrent.SingleThreadEventExecutor.offerTask(SingleThreadEventExecutor.java:353)
	at io.netty.util.concurrent.SingleThreadEventExecutor.addTask(SingleThreadEventExecutor.java:346)
	at io.netty.util.concurrent.SingleThreadEventExecutor.execute(SingleThreadEventExecutor.java:828)
	at io.netty.util.concurrent.SingleThreadEventExecutor.execute(SingleThreadEventExecutor.java:818)
	at io.netty.util.concurrent.DefaultPromise.safeExecute(DefaultPromise.java:842)
	at io.netty.util.concurrent.DefaultPromise.notifyListeners(DefaultPromise.java:499)
	at io.netty.util.concurrent.DefaultPromise.setValue0(DefaultPromise.java:616)
	at io.netty.util.concurrent.DefaultPromise.setSuccess0(DefaultPromise.java:605)
	at io.netty.util.concurrent.DefaultPromise.setSuccess(DefaultPromise.java:96)
	at io.netty.channel.group.DefaultChannelGroupFuture.setSuccess0(DefaultChannelGroupFuture.java:200)
	at io.netty.channel.group.DefaultChannelGroupFuture.access$400(DefaultChannelGroupFuture.java:41)
	at io.netty.channel.group.DefaultChannelGroupFuture$1.operationComplete(DefaultChannelGroupFuture.java:75)
	at io.netty.channel.group.DefaultChannelGroupFuture$1.operationComplete(DefaultChannelGroupFuture.java:48)
	at io.netty.util.concurrent.DefaultPromise.notifyListener0(DefaultPromise.java:578)
	at io.netty.util.concurrent.DefaultPromise.notifyListeners0(DefaultPromise.java:571)
	at io.netty.util.concurrent.DefaultPromise.notifyListenersNow(DefaultPromise.java:550)
	at io.netty.util.concurrent.DefaultPromise.notifyListeners(DefaultPromise.java:491)
	at io.netty.util.concurrent.DefaultPromise.setValue0(DefaultPromise.java:616)
	at io.netty.util.concurrent.DefaultPromise.setSuccess0(DefaultPromise.java:605)
	at io.netty.util.concurrent.DefaultPromise.trySuccess(DefaultPromise.java:104)
	at io.netty.channel.DefaultChannelPromise.trySuccess(DefaultChannelPromise.java:84)
	at io.netty.channel.AbstractChannel$CloseFuture.setClosed(AbstractChannel.java:1186)
	at io.netty.channel.AbstractChannel$AbstractUnsafe.doClose0(AbstractChannel.java:773)
	at io.netty.channel.AbstractChannel$AbstractUnsafe.close(AbstractChannel.java:749)
	at io.netty.channel.AbstractChannel$AbstractUnsafe.close(AbstractChannel.java:620)
	at io.netty.channel.nio.NioEventLoop.closeAll(NioEventLoop.java:769)
	at io.netty.channel.nio.NioEventLoop.run(NioEventLoop.java:526)
	at io.netty.util.concurrent.SingleThreadEventExecutor$4.run(SingleThreadEventExecutor.java:989)
	at io.netty.util.internal.ThreadExecutorMap$2.run(ThreadExecutorMap.java:74)
	at io.netty.util.concurrent.FastThreadLocalRunnable.run(FastThreadLocalRunnable.java:30)
	at java.base/java.lang.Thread.run(Thread.java:834)
2022-12-06 14:31:45.604  INFO--[25-extShutdownHook] [                                        ]tainerEntityManagerFactoryBean :Closing JPA EntityManagerFactory for persistence unit 'default'
2022-12-06 14:31:45.604  INFO--[25-extShutdownHook] [                                        ]c.z.h.HikariDataSource         :HikariPool-1 - Shutdown initiated...
2022-12-06 14:31:45.604  INFO--[25-extShutdownHook] [                                        ]c.z.h.HikariDataSource         :HikariPool-1 - Shutdown completed.
2022-12-06 14:31:45.698  INFO--[25-extShutdownHook] [                                        ]o.m.d.connection               :Closed connection [connectionId{localValue:2, serverValue:5370384}] to 207.46.234.134:27717 because the pool has been closed.
2022-12-06 14:31:45.698  INFO--[25-extShutdownHook] [                                        ]o.m.d.connection               :Closed connection [connectionId{localValue:3, serverValue:5370385}] to 207.46.234.134:27717 because the pool has been closed.
