2022-11-30 14:15:34.052  INFO--[25-kground-preinit] [                                        ]o.h.v.i.u.Version              :HV000001: Hibernate Validator 6.1.7.Final
2022-11-30 14:15:34.075  INFO--[25-main           ] [                                        ]a.c.m.MbeeliveApplication      :Starting MbeeliveApplication on DESKTOP-GSNRLR9 with PID 15184 (C:\Work\MbLandStock\landstock-cms-be\target\classes started by Thanh Thuc in C:\Work\MbLandStock\landstock-cms-be)
2022-11-30 14:15:34.078  INFO--[25-main           ] [                                        ]a.c.m.MbeeliveApplication      :No active profile set, falling back to default profiles: default
2022-11-30 14:15:35.374  INFO--[25-main           ] [                                        ]epositoryConfigurationDelegate :Multiple Spring Data modules found, entering strict repository configuration mode!
2022-11-30 14:15:35.375  INFO--[25-main           ] [                                        ]epositoryConfigurationDelegate :Bootstrapping Spring Data JPA repositories in DEFAULT mode.
2022-11-30 14:15:35.575  INFO--[25-main           ] [                                        ]epositoryConfigurationDelegate :Finished Spring Data repository scanning in 194ms. Found 36 JPA repository interfaces.
2022-11-30 14:15:35.576  INFO--[25-main           ] [                                        ]epositoryConfigurationDelegate :Multiple Spring Data modules found, entering strict repository configuration mode!
2022-11-30 14:15:35.576  INFO--[25-main           ] [                                        ]epositoryConfigurationDelegate :Bootstrapping Spring Data MongoDB repositories in DEFAULT mode.
2022-11-30 14:15:35.587  INFO--[25-main           ] [                                        ]epositoryConfigurationDelegate :Finished Spring Data repository scanning in 11ms. Found 2 MongoDB repository interfaces.
2022-11-30 14:15:36.561  INFO--[25-main           ] [                                        ]o.s.b.w.e.t.TomcatWebServer    :Tomcat initialized with port(s): 8083 (http)
2022-11-30 14:15:36.569  INFO--[25-main           ] [                                        ]o.a.c.h.Http11NioProtocol      :Initializing ProtocolHandler ["http-nio-8083"]
2022-11-30 14:15:36.569  INFO--[25-main           ] [                                        ]o.a.c.c.StandardService        :Starting service [Tomcat]
2022-11-30 14:15:36.569  INFO--[25-main           ] [                                        ]o.a.c.c.StandardEngine         :Starting Servlet engine: [Apache Tomcat/9.0.46]
2022-11-30 14:15:36.734  INFO--[25-main           ] [                                        ]o.a.c.c.C.[.[.[/]              :Initializing Spring embedded WebApplicationContext
2022-11-30 14:15:36.734  INFO--[25-main           ] [                                        ]letWebServerApplicationContext :Root WebApplicationContext: initialization completed in 2611 ms
2022-11-30 14:15:36.896  INFO--[25-main           ] [                                        ]o.m.d.cluster                  :Cluster created with settings {hosts=[207.46.234.134:27717], mode=SINGLE, requiredClusterType=UNKNOWN, serverSelectionTimeout='30000 ms'}
2022-11-30 14:15:37.130  INFO--[25-6.234.134:27717] [                                        ]o.m.d.connection               :Opened connection [connectionId{localValue:1, serverValue:5325222}] to 207.46.234.134:27717
2022-11-30 14:15:37.232  INFO--[25-6.234.134:27717] [                                        ]o.m.d.cluster                  :Monitor thread successfully connected to server with description ServerDescription{address=207.46.234.134:27717, type=STANDALONE, state=CONNECTED, ok=true, minWireVersion=0, maxWireVersion=9, maxDocumentSize=16777216, logicalSessionTimeoutMinutes=30, roundTripTimeNanos=99254000}
2022-11-30 14:15:38.039  INFO--[25-main           ] [                                        ]o.m.d.connection               :Opened connection [connectionId{localValue:2, serverValue:5325223}] to 207.46.234.134:27717
2022-11-30 14:15:38.321  INFO--[25-main           ] [                                        ]oPersistentEntityIndexResolver :Found cycle for field '_id' in type 'PostComment' for path 'lastComment -> lastComment'
2022-11-30 14:15:38.337  INFO--[25-main           ] [                                        ]oPersistentEntityIndexResolver :Found cycle for field 'lastComment' in type 'PostComment' for path 'lastComment -> lastComment'
2022-11-30 14:15:38.608  INFO--[25-main           ] [                                        ]oPersistentEntityIndexResolver :Found cycle for field '_id' in type 'PostComment' for path 'lastComment -> lastComment'
2022-11-30 14:15:38.608  INFO--[25-main           ] [                                        ]oPersistentEntityIndexResolver :Found cycle for field 'lastComment' in type 'PostComment' for path 'lastComment -> lastComment'
2022-11-30 14:15:39.191  INFO--[25-main           ] [                                        ]c.z.h.HikariDataSource         :HikariPool-1 - Starting...
2022-11-30 14:15:43.653  INFO--[25-main           ] [                                        ]c.z.h.HikariDataSource         :HikariPool-1 - Start completed.
2022-11-30 14:15:44.684  INFO--[25-main           ] [                                        ]o.h.j.i.u.LogHelper            :HHH000204: Processing PersistenceUnitInfo [name: default]
2022-11-30 14:15:45.179  INFO--[25-main           ] [                                        ]o.h.Version                    :HHH000412: Hibernate ORM core version 5.4.32.Final
2022-11-30 14:15:45.429  INFO--[25-main           ] [                                        ]o.h.a.c.Version                :HCANN000001: Hibernate Commons Annotations {5.1.2.Final}
2022-11-30 14:15:45.749  INFO--[25-main           ] [                                        ]o.h.d.Dialect                  :HHH000400: Using dialect: org.hibernate.dialect.MySQL5Dialect
2022-11-30 14:15:47.129  INFO--[25-main           ] [                                        ]e.t.j.p.i.JtaPlatformInitiator :HHH000490: Using JtaPlatform implementation: [org.hibernate.engine.transaction.jta.platform.internal.NoJtaPlatform]
2022-11-30 14:15:47.144  INFO--[25-main           ] [                                        ]tainerEntityManagerFactoryBean :Initialized JPA EntityManagerFactory for persistence unit 'default'
2022-11-30 14:15:48.155  WARN--[25-main           ] [                                        ]figuration$JpaWebConfiguration :spring.jpa.open-in-view is enabled by default. Therefore, database queries may be performed during view rendering. Explicitly configure spring.jpa.open-in-view to disable this warning
2022-11-30 14:15:49.311  INFO--[25-main           ] [                                        ]o.r.Version                    :Redisson 3.13.2
2022-11-30 14:15:51.107  INFO--[25-isson-netty-2-9] [                                        ]c.p.MasterPubSubConnectionPool :1 connections initialized for dev-brood.redis.cache.windows.net/13.76.180.224:6380
2022-11-30 14:15:51.413  INFO--[25-sson-netty-2-20] [                                        ]o.r.c.p.MasterConnectionPool   :24 connections initialized for dev-brood.redis.cache.windows.net/13.76.180.224:6380
2022-11-30 14:15:51.760  INFO--[25-main           ] [                                        ]redAnnotationBeanPostProcessor :Autowired annotation is not supported on static fields: private static java.lang.String ati.com.mbeelive.cmv.CmvRestClient.clientMessageId
2022-11-30 14:15:52.531  INFO--[25-main           ] [                                        ]o.s.s.c.ThreadPoolTaskExecutor :Initializing ExecutorService
2022-11-30 14:15:52.531  INFO--[25-main           ] [                                        ]o.s.s.c.ThreadPoolTaskExecutor :Initializing ExecutorService 'threadPoolTaskExecutor'
2022-11-30 14:15:52.643  INFO--[25-main           ] [                                        ]etailsServiceAutoConfiguration :

Using generated security password: 47f57460-77a1-425d-804d-552208781a6d

2022-11-30 14:15:52.690  INFO--[25-main           ] [                                        ]s.w.DefaultSecurityFilterChain :Creating filter chain: Ant [pattern='/v2/api-docs'], []
2022-11-30 14:15:52.690  INFO--[25-main           ] [                                        ]s.w.DefaultSecurityFilterChain :Creating filter chain: Ant [pattern='/configuration/ui'], []
2022-11-30 14:15:52.690  INFO--[25-main           ] [                                        ]s.w.DefaultSecurityFilterChain :Creating filter chain: Ant [pattern='/swagger-resources/**'], []
2022-11-30 14:15:52.690  INFO--[25-main           ] [                                        ]s.w.DefaultSecurityFilterChain :Creating filter chain: Ant [pattern='/configuration/security'], []
2022-11-30 14:15:52.690  INFO--[25-main           ] [                                        ]s.w.DefaultSecurityFilterChain :Creating filter chain: Ant [pattern='/swagger-ui.html'], []
2022-11-30 14:15:52.690  INFO--[25-main           ] [                                        ]s.w.DefaultSecurityFilterChain :Creating filter chain: Ant [pattern='/swagger-ui/**'], []
2022-11-30 14:15:52.690  INFO--[25-main           ] [                                        ]s.w.DefaultSecurityFilterChain :Creating filter chain: Ant [pattern='/v3/api-docs/**'], []
2022-11-30 14:15:52.690  INFO--[25-main           ] [                                        ]s.w.DefaultSecurityFilterChain :Creating filter chain: Ant [pattern='/webjars/**'], []
2022-11-30 14:15:52.721  INFO--[25-main           ] [                                        ]s.w.DefaultSecurityFilterChain :Creating filter chain: any request, [org.springframework.security.web.context.request.async.WebAsyncManagerIntegrationFilter@1b10963a, org.springframework.security.web.context.SecurityContextPersistenceFilter@561f013f, org.springframework.security.web.header.HeaderWriterFilter@4a24170b, org.springframework.web.filter.CorsFilter@16f453c9, org.springframework.security.web.csrf.CsrfFilter@4315d110, org.springframework.security.web.authentication.logout.LogoutFilter@4c963d59, ati.com.mbeelive.springsercurity.JwtAuthenticationFilter@6cf7de4e, org.springframework.security.web.savedrequest.RequestCacheAwareFilter@2e608993, org.springframework.security.web.servletapi.SecurityContextHolderAwareRequestFilter@541e8e40, org.springframework.security.web.authentication.AnonymousAuthenticationFilter@718fb7a2, org.springframework.security.web.session.SessionManagementFilter@2f474e6f, org.springframework.security.web.access.ExceptionTranslationFilter@4d2af40, org.springframework.security.web.access.intercept.FilterSecurityInterceptor@48187168]
2022-11-30 14:15:52.912  INFO--[25-main           ] [                                        ]o.s.s.c.ThreadPoolTaskExecutor :Initializing ExecutorService
2022-11-30 14:15:52.912  INFO--[25-main           ] [                                        ]o.s.s.c.ThreadPoolTaskExecutor :Initializing ExecutorService 'asyncExecutor'
2022-11-30 14:15:52.912  INFO--[25-main           ] [                                        ]o.s.s.c.ThreadPoolTaskExecutor :Initializing ExecutorService
2022-11-30 14:15:52.912  INFO--[25-main           ] [                                        ]o.s.s.c.ThreadPoolTaskExecutor :Initializing ExecutorService 'asyncExecutorNotification'
2022-11-30 14:15:52.912  INFO--[25-main           ] [                                        ]o.s.s.c.ThreadPoolTaskExecutor :Initializing ExecutorService
2022-11-30 14:15:52.912  INFO--[25-main           ] [                                        ]o.s.s.c.ThreadPoolTaskExecutor :Initializing ExecutorService 'asyncLogsExecutor'
2022-11-30 14:15:54.512  INFO--[25-main           ] [                                        ].s.s.c.ThreadPoolTaskScheduler :Initializing ExecutorService 'taskScheduler'
2022-11-30 14:15:54.575  INFO--[25-main           ] [                                        ]o.a.c.h.Http11NioProtocol      :Starting ProtocolHandler ["http-nio-8083"]
2022-11-30 14:15:54.575  INFO--[25-main           ] [                                        ]o.s.b.w.e.t.TomcatWebServer    :Tomcat started on port(s): 8083 (http) with context path ''
2022-11-30 14:15:54.653  INFO--[25-main           ] [                                        ]o.s.b.w.e.t.TomcatWebServer    :Tomcat initialized with port(s): 8090 (http)
2022-11-30 14:15:54.653  INFO--[25-main           ] [                                        ]o.a.c.h.Http11NioProtocol      :Initializing ProtocolHandler ["http-nio-8090"]
2022-11-30 14:15:54.653  INFO--[25-main           ] [                                        ]o.a.c.c.StandardService        :Starting service [Tomcat]
2022-11-30 14:15:54.653  INFO--[25-main           ] [                                        ]o.a.c.c.StandardEngine         :Starting Servlet engine: [Apache Tomcat/9.0.46]
2022-11-30 14:15:54.684  INFO--[25-main           ] [                                        ]o.a.c.c.C.[.[.[/]              :Initializing Spring embedded WebApplicationContext
2022-11-30 14:15:54.684  INFO--[25-main           ] [                                        ]letWebServerApplicationContext :Root WebApplicationContext: initialization completed in 93 ms
2022-11-30 14:15:54.700  INFO--[25-main           ] [                                        ].b.a.e.w.EndpointLinksResolver :Exposing 2 endpoint(s) beneath base path '/actuator'
2022-11-30 14:15:55.712  INFO--[25-main           ] [                                        ]o.a.c.h.Http11NioProtocol      :Starting ProtocolHandler ["http-nio-8090"]
2022-11-30 14:15:55.712  INFO--[25-main           ] [                                        ]o.s.b.w.e.t.TomcatWebServer    :Tomcat started on port(s): 8090 (http) with context path ''
2022-11-30 14:15:55.728  INFO--[25-main           ] [                                        ]a.c.m.MbeeliveApplication      :Started MbeeliveApplication in 21.899 seconds (JVM running for 23.456)
2022-11-30 14:15:55.728  INFO--[25-main           ] [                                        ]a.c.m.c.CmvSchedule            :start getFirstAccessToken
2022-11-30 14:15:55.743  INFO--[25-main           ] [                                        ]a.c.m.c.CmvRestClient          :getAccessToken with no auth!!!
2022-11-30 14:15:55.915  INFO--[25-main           ] [                                        ]omClientHttpRequestInterceptor :RestTemplate request logging: URI: https://api-sandbox.mbbank.com.vn/ms-cmv-service-auth/v1.0/login Method: POST Headers: {Accept=[text/plain, application/xml, text/xml, application/json, application/*+xml, application/*+json, */*], Content-Type=[application/json], clientMessageId=[null], Content-Length=[46]} Body: {"username":"cmv_amc_app","password":"123456"}
2022-11-30 14:15:56.121  INFO--[25-)-192.168.8.150] [                                        ]o.a.c.c.C.[.[.[/]              :Initializing Spring DispatcherServlet 'dispatcherServlet'
2022-11-30 14:15:56.121  INFO--[25-)-192.168.8.150] [                                        ]o.s.w.s.DispatcherServlet      :Initializing Servlet 'dispatcherServlet'
2022-11-30 14:15:56.137  INFO--[25-)-192.168.8.150] [                                        ]o.s.w.s.DispatcherServlet      :Completed initialization in 16 ms
2022-11-30 14:15:56.262  INFO--[25-main           ] [                                        ]omClientHttpRequestInterceptor :RestTemplate response logging: URI: https://api-sandbox.mbbank.com.vn/ms-cmv-service-auth/v1.0/login Method: POST Status code: 400 BAD_REQUEST Headers: {Date=[Wed, 30 Nov 2022 07:15:07 GMT], Content-Type=[application/json], Content-Length=[108], Connection=[keep-alive], Access-Control-Allow-Origin=[*], Access-Control-Allow-Methods=[*], Access-Control-Allow-Headers=[*], Set-Cookie=[BIGipServer~DEV~apiGee=rd5o00000000000000000000ffff0a011b63o443; path=/; Httponly; Secure, MBAnalyticsaaaaaaaaaaaaaaaa_session_=LALJNAMHNNAPHJLOBJCEOKMJDOFDKNODMIBLPNIMOPBONLEDANBKGMGEAEGEMOGLPANDODHLACMEHCCPINPABBJFLABMOIGKOGHNEAKCPLAMGEAGFPHMMOBNCHCPGIHK; HttpOnly; secure, MB01e353a0=01bb14ea42288e34811588857425013916956a66b1512f3286ae34a7275fd81bd5793436e4b061c2ce0c847378b620a7251d627bb1; Path=/]} Body: {"clientMessageId":null,"data":null,"errorCode":"203","errorDesc":["'clientMessageId' header is mandatory"]}
2022-11-30 14:16:09.058 ERROR--[25-main           ] [                                        ]a.c.m.c.CmvSchedule            :400 Bad Request: [{"clientMessageId":null,"data":null,"errorCode":"203","errorDesc":["'clientMessageId' header is mandatory"]}]
org.springframework.web.client.HttpClientErrorException$BadRequest: 400 Bad Request: [{"clientMessageId":null,"data":null,"errorCode":"203","errorDesc":["'clientMessageId' header is mandatory"]}]
	at org.springframework.web.client.HttpClientErrorException.create(HttpClientErrorException.java:101)
	at org.springframework.web.client.DefaultResponseErrorHandler.handleError(DefaultResponseErrorHandler.java:184)
	at org.springframework.web.client.DefaultResponseErrorHandler.handleError(DefaultResponseErrorHandler.java:125)
	at org.springframework.web.client.ResponseErrorHandler.handleError(ResponseErrorHandler.java:63)
	at org.springframework.web.client.RestTemplate.handleResponse(RestTemplate.java:780)
	at org.springframework.web.client.RestTemplate.doExecute(RestTemplate.java:738)
	at org.springframework.web.client.RestTemplate.execute(RestTemplate.java:672)
	at org.springframework.web.client.RestTemplate.postForEntity(RestTemplate.java:447)
	at ati.com.mbeelive.cmv.CmvRestClient.postForLogin(CmvRestClient.java:82)
	at ati.com.mbeelive.cmv.CmvRestClient.login(CmvRestClient.java:119)
	at ati.com.mbeelive.cmv.CmvRestClient.getAccessToken(CmvRestClient.java:110)
	at ati.com.mbeelive.cmv.CmvSchedule.getFirstAccessToken(CmvSchedule.java:22)
	at java.base/jdk.internal.reflect.NativeMethodAccessorImpl.invoke0(Native Method)
	at java.base/jdk.internal.reflect.NativeMethodAccessorImpl.invoke(NativeMethodAccessorImpl.java:62)
	at java.base/jdk.internal.reflect.DelegatingMethodAccessorImpl.invoke(DelegatingMethodAccessorImpl.java:43)
	at java.base/java.lang.reflect.Method.invoke(Method.java:566)
	at org.springframework.context.event.ApplicationListenerMethodAdapter.doInvoke(ApplicationListenerMethodAdapter.java:305)
	at org.springframework.context.event.ApplicationListenerMethodAdapter.processEvent(ApplicationListenerMethodAdapter.java:190)
	at org.springframework.context.event.ApplicationListenerMethodAdapter.onApplicationEvent(ApplicationListenerMethodAdapter.java:153)
	at org.springframework.context.event.SimpleApplicationEventMulticaster.doInvokeListener(SimpleApplicationEventMulticaster.java:172)
	at org.springframework.context.event.SimpleApplicationEventMulticaster.invokeListener(SimpleApplicationEventMulticaster.java:165)
	at org.springframework.context.event.SimpleApplicationEventMulticaster.multicastEvent(SimpleApplicationEventMulticaster.java:139)
	at org.springframework.context.support.AbstractApplicationContext.publishEvent(AbstractApplicationContext.java:404)
	at org.springframework.context.support.AbstractApplicationContext.publishEvent(AbstractApplicationContext.java:361)
	at org.springframework.boot.context.event.EventPublishingRunListener.running(EventPublishingRunListener.java:108)
	at org.springframework.boot.SpringApplicationRunListeners.running(SpringApplicationRunListeners.java:77)
	at org.springframework.boot.SpringApplication.run(SpringApplication.java:327)
	at org.springframework.boot.SpringApplication.run(SpringApplication.java:1247)
	at org.springframework.boot.SpringApplication.run(SpringApplication.java:1236)
	at ati.com.mbeelive.MbeeliveApplication.main(MbeeliveApplication.java:29)
2022-11-30 14:23:21.017  INFO--[25-nio-8083-exec-2] [                                        ]a.c.m.l.LoggingService         :REQUEST:X-Request-ID=70b50917-6950-40ea-adb8-3a61aad56e72 | {"httpMethod":"PUT","httpPath":"/api/cms/v2/post/update","clientIp":"0:0:0:0:0:0:0:1","localIp":"0:0:0:0:0:0:0:1","headers":{"sec-fetch-mode":"cors","content-length":"176","referer":"http://localhost:8083/swagger-ui/index.html?configUrl\u003d/v3/api-docs/swagger-config","sec-fetch-site":"same-origin","accept-language":"vi-VN,vi;q\u003d0.9,fr-FR;q\u003d0.8,fr;q\u003d0.7,en-US;q\u003d0.6,en;q\u003d0.5","cookie":"Idea-8bcc7671\u003d0e07d4ae-086b-49d7-886d-b91ab4a52490","origin":"http://localhost:8083","accept":"application/json; charset\u003dUTF-8","authorization":"\u003c\u003cNot log authorization record\u003e\u003e","sec-ch-ua":"\"Google Chrome\";v\u003d\"107\", \"Chromium\";v\u003d\"107\", \"Not\u003dA?Brand\";v\u003d\"24\"","sec-ch-ua-mobile":"?0","sec-ch-ua-platform":"\"Windows\"","host":"localhost:8083","connection":"keep-alive","content-type":"application/json","accept-encoding":"gzip, deflate, br","user-agent":"Mozilla/5.0 (Windows NT 10.0; Win64; x64) AppleWebKit/537.36 (KHTML, like Gecko) Chrome/107.0.0.0 Safari/537.36","sec-fetch-dest":"empty"},"parameters":{}}
2022-11-30 14:23:21.085 DEBUG--[25-ynchLogThread-1] [                                        ]o.s.d.m.c.MongoTemplate        :Saving Document containing fields: [createdAt, userId, cif, path, requestId, requestObject, _class]
2022-11-30 14:23:21.118  WARN--[25-ynchLogThread-1] [                                        ]o.m.d.connection               :Got socket exception on connection [connectionId{localValue:2, serverValue:5325223}] to 207.46.234.134:27717. All connections to 207.46.234.134:27717 will be closed.
2022-11-30 14:23:21.126  INFO--[25-ynchLogThread-1] [                                        ]o.m.d.connection               :Closed connection [connectionId{localValue:2, serverValue:5325223}] to 207.46.234.134:27717 because there was a socket exception raised by this connection.
2022-11-30 14:23:21.136 ERROR--[25-ynchLogThread-1] [                                        ]a.c.m.a.LogAsyn                :Exception sending message; nested exception is com.mongodb.MongoSocketWriteException: Exception sending message
2022-11-30 14:34:51.625  INFO--[25-nio-8083-exec-3] [                                        ]a.c.m.l.LoggingService         :REQUEST:X-Request-ID=f79e00f4-e85f-406f-bf96-e6eac4334b7d | {"httpMethod":"PUT","httpPath":"/api/cms/v2/post/update","clientIp":"0:0:0:0:0:0:0:1","localIp":"0:0:0:0:0:0:0:1","headers":{"sec-fetch-mode":"cors","content-length":"176","referer":"http://localhost:8083/swagger-ui/index.html?configUrl\u003d/v3/api-docs/swagger-config","sec-fetch-site":"same-origin","accept-language":"vi-VN,vi;q\u003d0.9,fr-FR;q\u003d0.8,fr;q\u003d0.7,en-US;q\u003d0.6,en;q\u003d0.5","cookie":"Idea-8bcc7671\u003d0e07d4ae-086b-49d7-886d-b91ab4a52490","origin":"http://localhost:8083","accept":"application/json; charset\u003dUTF-8","authorization":"\u003c\u003cNot log authorization record\u003e\u003e","sec-ch-ua":"\"Google Chrome\";v\u003d\"107\", \"Chromium\";v\u003d\"107\", \"Not\u003dA?Brand\";v\u003d\"24\"","sec-ch-ua-mobile":"?0","sec-ch-ua-platform":"\"Windows\"","host":"localhost:8083","connection":"keep-alive","content-type":"application/json","accept-encoding":"gzip, deflate, br","user-agent":"Mozilla/5.0 (Windows NT 10.0; Win64; x64) AppleWebKit/537.36 (KHTML, like Gecko) Chrome/107.0.0.0 Safari/537.36","sec-fetch-dest":"empty"},"parameters":{}}
2022-11-30 14:34:51.640 DEBUG--[25-ynchLogThread-2] [                                        ]o.s.d.m.c.MongoTemplate        :Saving Document containing fields: [createdAt, userId, cif, path, requestId, requestObject, _class]
2022-11-30 14:34:52.044  INFO--[25-ynchLogThread-2] [                                        ]o.m.d.connection               :Opened connection [connectionId{localValue:3, serverValue:5325353}] to 207.46.234.134:27717
2022-11-30 14:35:44.282  INFO--[25-nio-8083-exec-5] [                                        ]a.c.m.l.LoggingService         :REQUEST:X-Request-ID=d1fcdc8c-d167-4bb7-9df8-304645ce7f4a | {"httpMethod":"PUT","httpPath":"/api/cms/v2/post/update","clientIp":"0:0:0:0:0:0:0:1","localIp":"0:0:0:0:0:0:0:1","headers":{"sec-fetch-mode":"cors","content-length":"186","referer":"http://localhost:8083/swagger-ui/index.html?configUrl\u003d/v3/api-docs/swagger-config","sec-fetch-site":"same-origin","accept-language":"vi-VN,vi;q\u003d0.9,fr-FR;q\u003d0.8,fr;q\u003d0.7,en-US;q\u003d0.6,en;q\u003d0.5","cookie":"Idea-8bcc7671\u003d0e07d4ae-086b-49d7-886d-b91ab4a52490","origin":"http://localhost:8083","accept":"application/json; charset\u003dUTF-8","authorization":"\u003c\u003cNot log authorization record\u003e\u003e","sec-ch-ua":"\"Google Chrome\";v\u003d\"107\", \"Chromium\";v\u003d\"107\", \"Not\u003dA?Brand\";v\u003d\"24\"","sec-ch-ua-mobile":"?0","sec-ch-ua-platform":"\"Windows\"","host":"localhost:8083","connection":"keep-alive","content-type":"application/json","accept-encoding":"gzip, deflate, br","user-agent":"Mozilla/5.0 (Windows NT 10.0; Win64; x64) AppleWebKit/537.36 (KHTML, like Gecko) Chrome/107.0.0.0 Safari/537.36","sec-fetch-dest":"empty"},"parameters":{}}
2022-11-30 14:35:44.283 DEBUG--[25-ynchLogThread-3] [                                        ]o.s.d.m.c.MongoTemplate        :Saving Document containing fields: [createdAt, userId, cif, path, requestId, requestObject, _class]
2022-11-30 14:35:44.285  INFO--[25-nio-8083-exec-5] [                                        ]a.c.m.l.LoggingService         :REQUEST BODY:X-Request-ID=d1fcdc8c-d167-4bb7-9df8-304645ce7f4a | {"postId":"6386d954cfbd3d264b4a9c94","showInfor":true,"floorNo":0,"area":80.0,"costs":9.8694977E7,"isHighlight":true,"startTime":{"date":{"year":2022,"month":11,"day":30},"time":{"hour":7,"minute":15,"second":56,"nano":128000000}},"endTime":{"date":{"year":2022,"month":12,"day":1},"time":{"hour":7,"minute":15,"second":56,"nano":128000000}}}
2022-11-30 14:35:48.826 DEBUG--[25-ynchLogThread-4] [                                        ]o.s.d.m.c.MongoTemplate        :Calling update using query: { "requestId" : "d1fcdc8c-d167-4bb7-9df8-304645ce7f4a"} and update: { "$set" : { "requestBody" : { "postId" : "6386d954cfbd3d264b4a9c94", "showInfor" : true, "floorNo" : 0, "area" : 80.0, "costs" : 9.8694977E7, "isHighlight" : true, "startTime" : { "$date" : "2022-11-30T00:15:56.128Z"}, "endTime" : { "$date" : "2022-12-01T00:15:56.128Z"}, "_class" : "ati.com.mbeelive.dto.post.input.UpdatePostInput"}}} in collection: logs
2022-11-30 14:35:48.841  WARN--[25-nio-8083-exec-5] [                                        ]c.z.h.p.PoolBase               :HikariPool-1 - Failed to validate connection com.mysql.cj.jdbc.ConnectionImpl@2886093e (No operations allowed after connection closed.). Possibly consider using a shorter maxLifetime value.
2022-11-30 14:35:48.857  WARN--[25-nio-8083-exec-5] [                                        ]c.z.h.p.PoolBase               :HikariPool-1 - Failed to validate connection com.mysql.cj.jdbc.ConnectionImpl@7b0304a8 (No operations allowed after connection closed.). Possibly consider using a shorter maxLifetime value.
2022-11-30 14:35:48.873  WARN--[25-nio-8083-exec-5] [                                        ]c.z.h.p.PoolBase               :HikariPool-1 - Failed to validate connection com.mysql.cj.jdbc.ConnectionImpl@63d42d0f (No operations allowed after connection closed.). Possibly consider using a shorter maxLifetime value.
2022-11-30 14:35:48.873  WARN--[25-nio-8083-exec-5] [                                        ]c.z.h.p.PoolBase               :HikariPool-1 - Failed to validate connection com.mysql.cj.jdbc.ConnectionImpl@7170c776 (No operations allowed after connection closed.). Possibly consider using a shorter maxLifetime value.
2022-11-30 14:35:48.888  WARN--[25-nio-8083-exec-5] [                                        ]c.z.h.p.PoolBase               :HikariPool-1 - Failed to validate connection com.mysql.cj.jdbc.ConnectionImpl@521f9eb5 (No operations allowed after connection closed.). Possibly consider using a shorter maxLifetime value.
2022-11-30 14:35:48.888  WARN--[25-nio-8083-exec-5] [                                        ]c.z.h.p.PoolBase               :HikariPool-1 - Failed to validate connection com.mysql.cj.jdbc.ConnectionImpl@31dae61a (No operations allowed after connection closed.). Possibly consider using a shorter maxLifetime value.
2022-11-30 14:35:48.904  WARN--[25-nio-8083-exec-5] [                                        ]c.z.h.p.PoolBase               :HikariPool-1 - Failed to validate connection com.mysql.cj.jdbc.ConnectionImpl@7324097b (No operations allowed after connection closed.). Possibly consider using a shorter maxLifetime value.
2022-11-30 14:35:48.904  WARN--[25-nio-8083-exec-5] [                                        ]c.z.h.p.PoolBase               :HikariPool-1 - Failed to validate connection com.mysql.cj.jdbc.ConnectionImpl@4183b1e (No operations allowed after connection closed.). Possibly consider using a shorter maxLifetime value.
2022-11-30 14:35:48.919  WARN--[25-nio-8083-exec-5] [                                        ]c.z.h.p.PoolBase               :HikariPool-1 - Failed to validate connection com.mysql.cj.jdbc.ConnectionImpl@2adce71e (No operations allowed after connection closed.). Possibly consider using a shorter maxLifetime value.
2022-11-30 14:35:48.919  WARN--[25-nio-8083-exec-5] [                                        ]c.z.h.p.PoolBase               :HikariPool-1 - Failed to validate connection com.mysql.cj.jdbc.ConnectionImpl@4cd03e69 (No operations allowed after connection closed.). Possibly consider using a shorter maxLifetime value.
2022-11-30 14:36:13.027 DEBUG--[25-nio-8083-exec-5] [                                        ]o.s.d.m.c.MongoTemplate        :findOne using query: { "id" : "6386d954cfbd3d264b4a9c94", "deleted" : false} fields: {} for class: class ati.com.mbeelive.document.post.Post in collection: posts
2022-11-30 14:36:13.074 DEBUG--[25-nio-8083-exec-5] [                                        ]o.s.d.m.c.MongoTemplate        :findOne using query: { "_id" : { "$oid" : "6386d954cfbd3d264b4a9c94"}, "deleted" : false} fields: {} in db.collection: landstock.posts
2022-11-30 14:36:23.622  WARN--[25-sson-netty-2-10] [                                        ]o.r.c.h.CommandDecoder         :response has been skipped due to timeout! channel: [id: 0x8a74c1d5, L:/192.168.8.150:49570 - R:dev-brood.redis.cache.windows.net/13.76.180.224:6380], command: (SELECT), params: [11]
2022-11-30 14:36:39.387 DEBUG--[25-nio-8083-exec-5] [                                        ]o.s.d.m.c.MongoTemplate        :Saving Document containing fields: [_id, title, customerCategory, images, categoryIds, categoryNames, status, type, totalView, totalLike, totalComment, approved_at, offComment, score, postImages, floorNo, area, costs, showInfor, isHighlight, startTime, endTime, created_at, updated_at, created_by, deleted, _class]
2022-11-30 14:36:39.556 DEBUG--[25-nio-8083-exec-5] [                                        ]o.s.d.m.c.MongoTemplate        :findOne using query: { "deleted" : false, "postId" : "6386d954cfbd3d264b4a9c94"} fields: {} for class: class ati.com.mbeelive.document.post.PostLibrary in collection: post_library
2022-11-30 14:36:39.559 DEBUG--[25-nio-8083-exec-5] [                                        ]o.s.d.m.c.MongoTemplate        :findOne using query: { "deleted" : false, "postId" : "6386d954cfbd3d264b4a9c94"} fields: {} in db.collection: landstock.post_library
2022-11-30 14:36:39.828 DEBUG--[25-nio-8083-exec-5] [                                        ]o.s.d.m.c.MongoTemplate        :Saving Document containing fields: [title, content, images, categoryIds, categoryNames, status, totalView, totalLike, score, postId, created_at, updated_at, created_by, deleted, _class]
2022-11-30 14:36:39.975 DEBUG--[25-nio-8083-exec-5] [                                        ]o.s.d.m.c.MongoTemplate        :Saving Document containing fields: [_id, title, customerCategory, images, categoryIds, categoryNames, status, type, totalView, totalLike, totalComment, approved_at, offComment, score, postImages, floorNo, area, costs, showInfor, isHighlight, startTime, endTime, created_at, updated_at, created_by, deleted, _class]
2022-11-30 14:36:41.791  INFO--[25-nio-8083-exec-5] [                                        ]a.c.m.l.LoggingService         :RESPONSE:X-Request-ID=d1fcdc8c-d167-4bb7-9df8-304645ce7f4a | {"responseCode":200,"during":"57511 ms","httpPath":"/api/cms/v2/post/update","clientIp":"0:0:0:0:0:0:0:1","localIp":"0:0:0:0:0:0:0:1","headers":{"sec-fetch-mode":"cors","content-length":"186","referer":"http://localhost:8083/swagger-ui/index.html?configUrl\u003d/v3/api-docs/swagger-config","sec-fetch-site":"same-origin","accept-language":"vi-VN,vi;q\u003d0.9,fr-FR;q\u003d0.8,fr;q\u003d0.7,en-US;q\u003d0.6,en;q\u003d0.5","cookie":"Idea-8bcc7671\u003d0e07d4ae-086b-49d7-886d-b91ab4a52490","origin":"http://localhost:8083","accept":"application/json; charset\u003dUTF-8","authorization":"\u003c\u003cNot log authorization record\u003e\u003e","sec-ch-ua":"\"Google Chrome\";v\u003d\"107\", \"Chromium\";v\u003d\"107\", \"Not\u003dA?Brand\";v\u003d\"24\"","sec-ch-ua-mobile":"?0","sec-ch-ua-platform":"\"Windows\"","host":"localhost:8083","connection":"keep-alive","content-type":"application/json","accept-encoding":"gzip, deflate, br","user-agent":"Mozilla/5.0 (Windows NT 10.0; Win64; x64) AppleWebKit/537.36 (KHTML, like Gecko) Chrome/107.0.0.0 Safari/537.36","sec-fetch-dest":"empty"},"body":"{\"message\":\"success\",\"code\":200,\"data\":{\"id\":\"6386d954cfbd3d264b4a9c94\",\"title\":\"1000\",\"customerCategory\":\"\",\"images\":[null],\"status\":\"Approved\",\"type\":\"ChillHouse\",\"totalView\":0,\"totalLike\":1,\"totalComment\":0,\"categories\":[{\"id\":\"628c8b4dd9624725ea84bcc4\",\"name\":\"Chung cư\",\"type\":\"ChillHouse\",\"status\":\"ACTIVE\",\"image\":\"https://devbrood.blob.core.windows.net/bds/cms%2Fnews%2Fchungcu_ayhSUv.jpg\",\"position\":99},{\"id\":\"628c8c59d9624725ea84bccc\",\"name\":\"Phòng khách\",\"type\":\"ChillCorner\",\"status\":\"A"}
2022-11-30 14:38:46.116  INFO--[25-extShutdownHook] [                                        ].s.s.c.ThreadPoolTaskScheduler :Shutting down ExecutorService 'taskScheduler'
2022-11-30 14:38:46.131  INFO--[25-extShutdownHook] [                                        ]o.s.s.c.ThreadPoolTaskExecutor :Shutting down ExecutorService 'asyncLogsExecutor'
2022-11-30 14:38:46.131  INFO--[25-extShutdownHook] [                                        ]o.s.s.c.ThreadPoolTaskExecutor :Shutting down ExecutorService 'asyncExecutorNotification'
2022-11-30 14:38:46.131  INFO--[25-extShutdownHook] [                                        ]o.s.s.c.ThreadPoolTaskExecutor :Shutting down ExecutorService 'asyncExecutor'
2022-11-30 14:38:46.131  INFO--[25-extShutdownHook] [                                        ]o.s.s.c.ThreadPoolTaskExecutor :Shutting down ExecutorService 'threadPoolTaskExecutor'
2022-11-30 14:38:48.169 ERROR--[25-sson-netty-2-18] [                                        ]i.n.u.c.D.rejectedExecution    :Failed to submit a listener notification task. Event loop shut down?
java.util.concurrent.RejectedExecutionException: event executor terminated
	at io.netty.util.concurrent.SingleThreadEventExecutor.reject(SingleThreadEventExecutor.java:926)
	at io.netty.util.concurrent.SingleThreadEventExecutor.offerTask(SingleThreadEventExecutor.java:353)
	at io.netty.util.concurrent.SingleThreadEventExecutor.addTask(SingleThreadEventExecutor.java:346)
	at io.netty.util.concurrent.SingleThreadEventExecutor.execute(SingleThreadEventExecutor.java:828)
	at io.netty.util.concurrent.SingleThreadEventExecutor.execute(SingleThreadEventExecutor.java:818)
	at io.netty.util.concurrent.DefaultPromise.safeExecute(DefaultPromise.java:842)
	at io.netty.util.concurrent.DefaultPromise.notifyListeners(DefaultPromise.java:499)
	at io.netty.util.concurrent.DefaultPromise.setValue0(DefaultPromise.java:616)
	at io.netty.util.concurrent.DefaultPromise.setSuccess0(DefaultPromise.java:605)
	at io.netty.util.concurrent.DefaultPromise.setSuccess(DefaultPromise.java:96)
	at io.netty.channel.group.DefaultChannelGroupFuture.setSuccess0(DefaultChannelGroupFuture.java:200)
	at io.netty.channel.group.DefaultChannelGroupFuture.access$400(DefaultChannelGroupFuture.java:41)
	at io.netty.channel.group.DefaultChannelGroupFuture$1.operationComplete(DefaultChannelGroupFuture.java:75)
	at io.netty.channel.group.DefaultChannelGroupFuture$1.operationComplete(DefaultChannelGroupFuture.java:48)
	at io.netty.util.concurrent.DefaultPromise.notifyListener0(DefaultPromise.java:578)
	at io.netty.util.concurrent.DefaultPromise.notifyListeners0(DefaultPromise.java:571)
	at io.netty.util.concurrent.DefaultPromise.notifyListenersNow(DefaultPromise.java:550)
	at io.netty.util.concurrent.DefaultPromise.notifyListeners(DefaultPromise.java:491)
	at io.netty.util.concurrent.DefaultPromise.setValue0(DefaultPromise.java:616)
	at io.netty.util.concurrent.DefaultPromise.setSuccess0(DefaultPromise.java:605)
	at io.netty.util.concurrent.DefaultPromise.trySuccess(DefaultPromise.java:104)
	at io.netty.channel.DefaultChannelPromise.trySuccess(DefaultChannelPromise.java:84)
	at io.netty.channel.AbstractChannel$CloseFuture.setClosed(AbstractChannel.java:1186)
	at io.netty.channel.AbstractChannel$AbstractUnsafe.doClose0(AbstractChannel.java:773)
	at io.netty.channel.AbstractChannel$AbstractUnsafe.close(AbstractChannel.java:749)
	at io.netty.channel.AbstractChannel$AbstractUnsafe.close(AbstractChannel.java:620)
	at io.netty.channel.nio.NioEventLoop.closeAll(NioEventLoop.java:769)
	at io.netty.channel.nio.NioEventLoop.run(NioEventLoop.java:526)
	at io.netty.util.concurrent.SingleThreadEventExecutor$4.run(SingleThreadEventExecutor.java:989)
	at io.netty.util.internal.ThreadExecutorMap$2.run(ThreadExecutorMap.java:74)
	at io.netty.util.concurrent.FastThreadLocalRunnable.run(FastThreadLocalRunnable.java:30)
	at java.base/java.lang.Thread.run(Thread.java:834)
2022-11-30 14:38:48.185  INFO--[25-extShutdownHook] [                                        ]tainerEntityManagerFactoryBean :Closing JPA EntityManagerFactory for persistence unit 'default'
2022-11-30 14:38:48.185  INFO--[25-extShutdownHook] [                                        ]c.z.h.HikariDataSource         :HikariPool-1 - Shutdown initiated...
2022-11-30 14:38:48.185  INFO--[25-extShutdownHook] [                                        ]c.z.h.HikariDataSource         :HikariPool-1 - Shutdown completed.
2022-11-30 14:38:48.342  INFO--[25-extShutdownHook] [                                        ]o.m.d.connection               :Closed connection [connectionId{localValue:3, serverValue:5325353}] to 207.46.234.134:27717 because the pool has been closed.
