2023-02-20 15:05:04.630  INFO--[25-kground-preinit] [                                        ]o.h.v.i.u.Version              :HV000001: Hibernate Validator 6.1.7.Final
2023-02-20 15:05:04.664  INFO--[25-main           ] [                                        ]a.c.m.MbeeliveApplication      :Starting MbeeliveApplication on DESKTOP-GSNRLR9 with PID 13796 (C:\Work\MbLandStock\landstock-app-be\target\classes started by Thanh Thuc in C:\Work\MbLandStock\landstock-app-be)
2023-02-20 15:05:04.667 DEBUG--[25-main           ] [                                        ]a.c.m.MbeeliveApplication      :Running with Spring Boot v2.3.12.RELEASE, Spring v5.2.15.RELEASE
2023-02-20 15:05:04.668  INFO--[25-main           ] [                                        ]a.c.m.MbeeliveApplication      :No active profile set, falling back to default profiles: default
2023-02-20 15:05:06.053  INFO--[25-main           ] [                                        ]epositoryConfigurationDelegate :Multiple Spring Data modules found, entering strict repository configuration mode!
2023-02-20 15:05:06.055  INFO--[25-main           ] [                                        ]epositoryConfigurationDelegate :Bootstrapping Spring Data JPA repositories in DEFAULT mode.
2023-02-20 15:05:06.251  INFO--[25-main           ] [                                        ]epositoryConfigurationDelegate :Finished Spring Data repository scanning in 189ms. Found 37 JPA repository interfaces.
2023-02-20 15:05:06.251  INFO--[25-main           ] [                                        ]epositoryConfigurationDelegate :Multiple Spring Data modules found, entering strict repository configuration mode!
2023-02-20 15:05:06.252  INFO--[25-main           ] [                                        ]epositoryConfigurationDelegate :Bootstrapping Spring Data MongoDB repositories in DEFAULT mode.
2023-02-20 15:05:06.261  INFO--[25-main           ] [                                        ]epositoryConfigurationDelegate :Finished Spring Data repository scanning in 9ms. Found 1 MongoDB repository interfaces.
2023-02-20 15:05:06.994  INFO--[25-main           ] [                                        ]guringBeanFactoryPostProcessor :No bean named 'errorChannel' has been explicitly defined. Therefore, a default PublishSubscribeChannel will be created.
2023-02-20 15:05:07.002  INFO--[25-main           ] [                                        ]guringBeanFactoryPostProcessor :No bean named 'taskScheduler' has been explicitly defined. Therefore, a default ThreadPoolTaskScheduler will be created.
2023-02-20 15:05:07.006  INFO--[25-main           ] [                                        ]guringBeanFactoryPostProcessor :No bean named 'integrationHeaderChannelRegistry' has been explicitly defined. Therefore, a default DefaultHeaderChannelRegistry will be created.
2023-02-20 15:05:07.254  INFO--[25-main           ] [                                        ]egate$BeanPostProcessorChecker :Bean 'org.springframework.integration.config.IntegrationManagementConfiguration' of type [org.springframework.integration.config.IntegrationManagementConfiguration] is not eligible for getting processed by all BeanPostProcessors (for example: not eligible for auto-proxying)
2023-02-20 15:05:07.264  INFO--[25-main           ] [                                        ]egate$BeanPostProcessorChecker :Bean 'integrationChannelResolver' of type [org.springframework.integration.support.channel.BeanFactoryChannelResolver] is not eligible for getting processed by all BeanPostProcessors (for example: not eligible for auto-proxying)
2023-02-20 15:05:07.267  INFO--[25-main           ] [                                        ]egate$BeanPostProcessorChecker :Bean 'integrationDisposableAutoCreatedBeans' of type [org.springframework.integration.config.annotation.Disposables] is not eligible for getting processed by all BeanPostProcessors (for example: not eligible for auto-proxying)
2023-02-20 15:05:07.497  INFO--[25-main           ] [                                        ]o.s.b.w.e.t.TomcatWebServer    :Tomcat initialized with port(s): 8083 (http)
2023-02-20 15:05:07.504  INFO--[25-main           ] [                                        ]o.a.c.h.Http11NioProtocol      :Initializing ProtocolHandler ["http-nio-8083"]
2023-02-20 15:05:07.504  INFO--[25-main           ] [                                        ]o.a.c.c.StandardService        :Starting service [Tomcat]
2023-02-20 15:05:07.504  INFO--[25-main           ] [                                        ]o.a.c.c.StandardEngine         :Starting Servlet engine: [Apache Tomcat/9.0.46]
2023-02-20 15:05:07.676  INFO--[25-main           ] [                                        ]o.a.c.c.C.[.[.[/]              :Initializing Spring embedded WebApplicationContext
2023-02-20 15:05:07.676  INFO--[25-main           ] [                                        ]letWebServerApplicationContext :Root WebApplicationContext: initialization completed in 2951 ms
2023-02-20 15:05:08.079  INFO--[25-main           ] [                                        ]o.m.d.cluster                  :Cluster created with settings {hosts=[127.0.0.1:27017], srvHost=lab-uat.ojso0.mongodb.net, mode=MULTIPLE, requiredClusterType=REPLICA_SET, serverSelectionTimeout='30000 ms', requiredReplicaSetName='atlas-gx6iy8-shard-0'}
2023-02-20 15:05:08.189  INFO--[25-so0.mongodb.net] [                                        ]o.m.d.cluster                  :Adding discovered server lab-uat-shard-00-00.ojso0.mongodb.net:27017 to client view of cluster
2023-02-20 15:05:08.211  INFO--[25-so0.mongodb.net] [                                        ]o.m.d.cluster                  :Adding discovered server lab-uat-shard-00-01.ojso0.mongodb.net:27017 to client view of cluster
2023-02-20 15:05:08.212  INFO--[25-so0.mongodb.net] [                                        ]o.m.d.cluster                  :Adding discovered server lab-uat-shard-00-02.ojso0.mongodb.net:27017 to client view of cluster
2023-02-20 15:05:08.678  INFO--[25-main           ] [                                        ]o.m.d.cluster                  :No server chosen by com.mongodb.client.internal.MongoClientDelegate$1@65a80fdb from cluster description ClusterDescription{type=REPLICA_SET, connectionMode=MULTIPLE, serverDescriptions=[ServerDescription{address=lab-uat-shard-00-00.ojso0.mongodb.net:27017, type=UNKNOWN, state=CONNECTING}, ServerDescription{address=lab-uat-shard-00-01.ojso0.mongodb.net:27017, type=UNKNOWN, state=CONNECTING}, ServerDescription{address=lab-uat-shard-00-02.ojso0.mongodb.net:27017, type=UNKNOWN, state=CONNECTING}]}. Waiting for 30000 ms before timing out
2023-02-20 15:05:09.046  INFO--[25-ngodb.net:27017] [                                        ]o.m.d.connection               :Opened connection [connectionId{localValue:2, serverValue:16702}] to lab-uat-shard-00-01.ojso0.mongodb.net:27017
2023-02-20 15:05:09.073  INFO--[25-ngodb.net:27017] [                                        ]o.m.d.connection               :Opened connection [connectionId{localValue:1, serverValue:16183}] to lab-uat-shard-00-00.ojso0.mongodb.net:27017
2023-02-20 15:05:09.073  INFO--[25-ngodb.net:27017] [                                        ]o.m.d.connection               :Opened connection [connectionId{localValue:3, serverValue:15883}] to lab-uat-shard-00-02.ojso0.mongodb.net:27017
2023-02-20 15:05:09.177  INFO--[25-ngodb.net:27017] [                                        ]o.m.d.cluster                  :Monitor thread successfully connected to server with description ServerDescription{address=lab-uat-shard-00-01.ojso0.mongodb.net:27017, type=REPLICA_SET_PRIMARY, state=CONNECTED, ok=true, minWireVersion=0, maxWireVersion=17, maxDocumentSize=16777216, logicalSessionTimeoutMinutes=30, roundTripTimeNanos=127222900, setName='atlas-gx6iy8-shard-0', canonicalAddress=lab-uat-shard-00-01.ojso0.mongodb.net:27017, hosts=[lab-uat-shard-00-02.ojso0.mongodb.net:27017, lab-uat-shard-00-01.ojso0.mongodb.net:27017, lab-uat-shard-00-00.ojso0.mongodb.net:27017], passives=[], arbiters=[], primary='lab-uat-shard-00-01.ojso0.mongodb.net:27017', tagSet=TagSet{[Tag{name='nodeType', value='ELECTABLE'}, Tag{name='provider', value='AZURE'}, Tag{name='region', value='ASIA_SOUTH_EAST'}, Tag{name='workloadType', value='OPERATIONAL'}]}, electionId=7fffffff0000000000000006, setVersion=1, lastWriteDate=Mon Feb 20 15:05:03 GMT+07:00 2023, lastUpdateTimeNanos=2389174023600}
2023-02-20 15:05:09.180  INFO--[25-ngodb.net:27017] [                                        ]o.m.d.cluster                  :Setting max election id to 7fffffff0000000000000006 from replica set primary lab-uat-shard-00-01.ojso0.mongodb.net:27017
2023-02-20 15:05:09.180  INFO--[25-ngodb.net:27017] [                                        ]o.m.d.cluster                  :Setting max set version to 1 from replica set primary lab-uat-shard-00-01.ojso0.mongodb.net:27017
2023-02-20 15:05:09.180  INFO--[25-ngodb.net:27017] [                                        ]o.m.d.cluster                  :Discovered replica set primary lab-uat-shard-00-01.ojso0.mongodb.net:27017
2023-02-20 15:05:09.182  INFO--[25-ngodb.net:27017] [                                        ]o.m.d.cluster                  :Monitor thread successfully connected to server with description ServerDescription{address=lab-uat-shard-00-02.ojso0.mongodb.net:27017, type=REPLICA_SET_SECONDARY, state=CONNECTED, ok=true, minWireVersion=0, maxWireVersion=17, maxDocumentSize=16777216, logicalSessionTimeoutMinutes=30, roundTripTimeNanos=110135100, setName='atlas-gx6iy8-shard-0', canonicalAddress=lab-uat-shard-00-02.ojso0.mongodb.net:27017, hosts=[lab-uat-shard-00-02.ojso0.mongodb.net:27017, lab-uat-shard-00-01.ojso0.mongodb.net:27017, lab-uat-shard-00-00.ojso0.mongodb.net:27017], passives=[], arbiters=[], primary='lab-uat-shard-00-01.ojso0.mongodb.net:27017', tagSet=TagSet{[Tag{name='nodeType', value='ELECTABLE'}, Tag{name='provider', value='AZURE'}, Tag{name='region', value='ASIA_SOUTH_EAST'}, Tag{name='workloadType', value='OPERATIONAL'}]}, electionId=null, setVersion=1, lastWriteDate=Mon Feb 20 15:05:03 GMT+07:00 2023, lastUpdateTimeNanos=2389181516900}
2023-02-20 15:05:09.182  INFO--[25-ngodb.net:27017] [                                        ]o.m.d.cluster                  :Monitor thread successfully connected to server with description ServerDescription{address=lab-uat-shard-00-00.ojso0.mongodb.net:27017, type=REPLICA_SET_SECONDARY, state=CONNECTED, ok=true, minWireVersion=0, maxWireVersion=17, maxDocumentSize=16777216, logicalSessionTimeoutMinutes=30, roundTripTimeNanos=110223700, setName='atlas-gx6iy8-shard-0', canonicalAddress=lab-uat-shard-00-00.ojso0.mongodb.net:27017, hosts=[lab-uat-shard-00-02.ojso0.mongodb.net:27017, lab-uat-shard-00-01.ojso0.mongodb.net:27017, lab-uat-shard-00-00.ojso0.mongodb.net:27017], passives=[], arbiters=[], primary='lab-uat-shard-00-01.ojso0.mongodb.net:27017', tagSet=TagSet{[Tag{name='nodeType', value='ELECTABLE'}, Tag{name='provider', value='AZURE'}, Tag{name='region', value='ASIA_SOUTH_EAST'}, Tag{name='workloadType', value='OPERATIONAL'}]}, electionId=null, setVersion=1, lastWriteDate=Mon Feb 20 15:05:03 GMT+07:00 2023, lastUpdateTimeNanos=2389181660200}
2023-02-20 15:05:10.078  INFO--[25-main           ] [                                        ]o.m.d.connection               :Opened connection [connectionId{localValue:4, serverValue:16703}] to lab-uat-shard-00-01.ojso0.mongodb.net:27017
2023-02-20 15:05:10.776  INFO--[25-main           ] [                                        ]oPersistentEntityIndexResolver :Found cycle for field '_id' in type 'PostComment' for path 'lastComment -> lastComment'
2023-02-20 15:05:10.778  INFO--[25-main           ] [                                        ]oPersistentEntityIndexResolver :Found cycle for field 'lastComment' in type 'PostComment' for path 'lastComment -> lastComment'
2023-02-20 15:05:11.244  INFO--[25-main           ] [                                        ]oPersistentEntityIndexResolver :Found cycle for field '_id' in type 'PostComment' for path 'lastComment -> lastComment'
2023-02-20 15:05:11.246  INFO--[25-main           ] [                                        ]oPersistentEntityIndexResolver :Found cycle for field 'lastComment' in type 'PostComment' for path 'lastComment -> lastComment'
2023-02-20 15:05:11.668  INFO--[25-main           ] [                                        ]c.z.h.HikariDataSource         :HikariPool-1 - Starting...
2023-02-20 15:05:14.486  INFO--[25-main           ] [                                        ]c.z.h.HikariDataSource         :HikariPool-1 - Start completed.
2023-02-20 15:05:14.605  INFO--[25-main           ] [                                        ]o.h.j.i.u.LogHelper            :HHH000204: Processing PersistenceUnitInfo [name: default]
2023-02-20 15:05:14.641  INFO--[25-main           ] [                                        ]o.h.Version                    :HHH000412: Hibernate ORM core version 5.4.32.Final
2023-02-20 15:05:14.726  INFO--[25-main           ] [                                        ]o.h.a.c.Version                :HCANN000001: Hibernate Commons Annotations {5.1.2.Final}
2023-02-20 15:05:14.808  INFO--[25-main           ] [                                        ]o.h.d.Dialect                  :HHH000400: Using dialect: org.hibernate.dialect.MySQL5Dialect
2023-02-20 15:05:15.622  INFO--[25-main           ] [                                        ]e.t.j.p.i.JtaPlatformInitiator :HHH000490: Using JtaPlatform implementation: [org.hibernate.engine.transaction.jta.platform.internal.NoJtaPlatform]
2023-02-20 15:05:15.635  INFO--[25-main           ] [                                        ]tainerEntityManagerFactoryBean :Initialized JPA EntityManagerFactory for persistence unit 'default'
2023-02-20 15:05:16.496  WARN--[25-main           ] [                                        ]figuration$JpaWebConfiguration :spring.jpa.open-in-view is enabled by default. Therefore, database queries may be performed during view rendering. Explicitly configure spring.jpa.open-in-view to disable this warning
2023-02-20 15:05:17.163  INFO--[25-main           ] [                                        ].s.s.c.ThreadPoolTaskScheduler :Initializing ExecutorService 'taskScheduler'
2023-02-20 15:05:17.240 DEBUG--[25-main           ] [                                        ].c.m.s.JwtAuthenticationFilter :Filter 'jwtAuthenticationFilter' configured for use
2023-02-20 15:05:17.240 DEBUG--[25-main           ] [                                        ]a.c.m.l.RequestLoggingFilter   :Filter 'requestLoggingFilter' configured for use
2023-02-20 15:05:17.599  INFO--[25-main           ] [                                        ]o.r.Version                    :Redisson 3.13.2
2023-02-20 15:05:20.277  INFO--[25-isson-netty-2-1] [                                        ]c.p.MasterPubSubConnectionPool :1 connections initialized for dev-brood.redis.cache.windows.net/13.76.180.224:6380
2023-02-20 15:05:20.278  INFO--[25-sson-netty-2-20] [                                        ]o.r.c.p.MasterConnectionPool   :24 connections initialized for dev-brood.redis.cache.windows.net/13.76.180.224:6380
2023-02-20 15:05:21.312  INFO--[25-main           ] [                                        ]o.s.s.c.ThreadPoolTaskExecutor :Initializing ExecutorService
2023-02-20 15:05:21.313  INFO--[25-main           ] [                                        ]o.s.s.c.ThreadPoolTaskExecutor :Initializing ExecutorService 'threadPoolTaskExecutor'
2023-02-20 15:05:21.520  INFO--[25-main           ] [                                        ].c.GcpContextAutoConfiguration :The default project ID is mb-data-science-329003
2023-02-20 15:05:21.555  INFO--[25-main           ] [                                        ]s.c.DefaultCredentialsProvider :Default credentials provider for service account landstock-pubsub-dev@mb-data-science-329003.iam.gserviceaccount.com
2023-02-20 15:05:21.555  INFO--[25-main           ] [                                        ]s.c.DefaultCredentialsProvider :Scopes in use by default credentials: [https://www.googleapis.com/auth/pubsub, https://www.googleapis.com/auth/spanner.admin, https://www.googleapis.com/auth/spanner.data, https://www.googleapis.com/auth/datastore, https://www.googleapis.com/auth/sqlservice.admin, https://www.googleapis.com/auth/devstorage.read_only, https://www.googleapis.com/auth/devstorage.read_write, https://www.googleapis.com/auth/cloudruntimeconfig, https://www.googleapis.com/auth/trace.append, https://www.googleapis.com/auth/cloud-platform, https://www.googleapis.com/auth/cloud-vision, https://www.googleapis.com/auth/bigquery, https://www.googleapis.com/auth/monitoring.write]
2023-02-20 15:05:21.556  INFO--[25-main           ] [                                        ].s.s.c.ThreadPoolTaskScheduler :Initializing ExecutorService
2023-02-20 15:05:21.566  INFO--[25-main           ] [                                        ].s.s.c.ThreadPoolTaskScheduler :Initializing ExecutorService 'pubsubPublisherThreadPool'
2023-02-20 15:05:21.614  INFO--[25-main           ] [                                        ]o.s.s.c.ThreadPoolTaskExecutor :Initializing ExecutorService 'pubSubAcknowledgementExecutor'
2023-02-20 15:05:21.687  INFO--[25-main           ] [                                        ]etailsServiceAutoConfiguration :

Using generated security password: 67bf4628-deb3-43c3-9758-4fdd1a330704

2023-02-20 15:05:21.728  INFO--[25-main           ] [                                        ]s.w.DefaultSecurityFilterChain :Creating filter chain: Ant [pattern='/v2/api-docs'], []
2023-02-20 15:05:21.728  INFO--[25-main           ] [                                        ]s.w.DefaultSecurityFilterChain :Creating filter chain: Ant [pattern='/configuration/ui'], []
2023-02-20 15:05:21.728  INFO--[25-main           ] [                                        ]s.w.DefaultSecurityFilterChain :Creating filter chain: Ant [pattern='/swagger-resources/**'], []
2023-02-20 15:05:21.728  INFO--[25-main           ] [                                        ]s.w.DefaultSecurityFilterChain :Creating filter chain: Ant [pattern='/configuration/security'], []
2023-02-20 15:05:21.728  INFO--[25-main           ] [                                        ]s.w.DefaultSecurityFilterChain :Creating filter chain: Ant [pattern='/swagger-ui.html'], []
2023-02-20 15:05:21.728  INFO--[25-main           ] [                                        ]s.w.DefaultSecurityFilterChain :Creating filter chain: Ant [pattern='/swagger-ui/**'], []
2023-02-20 15:05:21.728  INFO--[25-main           ] [                                        ]s.w.DefaultSecurityFilterChain :Creating filter chain: Ant [pattern='/v3/api-docs/**'], []
2023-02-20 15:05:21.728  INFO--[25-main           ] [                                        ]s.w.DefaultSecurityFilterChain :Creating filter chain: Ant [pattern='/webjars/**'], []
2023-02-20 15:05:21.784  INFO--[25-main           ] [                                        ]s.w.DefaultSecurityFilterChain :Creating filter chain: any request, [org.springframework.security.web.context.request.async.WebAsyncManagerIntegrationFilter@188f4ec3, org.springframework.security.web.context.SecurityContextPersistenceFilter@93bc1be, org.springframework.security.web.header.HeaderWriterFilter@52a2c66, org.springframework.web.filter.CorsFilter@7c78688b, org.springframework.security.web.csrf.CsrfFilter@70225ba5, org.springframework.security.web.authentication.logout.LogoutFilter@7daa0333, ati.com.mbeelive.springsercurity.JwtAuthenticationFilter@45a0ba61, org.springframework.security.web.savedrequest.RequestCacheAwareFilter@21618f32, org.springframework.security.web.servletapi.SecurityContextHolderAwareRequestFilter@2bab0d9a, org.springframework.security.web.authentication.AnonymousAuthenticationFilter@117e7b16, org.springframework.security.web.session.SessionManagementFilter@2ca9368b, org.springframework.security.web.access.ExceptionTranslationFilter@63c5a25d, org.springframework.security.web.access.intercept.FilterSecurityInterceptor@1cf89848]
2023-02-20 15:05:21.956  INFO--[25-main           ] [                                        ]o.s.s.c.ThreadPoolTaskExecutor :Initializing ExecutorService
2023-02-20 15:05:21.956  INFO--[25-main           ] [                                        ]o.s.s.c.ThreadPoolTaskExecutor :Initializing ExecutorService 'asyncExecutor'
2023-02-20 15:05:21.956  INFO--[25-main           ] [                                        ]o.s.s.c.ThreadPoolTaskExecutor :Initializing ExecutorService
2023-02-20 15:05:21.956  INFO--[25-main           ] [                                        ]o.s.s.c.ThreadPoolTaskExecutor :Initializing ExecutorService 'asyncExecutorNotification'
2023-02-20 15:05:21.956  INFO--[25-main           ] [                                        ]o.s.s.c.ThreadPoolTaskExecutor :Initializing ExecutorService
2023-02-20 15:05:21.956  INFO--[25-main           ] [                                        ]o.s.s.c.ThreadPoolTaskExecutor :Initializing ExecutorService 'asyncLogsExecutor'
2023-02-20 15:05:24.168  INFO--[25-main           ] [                                        ]o.s.i.e.EventDrivenConsumer    :Adding {logging-channel-adapter:_org.springframework.integration.errorLogger} as a subscriber to the 'errorChannel' channel
2023-02-20 15:05:24.168  INFO--[25-main           ] [                                        ].s.i.c.PublishSubscribeChannel :Channel 'application.errorChannel' has 1 subscriber(s).
2023-02-20 15:05:24.168  INFO--[25-main           ] [                                        ]o.s.i.e.EventDrivenConsumer    :started bean '_org.springframework.integration.errorLogger'
2023-02-20 15:05:24.168  INFO--[25-main           ] [                                        ]o.s.i.e.EventDrivenConsumer    :Adding {message-handler:pubSubConfig.messageSenderCmvRatting.serviceActivator} as a subscriber to the 'pubsubCmvRattingChannel' channel
2023-02-20 15:05:24.168  INFO--[25-main           ] [                                        ]o.s.i.c.DirectChannel          :Channel 'application.pubsubCmvRattingChannel' has 1 subscriber(s).
2023-02-20 15:05:24.168  INFO--[25-main           ] [                                        ]o.s.i.e.EventDrivenConsumer    :started bean 'pubSubConfig.messageSenderCmvRatting.serviceActivator'
2023-02-20 15:05:24.168  INFO--[25-main           ] [                                        ]o.s.i.e.EventDrivenConsumer    :Adding {message-handler:pubSubConfig.messageSenderLog.serviceActivator} as a subscriber to the 'pubsubLogChannel' channel
2023-02-20 15:05:24.168  INFO--[25-main           ] [                                        ]o.s.i.c.DirectChannel          :Channel 'application.pubsubLogChannel' has 1 subscriber(s).
2023-02-20 15:05:24.168  INFO--[25-main           ] [                                        ]o.s.i.e.EventDrivenConsumer    :started bean 'pubSubConfig.messageSenderLog.serviceActivator'
2023-02-20 15:05:24.168  INFO--[25-main           ] [                                        ]ryBean$MethodInvocationGateway :started bean 'pubSubConfig$PubsubCmvRattingOutboundGateway'
2023-02-20 15:05:24.168  INFO--[25-main           ] [                                        ].s.i.g.GatewayProxyFactoryBean :started bean 'pubSubConfig$PubsubCmvRattingOutboundGateway'
2023-02-20 15:05:24.168  INFO--[25-main           ] [                                        ]ryBean$MethodInvocationGateway :started bean 'pubSubConfig$PubsubLogOutboundGateway'
2023-02-20 15:05:24.168  INFO--[25-main           ] [                                        ].s.i.g.GatewayProxyFactoryBean :started bean 'pubSubConfig$PubsubLogOutboundGateway'
2023-02-20 15:05:24.169  INFO--[25-main           ] [                                        ]o.a.c.h.Http11NioProtocol      :Starting ProtocolHandler ["http-nio-8083"]
2023-02-20 15:05:24.180  INFO--[25-main           ] [                                        ]o.s.b.w.e.t.TomcatWebServer    :Tomcat started on port(s): 8083 (http) with context path ''
2023-02-20 15:05:24.237  INFO--[25-main           ] [                                        ]o.s.b.w.e.t.TomcatWebServer    :Tomcat initialized with port(s): 8090 (http)
2023-02-20 15:05:24.237  INFO--[25-main           ] [                                        ]o.a.c.h.Http11NioProtocol      :Initializing ProtocolHandler ["http-nio-8090"]
2023-02-20 15:05:24.237  INFO--[25-main           ] [                                        ]o.a.c.c.StandardService        :Starting service [Tomcat]
2023-02-20 15:05:24.237  INFO--[25-main           ] [                                        ]o.a.c.c.StandardEngine         :Starting Servlet engine: [Apache Tomcat/9.0.46]
2023-02-20 15:05:24.278  INFO--[25-main           ] [                                        ]o.a.c.c.C.[.[.[/]              :Initializing Spring embedded WebApplicationContext
2023-02-20 15:05:24.278  INFO--[25-main           ] [                                        ]letWebServerApplicationContext :Root WebApplicationContext: initialization completed in 95 ms
2023-02-20 15:05:24.290  INFO--[25-main           ] [                                        ].b.a.e.w.EndpointLinksResolver :Exposing 2 endpoint(s) beneath base path '/actuator'
2023-02-20 15:05:24.882  INFO--[25-main           ] [                                        ]o.a.c.h.Http11NioProtocol      :Starting ProtocolHandler ["http-nio-8090"]
2023-02-20 15:05:24.885  INFO--[25-main           ] [                                        ]o.s.b.w.e.t.TomcatWebServer    :Tomcat started on port(s): 8090 (http) with context path ''
2023-02-20 15:05:24.922  INFO--[25-main           ] [                                        ]a.c.m.MbeeliveApplication      :Started MbeeliveApplication in 20.557 seconds (JVM running for 22.932)
2023-02-20 15:05:24.927  INFO--[25-main           ] [                                        ]a.c.m.c.CmvSchedule            :start getFirstAccessToken
2023-02-20 15:05:24.927  INFO--[25-main           ] [                                        ]a.c.m.c.CmvRestClient          :getAccessToken with no auth!!!
2023-02-20 15:05:25.099  INFO--[25-main           ] [                                        ]omClientHttpRequestInterceptor :RestTemplate request logging: URI: https://api-public.mbbank.com.vn/ms-cmv-service-auth/v1.0/login Method: POST Headers: {Accept=[text/plain, application/xml, text/xml, application/json, application/*+xml, application/*+json, */*], Content-Type=[application/json], clientMessageId=[LandStock], Content-Length=[49]} Body: {"username":"cmv_squad9","password":"cmv_squad9"}
2023-02-20 15:05:25.352  INFO--[25-)-192.168.8.100] [                                        ]o.a.c.c.C.[.[.[/]              :Initializing Spring DispatcherServlet 'dispatcherServlet'
2023-02-20 15:05:25.352  INFO--[25-)-192.168.8.100] [                                        ]o.s.w.s.DispatcherServlet      :Initializing Servlet 'dispatcherServlet'
2023-02-20 15:05:25.363  INFO--[25-)-192.168.8.100] [                                        ]o.s.w.s.DispatcherServlet      :Completed initialization in 11 ms
2023-02-20 15:05:25.653  INFO--[25-main           ] [                                        ]omClientHttpRequestInterceptor :RestTemplate response logging: URI: https://api-public.mbbank.com.vn/ms-cmv-service-auth/v1.0/login Method: POST Status code: 200 OK Headers: {Date=[Mon, 20 Feb 2023 08:05:25 GMT], Content-Type=[application/json;charset=UTF-8], Transfer-Encoding=[chunked], Connection=[keep-alive], vary=[Origin,Access-Control-Request-Method,Access-Control-Request-Headers], cache-control=[no-store], pragma=[no-cache], x-envoy-upstream-service-time=[45], Server=[istio-envoy], x-envoy-decorator-operation=[ms001-service-cmv-auth-service.prod-cmv.svc.cluster.local:9129/*], Set-Cookie=[BIGipServerk8s_cmv_api_auth_pool_9129=3508273418.43299.0000; path=/; Httponly; Secure, BIGipServerapiGee_dmz_in_pool=3910926602.47873.0000; path=/; Httponly; Secure, MBAnalyticsaaaaaaaaaaaaaaaa_session_=CMEJPPMKBFKCBHLKCNPABHNCMOOGMPNIJDAHBHAIDNKACPMEPFDJMNNMDGBJMGMBNPADJKELKJODECIMFJLACBJOHCLKIALALLGNCGFFDAGGPCLPHHADFNAIECBAIOFF; HttpOnly; secure]} Body: {"access_token":"eyJhbGciOiJIUzI1NiIsInR5cCI6IkpXVCJ9.eyJleHAiOjE2NzY5MjM1MjUsInVzZXJfbmFtZSI6IntcImlkXCI6Mjk1ODUsXCJicmFuY2hJZFwiOjEsXCJ1c2VybmFtZVwiOlwiY212X3NxdWFkOVwiLFwidXNlckNvZGVcIjpcImNtdl9zcXVhZDlcIixcImZ1bGxOYW1lXCI6XCJjbXZfc3F1YWQ5XCIsXCJlbWFpbFwiOlwiY212c3F1YWQ5QG1iYmFuay5jb20udm5cIixcImJyYW5jaENvZGVcIjpcIm51bGxcIixcImV4cGlyZUF0XCI6MTY3Njg4MDM2OTA5MyxcInRva2VuVHlwZVwiOlwiQUNDRVNTX1RPS0VOXCIsXCJjbGllbnRJZFwiOlwiY212LWNsaWVudC1pZFwiLFwic2NvcGVzXCI6W1wiTUIjVklFV1wiLFwiTUJDViNNT0RJRllcIi
2023-02-20 15:05:25.762  INFO--[25-main           ] [                                        ]a.c.m.c.CmvSchedule            :end getFirstAccessToken
2023-02-20 15:05:52.417 DEBUG--[25-nio-8083-exec-1] [                                        ].c.m.s.JwtAuthenticationFilter :LOGIN SUCCESSFULLY!
2023-02-20 15:05:52.498 DEBUG--[25-nio-8083-exec-1] [                                        ]o.s.d.m.c.MongoTemplate        :find using query: { "created_by" : 7973} fields: {} for class: class ati.com.mbeelive.document.loans.Loans in collection: loans
2023-02-20 15:05:55.837 DEBUG--[25-nio-8083-exec-1] [                                        ]a.c.m.l.LoggingService         :RESPONSE:X-Request-ID=6affe166-87ce-4fc3-a78d-2b484ab5f6a4 | {"responseCode":200,"during":"3593 ms","httpPath":"/api/customer/v1/loans/myLoans","clientIp":"0:0:0:0:0:0:0:1","localIp":"0:0:0:0:0:0:0:1","headers":{"sec-fetch-mode":"cors","referer":"\u003c\u003cNot log referer record\u003e\u003e","sec-fetch-site":"same-origin","accept-language":"vi-VN,vi;q\u003d0.9,fr-FR;q\u003d0.8,fr;q\u003d0.7,en-US;q\u003d0.6,en;q\u003d0.5","cookie":"Idea-8bcc7671\u003d0e07d4ae-086b-49d7-886d-b91ab4a52490","accept":"application/json","authorization":"\u003c\u003cNot log authorization record\u003e\u003e","sec-ch-ua":"\"Not_A Brand\";v\u003d\"99\", \"Google Chrome\";v\u003d\"109\", \"Chromium\";v\u003d\"109\"","sec-ch-ua-mobile":"?0","sec-ch-ua-platform":"\"Windows\"","host":"localhost:8083","connection":"keep-alive","accept-encoding":"gzip, deflate, br","user-agent":"Mozilla/5.0 (Windows NT 10.0; Win64; x64) AppleWebKit/537.36 (KHTML, like Gecko) Chrome/109.0.0.0 Safari/537.36","sec-fetch-dest":"empty"},"body":"{\"message\":\"OK\",\"code\":200,\"data\":{\"content\":[{\"id\":\"63f2ebe341f461723c588e6f\",\"loandTotal\":1.0E9,\"code\":\"PssHi\",\"landItem\":{\"id\":\"6305d2b98f240f70b0aee667\",\"code\":\"SELL194\",\"title\":\"Nhanh tay căn duy nhất 4ty5 x 4 tầng nhà dân phân lô ô tô phố xã đànnn\\n\",\"projectName\":\"\",\"type\":\"SELL\",\"status\":\"APPROVED\",\"visibilityStatus\":\"VISIBILITY\",\"landCategory\":{\"id\":\"62f3226c3f23115670a1bb80\",\"name\":\"Nhà mặt đường\",\"landUtilityOptions\":[{\"id\":\"62f35e45cacd3f684d9caa11\",\"name\":\" test11 \",\"landUtilityId\""}
2023-02-20 15:05:55.886 DEBUG--[25-nio-8083-exec-1] [                                        ]a.c.m.l.LoggingService         :REQUEST:X-Request-ID=6affe166-87ce-4fc3-a78d-2b484ab5f6a4 | {"httpMethod":"GET","httpPath":"/api/customer/v1/loans/myLoans","clientIp":"0:0:0:0:0:0:0:1","localIp":"0:0:0:0:0:0:0:1","headers":{"sec-fetch-mode":"cors","referer":"\u003c\u003cNot log referer record\u003e\u003e","sec-fetch-site":"same-origin","accept-language":"vi-VN,vi;q\u003d0.9,fr-FR;q\u003d0.8,fr;q\u003d0.7,en-US;q\u003d0.6,en;q\u003d0.5","cookie":"Idea-8bcc7671\u003d0e07d4ae-086b-49d7-886d-b91ab4a52490","accept":"application/json","authorization":"\u003c\u003cNot log authorization record\u003e\u003e","sec-ch-ua":"\"Not_A Brand\";v\u003d\"99\", \"Google Chrome\";v\u003d\"109\", \"Chromium\";v\u003d\"109\"","sec-ch-ua-mobile":"?0","sec-ch-ua-platform":"\"Windows\"","host":"localhost:8083","connection":"keep-alive","accept-encoding":"gzip, deflate, br","user-agent":"Mozilla/5.0 (Windows NT 10.0; Win64; x64) AppleWebKit/537.36 (KHTML, like Gecko) Chrome/109.0.0.0 Safari/537.36","sec-fetch-dest":"empty"},"parameters":{"pageNo":"0","pageSize":"10","sort":"createdAt:desc","userId":"0"}}
2023-02-20 15:05:55.887 DEBUG--[25-nio-8083-exec-1] [                                        ]a.c.m.l.LoggingService         :Test here null
2023-02-20 15:05:56.092 DEBUG--[25-ynchLogThread-1] [                                        ]o.s.d.m.c.MongoTemplate        :Saving Document containing fields: [createdAt, userId, cif, path, requestId, requestObject, session, _class]
2023-02-20 15:05:57.888 DEBUG--[25-bsub-publisher2] [                                        ]a.c.m.c.PubSubConfig           :GCP Pubsub Log send success ackId = 7024121740557654
2023-02-20 15:08:10.322  INFO--[25-extShutdownHook] [                                        ]ryBean$MethodInvocationGateway :stopped bean 'pubSubConfig$PubsubCmvRattingOutboundGateway'
2023-02-20 15:08:10.322  INFO--[25-extShutdownHook] [                                        ].s.i.g.GatewayProxyFactoryBean :stopped bean 'pubSubConfig$PubsubCmvRattingOutboundGateway'
2023-02-20 15:08:10.322  INFO--[25-extShutdownHook] [                                        ]ryBean$MethodInvocationGateway :stopped bean 'pubSubConfig$PubsubLogOutboundGateway'
2023-02-20 15:08:10.323  INFO--[25-extShutdownHook] [                                        ].s.i.g.GatewayProxyFactoryBean :stopped bean 'pubSubConfig$PubsubLogOutboundGateway'
2023-02-20 15:08:10.323  INFO--[25-extShutdownHook] [                                        ]o.s.i.e.EventDrivenConsumer    :Removing {logging-channel-adapter:_org.springframework.integration.errorLogger} as a subscriber to the 'errorChannel' channel
2023-02-20 15:08:10.324  INFO--[25-extShutdownHook] [                                        ].s.i.c.PublishSubscribeChannel :Channel 'application.errorChannel' has 0 subscriber(s).
2023-02-20 15:08:10.324  INFO--[25-extShutdownHook] [                                        ]o.s.i.e.EventDrivenConsumer    :stopped bean '_org.springframework.integration.errorLogger'
2023-02-20 15:08:10.325  INFO--[25-extShutdownHook] [                                        ]o.s.i.e.EventDrivenConsumer    :Removing {message-handler:pubSubConfig.messageSenderCmvRatting.serviceActivator} as a subscriber to the 'pubsubCmvRattingChannel' channel
2023-02-20 15:08:10.325  INFO--[25-extShutdownHook] [                                        ]o.s.i.c.DirectChannel          :Channel 'application.pubsubCmvRattingChannel' has 0 subscriber(s).
2023-02-20 15:08:10.326  INFO--[25-extShutdownHook] [                                        ]o.s.i.e.EventDrivenConsumer    :stopped bean 'pubSubConfig.messageSenderCmvRatting.serviceActivator'
2023-02-20 15:08:10.326  INFO--[25-extShutdownHook] [                                        ]o.s.i.e.EventDrivenConsumer    :Removing {message-handler:pubSubConfig.messageSenderLog.serviceActivator} as a subscriber to the 'pubsubLogChannel' channel
2023-02-20 15:08:10.326  INFO--[25-extShutdownHook] [                                        ]o.s.i.c.DirectChannel          :Channel 'application.pubsubLogChannel' has 0 subscriber(s).
2023-02-20 15:08:10.326  INFO--[25-extShutdownHook] [                                        ]o.s.i.e.EventDrivenConsumer    :stopped bean 'pubSubConfig.messageSenderLog.serviceActivator'
2023-02-20 15:08:10.346  INFO--[25-extShutdownHook] [                                        ]o.s.s.c.ThreadPoolTaskExecutor :Shutting down ExecutorService 'asyncLogsExecutor'
2023-02-20 15:08:10.347  INFO--[25-extShutdownHook] [                                        ]o.s.s.c.ThreadPoolTaskExecutor :Shutting down ExecutorService 'asyncExecutorNotification'
2023-02-20 15:08:10.347  INFO--[25-extShutdownHook] [                                        ]o.s.s.c.ThreadPoolTaskExecutor :Shutting down ExecutorService 'asyncExecutor'
2023-02-20 15:08:10.349  INFO--[25-extShutdownHook] [                                        ]o.s.s.c.ThreadPoolTaskExecutor :Shutting down ExecutorService 'pubSubAcknowledgementExecutor'
2023-02-20 15:08:10.349  INFO--[25-extShutdownHook] [                                        ].s.s.c.ThreadPoolTaskScheduler :Shutting down ExecutorService 'pubsubPublisherThreadPool'
2023-02-20 15:08:10.352  INFO--[25-extShutdownHook] [                                        ]o.s.s.c.ThreadPoolTaskExecutor :Shutting down ExecutorService 'threadPoolTaskExecutor'
2023-02-20 15:08:11.389  INFO--[25-extShutdownHook] [                                        ].s.s.c.ThreadPoolTaskScheduler :Shutting down ExecutorService 'taskScheduler'
2023-02-20 15:08:11.398  INFO--[25-extShutdownHook] [                                        ]tainerEntityManagerFactoryBean :Closing JPA EntityManagerFactory for persistence unit 'default'
2023-02-20 15:08:11.400  INFO--[25-extShutdownHook] [                                        ]c.z.h.HikariDataSource         :HikariPool-1 - Shutdown initiated...
2023-02-20 15:08:11.408  INFO--[25-extShutdownHook] [                                        ]c.z.h.HikariDataSource         :HikariPool-1 - Shutdown completed.
2023-02-20 15:08:11.977  INFO--[25-extShutdownHook] [                                        ]o.m.d.connection               :Closed connection [connectionId{localValue:4, serverValue:16703}] to lab-uat-shard-00-01.ojso0.mongodb.net:27017 because the pool has been closed.
