2023-02-21 10:12:14.446  INFO--[25-kground-preinit] [                                        ]o.h.v.i.u.Version              :HV000001: Hibernate Validator 6.1.7.Final
2023-02-21 10:12:14.480  INFO--[25-main           ] [                                        ]a.c.m.MbeeliveApplication      :Starting MbeeliveApplication on DESKTOP-GSNRLR9 with PID 18608 (C:\Work\MbLandStock\landstock-app-be\target\classes started by Thanh Thuc in C:\Work\MbLandStock\landstock-app-be)
2023-02-21 10:12:14.482 DEBUG--[25-main           ] [                                        ]a.c.m.MbeeliveApplication      :Running with Spring Boot v2.3.12.RELEASE, Spring v5.2.15.RELEASE
2023-02-21 10:12:14.482  INFO--[25-main           ] [                                        ]a.c.m.MbeeliveApplication      :No active profile set, falling back to default profiles: default
2023-02-21 10:12:15.808  INFO--[25-main           ] [                                        ]epositoryConfigurationDelegate :Multiple Spring Data modules found, entering strict repository configuration mode!
2023-02-21 10:12:15.810  INFO--[25-main           ] [                                        ]epositoryConfigurationDelegate :Bootstrapping Spring Data JPA repositories in DEFAULT mode.
2023-02-21 10:12:16.006  INFO--[25-main           ] [                                        ]epositoryConfigurationDelegate :Finished Spring Data repository scanning in 191ms. Found 37 JPA repository interfaces.
2023-02-21 10:12:16.007  INFO--[25-main           ] [                                        ]epositoryConfigurationDelegate :Multiple Spring Data modules found, entering strict repository configuration mode!
2023-02-21 10:12:16.007  INFO--[25-main           ] [                                        ]epositoryConfigurationDelegate :Bootstrapping Spring Data MongoDB repositories in DEFAULT mode.
2023-02-21 10:12:16.017  INFO--[25-main           ] [                                        ]epositoryConfigurationDelegate :Finished Spring Data repository scanning in 9ms. Found 1 MongoDB repository interfaces.
2023-02-21 10:12:16.893  INFO--[25-main           ] [                                        ]guringBeanFactoryPostProcessor :No bean named 'errorChannel' has been explicitly defined. Therefore, a default PublishSubscribeChannel will be created.
2023-02-21 10:12:16.909  INFO--[25-main           ] [                                        ]guringBeanFactoryPostProcessor :No bean named 'taskScheduler' has been explicitly defined. Therefore, a default ThreadPoolTaskScheduler will be created.
2023-02-21 10:12:16.917  INFO--[25-main           ] [                                        ]guringBeanFactoryPostProcessor :No bean named 'integrationHeaderChannelRegistry' has been explicitly defined. Therefore, a default DefaultHeaderChannelRegistry will be created.
2023-02-21 10:12:17.337  INFO--[25-main           ] [                                        ]egate$BeanPostProcessorChecker :Bean 'org.springframework.integration.config.IntegrationManagementConfiguration' of type [org.springframework.integration.config.IntegrationManagementConfiguration] is not eligible for getting processed by all BeanPostProcessors (for example: not eligible for auto-proxying)
2023-02-21 10:12:17.352  INFO--[25-main           ] [                                        ]egate$BeanPostProcessorChecker :Bean 'integrationChannelResolver' of type [org.springframework.integration.support.channel.BeanFactoryChannelResolver] is not eligible for getting processed by all BeanPostProcessors (for example: not eligible for auto-proxying)
2023-02-21 10:12:17.356  INFO--[25-main           ] [                                        ]egate$BeanPostProcessorChecker :Bean 'integrationDisposableAutoCreatedBeans' of type [org.springframework.integration.config.annotation.Disposables] is not eligible for getting processed by all BeanPostProcessors (for example: not eligible for auto-proxying)
2023-02-21 10:12:17.714  INFO--[25-main           ] [                                        ]o.s.b.w.e.t.TomcatWebServer    :Tomcat initialized with port(s): 8083 (http)
2023-02-21 10:12:17.726  INFO--[25-main           ] [                                        ]o.a.c.h.Http11NioProtocol      :Initializing ProtocolHandler ["http-nio-8083"]
2023-02-21 10:12:17.727  INFO--[25-main           ] [                                        ]o.a.c.c.StandardService        :Starting service [Tomcat]
2023-02-21 10:12:17.727  INFO--[25-main           ] [                                        ]o.a.c.c.StandardEngine         :Starting Servlet engine: [Apache Tomcat/9.0.46]
2023-02-21 10:12:18.006  INFO--[25-main           ] [                                        ]o.a.c.c.C.[.[.[/]              :Initializing Spring embedded WebApplicationContext
2023-02-21 10:12:18.006  INFO--[25-main           ] [                                        ]letWebServerApplicationContext :Root WebApplicationContext: initialization completed in 3459 ms
2023-02-21 10:12:18.399  INFO--[25-main           ] [                                        ]o.m.d.cluster                  :Cluster created with settings {hosts=[127.0.0.1:27017], srvHost=lab-uat.ojso0.mongodb.net, mode=MULTIPLE, requiredClusterType=REPLICA_SET, serverSelectionTimeout='30000 ms', requiredReplicaSetName='atlas-gx6iy8-shard-0'}
2023-02-21 10:12:18.571  INFO--[25-so0.mongodb.net] [                                        ]o.m.d.cluster                  :Adding discovered server lab-uat-shard-00-00.ojso0.mongodb.net:27017 to client view of cluster
2023-02-21 10:12:18.620  INFO--[25-so0.mongodb.net] [                                        ]o.m.d.cluster                  :Adding discovered server lab-uat-shard-00-01.ojso0.mongodb.net:27017 to client view of cluster
2023-02-21 10:12:18.621  INFO--[25-so0.mongodb.net] [                                        ]o.m.d.cluster                  :Adding discovered server lab-uat-shard-00-02.ojso0.mongodb.net:27017 to client view of cluster
2023-02-21 10:12:19.482  INFO--[25-main           ] [                                        ]o.m.d.cluster                  :No server chosen by com.mongodb.client.internal.MongoClientDelegate$1@b3004e from cluster description ClusterDescription{type=REPLICA_SET, connectionMode=MULTIPLE, serverDescriptions=[ServerDescription{address=lab-uat-shard-00-00.ojso0.mongodb.net:27017, type=UNKNOWN, state=CONNECTING}, ServerDescription{address=lab-uat-shard-00-01.ojso0.mongodb.net:27017, type=UNKNOWN, state=CONNECTING}, ServerDescription{address=lab-uat-shard-00-02.ojso0.mongodb.net:27017, type=UNKNOWN, state=CONNECTING}]}. Waiting for 30000 ms before timing out
2023-02-21 10:12:19.607  INFO--[25-ngodb.net:27017] [                                        ]o.m.d.connection               :Opened connection [connectionId{localValue:1, serverValue:22078}] to lab-uat-shard-00-01.ojso0.mongodb.net:27017
2023-02-21 10:12:19.607  INFO--[25-ngodb.net:27017] [                                        ]o.m.d.connection               :Opened connection [connectionId{localValue:3, serverValue:20944}] to lab-uat-shard-00-02.ojso0.mongodb.net:27017
2023-02-21 10:12:19.688  INFO--[25-ngodb.net:27017] [                                        ]o.m.d.connection               :Opened connection [connectionId{localValue:2, serverValue:21159}] to lab-uat-shard-00-00.ojso0.mongodb.net:27017
2023-02-21 10:12:19.691  INFO--[25-ngodb.net:27017] [                                        ]o.m.d.cluster                  :Monitor thread successfully connected to server with description ServerDescription{address=lab-uat-shard-00-02.ojso0.mongodb.net:27017, type=REPLICA_SET_SECONDARY, state=CONNECTED, ok=true, minWireVersion=0, maxWireVersion=17, maxDocumentSize=16777216, logicalSessionTimeoutMinutes=30, roundTripTimeNanos=82675700, setName='atlas-gx6iy8-shard-0', canonicalAddress=lab-uat-shard-00-02.ojso0.mongodb.net:27017, hosts=[lab-uat-shard-00-02.ojso0.mongodb.net:27017, lab-uat-shard-00-01.ojso0.mongodb.net:27017, lab-uat-shard-00-00.ojso0.mongodb.net:27017], passives=[], arbiters=[], primary='lab-uat-shard-00-01.ojso0.mongodb.net:27017', tagSet=TagSet{[Tag{name='nodeType', value='ELECTABLE'}, Tag{name='provider', value='AZURE'}, Tag{name='region', value='ASIA_SOUTH_EAST'}, Tag{name='workloadType', value='OPERATIONAL'}]}, electionId=null, setVersion=1, lastWriteDate=Tue Feb 21 10:12:16 GMT+07:00 2023, lastUpdateTimeNanos=71228472013100}
2023-02-21 10:12:19.691  INFO--[25-ngodb.net:27017] [                                        ]o.m.d.cluster                  :Monitor thread successfully connected to server with description ServerDescription{address=lab-uat-shard-00-01.ojso0.mongodb.net:27017, type=REPLICA_SET_PRIMARY, state=CONNECTED, ok=true, minWireVersion=0, maxWireVersion=17, maxDocumentSize=16777216, logicalSessionTimeoutMinutes=30, roundTripTimeNanos=81248500, setName='atlas-gx6iy8-shard-0', canonicalAddress=lab-uat-shard-00-01.ojso0.mongodb.net:27017, hosts=[lab-uat-shard-00-02.ojso0.mongodb.net:27017, lab-uat-shard-00-01.ojso0.mongodb.net:27017, lab-uat-shard-00-00.ojso0.mongodb.net:27017], passives=[], arbiters=[], primary='lab-uat-shard-00-01.ojso0.mongodb.net:27017', tagSet=TagSet{[Tag{name='nodeType', value='ELECTABLE'}, Tag{name='provider', value='AZURE'}, Tag{name='region', value='ASIA_SOUTH_EAST'}, Tag{name='workloadType', value='OPERATIONAL'}]}, electionId=7fffffff0000000000000006, setVersion=1, lastWriteDate=Tue Feb 21 10:12:16 GMT+07:00 2023, lastUpdateTimeNanos=71228471558400}
2023-02-21 10:12:19.693  INFO--[25-ngodb.net:27017] [                                        ]o.m.d.cluster                  :Setting max election id to 7fffffff0000000000000006 from replica set primary lab-uat-shard-00-01.ojso0.mongodb.net:27017
2023-02-21 10:12:19.693  INFO--[25-ngodb.net:27017] [                                        ]o.m.d.cluster                  :Setting max set version to 1 from replica set primary lab-uat-shard-00-01.ojso0.mongodb.net:27017
2023-02-21 10:12:19.693  INFO--[25-ngodb.net:27017] [                                        ]o.m.d.cluster                  :Discovered replica set primary lab-uat-shard-00-01.ojso0.mongodb.net:27017
2023-02-21 10:12:19.759  INFO--[25-ngodb.net:27017] [                                        ]o.m.d.cluster                  :Monitor thread successfully connected to server with description ServerDescription{address=lab-uat-shard-00-00.ojso0.mongodb.net:27017, type=REPLICA_SET_SECONDARY, state=CONNECTED, ok=true, minWireVersion=0, maxWireVersion=17, maxDocumentSize=16777216, logicalSessionTimeoutMinutes=30, roundTripTimeNanos=70801300, setName='atlas-gx6iy8-shard-0', canonicalAddress=lab-uat-shard-00-00.ojso0.mongodb.net:27017, hosts=[lab-uat-shard-00-02.ojso0.mongodb.net:27017, lab-uat-shard-00-01.ojso0.mongodb.net:27017, lab-uat-shard-00-00.ojso0.mongodb.net:27017], passives=[], arbiters=[], primary='lab-uat-shard-00-01.ojso0.mongodb.net:27017', tagSet=TagSet{[Tag{name='nodeType', value='ELECTABLE'}, Tag{name='provider', value='AZURE'}, Tag{name='region', value='ASIA_SOUTH_EAST'}, Tag{name='workloadType', value='OPERATIONAL'}]}, electionId=null, setVersion=1, lastWriteDate=Tue Feb 21 10:12:16 GMT+07:00 2023, lastUpdateTimeNanos=71228541603500}
2023-02-21 10:12:20.279  INFO--[25-main           ] [                                        ]o.m.d.connection               :Opened connection [connectionId{localValue:4, serverValue:22079}] to lab-uat-shard-00-01.ojso0.mongodb.net:27017
2023-02-21 10:12:20.683  INFO--[25-main           ] [                                        ]oPersistentEntityIndexResolver :Found cycle for field '_id' in type 'PostComment' for path 'lastComment -> lastComment'
2023-02-21 10:12:20.683  INFO--[25-main           ] [                                        ]oPersistentEntityIndexResolver :Found cycle for field 'lastComment' in type 'PostComment' for path 'lastComment -> lastComment'
2023-02-21 10:12:20.923  INFO--[25-main           ] [                                        ]oPersistentEntityIndexResolver :Found cycle for field '_id' in type 'PostComment' for path 'lastComment -> lastComment'
2023-02-21 10:12:20.923  INFO--[25-main           ] [                                        ]oPersistentEntityIndexResolver :Found cycle for field 'lastComment' in type 'PostComment' for path 'lastComment -> lastComment'
2023-02-21 10:12:21.681  INFO--[25-main           ] [                                        ]c.z.h.HikariDataSource         :HikariPool-1 - Starting...
2023-02-21 10:12:26.287  INFO--[25-main           ] [                                        ]c.z.h.HikariDataSource         :HikariPool-1 - Start completed.
2023-02-21 10:12:26.384  INFO--[25-main           ] [                                        ]o.h.j.i.u.LogHelper            :HHH000204: Processing PersistenceUnitInfo [name: default]
2023-02-21 10:12:26.421  INFO--[25-main           ] [                                        ]o.h.Version                    :HHH000412: Hibernate ORM core version 5.4.32.Final
2023-02-21 10:12:26.506  INFO--[25-main           ] [                                        ]o.h.a.c.Version                :HCANN000001: Hibernate Commons Annotations {5.1.2.Final}
2023-02-21 10:12:26.589  INFO--[25-main           ] [                                        ]o.h.d.Dialect                  :HHH000400: Using dialect: org.hibernate.dialect.MySQL5Dialect
2023-02-21 10:12:27.484  INFO--[25-main           ] [                                        ]e.t.j.p.i.JtaPlatformInitiator :HHH000490: Using JtaPlatform implementation: [org.hibernate.engine.transaction.jta.platform.internal.NoJtaPlatform]
2023-02-21 10:12:27.498  INFO--[25-main           ] [                                        ]tainerEntityManagerFactoryBean :Initialized JPA EntityManagerFactory for persistence unit 'default'
2023-02-21 10:12:27.999  WARN--[25-main           ] [                                        ]figuration$JpaWebConfiguration :spring.jpa.open-in-view is enabled by default. Therefore, database queries may be performed during view rendering. Explicitly configure spring.jpa.open-in-view to disable this warning
2023-02-21 10:12:28.690  INFO--[25-main           ] [                                        ].s.s.c.ThreadPoolTaskScheduler :Initializing ExecutorService 'taskScheduler'
2023-02-21 10:12:28.773 DEBUG--[25-main           ] [                                        ].c.m.s.JwtAuthenticationFilter :Filter 'jwtAuthenticationFilter' configured for use
2023-02-21 10:12:28.774 DEBUG--[25-main           ] [                                        ]a.c.m.l.RequestLoggingFilter   :Filter 'requestLoggingFilter' configured for use
2023-02-21 10:12:29.187  INFO--[25-main           ] [                                        ]o.r.Version                    :Redisson 3.13.2
2023-02-21 10:12:31.010  INFO--[25-sson-netty-2-29] [                                        ]c.p.MasterPubSubConnectionPool :1 connections initialized for dev-brood.redis.cache.windows.net/13.76.180.224:6380
2023-02-21 10:12:31.045  INFO--[25-sson-netty-2-20] [                                        ]o.r.c.p.MasterConnectionPool   :24 connections initialized for dev-brood.redis.cache.windows.net/13.76.180.224:6380
2023-02-21 10:12:32.489  INFO--[25-main           ] [                                        ]o.s.s.c.ThreadPoolTaskExecutor :Initializing ExecutorService
2023-02-21 10:12:32.490  INFO--[25-main           ] [                                        ]o.s.s.c.ThreadPoolTaskExecutor :Initializing ExecutorService 'threadPoolTaskExecutor'
2023-02-21 10:12:32.748  INFO--[25-main           ] [                                        ].c.GcpContextAutoConfiguration :The default project ID is mb-data-science-329003
2023-02-21 10:12:32.794  INFO--[25-main           ] [                                        ]s.c.DefaultCredentialsProvider :Default credentials provider for service account landstock-pubsub-dev@mb-data-science-329003.iam.gserviceaccount.com
2023-02-21 10:12:32.794  INFO--[25-main           ] [                                        ]s.c.DefaultCredentialsProvider :Scopes in use by default credentials: [https://www.googleapis.com/auth/pubsub, https://www.googleapis.com/auth/spanner.admin, https://www.googleapis.com/auth/spanner.data, https://www.googleapis.com/auth/datastore, https://www.googleapis.com/auth/sqlservice.admin, https://www.googleapis.com/auth/devstorage.read_only, https://www.googleapis.com/auth/devstorage.read_write, https://www.googleapis.com/auth/cloudruntimeconfig, https://www.googleapis.com/auth/trace.append, https://www.googleapis.com/auth/cloud-platform, https://www.googleapis.com/auth/cloud-vision, https://www.googleapis.com/auth/bigquery, https://www.googleapis.com/auth/monitoring.write]
2023-02-21 10:12:32.797  INFO--[25-main           ] [                                        ].s.s.c.ThreadPoolTaskScheduler :Initializing ExecutorService
2023-02-21 10:12:32.810  INFO--[25-main           ] [                                        ].s.s.c.ThreadPoolTaskScheduler :Initializing ExecutorService 'pubsubPublisherThreadPool'
2023-02-21 10:12:32.858  INFO--[25-main           ] [                                        ]o.s.s.c.ThreadPoolTaskExecutor :Initializing ExecutorService 'pubSubAcknowledgementExecutor'
2023-02-21 10:12:32.956  INFO--[25-main           ] [                                        ]etailsServiceAutoConfiguration :

Using generated security password: 106dd5be-c3e3-4df6-9416-ae6c69f910d8

2023-02-21 10:12:33.047  INFO--[25-main           ] [                                        ]s.w.DefaultSecurityFilterChain :Creating filter chain: Ant [pattern='/v2/api-docs'], []
2023-02-21 10:12:33.048  INFO--[25-main           ] [                                        ]s.w.DefaultSecurityFilterChain :Creating filter chain: Ant [pattern='/configuration/ui'], []
2023-02-21 10:12:33.048  INFO--[25-main           ] [                                        ]s.w.DefaultSecurityFilterChain :Creating filter chain: Ant [pattern='/swagger-resources/**'], []
2023-02-21 10:12:33.048  INFO--[25-main           ] [                                        ]s.w.DefaultSecurityFilterChain :Creating filter chain: Ant [pattern='/configuration/security'], []
2023-02-21 10:12:33.048  INFO--[25-main           ] [                                        ]s.w.DefaultSecurityFilterChain :Creating filter chain: Ant [pattern='/swagger-ui.html'], []
2023-02-21 10:12:33.048  INFO--[25-main           ] [                                        ]s.w.DefaultSecurityFilterChain :Creating filter chain: Ant [pattern='/swagger-ui/**'], []
2023-02-21 10:12:33.048  INFO--[25-main           ] [                                        ]s.w.DefaultSecurityFilterChain :Creating filter chain: Ant [pattern='/v3/api-docs/**'], []
2023-02-21 10:12:33.048  INFO--[25-main           ] [                                        ]s.w.DefaultSecurityFilterChain :Creating filter chain: Ant [pattern='/webjars/**'], []
2023-02-21 10:12:33.107  INFO--[25-main           ] [                                        ]s.w.DefaultSecurityFilterChain :Creating filter chain: any request, [org.springframework.security.web.context.request.async.WebAsyncManagerIntegrationFilter@5a9ee776, org.springframework.security.web.context.SecurityContextPersistenceFilter@5b022899, org.springframework.security.web.header.HeaderWriterFilter@503308de, org.springframework.web.filter.CorsFilter@6c988822, org.springframework.security.web.csrf.CsrfFilter@3a5beb51, org.springframework.security.web.authentication.logout.LogoutFilter@68d9d5b3, ati.com.mbeelive.springsercurity.JwtAuthenticationFilter@71bb6009, org.springframework.security.web.savedrequest.RequestCacheAwareFilter@40fab20a, org.springframework.security.web.servletapi.SecurityContextHolderAwareRequestFilter@2e0d0819, org.springframework.security.web.authentication.AnonymousAuthenticationFilter@74ddae54, org.springframework.security.web.session.SessionManagementFilter@16795459, org.springframework.security.web.access.ExceptionTranslationFilter@22ec1877, org.springframework.security.web.access.intercept.FilterSecurityInterceptor@615ef647]
2023-02-21 10:12:33.599  INFO--[25-main           ] [                                        ]o.s.s.c.ThreadPoolTaskExecutor :Initializing ExecutorService
2023-02-21 10:12:33.646  INFO--[25-main           ] [                                        ]o.s.s.c.ThreadPoolTaskExecutor :Initializing ExecutorService 'asyncExecutor'
2023-02-21 10:12:33.647  INFO--[25-main           ] [                                        ]o.s.s.c.ThreadPoolTaskExecutor :Initializing ExecutorService
2023-02-21 10:12:33.663  INFO--[25-main           ] [                                        ]o.s.s.c.ThreadPoolTaskExecutor :Initializing ExecutorService 'asyncExecutorNotification'
2023-02-21 10:12:33.721  INFO--[25-main           ] [                                        ]o.s.s.c.ThreadPoolTaskExecutor :Initializing ExecutorService
2023-02-21 10:12:33.722  INFO--[25-main           ] [                                        ]o.s.s.c.ThreadPoolTaskExecutor :Initializing ExecutorService 'asyncLogsExecutor'
2023-02-21 10:12:38.390  INFO--[25-main           ] [                                        ]o.s.i.e.EventDrivenConsumer    :Adding {logging-channel-adapter:_org.springframework.integration.errorLogger} as a subscriber to the 'errorChannel' channel
2023-02-21 10:12:38.390  INFO--[25-main           ] [                                        ].s.i.c.PublishSubscribeChannel :Channel 'application.errorChannel' has 1 subscriber(s).
2023-02-21 10:12:38.390  INFO--[25-main           ] [                                        ]o.s.i.e.EventDrivenConsumer    :started bean '_org.springframework.integration.errorLogger'
2023-02-21 10:12:38.390  INFO--[25-main           ] [                                        ]o.s.i.e.EventDrivenConsumer    :Adding {message-handler:pubSubConfig.messageSenderCmvRatting.serviceActivator} as a subscriber to the 'pubsubCmvRattingChannel' channel
2023-02-21 10:12:38.390  INFO--[25-main           ] [                                        ]o.s.i.c.DirectChannel          :Channel 'application.pubsubCmvRattingChannel' has 1 subscriber(s).
2023-02-21 10:12:38.390  INFO--[25-main           ] [                                        ]o.s.i.e.EventDrivenConsumer    :started bean 'pubSubConfig.messageSenderCmvRatting.serviceActivator'
2023-02-21 10:12:38.390  INFO--[25-main           ] [                                        ]o.s.i.e.EventDrivenConsumer    :Adding {message-handler:pubSubConfig.messageSenderLog.serviceActivator} as a subscriber to the 'pubsubLogChannel' channel
2023-02-21 10:12:38.391  INFO--[25-main           ] [                                        ]o.s.i.c.DirectChannel          :Channel 'application.pubsubLogChannel' has 1 subscriber(s).
2023-02-21 10:12:38.391  INFO--[25-main           ] [                                        ]o.s.i.e.EventDrivenConsumer    :started bean 'pubSubConfig.messageSenderLog.serviceActivator'
2023-02-21 10:12:38.391  INFO--[25-main           ] [                                        ]ryBean$MethodInvocationGateway :started bean 'pubSubConfig$PubsubCmvRattingOutboundGateway'
2023-02-21 10:12:38.391  INFO--[25-main           ] [                                        ].s.i.g.GatewayProxyFactoryBean :started bean 'pubSubConfig$PubsubCmvRattingOutboundGateway'
2023-02-21 10:12:38.391  INFO--[25-main           ] [                                        ]ryBean$MethodInvocationGateway :started bean 'pubSubConfig$PubsubLogOutboundGateway'
2023-02-21 10:12:38.391  INFO--[25-main           ] [                                        ].s.i.g.GatewayProxyFactoryBean :started bean 'pubSubConfig$PubsubLogOutboundGateway'
2023-02-21 10:12:38.391  INFO--[25-main           ] [                                        ]o.a.c.h.Http11NioProtocol      :Starting ProtocolHandler ["http-nio-8083"]
2023-02-21 10:12:38.402  INFO--[25-main           ] [                                        ]o.s.b.w.e.t.TomcatWebServer    :Tomcat started on port(s): 8083 (http) with context path ''
2023-02-21 10:12:38.465  INFO--[25-main           ] [                                        ]o.s.b.w.e.t.TomcatWebServer    :Tomcat initialized with port(s): 8090 (http)
2023-02-21 10:12:38.465  INFO--[25-main           ] [                                        ]o.a.c.h.Http11NioProtocol      :Initializing ProtocolHandler ["http-nio-8090"]
2023-02-21 10:12:38.465  INFO--[25-main           ] [                                        ]o.a.c.c.StandardService        :Starting service [Tomcat]
2023-02-21 10:12:38.465  INFO--[25-main           ] [                                        ]o.a.c.c.StandardEngine         :Starting Servlet engine: [Apache Tomcat/9.0.46]
2023-02-21 10:12:38.530  INFO--[25-main           ] [                                        ]o.a.c.c.C.[.[.[/]              :Initializing Spring embedded WebApplicationContext
2023-02-21 10:12:38.530  INFO--[25-main           ] [                                        ]letWebServerApplicationContext :Root WebApplicationContext: initialization completed in 125 ms
2023-02-21 10:12:38.546  INFO--[25-main           ] [                                        ].b.a.e.w.EndpointLinksResolver :Exposing 2 endpoint(s) beneath base path '/actuator'
2023-02-21 10:12:39.297  INFO--[25-main           ] [                                        ]o.a.c.h.Http11NioProtocol      :Starting ProtocolHandler ["http-nio-8090"]
2023-02-21 10:12:39.301  INFO--[25-main           ] [                                        ]o.s.b.w.e.t.TomcatWebServer    :Tomcat started on port(s): 8090 (http) with context path ''
2023-02-21 10:12:39.350  INFO--[25-main           ] [                                        ]a.c.m.MbeeliveApplication      :Started MbeeliveApplication in 25.158 seconds (JVM running for 27.007)
2023-02-21 10:12:39.357  INFO--[25-main           ] [                                        ]a.c.m.c.CmvSchedule            :start getFirstAccessToken
2023-02-21 10:12:39.357  INFO--[25-main           ] [                                        ]a.c.m.c.CmvRestClient          :getAccessToken with no auth!!!
2023-02-21 10:12:39.500  INFO--[25-main           ] [                                        ]omClientHttpRequestInterceptor :RestTemplate request logging: URI: https://api-public.mbbank.com.vn/ms-cmv-service-auth/v1.0/login Method: POST Headers: {Accept=[text/plain, application/xml, text/xml, application/json, application/*+xml, application/*+json, */*], Content-Type=[application/json], clientMessageId=[LandStock], Content-Length=[49]} Body: {"username":"cmv_squad9","password":"cmv_squad9"}
2023-02-21 10:12:40.017  INFO--[25-main           ] [                                        ]omClientHttpRequestInterceptor :RestTemplate response logging: URI: https://api-public.mbbank.com.vn/ms-cmv-service-auth/v1.0/login Method: POST Status code: 200 OK Headers: {Date=[Tue, 21 Feb 2023 03:12:39 GMT], Content-Type=[application/json;charset=UTF-8], Transfer-Encoding=[chunked], Connection=[keep-alive], vary=[Origin,Access-Control-Request-Method,Access-Control-Request-Headers], cache-control=[no-store], pragma=[no-cache], x-envoy-upstream-service-time=[40], Server=[istio-envoy], x-envoy-decorator-operation=[ms001-service-cmv-auth-service.prod-cmv.svc.cluster.local:9129/*], Set-Cookie=[BIGipServerk8s_cmv_api_auth_pool_9129=3441164554.43299.0000; path=/; Httponly; Secure, BIGipServerapiGee_dmz_in_pool=3743154442.47873.0000; path=/; Httponly; Secure, MBAnalyticsaaaaaaaaaaaaaaaa_session_=LNLJENMKLEFDBJGDMLKNJPLDHFFGBMGMJHLBEPOCAAOGMFOKJGEBNJBMFAMMPMJINLMDDGNOMGGIIPKGLPNAAEHHFDBMEHJFAJGEIEGIEFOAKMDMLLEIFGEKGBGGNALI; HttpOnly; secure]} Body: {"access_token":"eyJhbGciOiJIUzI1NiIsInR5cCI6IkpXVCJ9.eyJleHAiOjE2NzY5OTIzNTksInVzZXJfbmFtZSI6IntcImlkXCI6Mjk1ODUsXCJicmFuY2hJZFwiOjEsXCJ1c2VybmFtZVwiOlwiY212X3NxdWFkOVwiLFwidXNlckNvZGVcIjpcImNtdl9zcXVhZDlcIixcImZ1bGxOYW1lXCI6XCJjbXZfc3F1YWQ5XCIsXCJlbWFpbFwiOlwiY212c3F1YWQ5QG1iYmFuay5jb20udm5cIixcImJyYW5jaENvZGVcIjpcIm51bGxcIixcImV4cGlyZUF0XCI6MTY3Njk0OTIwMjgyNSxcInRva2VuVHlwZVwiOlwiQUNDRVNTX1RPS0VOXCIsXCJjbGllbnRJZFwiOlwiY212LWNsaWVudC1pZFwiLFwic2NvcGVzXCI6W1wiTUIjVklFV1wiLFwiTUJDViNNT0RJRllcIi
2023-02-21 10:12:40.108  INFO--[25-main           ] [                                        ]a.c.m.c.CmvSchedule            :end getFirstAccessToken
2023-02-21 10:12:40.129  INFO--[25-)-192.168.8.122] [                                        ]o.a.c.c.C.[.[.[/]              :Initializing Spring DispatcherServlet 'dispatcherServlet'
2023-02-21 10:12:40.129  INFO--[25-)-192.168.8.122] [                                        ]o.s.w.s.DispatcherServlet      :Initializing Servlet 'dispatcherServlet'
2023-02-21 10:12:40.137  INFO--[25-)-192.168.8.122] [                                        ]o.s.w.s.DispatcherServlet      :Completed initialization in 8 ms
2023-02-21 10:21:36.244  INFO--[25-extShutdownHook] [                                        ]ryBean$MethodInvocationGateway :stopped bean 'pubSubConfig$PubsubCmvRattingOutboundGateway'
2023-02-21 10:21:36.244  INFO--[25-extShutdownHook] [                                        ].s.i.g.GatewayProxyFactoryBean :stopped bean 'pubSubConfig$PubsubCmvRattingOutboundGateway'
2023-02-21 10:21:36.244  INFO--[25-extShutdownHook] [                                        ]ryBean$MethodInvocationGateway :stopped bean 'pubSubConfig$PubsubLogOutboundGateway'
2023-02-21 10:21:36.244  INFO--[25-extShutdownHook] [                                        ].s.i.g.GatewayProxyFactoryBean :stopped bean 'pubSubConfig$PubsubLogOutboundGateway'
2023-02-21 10:21:36.244  INFO--[25-extShutdownHook] [                                        ]o.s.i.e.EventDrivenConsumer    :Removing {logging-channel-adapter:_org.springframework.integration.errorLogger} as a subscriber to the 'errorChannel' channel
2023-02-21 10:21:36.245  INFO--[25-extShutdownHook] [                                        ].s.i.c.PublishSubscribeChannel :Channel 'application.errorChannel' has 0 subscriber(s).
2023-02-21 10:21:36.245  INFO--[25-extShutdownHook] [                                        ]o.s.i.e.EventDrivenConsumer    :stopped bean '_org.springframework.integration.errorLogger'
2023-02-21 10:21:36.245  INFO--[25-extShutdownHook] [                                        ]o.s.i.e.EventDrivenConsumer    :Removing {message-handler:pubSubConfig.messageSenderCmvRatting.serviceActivator} as a subscriber to the 'pubsubCmvRattingChannel' channel
2023-02-21 10:21:36.245  INFO--[25-extShutdownHook] [                                        ]o.s.i.c.DirectChannel          :Channel 'application.pubsubCmvRattingChannel' has 0 subscriber(s).
2023-02-21 10:21:36.245  INFO--[25-extShutdownHook] [                                        ]o.s.i.e.EventDrivenConsumer    :stopped bean 'pubSubConfig.messageSenderCmvRatting.serviceActivator'
2023-02-21 10:21:36.245  INFO--[25-extShutdownHook] [                                        ]o.s.i.e.EventDrivenConsumer    :Removing {message-handler:pubSubConfig.messageSenderLog.serviceActivator} as a subscriber to the 'pubsubLogChannel' channel
2023-02-21 10:21:36.245  INFO--[25-extShutdownHook] [                                        ]o.s.i.c.DirectChannel          :Channel 'application.pubsubLogChannel' has 0 subscriber(s).
2023-02-21 10:21:36.245  INFO--[25-extShutdownHook] [                                        ]o.s.i.e.EventDrivenConsumer    :stopped bean 'pubSubConfig.messageSenderLog.serviceActivator'
2023-02-21 10:21:36.267  INFO--[25-extShutdownHook] [                                        ]o.s.s.c.ThreadPoolTaskExecutor :Shutting down ExecutorService 'asyncLogsExecutor'
2023-02-21 10:21:36.267  INFO--[25-extShutdownHook] [                                        ]o.s.s.c.ThreadPoolTaskExecutor :Shutting down ExecutorService 'asyncExecutorNotification'
2023-02-21 10:21:36.268  INFO--[25-extShutdownHook] [                                        ]o.s.s.c.ThreadPoolTaskExecutor :Shutting down ExecutorService 'asyncExecutor'
2023-02-21 10:21:36.269  INFO--[25-extShutdownHook] [                                        ]o.s.s.c.ThreadPoolTaskExecutor :Shutting down ExecutorService 'pubSubAcknowledgementExecutor'
2023-02-21 10:21:36.270  INFO--[25-extShutdownHook] [                                        ].s.s.c.ThreadPoolTaskScheduler :Shutting down ExecutorService 'pubsubPublisherThreadPool'
2023-02-21 10:21:36.271  INFO--[25-extShutdownHook] [                                        ]o.s.s.c.ThreadPoolTaskExecutor :Shutting down ExecutorService 'threadPoolTaskExecutor'
2023-02-21 10:21:38.305 ERROR--[25-sson-netty-2-20] [                                        ]i.n.u.c.D.rejectedExecution    :Failed to submit a listener notification task. Event loop shut down?
java.util.concurrent.RejectedExecutionException: event executor terminated
	at io.netty.util.concurrent.SingleThreadEventExecutor.reject(SingleThreadEventExecutor.java:926)
	at io.netty.util.concurrent.SingleThreadEventExecutor.offerTask(SingleThreadEventExecutor.java:353)
	at io.netty.util.concurrent.SingleThreadEventExecutor.addTask(SingleThreadEventExecutor.java:346)
	at io.netty.util.concurrent.SingleThreadEventExecutor.execute(SingleThreadEventExecutor.java:828)
	at io.netty.util.concurrent.SingleThreadEventExecutor.execute(SingleThreadEventExecutor.java:818)
	at io.netty.util.concurrent.DefaultPromise.safeExecute(DefaultPromise.java:842)
	at io.netty.util.concurrent.DefaultPromise.notifyListeners(DefaultPromise.java:499)
	at io.netty.util.concurrent.DefaultPromise.setValue0(DefaultPromise.java:616)
	at io.netty.util.concurrent.DefaultPromise.setSuccess0(DefaultPromise.java:605)
	at io.netty.util.concurrent.DefaultPromise.setSuccess(DefaultPromise.java:96)
	at io.netty.channel.group.DefaultChannelGroupFuture.setSuccess0(DefaultChannelGroupFuture.java:200)
	at io.netty.channel.group.DefaultChannelGroupFuture.access$400(DefaultChannelGroupFuture.java:41)
	at io.netty.channel.group.DefaultChannelGroupFuture$1.operationComplete(DefaultChannelGroupFuture.java:75)
	at io.netty.channel.group.DefaultChannelGroupFuture$1.operationComplete(DefaultChannelGroupFuture.java:48)
	at io.netty.util.concurrent.DefaultPromise.notifyListener0(DefaultPromise.java:578)
	at io.netty.util.concurrent.DefaultPromise.notifyListeners0(DefaultPromise.java:571)
	at io.netty.util.concurrent.DefaultPromise.notifyListenersNow(DefaultPromise.java:550)
	at io.netty.util.concurrent.DefaultPromise.notifyListeners(DefaultPromise.java:491)
	at io.netty.util.concurrent.DefaultPromise.setValue0(DefaultPromise.java:616)
	at io.netty.util.concurrent.DefaultPromise.setSuccess0(DefaultPromise.java:605)
	at io.netty.util.concurrent.DefaultPromise.trySuccess(DefaultPromise.java:104)
	at io.netty.channel.DefaultChannelPromise.trySuccess(DefaultChannelPromise.java:84)
	at io.netty.channel.AbstractChannel$CloseFuture.setClosed(AbstractChannel.java:1186)
	at io.netty.channel.AbstractChannel$AbstractUnsafe.doClose0(AbstractChannel.java:773)
	at io.netty.channel.AbstractChannel$AbstractUnsafe.close(AbstractChannel.java:749)
	at io.netty.channel.AbstractChannel$AbstractUnsafe.close(AbstractChannel.java:620)
	at io.netty.channel.nio.NioEventLoop.closeAll(NioEventLoop.java:769)
	at io.netty.channel.nio.NioEventLoop.run(NioEventLoop.java:526)
	at io.netty.util.concurrent.SingleThreadEventExecutor$4.run(SingleThreadEventExecutor.java:989)
	at io.netty.util.internal.ThreadExecutorMap$2.run(ThreadExecutorMap.java:74)
	at io.netty.util.concurrent.FastThreadLocalRunnable.run(FastThreadLocalRunnable.java:30)
	at java.base/java.lang.Thread.run(Thread.java:834)
2023-02-21 10:21:38.320  INFO--[25-extShutdownHook] [                                        ].s.s.c.ThreadPoolTaskScheduler :Shutting down ExecutorService 'taskScheduler'
2023-02-21 10:21:38.331  INFO--[25-extShutdownHook] [                                        ]tainerEntityManagerFactoryBean :Closing JPA EntityManagerFactory for persistence unit 'default'
2023-02-21 10:21:38.333  INFO--[25-extShutdownHook] [                                        ]c.z.h.HikariDataSource         :HikariPool-1 - Shutdown initiated...
2023-02-21 10:21:38.346  INFO--[25-extShutdownHook] [                                        ]c.z.h.HikariDataSource         :HikariPool-1 - Shutdown completed.
2023-02-21 10:21:38.350  WARN--[25-extShutdownHook] [                                        ]o.m.d.connection               :Got socket exception on connection [connectionId{localValue:4, serverValue:22079}] to lab-uat-shard-00-01.ojso0.mongodb.net:27017. All connections to lab-uat-shard-00-01.ojso0.mongodb.net:27017 will be closed.
2023-02-21 10:21:38.352  INFO--[25-extShutdownHook] [                                        ]o.m.d.connection               :Closed connection [connectionId{localValue:4, serverValue:22079}] to lab-uat-shard-00-01.ojso0.mongodb.net:27017 because there was a socket exception raised by this connection.
