2023-02-20 16:29:57.315  INFO--[22-kground-preinit] [                                        ]o.h.v.i.u.Version              :HV000001: Hibernate Validator 6.1.7.Final
2023-02-20 16:29:57.347  INFO--[22-main           ] [                                        ]a.c.m.MbeeliveApplication      :Starting MbeeliveApplication on DESKTOP-GSNRLR9 with PID 2920 (C:\Work\MbLandStock\landstock-app-be\target\classes started by Thanh Thuc in C:\Work\MbLandStock\landstock-app-be)
2023-02-20 16:29:57.350 DEBUG--[22-main           ] [                                        ]a.c.m.MbeeliveApplication      :Running with Spring Boot v2.3.12.RELEASE, Spring v5.2.15.RELEASE
2023-02-20 16:29:57.351  INFO--[22-main           ] [                                        ]a.c.m.MbeeliveApplication      :No active profile set, falling back to default profiles: default
2023-02-20 16:29:58.489  INFO--[22-main           ] [                                        ]epositoryConfigurationDelegate :Multiple Spring Data modules found, entering strict repository configuration mode!
2023-02-20 16:29:58.490  INFO--[22-main           ] [                                        ]epositoryConfigurationDelegate :Bootstrapping Spring Data JPA repositories in DEFAULT mode.
2023-02-20 16:29:58.689  INFO--[22-main           ] [                                        ]epositoryConfigurationDelegate :Finished Spring Data repository scanning in 194ms. Found 37 JPA repository interfaces.
2023-02-20 16:29:58.690  INFO--[22-main           ] [                                        ]epositoryConfigurationDelegate :Multiple Spring Data modules found, entering strict repository configuration mode!
2023-02-20 16:29:58.690  INFO--[22-main           ] [                                        ]epositoryConfigurationDelegate :Bootstrapping Spring Data MongoDB repositories in DEFAULT mode.
2023-02-20 16:29:58.700  INFO--[22-main           ] [                                        ]epositoryConfigurationDelegate :Finished Spring Data repository scanning in 9ms. Found 1 MongoDB repository interfaces.
2023-02-20 16:29:59.419  INFO--[22-main           ] [                                        ]guringBeanFactoryPostProcessor :No bean named 'errorChannel' has been explicitly defined. Therefore, a default PublishSubscribeChannel will be created.
2023-02-20 16:29:59.426  INFO--[22-main           ] [                                        ]guringBeanFactoryPostProcessor :No bean named 'taskScheduler' has been explicitly defined. Therefore, a default ThreadPoolTaskScheduler will be created.
2023-02-20 16:29:59.431  INFO--[22-main           ] [                                        ]guringBeanFactoryPostProcessor :No bean named 'integrationHeaderChannelRegistry' has been explicitly defined. Therefore, a default DefaultHeaderChannelRegistry will be created.
2023-02-20 16:29:59.658  INFO--[22-main           ] [                                        ]egate$BeanPostProcessorChecker :Bean 'org.springframework.integration.config.IntegrationManagementConfiguration' of type [org.springframework.integration.config.IntegrationManagementConfiguration] is not eligible for getting processed by all BeanPostProcessors (for example: not eligible for auto-proxying)
2023-02-20 16:29:59.668  INFO--[22-main           ] [                                        ]egate$BeanPostProcessorChecker :Bean 'integrationChannelResolver' of type [org.springframework.integration.support.channel.BeanFactoryChannelResolver] is not eligible for getting processed by all BeanPostProcessors (for example: not eligible for auto-proxying)
2023-02-20 16:29:59.671  INFO--[22-main           ] [                                        ]egate$BeanPostProcessorChecker :Bean 'integrationDisposableAutoCreatedBeans' of type [org.springframework.integration.config.annotation.Disposables] is not eligible for getting processed by all BeanPostProcessors (for example: not eligible for auto-proxying)
2023-02-20 16:29:59.905  INFO--[22-main           ] [                                        ]o.s.b.w.e.t.TomcatWebServer    :Tomcat initialized with port(s): 8083 (http)
2023-02-20 16:29:59.912  INFO--[22-main           ] [                                        ]o.a.c.h.Http11NioProtocol      :Initializing ProtocolHandler ["http-nio-8083"]
2023-02-20 16:29:59.912  INFO--[22-main           ] [                                        ]o.a.c.c.StandardService        :Starting service [Tomcat]
2023-02-20 16:29:59.912  INFO--[22-main           ] [                                        ]o.a.c.c.StandardEngine         :Starting Servlet engine: [Apache Tomcat/9.0.46]
2023-02-20 16:30:00.092  INFO--[22-main           ] [                                        ]o.a.c.c.C.[.[.[/]              :Initializing Spring embedded WebApplicationContext
2023-02-20 16:30:00.092  INFO--[22-main           ] [                                        ]letWebServerApplicationContext :Root WebApplicationContext: initialization completed in 2684 ms
2023-02-20 16:30:00.425  INFO--[22-main           ] [                                        ]o.m.d.cluster                  :Cluster created with settings {hosts=[127.0.0.1:27017], srvHost=lab-uat.ojso0.mongodb.net, mode=MULTIPLE, requiredClusterType=REPLICA_SET, serverSelectionTimeout='30000 ms', requiredReplicaSetName='atlas-gx6iy8-shard-0'}
2023-02-20 16:30:00.548  INFO--[22-so0.mongodb.net] [                                        ]o.m.d.cluster                  :Adding discovered server lab-uat-shard-00-00.ojso0.mongodb.net:27017 to client view of cluster
2023-02-20 16:30:00.572  INFO--[22-so0.mongodb.net] [                                        ]o.m.d.cluster                  :Adding discovered server lab-uat-shard-00-01.ojso0.mongodb.net:27017 to client view of cluster
2023-02-20 16:30:00.572  INFO--[22-so0.mongodb.net] [                                        ]o.m.d.cluster                  :Adding discovered server lab-uat-shard-00-02.ojso0.mongodb.net:27017 to client view of cluster
2023-02-20 16:30:00.970  INFO--[22-main           ] [                                        ]o.m.d.cluster                  :No server chosen by com.mongodb.client.internal.MongoClientDelegate$1@5b55c3d6 from cluster description ClusterDescription{type=REPLICA_SET, connectionMode=MULTIPLE, serverDescriptions=[ServerDescription{address=lab-uat-shard-00-00.ojso0.mongodb.net:27017, type=UNKNOWN, state=CONNECTING}, ServerDescription{address=lab-uat-shard-00-01.ojso0.mongodb.net:27017, type=UNKNOWN, state=CONNECTING}, ServerDescription{address=lab-uat-shard-00-02.ojso0.mongodb.net:27017, type=UNKNOWN, state=CONNECTING}]}. Waiting for 30000 ms before timing out
2023-02-20 16:30:01.584  INFO--[22-ngodb.net:27017] [                                        ]o.m.d.connection               :Opened connection [connectionId{localValue:2, serverValue:17148}] to lab-uat-shard-00-01.ojso0.mongodb.net:27017
2023-02-20 16:30:01.584  INFO--[22-ngodb.net:27017] [                                        ]o.m.d.connection               :Opened connection [connectionId{localValue:3, serverValue:16544}] to lab-uat-shard-00-00.ojso0.mongodb.net:27017
2023-02-20 16:30:01.585  INFO--[22-ngodb.net:27017] [                                        ]o.m.d.connection               :Opened connection [connectionId{localValue:1, serverValue:16253}] to lab-uat-shard-00-02.ojso0.mongodb.net:27017
2023-02-20 16:30:01.708  INFO--[22-ngodb.net:27017] [                                        ]o.m.d.cluster                  :Monitor thread successfully connected to server with description ServerDescription{address=lab-uat-shard-00-01.ojso0.mongodb.net:27017, type=REPLICA_SET_PRIMARY, state=CONNECTED, ok=true, minWireVersion=0, maxWireVersion=17, maxDocumentSize=16777216, logicalSessionTimeoutMinutes=30, roundTripTimeNanos=121845900, setName='atlas-gx6iy8-shard-0', canonicalAddress=lab-uat-shard-00-01.ojso0.mongodb.net:27017, hosts=[lab-uat-shard-00-02.ojso0.mongodb.net:27017, lab-uat-shard-00-01.ojso0.mongodb.net:27017, lab-uat-shard-00-00.ojso0.mongodb.net:27017], passives=[], arbiters=[], primary='lab-uat-shard-00-01.ojso0.mongodb.net:27017', tagSet=TagSet{[Tag{name='nodeType', value='ELECTABLE'}, Tag{name='provider', value='AZURE'}, Tag{name='region', value='ASIA_SOUTH_EAST'}, Tag{name='workloadType', value='OPERATIONAL'}]}, electionId=7fffffff0000000000000006, setVersion=1, lastWriteDate=Mon Feb 20 16:30:01 GMT+07:00 2023, lastUpdateTimeNanos=7481706331500}
2023-02-20 16:30:01.710  INFO--[22-ngodb.net:27017] [                                        ]o.m.d.cluster                  :Setting max election id to 7fffffff0000000000000006 from replica set primary lab-uat-shard-00-01.ojso0.mongodb.net:27017
2023-02-20 16:30:01.710  INFO--[22-ngodb.net:27017] [                                        ]o.m.d.cluster                  :Setting max set version to 1 from replica set primary lab-uat-shard-00-01.ojso0.mongodb.net:27017
2023-02-20 16:30:01.710  INFO--[22-ngodb.net:27017] [                                        ]o.m.d.cluster                  :Discovered replica set primary lab-uat-shard-00-01.ojso0.mongodb.net:27017
2023-02-20 16:30:01.739  INFO--[22-ngodb.net:27017] [                                        ]o.m.d.cluster                  :Monitor thread successfully connected to server with description ServerDescription{address=lab-uat-shard-00-02.ojso0.mongodb.net:27017, type=REPLICA_SET_SECONDARY, state=CONNECTED, ok=true, minWireVersion=0, maxWireVersion=17, maxDocumentSize=16777216, logicalSessionTimeoutMinutes=30, roundTripTimeNanos=153786400, setName='atlas-gx6iy8-shard-0', canonicalAddress=lab-uat-shard-00-02.ojso0.mongodb.net:27017, hosts=[lab-uat-shard-00-02.ojso0.mongodb.net:27017, lab-uat-shard-00-01.ojso0.mongodb.net:27017, lab-uat-shard-00-00.ojso0.mongodb.net:27017], passives=[], arbiters=[], primary='lab-uat-shard-00-01.ojso0.mongodb.net:27017', tagSet=TagSet{[Tag{name='nodeType', value='ELECTABLE'}, Tag{name='provider', value='AZURE'}, Tag{name='region', value='ASIA_SOUTH_EAST'}, Tag{name='workloadType', value='OPERATIONAL'}]}, electionId=null, setVersion=1, lastWriteDate=Mon Feb 20 16:30:01 GMT+07:00 2023, lastUpdateTimeNanos=7481737834400}
2023-02-20 16:30:01.742  INFO--[22-ngodb.net:27017] [                                        ]o.m.d.cluster                  :Monitor thread successfully connected to server with description ServerDescription{address=lab-uat-shard-00-00.ojso0.mongodb.net:27017, type=REPLICA_SET_SECONDARY, state=CONNECTED, ok=true, minWireVersion=0, maxWireVersion=17, maxDocumentSize=16777216, logicalSessionTimeoutMinutes=30, roundTripTimeNanos=156503500, setName='atlas-gx6iy8-shard-0', canonicalAddress=lab-uat-shard-00-00.ojso0.mongodb.net:27017, hosts=[lab-uat-shard-00-02.ojso0.mongodb.net:27017, lab-uat-shard-00-01.ojso0.mongodb.net:27017, lab-uat-shard-00-00.ojso0.mongodb.net:27017], passives=[], arbiters=[], primary='lab-uat-shard-00-01.ojso0.mongodb.net:27017', tagSet=TagSet{[Tag{name='nodeType', value='ELECTABLE'}, Tag{name='provider', value='AZURE'}, Tag{name='region', value='ASIA_SOUTH_EAST'}, Tag{name='workloadType', value='OPERATIONAL'}]}, electionId=null, setVersion=1, lastWriteDate=Mon Feb 20 16:30:01 GMT+07:00 2023, lastUpdateTimeNanos=7481740359000}
2023-02-20 16:30:02.627  INFO--[22-main           ] [                                        ]o.m.d.connection               :Opened connection [connectionId{localValue:4, serverValue:17149}] to lab-uat-shard-00-01.ojso0.mongodb.net:27017
2023-02-20 16:30:03.073  INFO--[22-main           ] [                                        ]oPersistentEntityIndexResolver :Found cycle for field '_id' in type 'PostComment' for path 'lastComment -> lastComment'
2023-02-20 16:30:03.077  INFO--[22-main           ] [                                        ]oPersistentEntityIndexResolver :Found cycle for field 'lastComment' in type 'PostComment' for path 'lastComment -> lastComment'
2023-02-20 16:30:03.721  INFO--[22-main           ] [                                        ]oPersistentEntityIndexResolver :Found cycle for field '_id' in type 'PostComment' for path 'lastComment -> lastComment'
2023-02-20 16:30:03.721  INFO--[22-main           ] [                                        ]oPersistentEntityIndexResolver :Found cycle for field 'lastComment' in type 'PostComment' for path 'lastComment -> lastComment'
2023-02-20 16:30:04.394  INFO--[22-main           ] [                                        ]c.z.h.HikariDataSource         :HikariPool-1 - Starting...
2023-02-20 16:30:08.056  INFO--[22-main           ] [                                        ]c.z.h.HikariDataSource         :HikariPool-1 - Start completed.
2023-02-20 16:30:08.168  INFO--[22-main           ] [                                        ]o.h.j.i.u.LogHelper            :HHH000204: Processing PersistenceUnitInfo [name: default]
2023-02-20 16:30:08.208  INFO--[22-main           ] [                                        ]o.h.Version                    :HHH000412: Hibernate ORM core version 5.4.32.Final
2023-02-20 16:30:08.292  INFO--[22-main           ] [                                        ]o.h.a.c.Version                :HCANN000001: Hibernate Commons Annotations {5.1.2.Final}
2023-02-20 16:30:08.373  INFO--[22-main           ] [                                        ]o.h.d.Dialect                  :HHH000400: Using dialect: org.hibernate.dialect.MySQL5Dialect
2023-02-20 16:30:09.195  INFO--[22-main           ] [                                        ]e.t.j.p.i.JtaPlatformInitiator :HHH000490: Using JtaPlatform implementation: [org.hibernate.engine.transaction.jta.platform.internal.NoJtaPlatform]
2023-02-20 16:30:09.209  INFO--[22-main           ] [                                        ]tainerEntityManagerFactoryBean :Initialized JPA EntityManagerFactory for persistence unit 'default'
2023-02-20 16:30:09.826  WARN--[22-main           ] [                                        ]figuration$JpaWebConfiguration :spring.jpa.open-in-view is enabled by default. Therefore, database queries may be performed during view rendering. Explicitly configure spring.jpa.open-in-view to disable this warning
2023-02-20 16:30:10.474  INFO--[22-main           ] [                                        ].s.s.c.ThreadPoolTaskScheduler :Initializing ExecutorService 'taskScheduler'
2023-02-20 16:30:10.530 DEBUG--[22-main           ] [                                        ].c.m.s.JwtAuthenticationFilter :Filter 'jwtAuthenticationFilter' configured for use
2023-02-20 16:30:10.530 DEBUG--[22-main           ] [                                        ]a.c.m.l.RequestLoggingFilter   :Filter 'requestLoggingFilter' configured for use
2023-02-20 16:30:10.905  INFO--[22-main           ] [                                        ]o.r.Version                    :Redisson 3.13.2
2023-02-20 16:30:13.544  INFO--[22-sson-netty-2-31] [                                        ]c.p.MasterPubSubConnectionPool :1 connections initialized for dev-brood.redis.cache.windows.net/13.76.180.224:6380
2023-02-20 16:30:13.550  INFO--[22-sson-netty-2-20] [                                        ]o.r.c.p.MasterConnectionPool   :24 connections initialized for dev-brood.redis.cache.windows.net/13.76.180.224:6380
2023-02-20 16:30:14.536  INFO--[22-main           ] [                                        ]o.s.s.c.ThreadPoolTaskExecutor :Initializing ExecutorService
2023-02-20 16:30:14.536  INFO--[22-main           ] [                                        ]o.s.s.c.ThreadPoolTaskExecutor :Initializing ExecutorService 'threadPoolTaskExecutor'
2023-02-20 16:30:14.748  INFO--[22-main           ] [                                        ].c.GcpContextAutoConfiguration :The default project ID is mb-data-science-329003
2023-02-20 16:30:14.781  INFO--[22-main           ] [                                        ]s.c.DefaultCredentialsProvider :Default credentials provider for service account landstock-pubsub-dev@mb-data-science-329003.iam.gserviceaccount.com
2023-02-20 16:30:14.781  INFO--[22-main           ] [                                        ]s.c.DefaultCredentialsProvider :Scopes in use by default credentials: [https://www.googleapis.com/auth/pubsub, https://www.googleapis.com/auth/spanner.admin, https://www.googleapis.com/auth/spanner.data, https://www.googleapis.com/auth/datastore, https://www.googleapis.com/auth/sqlservice.admin, https://www.googleapis.com/auth/devstorage.read_only, https://www.googleapis.com/auth/devstorage.read_write, https://www.googleapis.com/auth/cloudruntimeconfig, https://www.googleapis.com/auth/trace.append, https://www.googleapis.com/auth/cloud-platform, https://www.googleapis.com/auth/cloud-vision, https://www.googleapis.com/auth/bigquery, https://www.googleapis.com/auth/monitoring.write]
2023-02-20 16:30:14.782  INFO--[22-main           ] [                                        ].s.s.c.ThreadPoolTaskScheduler :Initializing ExecutorService
2023-02-20 16:30:14.793  INFO--[22-main           ] [                                        ].s.s.c.ThreadPoolTaskScheduler :Initializing ExecutorService 'pubsubPublisherThreadPool'
2023-02-20 16:30:14.840  INFO--[22-main           ] [                                        ]o.s.s.c.ThreadPoolTaskExecutor :Initializing ExecutorService 'pubSubAcknowledgementExecutor'
2023-02-20 16:30:14.912  INFO--[22-main           ] [                                        ]etailsServiceAutoConfiguration :

Using generated security password: ff684fd8-2b01-41f3-9cb5-63dd74483c70

2023-02-20 16:30:14.952  INFO--[22-main           ] [                                        ]s.w.DefaultSecurityFilterChain :Creating filter chain: Ant [pattern='/v2/api-docs'], []
2023-02-20 16:30:14.952  INFO--[22-main           ] [                                        ]s.w.DefaultSecurityFilterChain :Creating filter chain: Ant [pattern='/configuration/ui'], []
2023-02-20 16:30:14.952  INFO--[22-main           ] [                                        ]s.w.DefaultSecurityFilterChain :Creating filter chain: Ant [pattern='/swagger-resources/**'], []
2023-02-20 16:30:14.952  INFO--[22-main           ] [                                        ]s.w.DefaultSecurityFilterChain :Creating filter chain: Ant [pattern='/configuration/security'], []
2023-02-20 16:30:14.952  INFO--[22-main           ] [                                        ]s.w.DefaultSecurityFilterChain :Creating filter chain: Ant [pattern='/swagger-ui.html'], []
2023-02-20 16:30:14.952  INFO--[22-main           ] [                                        ]s.w.DefaultSecurityFilterChain :Creating filter chain: Ant [pattern='/swagger-ui/**'], []
2023-02-20 16:30:14.952  INFO--[22-main           ] [                                        ]s.w.DefaultSecurityFilterChain :Creating filter chain: Ant [pattern='/v3/api-docs/**'], []
2023-02-20 16:30:14.952  INFO--[22-main           ] [                                        ]s.w.DefaultSecurityFilterChain :Creating filter chain: Ant [pattern='/webjars/**'], []
2023-02-20 16:30:14.985  INFO--[22-main           ] [                                        ]s.w.DefaultSecurityFilterChain :Creating filter chain: any request, [org.springframework.security.web.context.request.async.WebAsyncManagerIntegrationFilter@5c2b5f27, org.springframework.security.web.context.SecurityContextPersistenceFilter@439a0f0, org.springframework.security.web.header.HeaderWriterFilter@e287fd1, org.springframework.web.filter.CorsFilter@73dbb666, org.springframework.security.web.csrf.CsrfFilter@4cf7f5d8, org.springframework.security.web.authentication.logout.LogoutFilter@5a22eec0, ati.com.mbeelive.springsercurity.JwtAuthenticationFilter@17734113, org.springframework.security.web.savedrequest.RequestCacheAwareFilter@6444bf53, org.springframework.security.web.servletapi.SecurityContextHolderAwareRequestFilter@5b5db3a, org.springframework.security.web.authentication.AnonymousAuthenticationFilter@1bf5745, org.springframework.security.web.session.SessionManagementFilter@33a7a5ca, org.springframework.security.web.access.ExceptionTranslationFilter@6b7ff02a, org.springframework.security.web.access.intercept.FilterSecurityInterceptor@7ba4591]
2023-02-20 16:30:15.109  INFO--[22-main           ] [                                        ]o.s.s.c.ThreadPoolTaskExecutor :Initializing ExecutorService
2023-02-20 16:30:15.109  INFO--[22-main           ] [                                        ]o.s.s.c.ThreadPoolTaskExecutor :Initializing ExecutorService 'asyncExecutor'
2023-02-20 16:30:15.110  INFO--[22-main           ] [                                        ]o.s.s.c.ThreadPoolTaskExecutor :Initializing ExecutorService
2023-02-20 16:30:15.110  INFO--[22-main           ] [                                        ]o.s.s.c.ThreadPoolTaskExecutor :Initializing ExecutorService 'asyncExecutorNotification'
2023-02-20 16:30:15.110  INFO--[22-main           ] [                                        ]o.s.s.c.ThreadPoolTaskExecutor :Initializing ExecutorService
2023-02-20 16:30:15.110  INFO--[22-main           ] [                                        ]o.s.s.c.ThreadPoolTaskExecutor :Initializing ExecutorService 'asyncLogsExecutor'
2023-02-20 16:30:17.385  INFO--[22-main           ] [                                        ]o.s.i.e.EventDrivenConsumer    :Adding {logging-channel-adapter:_org.springframework.integration.errorLogger} as a subscriber to the 'errorChannel' channel
2023-02-20 16:30:17.385  INFO--[22-main           ] [                                        ].s.i.c.PublishSubscribeChannel :Channel 'application.errorChannel' has 1 subscriber(s).
2023-02-20 16:30:17.385  INFO--[22-main           ] [                                        ]o.s.i.e.EventDrivenConsumer    :started bean '_org.springframework.integration.errorLogger'
2023-02-20 16:30:17.385  INFO--[22-main           ] [                                        ]o.s.i.e.EventDrivenConsumer    :Adding {message-handler:pubSubConfig.messageSenderCmvRatting.serviceActivator} as a subscriber to the 'pubsubCmvRattingChannel' channel
2023-02-20 16:30:17.385  INFO--[22-main           ] [                                        ]o.s.i.c.DirectChannel          :Channel 'application.pubsubCmvRattingChannel' has 1 subscriber(s).
2023-02-20 16:30:17.385  INFO--[22-main           ] [                                        ]o.s.i.e.EventDrivenConsumer    :started bean 'pubSubConfig.messageSenderCmvRatting.serviceActivator'
2023-02-20 16:30:17.385  INFO--[22-main           ] [                                        ]o.s.i.e.EventDrivenConsumer    :Adding {message-handler:pubSubConfig.messageSenderLog.serviceActivator} as a subscriber to the 'pubsubLogChannel' channel
2023-02-20 16:30:17.385  INFO--[22-main           ] [                                        ]o.s.i.c.DirectChannel          :Channel 'application.pubsubLogChannel' has 1 subscriber(s).
2023-02-20 16:30:17.385  INFO--[22-main           ] [                                        ]o.s.i.e.EventDrivenConsumer    :started bean 'pubSubConfig.messageSenderLog.serviceActivator'
2023-02-20 16:30:17.386  INFO--[22-main           ] [                                        ]ryBean$MethodInvocationGateway :started bean 'pubSubConfig$PubsubCmvRattingOutboundGateway'
2023-02-20 16:30:17.386  INFO--[22-main           ] [                                        ].s.i.g.GatewayProxyFactoryBean :started bean 'pubSubConfig$PubsubCmvRattingOutboundGateway'
2023-02-20 16:30:17.386  INFO--[22-main           ] [                                        ]ryBean$MethodInvocationGateway :started bean 'pubSubConfig$PubsubLogOutboundGateway'
2023-02-20 16:30:17.386  INFO--[22-main           ] [                                        ].s.i.g.GatewayProxyFactoryBean :started bean 'pubSubConfig$PubsubLogOutboundGateway'
2023-02-20 16:30:17.386  INFO--[22-main           ] [                                        ]o.a.c.h.Http11NioProtocol      :Starting ProtocolHandler ["http-nio-8083"]
2023-02-20 16:30:17.397  INFO--[22-main           ] [                                        ]o.s.b.w.e.t.TomcatWebServer    :Tomcat started on port(s): 8083 (http) with context path ''
2023-02-20 16:30:17.460  INFO--[22-main           ] [                                        ]o.s.b.w.e.t.TomcatWebServer    :Tomcat initialized with port(s): 8090 (http)
2023-02-20 16:30:17.461  INFO--[22-main           ] [                                        ]o.a.c.h.Http11NioProtocol      :Initializing ProtocolHandler ["http-nio-8090"]
2023-02-20 16:30:17.461  INFO--[22-main           ] [                                        ]o.a.c.c.StandardService        :Starting service [Tomcat]
2023-02-20 16:30:17.461  INFO--[22-main           ] [                                        ]o.a.c.c.StandardEngine         :Starting Servlet engine: [Apache Tomcat/9.0.46]
2023-02-20 16:30:17.504  INFO--[22-main           ] [                                        ]o.a.c.c.C.[.[.[/]              :Initializing Spring embedded WebApplicationContext
2023-02-20 16:30:17.504  INFO--[22-main           ] [                                        ]letWebServerApplicationContext :Root WebApplicationContext: initialization completed in 103 ms
2023-02-20 16:30:17.517  INFO--[22-main           ] [                                        ].b.a.e.w.EndpointLinksResolver :Exposing 2 endpoint(s) beneath base path '/actuator'
2023-02-20 16:30:18.063  INFO--[22-main           ] [                                        ]o.a.c.h.Http11NioProtocol      :Starting ProtocolHandler ["http-nio-8090"]
2023-02-20 16:30:18.066  INFO--[22-main           ] [                                        ]o.s.b.w.e.t.TomcatWebServer    :Tomcat started on port(s): 8090 (http) with context path ''
2023-02-20 16:30:18.098  INFO--[22-main           ] [                                        ]a.c.m.MbeeliveApplication      :Started MbeeliveApplication in 21.036 seconds (JVM running for 22.541)
2023-02-20 16:30:18.102  INFO--[22-main           ] [                                        ]a.c.m.c.CmvSchedule            :start getFirstAccessToken
2023-02-20 16:30:18.102  INFO--[22-main           ] [                                        ]a.c.m.c.CmvRestClient          :getAccessToken with no auth!!!
2023-02-20 16:30:18.358  INFO--[22-main           ] [                                        ]omClientHttpRequestInterceptor :RestTemplate request logging: URI: https://api-public.mbbank.com.vn/ms-cmv-service-auth/v1.0/login Method: POST Headers: {Accept=[text/plain, application/xml, text/xml, application/json, application/*+xml, application/*+json, */*], Content-Type=[application/json], clientMessageId=[LandStock], Content-Length=[49]} Body: {"username":"cmv_squad9","password":"cmv_squad9"}
2023-02-20 16:30:18.729  INFO--[22-)-192.168.8.100] [                                        ]o.a.c.c.C.[.[.[/]              :Initializing Spring DispatcherServlet 'dispatcherServlet'
2023-02-20 16:30:18.729  INFO--[22-)-192.168.8.100] [                                        ]o.s.w.s.DispatcherServlet      :Initializing Servlet 'dispatcherServlet'
2023-02-20 16:30:18.740  INFO--[22-)-192.168.8.100] [                                        ]o.s.w.s.DispatcherServlet      :Completed initialization in 11 ms
2023-02-20 16:30:18.754  INFO--[22-main           ] [                                        ]omClientHttpRequestInterceptor :RestTemplate response logging: URI: https://api-public.mbbank.com.vn/ms-cmv-service-auth/v1.0/login Method: POST Status code: 200 OK Headers: {Date=[Mon, 20 Feb 2023 09:30:19 GMT], Content-Type=[application/json;charset=UTF-8], Transfer-Encoding=[chunked], Connection=[keep-alive], vary=[Origin,Access-Control-Request-Method,Access-Control-Request-Headers], cache-control=[no-store], pragma=[no-cache], x-envoy-upstream-service-time=[47], Server=[istio-envoy], x-envoy-decorator-operation=[ms001-service-cmv-auth-service.prod-cmv.svc.cluster.local:9129/*], Set-Cookie=[BIGipServerk8s_cmv_api_auth_pool_9129=3508273418.43299.0000; path=/; Httponly; Secure, BIGipServerapiGee_dmz_in_pool=3743154442.47873.0000; path=/; Httponly; Secure, MBAnalyticsaaaaaaaaaaaaaaaa_session_=IPHNNCCJMGGBIPPHDOMAIHFJHLODFEINMNMBJGIMGBNKBLNIKKMOMKKJAPKLGBNMBLIDCNCOPNMIOABHKFKAOFMFFDHACCLMLPFFFOBLPPFAKCBHMAIJLCDLBNHIPFAG; HttpOnly; secure]} Body: {"access_token":"eyJhbGciOiJIUzI1NiIsInR5cCI6IkpXVCJ9.eyJleHAiOjE2NzY5Mjg2MTgsInVzZXJfbmFtZSI6IntcImlkXCI6Mjk1ODUsXCJicmFuY2hJZFwiOjEsXCJ1c2VybmFtZVwiOlwiY212X3NxdWFkOVwiLFwidXNlckNvZGVcIjpcImNtdl9zcXVhZDlcIixcImZ1bGxOYW1lXCI6XCJjbXZfc3F1YWQ5XCIsXCJlbWFpbFwiOlwiY212c3F1YWQ5QG1iYmFuay5jb20udm5cIixcImJyYW5jaENvZGVcIjpcIm51bGxcIixcImV4cGlyZUF0XCI6MTY3Njg4NTQ2MjE4NyxcInRva2VuVHlwZVwiOlwiQUNDRVNTX1RPS0VOXCIsXCJjbGllbnRJZFwiOlwiY212LWNsaWVudC1pZFwiLFwic2NvcGVzXCI6W1wiTUIjVklFV1wiLFwiTUJDViNNT0RJRllcIi
2023-02-20 16:30:18.860  INFO--[22-main           ] [                                        ]a.c.m.c.CmvSchedule            :end getFirstAccessToken
2023-02-20 16:30:26.292 DEBUG--[22-nio-8083-exec-1] [                                        ].c.m.s.JwtAuthenticationFilter :LOGIN SUCCESSFULLY!
2023-02-20 16:30:32.647 DEBUG--[22-nio-8083-exec-1] [                                        ]o.s.d.m.c.MongoTemplate        :find using query: { "created_by" : 7973} fields: {} for class: class ati.com.mbeelive.document.loans.Loans in collection: loans
2023-02-20 16:35:44.966  WARN--[22-l-1 housekeeper] [                                        ]c.z.h.p.HikariPool             :HikariPool-1 - Thread starvation or clock leap detected (housekeeper delta=5m36s806ms416µs200ns).
2023-02-20 16:35:57.115 DEBUG--[22-nio-8083-exec-1] [                                        ]a.c.m.l.LoggingService         :RESPONSE:X-Request-ID=9cc7b107-73cf-493f-b016-852f7a33a058 | {"responseCode":200,"during":"331025 ms","httpPath":"/api/customer/v1/loans/myLoans","clientIp":"0:0:0:0:0:0:0:1","localIp":"0:0:0:0:0:0:0:1","headers":{"sec-fetch-mode":"cors","referer":"\u003c\u003cNot log referer record\u003e\u003e","sec-fetch-site":"same-origin","accept-language":"vi-VN,vi;q\u003d0.9,fr-FR;q\u003d0.8,fr;q\u003d0.7,en-US;q\u003d0.6,en;q\u003d0.5","cookie":"Idea-8bcc7671\u003d0e07d4ae-086b-49d7-886d-b91ab4a52490","accept":"application/json","authorization":"\u003c\u003cNot log authorization record\u003e\u003e","sec-ch-ua":"\"Not_A Brand\";v\u003d\"99\", \"Google Chrome\";v\u003d\"109\", \"Chromium\";v\u003d\"109\"","sec-ch-ua-mobile":"?0","sec-ch-ua-platform":"\"Windows\"","host":"localhost:8083","connection":"keep-alive","accept-encoding":"gzip, deflate, br","user-agent":"Mozilla/5.0 (Windows NT 10.0; Win64; x64) AppleWebKit/537.36 (KHTML, like Gecko) Chrome/109.0.0.0 Safari/537.36","sec-fetch-dest":"empty"},"body":"{\"message\":\"OK\",\"code\":200,\"data\":{\"content\":[{\"id\":\"63f2ebe341f461723c588e6f\",\"loandTotal\":1.0E9,\"code\":\"PssHi\",\"landItem\":{\"id\":\"6305d2b98f240f70b0aee667\",\"code\":\"SELL194\",\"title\":\"Nhanh tay căn duy nhất 4ty5 x 4 tầng nhà dân phân lô ô tô phố xã đànnn\\n\",\"projectName\":\"\",\"type\":\"SELL\",\"status\":\"APPROVED\",\"visibilityStatus\":\"VISIBILITY\",\"landCategory\":{\"id\":\"62f3226c3f23115670a1bb80\",\"name\":\"Nhà mặt đường\",\"landUtilityOptions\":[{\"id\":\"62f35e45cacd3f684d9caa11\",\"name\":\" test11 \",\"landUtilityId\""}
2023-02-20 16:35:57.166 DEBUG--[22-nio-8083-exec-1] [                                        ]a.c.m.l.LoggingService         :REQUEST:X-Request-ID=9cc7b107-73cf-493f-b016-852f7a33a058 | {"httpMethod":"GET","httpPath":"/api/customer/v1/loans/myLoans","clientIp":"0:0:0:0:0:0:0:1","localIp":"0:0:0:0:0:0:0:1","headers":{"sec-fetch-mode":"cors","referer":"\u003c\u003cNot log referer record\u003e\u003e","sec-fetch-site":"same-origin","accept-language":"vi-VN,vi;q\u003d0.9,fr-FR;q\u003d0.8,fr;q\u003d0.7,en-US;q\u003d0.6,en;q\u003d0.5","cookie":"Idea-8bcc7671\u003d0e07d4ae-086b-49d7-886d-b91ab4a52490","accept":"application/json","authorization":"\u003c\u003cNot log authorization record\u003e\u003e","sec-ch-ua":"\"Not_A Brand\";v\u003d\"99\", \"Google Chrome\";v\u003d\"109\", \"Chromium\";v\u003d\"109\"","sec-ch-ua-mobile":"?0","sec-ch-ua-platform":"\"Windows\"","host":"localhost:8083","connection":"keep-alive","accept-encoding":"gzip, deflate, br","user-agent":"Mozilla/5.0 (Windows NT 10.0; Win64; x64) AppleWebKit/537.36 (KHTML, like Gecko) Chrome/109.0.0.0 Safari/537.36","sec-fetch-dest":"empty"},"parameters":{"pageNo":"0","pageSize":"10","sort":"createdAt:desc","userId":"0"}}
2023-02-20 16:35:57.167 DEBUG--[22-nio-8083-exec-1] [                                        ]a.c.m.l.LoggingService         :Test here null
2023-02-20 16:35:57.366 DEBUG--[22-ynchLogThread-1] [                                        ]o.s.d.m.c.MongoTemplate        :Saving Document containing fields: [createdAt, userId, cif, path, requestId, requestObject, session, _class]
2023-02-20 16:35:57.378  INFO--[22-ynchLogThread-1] [                                        ]o.m.d.connection               :Closed connection [connectionId{localValue:4, serverValue:17149}] to lab-uat-shard-00-01.ojso0.mongodb.net:27017 because there was a socket exception raised on another connection from this pool.
2023-02-20 16:35:57.419  INFO--[22-extShutdownHook] [                                        ]ryBean$MethodInvocationGateway :stopped bean 'pubSubConfig$PubsubCmvRattingOutboundGateway'
2023-02-20 16:35:57.420  INFO--[22-extShutdownHook] [                                        ].s.i.g.GatewayProxyFactoryBean :stopped bean 'pubSubConfig$PubsubCmvRattingOutboundGateway'
2023-02-20 16:35:57.420  INFO--[22-extShutdownHook] [                                        ]ryBean$MethodInvocationGateway :stopped bean 'pubSubConfig$PubsubLogOutboundGateway'
2023-02-20 16:35:57.420  INFO--[22-extShutdownHook] [                                        ].s.i.g.GatewayProxyFactoryBean :stopped bean 'pubSubConfig$PubsubLogOutboundGateway'
2023-02-20 16:35:57.420  INFO--[22-extShutdownHook] [                                        ]o.s.i.e.EventDrivenConsumer    :Removing {logging-channel-adapter:_org.springframework.integration.errorLogger} as a subscriber to the 'errorChannel' channel
2023-02-20 16:35:57.420  INFO--[22-extShutdownHook] [                                        ].s.i.c.PublishSubscribeChannel :Channel 'application.errorChannel' has 0 subscriber(s).
2023-02-20 16:35:57.420  INFO--[22-extShutdownHook] [                                        ]o.s.i.e.EventDrivenConsumer    :stopped bean '_org.springframework.integration.errorLogger'
2023-02-20 16:35:57.421  INFO--[22-extShutdownHook] [                                        ]o.s.i.e.EventDrivenConsumer    :Removing {message-handler:pubSubConfig.messageSenderCmvRatting.serviceActivator} as a subscriber to the 'pubsubCmvRattingChannel' channel
2023-02-20 16:35:57.421  INFO--[22-extShutdownHook] [                                        ]o.s.i.c.DirectChannel          :Channel 'application.pubsubCmvRattingChannel' has 0 subscriber(s).
2023-02-20 16:35:57.421  INFO--[22-extShutdownHook] [                                        ]o.s.i.e.EventDrivenConsumer    :stopped bean 'pubSubConfig.messageSenderCmvRatting.serviceActivator'
2023-02-20 16:35:57.421  INFO--[22-extShutdownHook] [                                        ]o.s.i.e.EventDrivenConsumer    :Removing {message-handler:pubSubConfig.messageSenderLog.serviceActivator} as a subscriber to the 'pubsubLogChannel' channel
2023-02-20 16:35:57.421  INFO--[22-extShutdownHook] [                                        ]o.s.i.c.DirectChannel          :Channel 'application.pubsubLogChannel' has 0 subscriber(s).
2023-02-20 16:35:57.421  INFO--[22-extShutdownHook] [                                        ]o.s.i.e.EventDrivenConsumer    :stopped bean 'pubSubConfig.messageSenderLog.serviceActivator'
2023-02-20 16:35:57.433  INFO--[22-extShutdownHook] [                                        ]o.s.s.c.ThreadPoolTaskExecutor :Shutting down ExecutorService 'asyncLogsExecutor'
2023-02-20 16:35:57.434  INFO--[22-extShutdownHook] [                                        ]o.s.s.c.ThreadPoolTaskExecutor :Shutting down ExecutorService 'asyncExecutorNotification'
2023-02-20 16:35:57.434  INFO--[22-extShutdownHook] [                                        ]o.s.s.c.ThreadPoolTaskExecutor :Shutting down ExecutorService 'asyncExecutor'
2023-02-20 16:35:57.435  INFO--[22-extShutdownHook] [                                        ]o.s.s.c.ThreadPoolTaskExecutor :Shutting down ExecutorService 'pubSubAcknowledgementExecutor'
2023-02-20 16:35:57.436  INFO--[22-extShutdownHook] [                                        ].s.s.c.ThreadPoolTaskScheduler :Shutting down ExecutorService 'pubsubPublisherThreadPool'
2023-02-20 16:35:57.438  INFO--[22-extShutdownHook] [                                        ]o.s.s.c.ThreadPoolTaskExecutor :Shutting down ExecutorService 'threadPoolTaskExecutor'
2023-02-20 16:35:57.461  INFO--[22-extShutdownHook] [                                        ].s.s.c.ThreadPoolTaskScheduler :Shutting down ExecutorService 'taskScheduler'
2023-02-20 16:35:57.477  INFO--[22-extShutdownHook] [                                        ]tainerEntityManagerFactoryBean :Closing JPA EntityManagerFactory for persistence unit 'default'
2023-02-20 16:35:57.480  INFO--[22-extShutdownHook] [                                        ]c.z.h.HikariDataSource         :HikariPool-1 - Shutdown initiated...
2023-02-20 16:35:57.594  INFO--[22-ynchLogThread-1] [                                        ]o.m.d.connection               :Closed connection [connectionId{localValue:8}] to lab-uat-shard-00-01.ojso0.mongodb.net:27017 because there was a socket exception raised by this connection.
2023-02-20 16:35:57.601 ERROR--[22-ynchLogThread-1] [                                        ]a.c.m.a.LogAsyn                :Error creating bean with name 'entityManagerFactory': Singleton bean creation not allowed while singletons of this factory are in destruction (Do not request a bean from a BeanFactory in a destroy method implementation!)
2023-02-20 16:35:58.380  INFO--[22-ngodb.net:27017] [                                        ]o.m.d.connection               :Opened connection [connectionId{localValue:6, serverValue:16279}] to lab-uat-shard-00-02.ojso0.mongodb.net:27017
2023-02-20 16:35:58.380  INFO--[22-ngodb.net:27017] [                                        ]o.m.d.connection               :Opened connection [connectionId{localValue:5, serverValue:17175}] to lab-uat-shard-00-01.ojso0.mongodb.net:27017
2023-02-20 16:35:58.380  INFO--[22-ngodb.net:27017] [                                        ]o.m.d.connection               :Opened connection [connectionId{localValue:7, serverValue:16569}] to lab-uat-shard-00-00.ojso0.mongodb.net:27017
