2023-02-07 09:13:10.461  INFO--[25-kground-preinit] [                                        ]o.h.v.i.u.Version              :HV000001: Hibernate Validator 6.1.7.Final
2023-02-07 09:13:10.492  INFO--[25-main           ] [                                        ]a.c.m.MbeeliveApplication      :Starting MbeeliveApplication on DESKTOP-GSNRLR9 with PID 2100 (C:\Work\MbLandStock\landstock-app-be\target\classes started by Thanh Thuc in C:\Work\MbLandStock\landstock-app-be)
2023-02-07 09:13:10.494 DEBUG--[25-main           ] [                                        ]a.c.m.MbeeliveApplication      :Running with Spring Boot v2.3.12.RELEASE, Spring v5.2.15.RELEASE
2023-02-07 09:13:10.495  INFO--[25-main           ] [                                        ]a.c.m.MbeeliveApplication      :No active profile set, falling back to default profiles: default
2023-02-07 09:13:11.650  INFO--[25-main           ] [                                        ]epositoryConfigurationDelegate :Multiple Spring Data modules found, entering strict repository configuration mode!
2023-02-07 09:13:11.652  INFO--[25-main           ] [                                        ]epositoryConfigurationDelegate :Bootstrapping Spring Data JPA repositories in DEFAULT mode.
2023-02-07 09:13:11.829  INFO--[25-main           ] [                                        ]epositoryConfigurationDelegate :Finished Spring Data repository scanning in 173ms. Found 37 JPA repository interfaces.
2023-02-07 09:13:11.830  INFO--[25-main           ] [                                        ]epositoryConfigurationDelegate :Multiple Spring Data modules found, entering strict repository configuration mode!
2023-02-07 09:13:11.830  INFO--[25-main           ] [                                        ]epositoryConfigurationDelegate :Bootstrapping Spring Data MongoDB repositories in DEFAULT mode.
2023-02-07 09:13:11.838  INFO--[25-main           ] [                                        ]epositoryConfigurationDelegate :Finished Spring Data repository scanning in 7ms. Found 1 MongoDB repository interfaces.
2023-02-07 09:13:12.503  INFO--[25-main           ] [                                        ]guringBeanFactoryPostProcessor :No bean named 'errorChannel' has been explicitly defined. Therefore, a default PublishSubscribeChannel will be created.
2023-02-07 09:13:12.510  INFO--[25-main           ] [                                        ]guringBeanFactoryPostProcessor :No bean named 'taskScheduler' has been explicitly defined. Therefore, a default ThreadPoolTaskScheduler will be created.
2023-02-07 09:13:12.514  INFO--[25-main           ] [                                        ]guringBeanFactoryPostProcessor :No bean named 'integrationHeaderChannelRegistry' has been explicitly defined. Therefore, a default DefaultHeaderChannelRegistry will be created.
2023-02-07 09:13:12.754  INFO--[25-main           ] [                                        ]egate$BeanPostProcessorChecker :Bean 'org.springframework.integration.config.IntegrationManagementConfiguration' of type [org.springframework.integration.config.IntegrationManagementConfiguration] is not eligible for getting processed by all BeanPostProcessors (for example: not eligible for auto-proxying)
2023-02-07 09:13:12.765  INFO--[25-main           ] [                                        ]egate$BeanPostProcessorChecker :Bean 'integrationChannelResolver' of type [org.springframework.integration.support.channel.BeanFactoryChannelResolver] is not eligible for getting processed by all BeanPostProcessors (for example: not eligible for auto-proxying)
2023-02-07 09:13:12.768  INFO--[25-main           ] [                                        ]egate$BeanPostProcessorChecker :Bean 'integrationDisposableAutoCreatedBeans' of type [org.springframework.integration.config.annotation.Disposables] is not eligible for getting processed by all BeanPostProcessors (for example: not eligible for auto-proxying)
2023-02-07 09:13:12.988  INFO--[25-main           ] [                                        ]o.s.b.w.e.t.TomcatWebServer    :Tomcat initialized with port(s): 8083 (http)
2023-02-07 09:13:12.995  INFO--[25-main           ] [                                        ]o.a.c.h.Http11NioProtocol      :Initializing ProtocolHandler ["http-nio-8083"]
2023-02-07 09:13:12.995  INFO--[25-main           ] [                                        ]o.a.c.c.StandardService        :Starting service [Tomcat]
2023-02-07 09:13:12.995  INFO--[25-main           ] [                                        ]o.a.c.c.StandardEngine         :Starting Servlet engine: [Apache Tomcat/9.0.46]
2023-02-07 09:13:13.167  INFO--[25-main           ] [                                        ]o.a.c.c.C.[.[.[/]              :Initializing Spring embedded WebApplicationContext
2023-02-07 09:13:13.167  INFO--[25-main           ] [                                        ]letWebServerApplicationContext :Root WebApplicationContext: initialization completed in 2621 ms
2023-02-07 09:13:13.540  INFO--[25-main           ] [                                        ]o.m.d.cluster                  :Cluster created with settings {hosts=[127.0.0.1:27017], srvHost=lab-uat.ojso0.mongodb.net, mode=MULTIPLE, requiredClusterType=REPLICA_SET, serverSelectionTimeout='30000 ms', requiredReplicaSetName='atlas-gx6iy8-shard-0'}
2023-02-07 09:13:13.824  INFO--[25-so0.mongodb.net] [                                        ]o.m.d.cluster                  :Adding discovered server lab-uat-shard-00-00.ojso0.mongodb.net:27017 to client view of cluster
2023-02-07 09:13:13.851  INFO--[25-so0.mongodb.net] [                                        ]o.m.d.cluster                  :Adding discovered server lab-uat-shard-00-01.ojso0.mongodb.net:27017 to client view of cluster
2023-02-07 09:13:13.851  INFO--[25-so0.mongodb.net] [                                        ]o.m.d.cluster                  :Adding discovered server lab-uat-shard-00-02.ojso0.mongodb.net:27017 to client view of cluster
2023-02-07 09:13:14.025  INFO--[25-main           ] [                                        ]o.m.d.cluster                  :No server chosen by com.mongodb.client.internal.MongoClientDelegate$1@19e8fe55 from cluster description ClusterDescription{type=REPLICA_SET, connectionMode=MULTIPLE, serverDescriptions=[ServerDescription{address=lab-uat-shard-00-00.ojso0.mongodb.net:27017, type=UNKNOWN, state=CONNECTING}, ServerDescription{address=lab-uat-shard-00-01.ojso0.mongodb.net:27017, type=UNKNOWN, state=CONNECTING}, ServerDescription{address=lab-uat-shard-00-02.ojso0.mongodb.net:27017, type=UNKNOWN, state=CONNECTING}]}. Waiting for 30000 ms before timing out
2023-02-07 09:13:14.723  INFO--[25-ngodb.net:27017] [                                        ]o.m.d.connection               :Opened connection [connectionId{localValue:2, serverValue:34355}] to lab-uat-shard-00-02.ojso0.mongodb.net:27017
2023-02-07 09:13:14.723  INFO--[25-ngodb.net:27017] [                                        ]o.m.d.connection               :Opened connection [connectionId{localValue:1, serverValue:33123}] to lab-uat-shard-00-00.ojso0.mongodb.net:27017
2023-02-07 09:13:14.793  INFO--[25-ngodb.net:27017] [                                        ]o.m.d.connection               :Opened connection [connectionId{localValue:3, serverValue:33223}] to lab-uat-shard-00-01.ojso0.mongodb.net:27017
2023-02-07 09:13:14.823  INFO--[25-ngodb.net:27017] [                                        ]o.m.d.cluster                  :Monitor thread successfully connected to server with description ServerDescription{address=lab-uat-shard-00-02.ojso0.mongodb.net:27017, type=REPLICA_SET_PRIMARY, state=CONNECTED, ok=true, minWireVersion=0, maxWireVersion=17, maxDocumentSize=16777216, logicalSessionTimeoutMinutes=30, roundTripTimeNanos=94999000, setName='atlas-gx6iy8-shard-0', canonicalAddress=lab-uat-shard-00-02.ojso0.mongodb.net:27017, hosts=[lab-uat-shard-00-02.ojso0.mongodb.net:27017, lab-uat-shard-00-01.ojso0.mongodb.net:27017, lab-uat-shard-00-00.ojso0.mongodb.net:27017], passives=[], arbiters=[], primary='lab-uat-shard-00-02.ojso0.mongodb.net:27017', tagSet=TagSet{[Tag{name='nodeType', value='ELECTABLE'}, Tag{name='provider', value='AZURE'}, Tag{name='region', value='ASIA_SOUTH_EAST'}, Tag{name='workloadType', value='OPERATIONAL'}]}, electionId=7fffffff0000000000000005, setVersion=1, lastWriteDate=Tue Feb 07 09:13:01 GMT+07:00 2023, lastUpdateTimeNanos=1881254150872700}
2023-02-07 09:13:14.823  INFO--[25-ngodb.net:27017] [                                        ]o.m.d.cluster                  :Monitor thread successfully connected to server with description ServerDescription{address=lab-uat-shard-00-00.ojso0.mongodb.net:27017, type=REPLICA_SET_SECONDARY, state=CONNECTED, ok=true, minWireVersion=0, maxWireVersion=17, maxDocumentSize=16777216, logicalSessionTimeoutMinutes=30, roundTripTimeNanos=94678900, setName='atlas-gx6iy8-shard-0', canonicalAddress=lab-uat-shard-00-00.ojso0.mongodb.net:27017, hosts=[lab-uat-shard-00-02.ojso0.mongodb.net:27017, lab-uat-shard-00-01.ojso0.mongodb.net:27017, lab-uat-shard-00-00.ojso0.mongodb.net:27017], passives=[], arbiters=[], primary='lab-uat-shard-00-02.ojso0.mongodb.net:27017', tagSet=TagSet{[Tag{name='nodeType', value='ELECTABLE'}, Tag{name='provider', value='AZURE'}, Tag{name='region', value='ASIA_SOUTH_EAST'}, Tag{name='workloadType', value='OPERATIONAL'}]}, electionId=null, setVersion=1, lastWriteDate=Tue Feb 07 09:13:01 GMT+07:00 2023, lastUpdateTimeNanos=1881254150873400}
2023-02-07 09:13:14.827  INFO--[25-ngodb.net:27017] [                                        ]o.m.d.cluster                  :Setting max election id to 7fffffff0000000000000005 from replica set primary lab-uat-shard-00-02.ojso0.mongodb.net:27017
2023-02-07 09:13:14.827  INFO--[25-ngodb.net:27017] [                                        ]o.m.d.cluster                  :Setting max set version to 1 from replica set primary lab-uat-shard-00-02.ojso0.mongodb.net:27017
2023-02-07 09:13:14.827  INFO--[25-ngodb.net:27017] [                                        ]o.m.d.cluster                  :Discovered replica set primary lab-uat-shard-00-02.ojso0.mongodb.net:27017
2023-02-07 09:13:14.919  INFO--[25-ngodb.net:27017] [                                        ]o.m.d.cluster                  :Monitor thread successfully connected to server with description ServerDescription{address=lab-uat-shard-00-01.ojso0.mongodb.net:27017, type=REPLICA_SET_SECONDARY, state=CONNECTED, ok=true, minWireVersion=0, maxWireVersion=17, maxDocumentSize=16777216, logicalSessionTimeoutMinutes=30, roundTripTimeNanos=125458600, setName='atlas-gx6iy8-shard-0', canonicalAddress=lab-uat-shard-00-01.ojso0.mongodb.net:27017, hosts=[lab-uat-shard-00-02.ojso0.mongodb.net:27017, lab-uat-shard-00-01.ojso0.mongodb.net:27017, lab-uat-shard-00-00.ojso0.mongodb.net:27017], passives=[], arbiters=[], primary='lab-uat-shard-00-02.ojso0.mongodb.net:27017', tagSet=TagSet{[Tag{name='nodeType', value='ELECTABLE'}, Tag{name='provider', value='AZURE'}, Tag{name='region', value='ASIA_SOUTH_EAST'}, Tag{name='workloadType', value='OPERATIONAL'}]}, electionId=null, setVersion=1, lastWriteDate=Tue Feb 07 09:13:01 GMT+07:00 2023, lastUpdateTimeNanos=1881254250215600}
2023-02-07 09:13:15.794  INFO--[25-main           ] [                                        ]o.m.d.connection               :Opened connection [connectionId{localValue:4, serverValue:34356}] to lab-uat-shard-00-02.ojso0.mongodb.net:27017
2023-02-07 09:13:16.016  INFO--[25-main           ] [                                        ]oPersistentEntityIndexResolver :Found cycle for field '_id' in type 'PostComment' for path 'lastComment -> lastComment'
2023-02-07 09:13:16.019  INFO--[25-main           ] [                                        ]oPersistentEntityIndexResolver :Found cycle for field 'lastComment' in type 'PostComment' for path 'lastComment -> lastComment'
2023-02-07 09:13:16.701  INFO--[25-main           ] [                                        ]oPersistentEntityIndexResolver :Found cycle for field '_id' in type 'PostComment' for path 'lastComment -> lastComment'
2023-02-07 09:13:16.702  INFO--[25-main           ] [                                        ]oPersistentEntityIndexResolver :Found cycle for field 'lastComment' in type 'PostComment' for path 'lastComment -> lastComment'
2023-02-07 09:13:17.452  INFO--[25-main           ] [                                        ]c.z.h.HikariDataSource         :HikariPool-1 - Starting...
2023-02-07 09:13:20.308  INFO--[25-main           ] [                                        ]c.z.h.HikariDataSource         :HikariPool-1 - Start completed.
2023-02-07 09:13:20.397  INFO--[25-main           ] [                                        ]o.h.j.i.u.LogHelper            :HHH000204: Processing PersistenceUnitInfo [name: default]
2023-02-07 09:13:20.434  INFO--[25-main           ] [                                        ]o.h.Version                    :HHH000412: Hibernate ORM core version 5.4.32.Final
2023-02-07 09:13:20.529  INFO--[25-main           ] [                                        ]o.h.a.c.Version                :HCANN000001: Hibernate Commons Annotations {5.1.2.Final}
2023-02-07 09:13:20.618  INFO--[25-main           ] [                                        ]o.h.d.Dialect                  :HHH000400: Using dialect: org.hibernate.dialect.MySQL5Dialect
2023-02-07 09:13:21.469  INFO--[25-main           ] [                                        ]e.t.j.p.i.JtaPlatformInitiator :HHH000490: Using JtaPlatform implementation: [org.hibernate.engine.transaction.jta.platform.internal.NoJtaPlatform]
2023-02-07 09:13:21.499  INFO--[25-main           ] [                                        ]tainerEntityManagerFactoryBean :Initialized JPA EntityManagerFactory for persistence unit 'default'
2023-02-07 09:13:21.991  WARN--[25-main           ] [                                        ]figuration$JpaWebConfiguration :spring.jpa.open-in-view is enabled by default. Therefore, database queries may be performed during view rendering. Explicitly configure spring.jpa.open-in-view to disable this warning
2023-02-07 09:13:22.623  INFO--[25-main           ] [                                        ].s.s.c.ThreadPoolTaskScheduler :Initializing ExecutorService 'taskScheduler'
2023-02-07 09:13:22.681 DEBUG--[25-main           ] [                                        ].c.m.s.JwtAuthenticationFilter :Filter 'jwtAuthenticationFilter' configured for use
2023-02-07 09:13:22.682 DEBUG--[25-main           ] [                                        ]a.c.m.l.RequestLoggingFilter   :Filter 'requestLoggingFilter' configured for use
2023-02-07 09:13:23.037  INFO--[25-main           ] [                                        ]o.r.Version                    :Redisson 3.13.2
2023-02-07 09:13:25.161  INFO--[25-sson-netty-2-17] [                                        ]c.p.MasterPubSubConnectionPool :1 connections initialized for dev-brood.redis.cache.windows.net/13.76.180.224:6380
2023-02-07 09:13:25.170  INFO--[25-sson-netty-2-19] [                                        ]o.r.c.p.MasterConnectionPool   :24 connections initialized for dev-brood.redis.cache.windows.net/13.76.180.224:6380
2023-02-07 09:13:26.130  INFO--[25-main           ] [                                        ]o.s.s.c.ThreadPoolTaskExecutor :Initializing ExecutorService
2023-02-07 09:13:26.131  INFO--[25-main           ] [                                        ]o.s.s.c.ThreadPoolTaskExecutor :Initializing ExecutorService 'threadPoolTaskExecutor'
2023-02-07 09:13:26.345  INFO--[25-main           ] [                                        ].c.GcpContextAutoConfiguration :The default project ID is mb-data-science-329003
2023-02-07 09:13:26.383  INFO--[25-main           ] [                                        ]s.c.DefaultCredentialsProvider :Default credentials provider for service account landstock-pubsub-dev@mb-data-science-329003.iam.gserviceaccount.com
2023-02-07 09:13:26.383  INFO--[25-main           ] [                                        ]s.c.DefaultCredentialsProvider :Scopes in use by default credentials: [https://www.googleapis.com/auth/pubsub, https://www.googleapis.com/auth/spanner.admin, https://www.googleapis.com/auth/spanner.data, https://www.googleapis.com/auth/datastore, https://www.googleapis.com/auth/sqlservice.admin, https://www.googleapis.com/auth/devstorage.read_only, https://www.googleapis.com/auth/devstorage.read_write, https://www.googleapis.com/auth/cloudruntimeconfig, https://www.googleapis.com/auth/trace.append, https://www.googleapis.com/auth/cloud-platform, https://www.googleapis.com/auth/cloud-vision, https://www.googleapis.com/auth/bigquery, https://www.googleapis.com/auth/monitoring.write]
2023-02-07 09:13:26.385  INFO--[25-main           ] [                                        ].s.s.c.ThreadPoolTaskScheduler :Initializing ExecutorService
2023-02-07 09:13:26.394  INFO--[25-main           ] [                                        ].s.s.c.ThreadPoolTaskScheduler :Initializing ExecutorService 'pubsubPublisherThreadPool'
2023-02-07 09:13:26.439  INFO--[25-main           ] [                                        ]o.s.s.c.ThreadPoolTaskExecutor :Initializing ExecutorService 'pubSubAcknowledgementExecutor'
2023-02-07 09:13:26.511  INFO--[25-main           ] [                                        ]etailsServiceAutoConfiguration :

Using generated security password: 5dd44628-54eb-438c-8dff-99146925141d

2023-02-07 09:13:26.574  INFO--[25-main           ] [                                        ]s.w.DefaultSecurityFilterChain :Creating filter chain: Ant [pattern='/v2/api-docs'], []
2023-02-07 09:13:26.574  INFO--[25-main           ] [                                        ]s.w.DefaultSecurityFilterChain :Creating filter chain: Ant [pattern='/configuration/ui'], []
2023-02-07 09:13:26.574  INFO--[25-main           ] [                                        ]s.w.DefaultSecurityFilterChain :Creating filter chain: Ant [pattern='/swagger-resources/**'], []
2023-02-07 09:13:26.574  INFO--[25-main           ] [                                        ]s.w.DefaultSecurityFilterChain :Creating filter chain: Ant [pattern='/configuration/security'], []
2023-02-07 09:13:26.574  INFO--[25-main           ] [                                        ]s.w.DefaultSecurityFilterChain :Creating filter chain: Ant [pattern='/swagger-ui.html'], []
2023-02-07 09:13:26.574  INFO--[25-main           ] [                                        ]s.w.DefaultSecurityFilterChain :Creating filter chain: Ant [pattern='/swagger-ui/**'], []
2023-02-07 09:13:26.574  INFO--[25-main           ] [                                        ]s.w.DefaultSecurityFilterChain :Creating filter chain: Ant [pattern='/v3/api-docs/**'], []
2023-02-07 09:13:26.574  INFO--[25-main           ] [                                        ]s.w.DefaultSecurityFilterChain :Creating filter chain: Ant [pattern='/webjars/**'], []
2023-02-07 09:13:26.636  INFO--[25-main           ] [                                        ]s.w.DefaultSecurityFilterChain :Creating filter chain: any request, [org.springframework.security.web.context.request.async.WebAsyncManagerIntegrationFilter@63c5a25d, org.springframework.security.web.context.SecurityContextPersistenceFilter@6bcf75d4, org.springframework.security.web.header.HeaderWriterFilter@3f19ac42, org.springframework.web.filter.CorsFilter@2e408d5a, org.springframework.security.web.csrf.CsrfFilter@4a05902b, org.springframework.security.web.authentication.logout.LogoutFilter@2fd77e1d, ati.com.mbeelive.springsercurity.JwtAuthenticationFilter@2f81d7f, org.springframework.security.web.savedrequest.RequestCacheAwareFilter@3a8af40a, org.springframework.security.web.servletapi.SecurityContextHolderAwareRequestFilter@369cadcf, org.springframework.security.web.authentication.AnonymousAuthenticationFilter@52a2c66, org.springframework.security.web.session.SessionManagementFilter@510af8e4, org.springframework.security.web.access.ExceptionTranslationFilter@391aee9, org.springframework.security.web.access.intercept.FilterSecurityInterceptor@72d1a87a]
2023-02-07 09:13:26.770  INFO--[25-main           ] [                                        ]o.s.s.c.ThreadPoolTaskExecutor :Initializing ExecutorService
2023-02-07 09:13:26.770  INFO--[25-main           ] [                                        ]o.s.s.c.ThreadPoolTaskExecutor :Initializing ExecutorService 'asyncExecutor'
2023-02-07 09:13:26.770  INFO--[25-main           ] [                                        ]o.s.s.c.ThreadPoolTaskExecutor :Initializing ExecutorService
2023-02-07 09:13:26.770  INFO--[25-main           ] [                                        ]o.s.s.c.ThreadPoolTaskExecutor :Initializing ExecutorService 'asyncExecutorNotification'
2023-02-07 09:13:26.771  INFO--[25-main           ] [                                        ]o.s.s.c.ThreadPoolTaskExecutor :Initializing ExecutorService
2023-02-07 09:13:26.771  INFO--[25-main           ] [                                        ]o.s.s.c.ThreadPoolTaskExecutor :Initializing ExecutorService 'asyncLogsExecutor'
2023-02-07 09:13:28.905  INFO--[25-main           ] [                                        ]o.s.i.e.EventDrivenConsumer    :Adding {logging-channel-adapter:_org.springframework.integration.errorLogger} as a subscriber to the 'errorChannel' channel
2023-02-07 09:13:28.905  INFO--[25-main           ] [                                        ].s.i.c.PublishSubscribeChannel :Channel 'application.errorChannel' has 1 subscriber(s).
2023-02-07 09:13:28.905  INFO--[25-main           ] [                                        ]o.s.i.e.EventDrivenConsumer    :started bean '_org.springframework.integration.errorLogger'
2023-02-07 09:13:28.905  INFO--[25-main           ] [                                        ]o.s.i.e.EventDrivenConsumer    :Adding {message-handler:pubSubConfig.messageSenderCmvRatting.serviceActivator} as a subscriber to the 'pubsubCmvRattingChannel' channel
2023-02-07 09:13:28.905  INFO--[25-main           ] [                                        ]o.s.i.c.DirectChannel          :Channel 'application.pubsubCmvRattingChannel' has 1 subscriber(s).
2023-02-07 09:13:28.905  INFO--[25-main           ] [                                        ]o.s.i.e.EventDrivenConsumer    :started bean 'pubSubConfig.messageSenderCmvRatting.serviceActivator'
2023-02-07 09:13:28.905  INFO--[25-main           ] [                                        ]o.s.i.e.EventDrivenConsumer    :Adding {message-handler:pubSubConfig.messageSenderLog.serviceActivator} as a subscriber to the 'pubsubLogChannel' channel
2023-02-07 09:13:28.905  INFO--[25-main           ] [                                        ]o.s.i.c.DirectChannel          :Channel 'application.pubsubLogChannel' has 1 subscriber(s).
2023-02-07 09:13:28.905  INFO--[25-main           ] [                                        ]o.s.i.e.EventDrivenConsumer    :started bean 'pubSubConfig.messageSenderLog.serviceActivator'
2023-02-07 09:13:28.905  INFO--[25-main           ] [                                        ]ryBean$MethodInvocationGateway :started bean 'pubSubConfig$PubsubCmvRattingOutboundGateway'
2023-02-07 09:13:28.906  INFO--[25-main           ] [                                        ].s.i.g.GatewayProxyFactoryBean :started bean 'pubSubConfig$PubsubCmvRattingOutboundGateway'
2023-02-07 09:13:28.906  INFO--[25-main           ] [                                        ]ryBean$MethodInvocationGateway :started bean 'pubSubConfig$PubsubLogOutboundGateway'
2023-02-07 09:13:28.906  INFO--[25-main           ] [                                        ].s.i.g.GatewayProxyFactoryBean :started bean 'pubSubConfig$PubsubLogOutboundGateway'
2023-02-07 09:13:28.906  INFO--[25-main           ] [                                        ]o.a.c.h.Http11NioProtocol      :Starting ProtocolHandler ["http-nio-8083"]
2023-02-07 09:13:28.918  INFO--[25-main           ] [                                        ]o.s.b.w.e.t.TomcatWebServer    :Tomcat started on port(s): 8083 (http) with context path ''
2023-02-07 09:13:28.991  INFO--[25-main           ] [                                        ]o.s.b.w.e.t.TomcatWebServer    :Tomcat initialized with port(s): 8090 (http)
2023-02-07 09:13:28.991  INFO--[25-main           ] [                                        ]o.a.c.h.Http11NioProtocol      :Initializing ProtocolHandler ["http-nio-8090"]
2023-02-07 09:13:28.991  INFO--[25-main           ] [                                        ]o.a.c.c.StandardService        :Starting service [Tomcat]
2023-02-07 09:13:28.991  INFO--[25-main           ] [                                        ]o.a.c.c.StandardEngine         :Starting Servlet engine: [Apache Tomcat/9.0.46]
2023-02-07 09:13:29.031  INFO--[25-main           ] [                                        ]o.a.c.c.C.[.[.[/]              :Initializing Spring embedded WebApplicationContext
2023-02-07 09:13:29.031  INFO--[25-main           ] [                                        ]letWebServerApplicationContext :Root WebApplicationContext: initialization completed in 110 ms
2023-02-07 09:13:29.042  INFO--[25-main           ] [                                        ].b.a.e.w.EndpointLinksResolver :Exposing 2 endpoint(s) beneath base path '/actuator'
2023-02-07 09:13:29.659  INFO--[25-main           ] [                                        ]o.a.c.h.Http11NioProtocol      :Starting ProtocolHandler ["http-nio-8090"]
2023-02-07 09:13:29.662  INFO--[25-main           ] [                                        ]o.s.b.w.e.t.TomcatWebServer    :Tomcat started on port(s): 8090 (http) with context path ''
2023-02-07 09:13:29.696  INFO--[25-main           ] [                                        ]a.c.m.MbeeliveApplication      :Started MbeeliveApplication in 19.477 seconds (JVM running for 21.206)
2023-02-07 09:13:29.702  INFO--[25-main           ] [                                        ]a.c.m.c.CmvSchedule            :start getFirstAccessToken
2023-02-07 09:13:29.702  INFO--[25-main           ] [                                        ]a.c.m.c.CmvRestClient          :getAccessToken with no auth!!!
2023-02-07 09:13:29.957  INFO--[25-)-192.168.8.100] [                                        ]o.a.c.c.C.[.[.[/]              :Initializing Spring DispatcherServlet 'dispatcherServlet'
2023-02-07 09:13:29.957  INFO--[25-)-192.168.8.100] [                                        ]o.s.w.s.DispatcherServlet      :Initializing Servlet 'dispatcherServlet'
2023-02-07 09:13:29.998  INFO--[25-)-192.168.8.100] [                                        ]o.s.w.s.DispatcherServlet      :Completed initialization in 41 ms
2023-02-07 09:13:30.036  INFO--[25-main           ] [                                        ]omClientHttpRequestInterceptor :RestTemplate request logging: URI: https://api-public.mbbank.com.vn/ms-cmv-service-auth/v1.0/login Method: POST Headers: {Accept=[text/plain, application/xml, text/xml, application/json, application/*+xml, application/*+json, */*], Content-Type=[application/json], clientMessageId=[LandStock], Content-Length=[49]} Body: {"username":"cmv_squad9","password":"cmv_squad9"}
2023-02-07 09:13:30.448  INFO--[25-main           ] [                                        ]omClientHttpRequestInterceptor :RestTemplate response logging: URI: https://api-public.mbbank.com.vn/ms-cmv-service-auth/v1.0/login Method: POST Status code: 200 OK Headers: {Date=[Tue, 07 Feb 2023 02:12:25 GMT], Content-Type=[application/json;charset=UTF-8], Transfer-Encoding=[chunked], Connection=[keep-alive], vary=[Origin,Access-Control-Request-Method,Access-Control-Request-Headers], cache-control=[no-store], pragma=[no-cache], x-envoy-upstream-service-time=[43], Server=[istio-envoy], x-envoy-decorator-operation=[ms001-service-cmv-auth-service.prod-cmv.svc.cluster.local:9129/*], Set-Cookie=[BIGipServerk8s_cmv_api_auth_pool_9129=3508273418.43299.0000; path=/; Httponly; Secure, BIGipServerapiGee_dmz_in_pool=3910926602.47873.0000; path=/; Httponly; Secure, MBAnalyticsaaaaaaaaaaaaaaaa_session_=LBLBIEEHGJNEGDIPJDJILBOLONHBHNDIHEIDBKOCEFBFOEBFHPELPDDMJLLOOMKEBDFDDGBKODPFHDEKOPPANFDLDLCMDLNJLNMMHKPLAAAOEBPAPHKOLOKEKGDICNKF; HttpOnly; secure]} Body: {"access_token":"eyJhbGciOiJIUzI1NiIsInR5cCI6IkpXVCJ9.eyJleHAiOjE2NzU3NzkxNDUsInVzZXJfbmFtZSI6IntcImlkXCI6Mjk1ODUsXCJicmFuY2hJZFwiOjEsXCJ1c2VybmFtZVwiOlwiY212X3NxdWFkOVwiLFwidXNlckNvZGVcIjpcImNtdl9zcXVhZDlcIixcImZ1bGxOYW1lXCI6XCJjbXZfc3F1YWQ5XCIsXCJlbWFpbFwiOlwiY212c3F1YWQ5QG1iYmFuay5jb20udm5cIixcImJyYW5jaENvZGVcIjpcIm51bGxcIixcImV4cGlyZUF0XCI6MTY3NTczNTk4OTAzMixcInRva2VuVHlwZVwiOlwiQUNDRVNTX1RPS0VOXCIsXCJjbGllbnRJZFwiOlwiY212LWNsaWVudC1pZFwiLFwic2NvcGVzXCI6W1wiTUIjVklFV1wiLFwiTUJDViNNT0RJRllcIi
2023-02-07 09:13:30.718  INFO--[25-main           ] [                                        ]a.c.m.c.CmvSchedule            :end getFirstAccessToken
2023-02-07 09:14:51.113 DEBUG--[25-nio-8083-exec-3] [                                        ].c.m.s.JwtAuthenticationFilter :LOGIN SUCCESSFULLY!
2023-02-07 09:14:51.143 DEBUG--[25-nio-8083-exec-3] [                                        ]a.c.m.l.LoggingService         :REQUEST BODY:X-Request-ID=160b0d39-9052-4e44-90c6-6e8500538704 | {"projectId":188,"isFav":false}
2023-02-07 09:14:51.189 DEBUG--[25-ynchLogThread-1] [                                        ]o.s.d.m.c.MongoTemplate        :Calling update using query: { "requestId" : "160b0d39-9052-4e44-90c6-6e8500538704"} and update: { "$set" : { "requestBody" : { "projectId" : 188, "isFav" : false, "_class" : "ati.com.mbeelive.dto.input.UserFavProjectInput"}, "session" : "2a2c06e2a65fdbbb4d2649d2315ce8d71aa3bb39d73be671cb384afde48be40137ea726df3ca894004e930f7579ff28049a5487c828dadcef9c641f2aaa80f43"}} in collection: logs
2023-02-07 09:14:52.169 DEBUG--[25-nio-8083-exec-3] [                                        ]a.c.m.l.LoggingService         :RESPONSE:X-Request-ID=160b0d39-9052-4e44-90c6-6e8500538704 | {"responseCode":200,"during":"1255 ms","httpPath":"/api/customer/v1/favProject","clientIp":"0:0:0:0:0:0:0:1","localIp":"0:0:0:0:0:0:0:1","headers":{"authorization":"\u003c\u003cNot log authorization record\u003e\u003e","content-length":"40","postman-token":"5db159b9-82cd-4db8-a990-c3c99903eafc","host":"localhost:8083","content-type":"application/json","connection":"keep-alive","accept-encoding":"gzip, deflate, br","accept":"application/json","user-agent":"PostmanRuntime/7.30.0"},"body":"{\"message\":\"OK\",\"code\":200,\"data\":true,\"timestamp\":{\"date\":{\"year\":2023,\"month\":2,\"day\":7},\"time\":{\"hour\":9,\"minute\":14,\"second\":51,\"nano\":171488000}}}"}
2023-02-07 09:14:58.110 DEBUG--[25-nio-8083-exec-3] [                                        ]a.c.m.l.LoggingService         :REQUEST:X-Request-ID=160b0d39-9052-4e44-90c6-6e8500538704 | {"httpMethod":"POST","httpPath":"/api/customer/v1/favProject","clientIp":"0:0:0:0:0:0:0:1","localIp":"0:0:0:0:0:0:0:1","headers":{"authorization":"\u003c\u003cNot log authorization record\u003e\u003e","content-length":"40","postman-token":"5db159b9-82cd-4db8-a990-c3c99903eafc","host":"localhost:8083","content-type":"application/json","connection":"keep-alive","accept-encoding":"gzip, deflate, br","accept":"application/json","user-agent":"PostmanRuntime/7.30.0"},"parameters":{}}
2023-02-07 09:14:58.116 DEBUG--[25-nio-8083-exec-3] [                                        ]a.c.m.l.LoggingService         :Test here {
  "projectId": 188,
  "isFav": false
}
2023-02-07 09:14:59.480 DEBUG--[25-ynchLogThread-2] [                                        ]o.s.d.m.c.MongoTemplate        :Saving Document containing fields: [createdAt, userId, cif, path, requestId, requestObject, requestBody, session, _class]
2023-02-07 09:15:01.183 DEBUG--[25-bsub-publisher2] [                                        ]a.c.m.c.PubSubConfig           :GCP Pubsub Log send success ackId = 6920337091134810
2023-02-07 09:15:29.527 DEBUG--[25-nio-8083-exec-2] [                                        ].c.m.s.JwtAuthenticationFilter :LOGIN SUCCESSFULLY!
2023-02-07 09:15:29.529 DEBUG--[25-nio-8083-exec-2] [                                        ]a.c.m.l.LoggingService         :REQUEST BODY:X-Request-ID=6010ce93-cdfa-468e-8bc7-1b589d9580e8 | {"projectId":188,"isFav":false}
2023-02-07 09:15:29.532 DEBUG--[25-ynchLogThread-3] [                                        ]o.s.d.m.c.MongoTemplate        :Calling update using query: { "requestId" : "6010ce93-cdfa-468e-8bc7-1b589d9580e8"} and update: { "$set" : { "requestBody" : { "projectId" : 188, "isFav" : false, "_class" : "ati.com.mbeelive.dto.input.UserFavProjectInput"}, "session" : "2a2c06e2a65fdbbb4d2649d2315ce8d71aa3bb39d73be671cb384afde48be40137ea726df3ca894004e930f7579ff28049a5487c828dadcef9c641f2aaa80f43"}} in collection: logs
2023-02-07 09:15:30.416 DEBUG--[25-nio-8083-exec-2] [                                        ]a.c.m.l.LoggingService         :RESPONSE:X-Request-ID=6010ce93-cdfa-468e-8bc7-1b589d9580e8 | {"responseCode":200,"during":"892 ms","httpPath":"/api/customer/v1/favProject","clientIp":"0:0:0:0:0:0:0:1","localIp":"0:0:0:0:0:0:0:1","headers":{"authorization":"\u003c\u003cNot log authorization record\u003e\u003e","content-length":"40","postman-token":"07006eeb-e1d3-4619-9b3e-0163e8ace07b","host":"localhost:8083","content-type":"application/json","connection":"keep-alive","accept-encoding":"gzip, deflate, br","accept":"application/json","user-agent":"PostmanRuntime/7.30.0"},"body":"{\"message\":\"OK\",\"code\":200,\"data\":true,\"timestamp\":{\"date\":{\"year\":2023,\"month\":2,\"day\":7},\"time\":{\"hour\":9,\"minute\":15,\"second\":29,\"nano\":531127800}}}"}
2023-02-07 09:15:30.421 DEBUG--[25-nio-8083-exec-2] [                                        ]a.c.m.l.LoggingService         :REQUEST:X-Request-ID=6010ce93-cdfa-468e-8bc7-1b589d9580e8 | {"httpMethod":"POST","httpPath":"/api/customer/v1/favProject","clientIp":"0:0:0:0:0:0:0:1","localIp":"0:0:0:0:0:0:0:1","headers":{"authorization":"\u003c\u003cNot log authorization record\u003e\u003e","content-length":"40","postman-token":"07006eeb-e1d3-4619-9b3e-0163e8ace07b","host":"localhost:8083","content-type":"application/json","connection":"keep-alive","accept-encoding":"gzip, deflate, br","accept":"application/json","user-agent":"PostmanRuntime/7.30.0"},"parameters":{}}
2023-02-07 09:15:30.422 DEBUG--[25-nio-8083-exec-2] [                                        ]a.c.m.l.LoggingService         :Test here {
  "projectId": 188,
  "isFav": false
}
2023-02-07 09:15:30.439 DEBUG--[25-ynchLogThread-4] [                                        ]o.s.d.m.c.MongoTemplate        :Saving Document containing fields: [createdAt, userId, cif, path, requestId, requestObject, requestBody, session, _class]
2023-02-07 09:15:30.723 DEBUG--[25-bsub-publisher3] [                                        ]a.c.m.c.PubSubConfig           :GCP Pubsub Log send success ackId = 6920273590577546
2023-02-07 09:30:45.673 DEBUG--[25-nio-8083-exec-5] [                                        ].c.m.s.JwtAuthenticationFilter :LOGIN SUCCESSFULLY!
2023-02-07 09:30:45.675 DEBUG--[25-nio-8083-exec-5] [                                        ]a.c.m.l.LoggingService         :REQUEST BODY:X-Request-ID=b93bf28f-32d2-4c39-926f-1f78d44de3ec | {"projectId":188,"isFav":true}
2023-02-07 09:30:45.677 DEBUG--[25-ynchLogThread-5] [                                        ]o.s.d.m.c.MongoTemplate        :Calling update using query: { "requestId" : "b93bf28f-32d2-4c39-926f-1f78d44de3ec"} and update: { "$set" : { "requestBody" : { "projectId" : 188, "isFav" : true, "_class" : "ati.com.mbeelive.dto.input.UserFavProjectInput"}, "session" : "2a2c06e2a65fdbbb4d2649d2315ce8d71aa3bb39d73be671cb384afde48be40137ea726df3ca894004e930f7579ff28049a5487c828dadcef9c641f2aaa80f43"}} in collection: logs
2023-02-07 09:30:45.682  WARN--[25-ynchLogThread-5] [                                        ]o.m.d.connection               :Got socket exception on connection [connectionId{localValue:4, serverValue:34356}] to lab-uat-shard-00-02.ojso0.mongodb.net:27017. All connections to lab-uat-shard-00-02.ojso0.mongodb.net:27017 will be closed.
2023-02-07 09:30:45.685  INFO--[25-ynchLogThread-5] [                                        ]o.m.d.connection               :Closed connection [connectionId{localValue:4, serverValue:34356}] to lab-uat-shard-00-02.ojso0.mongodb.net:27017 because there was a socket exception raised by this connection.
2023-02-07 09:30:45.686  WARN--[25-nio-8083-exec-5] [                                        ]c.z.h.p.PoolBase               :HikariPool-1 - Failed to validate connection com.mysql.cj.jdbc.ConnectionImpl@95450e0 (No operations allowed after connection closed.). Possibly consider using a shorter maxLifetime value.
2023-02-07 09:30:45.689  WARN--[25-nio-8083-exec-5] [                                        ]c.z.h.p.PoolBase               :HikariPool-1 - Failed to validate connection com.mysql.cj.jdbc.ConnectionImpl@2b9c798c (No operations allowed after connection closed.). Possibly consider using a shorter maxLifetime value.
2023-02-07 09:30:45.691  WARN--[25-nio-8083-exec-5] [                                        ]c.z.h.p.PoolBase               :HikariPool-1 - Failed to validate connection com.mysql.cj.jdbc.ConnectionImpl@e4ff4f (No operations allowed after connection closed.). Possibly consider using a shorter maxLifetime value.
2023-02-07 09:30:45.692  WARN--[25-nio-8083-exec-5] [                                        ]c.z.h.p.PoolBase               :HikariPool-1 - Failed to validate connection com.mysql.cj.jdbc.ConnectionImpl@55fe5f8d (No operations allowed after connection closed.). Possibly consider using a shorter maxLifetime value.
2023-02-07 09:30:45.695  WARN--[25-nio-8083-exec-5] [                                        ]c.z.h.p.PoolBase               :HikariPool-1 - Failed to validate connection com.mysql.cj.jdbc.ConnectionImpl@292b0784 (No operations allowed after connection closed.). Possibly consider using a shorter maxLifetime value.
2023-02-07 09:30:45.697  WARN--[25-nio-8083-exec-5] [                                        ]c.z.h.p.PoolBase               :HikariPool-1 - Failed to validate connection com.mysql.cj.jdbc.ConnectionImpl@61b35b34 (No operations allowed after connection closed.). Possibly consider using a shorter maxLifetime value.
2023-02-07 09:30:45.699  WARN--[25-nio-8083-exec-5] [                                        ]c.z.h.p.PoolBase               :HikariPool-1 - Failed to validate connection com.mysql.cj.jdbc.ConnectionImpl@460aceca (No operations allowed after connection closed.). Possibly consider using a shorter maxLifetime value.
2023-02-07 09:30:45.699 ERROR--[25-ynchLogThread-5] [                                        ]a.c.m.a.LogAsyn                :Exception sending message; nested exception is com.mongodb.MongoSocketWriteException: Exception sending message
2023-02-07 09:30:45.700  WARN--[25-nio-8083-exec-5] [                                        ]c.z.h.p.PoolBase               :HikariPool-1 - Failed to validate connection com.mysql.cj.jdbc.ConnectionImpl@612fe3b1 (No operations allowed after connection closed.). Possibly consider using a shorter maxLifetime value.
2023-02-07 09:30:45.701  WARN--[25-nio-8083-exec-5] [                                        ]c.z.h.p.PoolBase               :HikariPool-1 - Failed to validate connection com.mysql.cj.jdbc.ConnectionImpl@10c9cf37 (No operations allowed after connection closed.). Possibly consider using a shorter maxLifetime value.
2023-02-07 09:30:45.703  WARN--[25-nio-8083-exec-5] [                                        ]c.z.h.p.PoolBase               :HikariPool-1 - Failed to validate connection com.mysql.cj.jdbc.ConnectionImpl@6b585ce1 (No operations allowed after connection closed.). Possibly consider using a shorter maxLifetime value.
2023-02-07 09:30:45.779  INFO--[25-ngodb.net:27017] [                                        ]o.m.d.cluster                  :Discovered replica set primary lab-uat-shard-00-02.ojso0.mongodb.net:27017
2023-02-07 09:30:48.985 DEBUG--[25-nio-8083-exec-5] [                                        ]a.c.m.l.LoggingService         :RESPONSE:X-Request-ID=b93bf28f-32d2-4c39-926f-1f78d44de3ec | {"responseCode":200,"during":"3314 ms","httpPath":"/api/customer/v1/favProject","clientIp":"0:0:0:0:0:0:0:1","localIp":"0:0:0:0:0:0:0:1","headers":{"authorization":"\u003c\u003cNot log authorization record\u003e\u003e","content-length":"39","postman-token":"66741c8e-b6b7-44a5-acff-64670987df5a","host":"localhost:8083","content-type":"application/json","connection":"keep-alive","accept-encoding":"gzip, deflate, br","accept":"application/json","user-agent":"PostmanRuntime/7.30.0"},"body":"{\"message\":\"OK\",\"code\":200,\"data\":true,\"timestamp\":{\"date\":{\"year\":2023,\"month\":2,\"day\":7},\"time\":{\"hour\":9,\"minute\":30,\"second\":45,\"nano\":676225400}}}"}
2023-02-07 09:30:48.987 DEBUG--[25-nio-8083-exec-5] [                                        ]a.c.m.l.LoggingService         :REQUEST:X-Request-ID=b93bf28f-32d2-4c39-926f-1f78d44de3ec | {"httpMethod":"POST","httpPath":"/api/customer/v1/favProject","clientIp":"0:0:0:0:0:0:0:1","localIp":"0:0:0:0:0:0:0:1","headers":{"authorization":"\u003c\u003cNot log authorization record\u003e\u003e","content-length":"39","postman-token":"66741c8e-b6b7-44a5-acff-64670987df5a","host":"localhost:8083","content-type":"application/json","connection":"keep-alive","accept-encoding":"gzip, deflate, br","accept":"application/json","user-agent":"PostmanRuntime/7.30.0"},"parameters":{}}
2023-02-07 09:30:48.987 DEBUG--[25-nio-8083-exec-5] [                                        ]a.c.m.l.LoggingService         :Test here {
  "projectId": 188,
  "isFav": true
}
2023-02-07 09:30:48.992 DEBUG--[25-ynchLogThread-6] [                                        ]o.s.d.m.c.MongoTemplate        :Saving Document containing fields: [createdAt, userId, cif, path, requestId, requestObject, requestBody, session, _class]
2023-02-07 09:30:49.526 DEBUG--[25-bsub-publisher4] [                                        ]a.c.m.c.PubSubConfig           :GCP Pubsub Log send success ackId = 6920407998278750
2023-02-07 09:30:49.845  INFO--[25-ynchLogThread-6] [                                        ]o.m.d.connection               :Opened connection [connectionId{localValue:5, serverValue:34433}] to lab-uat-shard-00-02.ojso0.mongodb.net:27017
2023-02-07 09:31:08.485 DEBUG--[25-nio-8083-exec-7] [                                        ].c.m.s.JwtAuthenticationFilter :LOGIN SUCCESSFULLY!
2023-02-07 09:31:08.487 DEBUG--[25-nio-8083-exec-7] [                                        ]a.c.m.l.LoggingService         :REQUEST BODY:X-Request-ID=33402806-59bb-4640-8af6-6696f57cac47 | {"projectId":188,"isFav":true}
2023-02-07 09:31:08.490 DEBUG--[25-ynchLogThread-7] [                                        ]o.s.d.m.c.MongoTemplate        :Calling update using query: { "requestId" : "33402806-59bb-4640-8af6-6696f57cac47"} and update: { "$set" : { "requestBody" : { "projectId" : 188, "isFav" : true, "_class" : "ati.com.mbeelive.dto.input.UserFavProjectInput"}, "session" : "2a2c06e2a65fdbbb4d2649d2315ce8d71aa3bb39d73be671cb384afde48be40137ea726df3ca894004e930f7579ff28049a5487c828dadcef9c641f2aaa80f43"}} in collection: logs
2023-02-07 09:31:09.625 DEBUG--[25-nio-8083-exec-7] [                                        ]a.c.m.l.LoggingService         :RESPONSE:X-Request-ID=33402806-59bb-4640-8af6-6696f57cac47 | {"responseCode":200,"during":"1145 ms","httpPath":"/api/customer/v1/favProject","clientIp":"0:0:0:0:0:0:0:1","localIp":"0:0:0:0:0:0:0:1","headers":{"authorization":"\u003c\u003cNot log authorization record\u003e\u003e","content-length":"39","postman-token":"2f6b6302-3513-4364-b06f-fe4effc933a2","host":"localhost:8083","content-type":"application/json","connection":"keep-alive","accept-encoding":"gzip, deflate, br","accept":"application/json","user-agent":"PostmanRuntime/7.30.0"},"body":"{\"message\":\"OK\",\"code\":200,\"data\":true,\"timestamp\":{\"date\":{\"year\":2023,\"month\":2,\"day\":7},\"time\":{\"hour\":9,\"minute\":31,\"second\":8,\"nano\":488244200}}}"}
2023-02-07 09:31:09.628 DEBUG--[25-nio-8083-exec-7] [                                        ]a.c.m.l.LoggingService         :REQUEST:X-Request-ID=33402806-59bb-4640-8af6-6696f57cac47 | {"httpMethod":"POST","httpPath":"/api/customer/v1/favProject","clientIp":"0:0:0:0:0:0:0:1","localIp":"0:0:0:0:0:0:0:1","headers":{"authorization":"\u003c\u003cNot log authorization record\u003e\u003e","content-length":"39","postman-token":"2f6b6302-3513-4364-b06f-fe4effc933a2","host":"localhost:8083","content-type":"application/json","connection":"keep-alive","accept-encoding":"gzip, deflate, br","accept":"application/json","user-agent":"PostmanRuntime/7.30.0"},"parameters":{}}
2023-02-07 09:31:09.629 DEBUG--[25-nio-8083-exec-7] [                                        ]a.c.m.l.LoggingService         :Test here {
  "projectId": 188,
  "isFav": true
}
2023-02-07 09:31:09.632 DEBUG--[25-ynchLogThread-8] [                                        ]o.s.d.m.c.MongoTemplate        :Saving Document containing fields: [createdAt, userId, cif, path, requestId, requestObject, requestBody, session, _class]
2023-02-07 09:31:09.741 DEBUG--[25-bsub-publisher1] [                                        ]a.c.m.c.PubSubConfig           :GCP Pubsub Log send success ackId = 6920382557682974
2023-02-07 09:31:46.752  INFO--[25-extShutdownHook] [                                        ]ryBean$MethodInvocationGateway :stopped bean 'pubSubConfig$PubsubCmvRattingOutboundGateway'
2023-02-07 09:31:46.752  INFO--[25-extShutdownHook] [                                        ].s.i.g.GatewayProxyFactoryBean :stopped bean 'pubSubConfig$PubsubCmvRattingOutboundGateway'
2023-02-07 09:31:46.752  INFO--[25-extShutdownHook] [                                        ]ryBean$MethodInvocationGateway :stopped bean 'pubSubConfig$PubsubLogOutboundGateway'
2023-02-07 09:31:46.752  INFO--[25-extShutdownHook] [                                        ].s.i.g.GatewayProxyFactoryBean :stopped bean 'pubSubConfig$PubsubLogOutboundGateway'
2023-02-07 09:31:46.752  INFO--[25-extShutdownHook] [                                        ]o.s.i.e.EventDrivenConsumer    :Removing {logging-channel-adapter:_org.springframework.integration.errorLogger} as a subscriber to the 'errorChannel' channel
2023-02-07 09:31:46.753  INFO--[25-extShutdownHook] [                                        ].s.i.c.PublishSubscribeChannel :Channel 'application.errorChannel' has 0 subscriber(s).
2023-02-07 09:31:46.753  INFO--[25-extShutdownHook] [                                        ]o.s.i.e.EventDrivenConsumer    :stopped bean '_org.springframework.integration.errorLogger'
2023-02-07 09:31:46.753  INFO--[25-extShutdownHook] [                                        ]o.s.i.e.EventDrivenConsumer    :Removing {message-handler:pubSubConfig.messageSenderCmvRatting.serviceActivator} as a subscriber to the 'pubsubCmvRattingChannel' channel
2023-02-07 09:31:46.753  INFO--[25-extShutdownHook] [                                        ]o.s.i.c.DirectChannel          :Channel 'application.pubsubCmvRattingChannel' has 0 subscriber(s).
2023-02-07 09:31:46.753  INFO--[25-extShutdownHook] [                                        ]o.s.i.e.EventDrivenConsumer    :stopped bean 'pubSubConfig.messageSenderCmvRatting.serviceActivator'
2023-02-07 09:31:46.753  INFO--[25-extShutdownHook] [                                        ]o.s.i.e.EventDrivenConsumer    :Removing {message-handler:pubSubConfig.messageSenderLog.serviceActivator} as a subscriber to the 'pubsubLogChannel' channel
2023-02-07 09:31:46.753  INFO--[25-extShutdownHook] [                                        ]o.s.i.c.DirectChannel          :Channel 'application.pubsubLogChannel' has 0 subscriber(s).
2023-02-07 09:31:46.753  INFO--[25-extShutdownHook] [                                        ]o.s.i.e.EventDrivenConsumer    :stopped bean 'pubSubConfig.messageSenderLog.serviceActivator'
2023-02-07 09:31:46.762  INFO--[25-extShutdownHook] [                                        ]o.s.s.c.ThreadPoolTaskExecutor :Shutting down ExecutorService 'asyncLogsExecutor'
2023-02-07 09:31:46.763  INFO--[25-extShutdownHook] [                                        ]o.s.s.c.ThreadPoolTaskExecutor :Shutting down ExecutorService 'asyncExecutorNotification'
2023-02-07 09:31:46.763  INFO--[25-extShutdownHook] [                                        ]o.s.s.c.ThreadPoolTaskExecutor :Shutting down ExecutorService 'asyncExecutor'
2023-02-07 09:31:46.764  INFO--[25-extShutdownHook] [                                        ]o.s.s.c.ThreadPoolTaskExecutor :Shutting down ExecutorService 'pubSubAcknowledgementExecutor'
2023-02-07 09:31:46.765  INFO--[25-extShutdownHook] [                                        ].s.s.c.ThreadPoolTaskScheduler :Shutting down ExecutorService 'pubsubPublisherThreadPool'
2023-02-07 09:31:46.766  INFO--[25-extShutdownHook] [                                        ]o.s.s.c.ThreadPoolTaskExecutor :Shutting down ExecutorService 'threadPoolTaskExecutor'
2023-02-07 09:31:46.953  INFO--[25-extShutdownHook] [                                        ].s.s.c.ThreadPoolTaskScheduler :Shutting down ExecutorService 'taskScheduler'
2023-02-07 09:31:46.966  INFO--[25-extShutdownHook] [                                        ]tainerEntityManagerFactoryBean :Closing JPA EntityManagerFactory for persistence unit 'default'
2023-02-07 09:31:46.969  INFO--[25-extShutdownHook] [                                        ]c.z.h.HikariDataSource         :HikariPool-1 - Shutdown initiated...
2023-02-07 09:31:46.974  INFO--[25-extShutdownHook] [                                        ]c.z.h.HikariDataSource         :HikariPool-1 - Shutdown completed.
2023-02-07 09:31:47.107  INFO--[25-extShutdownHook] [                                        ]o.m.d.connection               :Closed connection [connectionId{localValue:5, serverValue:34433}] to lab-uat-shard-00-02.ojso0.mongodb.net:27017 because the pool has been closed.
