2023-02-22 10:37:49.385  INFO--[25-kground-preinit] [                                        ]o.h.v.i.u.Version              :HV000001: Hibernate Validator 6.1.7.Final
2023-02-22 10:37:49.420  INFO--[25-main           ] [                                        ]a.c.m.MbeeliveApplication      :Starting MbeeliveApplication on DESKTOP-GSNRLR9 with PID 8108 (C:\Work\MbLandStock\landstock-app-be\target\classes started by Thanh Thuc in C:\Work\MbLandStock\landstock-app-be)
2023-02-22 10:37:49.422 DEBUG--[25-main           ] [                                        ]a.c.m.MbeeliveApplication      :Running with Spring Boot v2.3.12.RELEASE, Spring v5.2.15.RELEASE
2023-02-22 10:37:49.423  INFO--[25-main           ] [                                        ]a.c.m.MbeeliveApplication      :No active profile set, falling back to default profiles: default
2023-02-22 10:37:50.596  INFO--[25-main           ] [                                        ]epositoryConfigurationDelegate :Multiple Spring Data modules found, entering strict repository configuration mode!
2023-02-22 10:37:50.598  INFO--[25-main           ] [                                        ]epositoryConfigurationDelegate :Bootstrapping Spring Data JPA repositories in DEFAULT mode.
2023-02-22 10:37:50.816  INFO--[25-main           ] [                                        ]epositoryConfigurationDelegate :Finished Spring Data repository scanning in 213ms. Found 37 JPA repository interfaces.
2023-02-22 10:37:50.817  INFO--[25-main           ] [                                        ]epositoryConfigurationDelegate :Multiple Spring Data modules found, entering strict repository configuration mode!
2023-02-22 10:37:50.817  INFO--[25-main           ] [                                        ]epositoryConfigurationDelegate :Bootstrapping Spring Data MongoDB repositories in DEFAULT mode.
2023-02-22 10:37:50.827  INFO--[25-main           ] [                                        ]epositoryConfigurationDelegate :Finished Spring Data repository scanning in 9ms. Found 1 MongoDB repository interfaces.
2023-02-22 10:37:51.553  INFO--[25-main           ] [                                        ]guringBeanFactoryPostProcessor :No bean named 'errorChannel' has been explicitly defined. Therefore, a default PublishSubscribeChannel will be created.
2023-02-22 10:37:51.560  INFO--[25-main           ] [                                        ]guringBeanFactoryPostProcessor :No bean named 'taskScheduler' has been explicitly defined. Therefore, a default ThreadPoolTaskScheduler will be created.
2023-02-22 10:37:51.565  INFO--[25-main           ] [                                        ]guringBeanFactoryPostProcessor :No bean named 'integrationHeaderChannelRegistry' has been explicitly defined. Therefore, a default DefaultHeaderChannelRegistry will be created.
2023-02-22 10:37:51.815  INFO--[25-main           ] [                                        ]egate$BeanPostProcessorChecker :Bean 'org.springframework.integration.config.IntegrationManagementConfiguration' of type [org.springframework.integration.config.IntegrationManagementConfiguration] is not eligible for getting processed by all BeanPostProcessors (for example: not eligible for auto-proxying)
2023-02-22 10:37:51.824  INFO--[25-main           ] [                                        ]egate$BeanPostProcessorChecker :Bean 'integrationChannelResolver' of type [org.springframework.integration.support.channel.BeanFactoryChannelResolver] is not eligible for getting processed by all BeanPostProcessors (for example: not eligible for auto-proxying)
2023-02-22 10:37:51.827  INFO--[25-main           ] [                                        ]egate$BeanPostProcessorChecker :Bean 'integrationDisposableAutoCreatedBeans' of type [org.springframework.integration.config.annotation.Disposables] is not eligible for getting processed by all BeanPostProcessors (for example: not eligible for auto-proxying)
2023-02-22 10:37:52.064  INFO--[25-main           ] [                                        ]o.s.b.w.e.t.TomcatWebServer    :Tomcat initialized with port(s): 8083 (http)
2023-02-22 10:37:52.071  INFO--[25-main           ] [                                        ]o.a.c.h.Http11NioProtocol      :Initializing ProtocolHandler ["http-nio-8083"]
2023-02-22 10:37:52.071  INFO--[25-main           ] [                                        ]o.a.c.c.StandardService        :Starting service [Tomcat]
2023-02-22 10:37:52.071  INFO--[25-main           ] [                                        ]o.a.c.c.StandardEngine         :Starting Servlet engine: [Apache Tomcat/9.0.46]
2023-02-22 10:37:52.244  INFO--[25-main           ] [                                        ]o.a.c.c.C.[.[.[/]              :Initializing Spring embedded WebApplicationContext
2023-02-22 10:37:52.244  INFO--[25-main           ] [                                        ]letWebServerApplicationContext :Root WebApplicationContext: initialization completed in 2755 ms
2023-02-22 10:37:52.585  INFO--[25-main           ] [                                        ]o.m.d.cluster                  :Cluster created with settings {hosts=[127.0.0.1:27017], srvHost=lab-uat.ojso0.mongodb.net, mode=MULTIPLE, requiredClusterType=REPLICA_SET, serverSelectionTimeout='30000 ms', requiredReplicaSetName='atlas-gx6iy8-shard-0'}
2023-02-22 10:37:52.785  INFO--[25-so0.mongodb.net] [                                        ]o.m.d.cluster                  :Adding discovered server lab-uat-shard-00-00.ojso0.mongodb.net:27017 to client view of cluster
2023-02-22 10:37:52.830  INFO--[25-so0.mongodb.net] [                                        ]o.m.d.cluster                  :Adding discovered server lab-uat-shard-00-01.ojso0.mongodb.net:27017 to client view of cluster
2023-02-22 10:37:52.831  INFO--[25-so0.mongodb.net] [                                        ]o.m.d.cluster                  :Adding discovered server lab-uat-shard-00-02.ojso0.mongodb.net:27017 to client view of cluster
2023-02-22 10:37:53.252  INFO--[25-main           ] [                                        ]o.m.d.cluster                  :No server chosen by com.mongodb.client.internal.MongoClientDelegate$1@437c1a87 from cluster description ClusterDescription{type=REPLICA_SET, connectionMode=MULTIPLE, serverDescriptions=[ServerDescription{address=lab-uat-shard-00-00.ojso0.mongodb.net:27017, type=UNKNOWN, state=CONNECTING}, ServerDescription{address=lab-uat-shard-00-01.ojso0.mongodb.net:27017, type=UNKNOWN, state=CONNECTING}, ServerDescription{address=lab-uat-shard-00-02.ojso0.mongodb.net:27017, type=UNKNOWN, state=CONNECTING}]}. Waiting for 30000 ms before timing out
2023-02-22 10:37:53.708  INFO--[25-ngodb.net:27017] [                                        ]o.m.d.connection               :Opened connection [connectionId{localValue:1, serverValue:27473}] to lab-uat-shard-00-02.ojso0.mongodb.net:27017
2023-02-22 10:37:53.708  INFO--[25-ngodb.net:27017] [                                        ]o.m.d.connection               :Opened connection [connectionId{localValue:3, serverValue:29162}] to lab-uat-shard-00-01.ojso0.mongodb.net:27017
2023-02-22 10:37:53.708  INFO--[25-ngodb.net:27017] [                                        ]o.m.d.connection               :Opened connection [connectionId{localValue:2, serverValue:27657}] to lab-uat-shard-00-00.ojso0.mongodb.net:27017
2023-02-22 10:37:53.818  INFO--[25-ngodb.net:27017] [                                        ]o.m.d.cluster                  :Monitor thread successfully connected to server with description ServerDescription{address=lab-uat-shard-00-01.ojso0.mongodb.net:27017, type=REPLICA_SET_PRIMARY, state=CONNECTED, ok=true, minWireVersion=0, maxWireVersion=17, maxDocumentSize=16777216, logicalSessionTimeoutMinutes=30, roundTripTimeNanos=105174200, setName='atlas-gx6iy8-shard-0', canonicalAddress=lab-uat-shard-00-01.ojso0.mongodb.net:27017, hosts=[lab-uat-shard-00-02.ojso0.mongodb.net:27017, lab-uat-shard-00-01.ojso0.mongodb.net:27017, lab-uat-shard-00-00.ojso0.mongodb.net:27017], passives=[], arbiters=[], primary='lab-uat-shard-00-01.ojso0.mongodb.net:27017', tagSet=TagSet{[Tag{name='nodeType', value='ELECTABLE'}, Tag{name='provider', value='AZURE'}, Tag{name='region', value='ASIA_SOUTH_EAST'}, Tag{name='workloadType', value='OPERATIONAL'}]}, electionId=7fffffff0000000000000006, setVersion=1, lastWriteDate=Wed Feb 22 10:37:49 GMT+07:00 2023, lastUpdateTimeNanos=159164841221700}
2023-02-22 10:37:53.818  INFO--[25-ngodb.net:27017] [                                        ]o.m.d.cluster                  :Monitor thread successfully connected to server with description ServerDescription{address=lab-uat-shard-00-00.ojso0.mongodb.net:27017, type=REPLICA_SET_SECONDARY, state=CONNECTED, ok=true, minWireVersion=0, maxWireVersion=17, maxDocumentSize=16777216, logicalSessionTimeoutMinutes=30, roundTripTimeNanos=109248200, setName='atlas-gx6iy8-shard-0', canonicalAddress=lab-uat-shard-00-00.ojso0.mongodb.net:27017, hosts=[lab-uat-shard-00-02.ojso0.mongodb.net:27017, lab-uat-shard-00-01.ojso0.mongodb.net:27017, lab-uat-shard-00-00.ojso0.mongodb.net:27017], passives=[], arbiters=[], primary='lab-uat-shard-00-01.ojso0.mongodb.net:27017', tagSet=TagSet{[Tag{name='nodeType', value='ELECTABLE'}, Tag{name='provider', value='AZURE'}, Tag{name='region', value='ASIA_SOUTH_EAST'}, Tag{name='workloadType', value='OPERATIONAL'}]}, electionId=null, setVersion=1, lastWriteDate=Wed Feb 22 10:37:49 GMT+07:00 2023, lastUpdateTimeNanos=159164844015000}
2023-02-22 10:37:53.819  INFO--[25-ngodb.net:27017] [                                        ]o.m.d.cluster                  :Monitor thread successfully connected to server with description ServerDescription{address=lab-uat-shard-00-02.ojso0.mongodb.net:27017, type=REPLICA_SET_SECONDARY, state=CONNECTED, ok=true, minWireVersion=0, maxWireVersion=17, maxDocumentSize=16777216, logicalSessionTimeoutMinutes=30, roundTripTimeNanos=110100900, setName='atlas-gx6iy8-shard-0', canonicalAddress=lab-uat-shard-00-02.ojso0.mongodb.net:27017, hosts=[lab-uat-shard-00-02.ojso0.mongodb.net:27017, lab-uat-shard-00-01.ojso0.mongodb.net:27017, lab-uat-shard-00-00.ojso0.mongodb.net:27017], passives=[], arbiters=[], primary='lab-uat-shard-00-01.ojso0.mongodb.net:27017', tagSet=TagSet{[Tag{name='nodeType', value='ELECTABLE'}, Tag{name='provider', value='AZURE'}, Tag{name='region', value='ASIA_SOUTH_EAST'}, Tag{name='workloadType', value='OPERATIONAL'}]}, electionId=null, setVersion=1, lastWriteDate=Wed Feb 22 10:37:49 GMT+07:00 2023, lastUpdateTimeNanos=159164844871700}
2023-02-22 10:37:53.823  INFO--[25-ngodb.net:27017] [                                        ]o.m.d.cluster                  :Setting max election id to 7fffffff0000000000000006 from replica set primary lab-uat-shard-00-01.ojso0.mongodb.net:27017
2023-02-22 10:37:53.823  INFO--[25-ngodb.net:27017] [                                        ]o.m.d.cluster                  :Setting max set version to 1 from replica set primary lab-uat-shard-00-01.ojso0.mongodb.net:27017
2023-02-22 10:37:53.823  INFO--[25-ngodb.net:27017] [                                        ]o.m.d.cluster                  :Discovered replica set primary lab-uat-shard-00-01.ojso0.mongodb.net:27017
2023-02-22 10:37:54.592  INFO--[25-main           ] [                                        ]o.m.d.connection               :Opened connection [connectionId{localValue:4, serverValue:29163}] to lab-uat-shard-00-01.ojso0.mongodb.net:27017
2023-02-22 10:37:54.942  INFO--[25-main           ] [                                        ]oPersistentEntityIndexResolver :Found cycle for field '_id' in type 'PostComment' for path 'lastComment -> lastComment'
2023-02-22 10:37:54.944  INFO--[25-main           ] [                                        ]oPersistentEntityIndexResolver :Found cycle for field 'lastComment' in type 'PostComment' for path 'lastComment -> lastComment'
2023-02-22 10:37:55.394  INFO--[25-main           ] [                                        ]oPersistentEntityIndexResolver :Found cycle for field '_id' in type 'PostComment' for path 'lastComment -> lastComment'
2023-02-22 10:37:55.394  INFO--[25-main           ] [                                        ]oPersistentEntityIndexResolver :Found cycle for field 'lastComment' in type 'PostComment' for path 'lastComment -> lastComment'
2023-02-22 10:37:56.266  INFO--[25-main           ] [                                        ]c.z.h.HikariDataSource         :HikariPool-1 - Starting...
2023-02-22 10:37:59.194  INFO--[25-main           ] [                                        ]c.z.h.HikariDataSource         :HikariPool-1 - Start completed.
2023-02-22 10:37:59.339  INFO--[25-main           ] [                                        ]o.h.j.i.u.LogHelper            :HHH000204: Processing PersistenceUnitInfo [name: default]
2023-02-22 10:37:59.376  INFO--[25-main           ] [                                        ]o.h.Version                    :HHH000412: Hibernate ORM core version 5.4.32.Final
2023-02-22 10:37:59.464  INFO--[25-main           ] [                                        ]o.h.a.c.Version                :HCANN000001: Hibernate Commons Annotations {5.1.2.Final}
2023-02-22 10:37:59.547  INFO--[25-main           ] [                                        ]o.h.d.Dialect                  :HHH000400: Using dialect: org.hibernate.dialect.MySQL5Dialect
2023-02-22 10:38:00.411  INFO--[25-main           ] [                                        ]e.t.j.p.i.JtaPlatformInitiator :HHH000490: Using JtaPlatform implementation: [org.hibernate.engine.transaction.jta.platform.internal.NoJtaPlatform]
2023-02-22 10:38:00.424  INFO--[25-main           ] [                                        ]tainerEntityManagerFactoryBean :Initialized JPA EntityManagerFactory for persistence unit 'default'
2023-02-22 10:38:01.041  WARN--[25-main           ] [                                        ]figuration$JpaWebConfiguration :spring.jpa.open-in-view is enabled by default. Therefore, database queries may be performed during view rendering. Explicitly configure spring.jpa.open-in-view to disable this warning
2023-02-22 10:38:01.747  INFO--[25-main           ] [                                        ].s.s.c.ThreadPoolTaskScheduler :Initializing ExecutorService 'taskScheduler'
2023-02-22 10:38:01.823 DEBUG--[25-main           ] [                                        ].c.m.s.JwtAuthenticationFilter :Filter 'jwtAuthenticationFilter' configured for use
2023-02-22 10:38:01.823 DEBUG--[25-main           ] [                                        ]a.c.m.l.RequestLoggingFilter   :Filter 'requestLoggingFilter' configured for use
2023-02-22 10:38:02.301  INFO--[25-main           ] [                                        ]o.r.Version                    :Redisson 3.13.2
2023-02-22 10:38:07.002  INFO--[25-isson-netty-2-7] [                                        ]c.p.MasterPubSubConnectionPool :1 connections initialized for dev-brood.redis.cache.windows.net/13.76.180.224:6380
2023-02-22 10:38:07.097  INFO--[25-sson-netty-2-20] [                                        ]o.r.c.p.MasterConnectionPool   :24 connections initialized for dev-brood.redis.cache.windows.net/13.76.180.224:6380
2023-02-22 10:38:08.107  INFO--[25-main           ] [                                        ]o.s.s.c.ThreadPoolTaskExecutor :Initializing ExecutorService
2023-02-22 10:38:08.108  INFO--[25-main           ] [                                        ]o.s.s.c.ThreadPoolTaskExecutor :Initializing ExecutorService 'threadPoolTaskExecutor'
2023-02-22 10:38:08.325  INFO--[25-main           ] [                                        ].c.GcpContextAutoConfiguration :The default project ID is mb-data-science-329003
2023-02-22 10:38:08.360  INFO--[25-main           ] [                                        ]s.c.DefaultCredentialsProvider :Default credentials provider for service account landstock-pubsub-dev@mb-data-science-329003.iam.gserviceaccount.com
2023-02-22 10:38:08.360  INFO--[25-main           ] [                                        ]s.c.DefaultCredentialsProvider :Scopes in use by default credentials: [https://www.googleapis.com/auth/pubsub, https://www.googleapis.com/auth/spanner.admin, https://www.googleapis.com/auth/spanner.data, https://www.googleapis.com/auth/datastore, https://www.googleapis.com/auth/sqlservice.admin, https://www.googleapis.com/auth/devstorage.read_only, https://www.googleapis.com/auth/devstorage.read_write, https://www.googleapis.com/auth/cloudruntimeconfig, https://www.googleapis.com/auth/trace.append, https://www.googleapis.com/auth/cloud-platform, https://www.googleapis.com/auth/cloud-vision, https://www.googleapis.com/auth/bigquery, https://www.googleapis.com/auth/monitoring.write]
2023-02-22 10:38:08.362  INFO--[25-main           ] [                                        ].s.s.c.ThreadPoolTaskScheduler :Initializing ExecutorService
2023-02-22 10:38:08.373  INFO--[25-main           ] [                                        ].s.s.c.ThreadPoolTaskScheduler :Initializing ExecutorService 'pubsubPublisherThreadPool'
2023-02-22 10:38:08.420  INFO--[25-main           ] [                                        ]o.s.s.c.ThreadPoolTaskExecutor :Initializing ExecutorService 'pubSubAcknowledgementExecutor'
2023-02-22 10:38:08.513  INFO--[25-main           ] [                                        ]etailsServiceAutoConfiguration :

Using generated security password: 80db5bff-a83e-4fea-8068-66719d28aee8

2023-02-22 10:38:08.589  INFO--[25-main           ] [                                        ]s.w.DefaultSecurityFilterChain :Creating filter chain: Ant [pattern='/v2/api-docs'], []
2023-02-22 10:38:08.589  INFO--[25-main           ] [                                        ]s.w.DefaultSecurityFilterChain :Creating filter chain: Ant [pattern='/configuration/ui'], []
2023-02-22 10:38:08.589  INFO--[25-main           ] [                                        ]s.w.DefaultSecurityFilterChain :Creating filter chain: Ant [pattern='/swagger-resources/**'], []
2023-02-22 10:38:08.589  INFO--[25-main           ] [                                        ]s.w.DefaultSecurityFilterChain :Creating filter chain: Ant [pattern='/configuration/security'], []
2023-02-22 10:38:08.589  INFO--[25-main           ] [                                        ]s.w.DefaultSecurityFilterChain :Creating filter chain: Ant [pattern='/swagger-ui.html'], []
2023-02-22 10:38:08.589  INFO--[25-main           ] [                                        ]s.w.DefaultSecurityFilterChain :Creating filter chain: Ant [pattern='/swagger-ui/**'], []
2023-02-22 10:38:08.589  INFO--[25-main           ] [                                        ]s.w.DefaultSecurityFilterChain :Creating filter chain: Ant [pattern='/v3/api-docs/**'], []
2023-02-22 10:38:08.589  INFO--[25-main           ] [                                        ]s.w.DefaultSecurityFilterChain :Creating filter chain: Ant [pattern='/webjars/**'], []
2023-02-22 10:38:08.629  INFO--[25-main           ] [                                        ]s.w.DefaultSecurityFilterChain :Creating filter chain: any request, [org.springframework.security.web.context.request.async.WebAsyncManagerIntegrationFilter@24d25c43, org.springframework.security.web.context.SecurityContextPersistenceFilter@75d64dc4, org.springframework.security.web.header.HeaderWriterFilter@5a885113, org.springframework.web.filter.CorsFilter@772dfe03, org.springframework.security.web.csrf.CsrfFilter@26fddb3f, org.springframework.security.web.authentication.logout.LogoutFilter@2ff84e42, ati.com.mbeelive.springsercurity.JwtAuthenticationFilter@69cb296c, org.springframework.security.web.savedrequest.RequestCacheAwareFilter@3c16cd6c, org.springframework.security.web.servletapi.SecurityContextHolderAwareRequestFilter@515b9a68, org.springframework.security.web.authentication.AnonymousAuthenticationFilter@6157c26f, org.springframework.security.web.session.SessionManagementFilter@29307ea4, org.springframework.security.web.access.ExceptionTranslationFilter@7e8235b2, org.springframework.security.web.access.intercept.FilterSecurityInterceptor@1e418480]
2023-02-22 10:38:08.756  INFO--[25-main           ] [                                        ]o.s.s.c.ThreadPoolTaskExecutor :Initializing ExecutorService
2023-02-22 10:38:08.756  INFO--[25-main           ] [                                        ]o.s.s.c.ThreadPoolTaskExecutor :Initializing ExecutorService 'asyncExecutor'
2023-02-22 10:38:08.756  INFO--[25-main           ] [                                        ]o.s.s.c.ThreadPoolTaskExecutor :Initializing ExecutorService
2023-02-22 10:38:08.756  INFO--[25-main           ] [                                        ]o.s.s.c.ThreadPoolTaskExecutor :Initializing ExecutorService 'asyncExecutorNotification'
2023-02-22 10:38:08.757  INFO--[25-main           ] [                                        ]o.s.s.c.ThreadPoolTaskExecutor :Initializing ExecutorService
2023-02-22 10:38:08.757  INFO--[25-main           ] [                                        ]o.s.s.c.ThreadPoolTaskExecutor :Initializing ExecutorService 'asyncLogsExecutor'
2023-02-22 10:38:11.133  INFO--[25-main           ] [                                        ]o.s.i.e.EventDrivenConsumer    :Adding {logging-channel-adapter:_org.springframework.integration.errorLogger} as a subscriber to the 'errorChannel' channel
2023-02-22 10:38:11.133  INFO--[25-main           ] [                                        ].s.i.c.PublishSubscribeChannel :Channel 'application.errorChannel' has 1 subscriber(s).
2023-02-22 10:38:11.133  INFO--[25-main           ] [                                        ]o.s.i.e.EventDrivenConsumer    :started bean '_org.springframework.integration.errorLogger'
2023-02-22 10:38:11.133  INFO--[25-main           ] [                                        ]o.s.i.e.EventDrivenConsumer    :Adding {message-handler:pubSubConfig.messageSenderLog.serviceActivator} as a subscriber to the 'pubsubLogChannel' channel
2023-02-22 10:38:11.133  INFO--[25-main           ] [                                        ]o.s.i.c.DirectChannel          :Channel 'application.pubsubLogChannel' has 1 subscriber(s).
2023-02-22 10:38:11.133  INFO--[25-main           ] [                                        ]o.s.i.e.EventDrivenConsumer    :started bean 'pubSubConfig.messageSenderLog.serviceActivator'
2023-02-22 10:38:11.133  INFO--[25-main           ] [                                        ]o.s.i.e.EventDrivenConsumer    :Adding {message-handler:pubSubConfig.messageSenderCmvRatting.serviceActivator} as a subscriber to the 'pubsubCmvRattingChannel' channel
2023-02-22 10:38:11.133  INFO--[25-main           ] [                                        ]o.s.i.c.DirectChannel          :Channel 'application.pubsubCmvRattingChannel' has 1 subscriber(s).
2023-02-22 10:38:11.133  INFO--[25-main           ] [                                        ]o.s.i.e.EventDrivenConsumer    :started bean 'pubSubConfig.messageSenderCmvRatting.serviceActivator'
2023-02-22 10:38:11.133  INFO--[25-main           ] [                                        ]ryBean$MethodInvocationGateway :started bean 'pubSubConfig$PubsubCmvRattingOutboundGateway'
2023-02-22 10:38:11.133  INFO--[25-main           ] [                                        ].s.i.g.GatewayProxyFactoryBean :started bean 'pubSubConfig$PubsubCmvRattingOutboundGateway'
2023-02-22 10:38:11.133  INFO--[25-main           ] [                                        ]ryBean$MethodInvocationGateway :started bean 'pubSubConfig$PubsubLogOutboundGateway'
2023-02-22 10:38:11.133  INFO--[25-main           ] [                                        ].s.i.g.GatewayProxyFactoryBean :started bean 'pubSubConfig$PubsubLogOutboundGateway'
2023-02-22 10:38:11.133  INFO--[25-main           ] [                                        ]o.a.c.h.Http11NioProtocol      :Starting ProtocolHandler ["http-nio-8083"]
2023-02-22 10:38:11.145  INFO--[25-main           ] [                                        ]o.s.b.w.e.t.TomcatWebServer    :Tomcat started on port(s): 8083 (http) with context path ''
2023-02-22 10:38:11.211  INFO--[25-main           ] [                                        ]o.s.b.w.e.t.TomcatWebServer    :Tomcat initialized with port(s): 8090 (http)
2023-02-22 10:38:11.211  INFO--[25-main           ] [                                        ]o.a.c.h.Http11NioProtocol      :Initializing ProtocolHandler ["http-nio-8090"]
2023-02-22 10:38:11.211  INFO--[25-main           ] [                                        ]o.a.c.c.StandardService        :Starting service [Tomcat]
2023-02-22 10:38:11.211  INFO--[25-main           ] [                                        ]o.a.c.c.StandardEngine         :Starting Servlet engine: [Apache Tomcat/9.0.46]
2023-02-22 10:38:11.256  INFO--[25-main           ] [                                        ]o.a.c.c.C.[.[.[/]              :Initializing Spring embedded WebApplicationContext
2023-02-22 10:38:11.257  INFO--[25-main           ] [                                        ]letWebServerApplicationContext :Root WebApplicationContext: initialization completed in 108 ms
2023-02-22 10:38:11.269  INFO--[25-main           ] [                                        ].b.a.e.w.EndpointLinksResolver :Exposing 2 endpoint(s) beneath base path '/actuator'
2023-02-22 10:38:11.871  INFO--[25-main           ] [                                        ]o.a.c.h.Http11NioProtocol      :Starting ProtocolHandler ["http-nio-8090"]
2023-02-22 10:38:11.874  INFO--[25-main           ] [                                        ]o.s.b.w.e.t.TomcatWebServer    :Tomcat started on port(s): 8090 (http) with context path ''
2023-02-22 10:38:11.904  INFO--[25-main           ] [                                        ]a.c.m.MbeeliveApplication      :Started MbeeliveApplication in 22.815 seconds (JVM running for 24.593)
2023-02-22 10:38:11.909  INFO--[25-main           ] [                                        ]a.c.m.c.CmvSchedule            :start getFirstAccessToken
2023-02-22 10:38:11.909  INFO--[25-main           ] [                                        ]a.c.m.c.CmvRestClient          :getAccessToken with no auth!!!
2023-02-22 10:38:12.091  INFO--[25-main           ] [                                        ]omClientHttpRequestInterceptor :RestTemplate request logging: URI: https://api-public.mbbank.com.vn/ms-cmv-service-auth/v1.0/login Method: POST Headers: {Accept=[text/plain, application/xml, text/xml, application/json, application/*+xml, application/*+json, */*], Content-Type=[application/json], clientMessageId=[LandStock], Content-Length=[49]} Body: {"username":"cmv_squad9","password":"cmv_squad9"}
2023-02-22 10:38:12.455  INFO--[25-main           ] [                                        ]omClientHttpRequestInterceptor :RestTemplate response logging: URI: https://api-public.mbbank.com.vn/ms-cmv-service-auth/v1.0/login Method: POST Status code: 200 OK Headers: {Date=[Wed, 22 Feb 2023 03:38:11 GMT], Content-Type=[application/json;charset=UTF-8], Transfer-Encoding=[chunked], Connection=[keep-alive], vary=[Origin,Access-Control-Request-Method,Access-Control-Request-Headers], cache-control=[no-store], pragma=[no-cache], x-envoy-upstream-service-time=[32], Server=[istio-envoy], x-envoy-decorator-operation=[ms001-service-cmv-auth-service.prod-cmv.svc.cluster.local:9129/*], Set-Cookie=[BIGipServerk8s_cmv_api_auth_pool_9129=3424387338.43299.0000; path=/; Httponly; Secure, BIGipServerapiGee_dmz_in_pool=3759931658.47873.0000; path=/; Httponly; Secure, MBAnalyticsaaaaaaaaaaaaaaaa_session_=GFMBJLPNAGBGCBDBHGJPPPMMOBDJIMOCILADIDEGHHKBFOFJPEIDBLCPGKFPFFGFDCLDAKOBINCAPEBLKCHADHBBNIFHFAMGGEMPIAFPIPBNNGLNNLDOGGOMADMFJCNB; HttpOnly; secure]} Body: {"access_token":"eyJhbGciOiJIUzI1NiIsInR5cCI6IkpXVCJ9.eyJleHAiOjE2NzcwODAyOTEsInVzZXJfbmFtZSI6IntcImlkXCI6Mjk1ODUsXCJicmFuY2hJZFwiOjEsXCJ1c2VybmFtZVwiOlwiY212X3NxdWFkOVwiLFwidXNlckNvZGVcIjpcImNtdl9zcXVhZDlcIixcImZ1bGxOYW1lXCI6XCJjbXZfc3F1YWQ5XCIsXCJlbWFpbFwiOlwiY212c3F1YWQ5QG1iYmFuay5jb20udm5cIixcImJyYW5jaENvZGVcIjpcIm51bGxcIixcImV4cGlyZUF0XCI6MTY3NzAzNzEzNTAxNCxcInRva2VuVHlwZVwiOlwiQUNDRVNTX1RPS0VOXCIsXCJjbGllbnRJZFwiOlwiY212LWNsaWVudC1pZFwiLFwic2NvcGVzXCI6W1wiTUIjVklFV1wiLFwiTUJDViNNT0RJRllcIi
2023-02-22 10:38:12.563  INFO--[25-main           ] [                                        ]a.c.m.c.CmvSchedule            :end getFirstAccessToken
2023-02-22 10:38:12.622  INFO--[25-)-192.168.8.122] [                                        ]o.a.c.c.C.[.[.[/]              :Initializing Spring DispatcherServlet 'dispatcherServlet'
2023-02-22 10:38:12.622  INFO--[25-)-192.168.8.122] [                                        ]o.s.w.s.DispatcherServlet      :Initializing Servlet 'dispatcherServlet'
2023-02-22 10:38:12.630  INFO--[25-)-192.168.8.122] [                                        ]o.s.w.s.DispatcherServlet      :Completed initialization in 8 ms
2023-02-22 10:39:43.497 DEBUG--[25-nio-8083-exec-1] [                                        ].c.m.s.JwtAuthenticationFilter :LOGIN SUCCESSFULLY!
2023-02-22 10:39:43.548 DEBUG--[25-nio-8083-exec-1] [                                        ]a.c.m.l.LoggingService         :REQUEST BODY:X-Request-ID=fffb48de-dbc1-4047-a2b5-e539af08aa85 | {"loansTotal":1.0E8,"amountOwed":0.0,"amountPayMonth":0.0,"income":[{"category":"WAGE","totalIncome":1.0E7,"method":"MBBANK","name":"string"}],"collateral":[{"collateralValue":1000000.0,"category":"BDS","location":"string"}],"landItemId":"6305d3c18f240f70b0aee707","loanTime":12,"monthlyRepaymentDate":0,"latePayment":false}
2023-02-22 10:39:43.608 DEBUG--[25-ynchLogThread-1] [                                        ]o.s.d.m.c.MongoTemplate        :Calling update using query: { "requestId" : "fffb48de-dbc1-4047-a2b5-e539af08aa85"} and update: { "$set" : { "requestBody" : { "loansTotal" : 1.0E8, "amountOwed" : 0.0, "amountPayMonth" : 0.0, "income" : [{ "category" : "WAGE", "totalIncome" : 1.0E7, "method" : "MBBANK", "name" : "string"}], "collateral" : [{ "collateralValue" : 1000000.0, "category" : "BDS", "location" : "string"}], "landItemId" : "6305d3c18f240f70b0aee707", "loanTime" : 12, "monthlyRepaymentDate" : 0, "latePayment" : false, "_class" : "ati.com.mbeelive.dto.input.loans.LoansInput"}, "session" : "a077750984e87660f4c65f15dc2c8d1d83b17111a9fcd359f532cb197f071d2a1fc7b936c141d5c70ab39fd99665e734d5ee9827bd7fa756bf50103ff8184c96"}} in collection: logs
2023-02-22 10:39:43.975 DEBUG--[25-nio-8083-exec-1] [                                        ]o.s.d.m.c.MongoTemplate        :Saving Document containing fields: [code, loans_total, amount_owed, amount_pay_month, income, collateral, monthly_repayment_date, loans_time, late_payment, status, cif, created_at, updated_at, created_by, deleted, _class]
2023-02-22 10:39:44.116 DEBUG--[25-nio-8083-exec-1] [                                        ]o.s.d.m.c.MongoTemplate        :Inserting list of Documents containing 1 items
2023-02-22 10:39:44.247 DEBUG--[25-nio-8083-exec-1] [                                        ]o.s.d.m.c.MongoTemplate        :Inserting list of Documents containing 1 items
2023-02-22 10:39:47.213 DEBUG--[25-nio-8083-exec-1] [                                        ]o.s.d.m.c.MongoTemplate        :findOne using query: { "id" : "6305d3c18f240f70b0aee707", "deleted" : false} fields: {} for class: class ati.com.mbeelive.document.land.LandItem in collection: lands
2023-02-22 10:39:47.279 DEBUG--[25-nio-8083-exec-1] [                                        ]o.s.d.m.c.MongoTemplate        :findOne using query: { "_id" : { "$oid" : "6305d3c18f240f70b0aee707"}, "deleted" : false} fields: {} in db.collection: landstock_dev.lands
2023-02-22 10:41:17.781  WARN--[25-l-1 housekeeper] [                                        ]c.z.h.p.HikariPool             :HikariPool-1 - Thread starvation or clock leap detected (housekeeper delta=1m48s458ms166µs700ns).
2023-02-22 10:41:17.785 DEBUG--[25-nio-8083-exec-1] [                                        ]o.s.d.m.c.MongoTemplate        :Saving Document containing fields: [_id, code, loans_total, amount_owed, amount_pay_month, income, collateral, monthly_repayment_date, loans_time, late_payment, status, cif, created_at, updated_at, created_by, deleted, _class]
2023-02-22 10:41:18.099 DEBUG--[25-nio-8083-exec-1] [                                        ]o.s.d.m.c.MongoTemplate        :Saving Document containing fields: [title, content, userId, sourceId, status, type, linkToTarget, sourceStatus, created_at, updated_at, created_by, deleted, _class]
2023-02-22 10:41:18.560 DEBUG--[25-nio-8083-exec-1] [                                        ]a.c.m.l.LoggingService         :RESPONSE:X-Request-ID=fffb48de-dbc1-4047-a2b5-e539af08aa85 | {"responseCode":200,"during":"95289 ms","httpPath":"/api/customer/v1/loans/insert","clientIp":"0:0:0:0:0:0:0:1","localIp":"0:0:0:0:0:0:0:1","headers":{"sec-fetch-mode":"cors","content-length":"325","referer":"\u003c\u003cNot log referer record\u003e\u003e","sec-fetch-site":"same-origin","accept-language":"vi-VN,vi;q\u003d0.9,fr-FR;q\u003d0.8,fr;q\u003d0.7,en-US;q\u003d0.6,en;q\u003d0.5","cookie":"Idea-8bcc7671\u003d0e07d4ae-086b-49d7-886d-b91ab4a52490","origin":"http://localhost:8083","accept":"application/json","authorization":"\u003c\u003cNot log authorization record\u003e\u003e","sec-ch-ua":"\"Not_A Brand\";v\u003d\"99\", \"Google Chrome\";v\u003d\"109\", \"Chromium\";v\u003d\"109\"","sec-ch-ua-mobile":"?0","sec-ch-ua-platform":"\"Windows\"","host":"localhost:8083","connection":"keep-alive","content-type":"application/json","accept-encoding":"gzip, deflate, br","user-agent":"Mozilla/5.0 (Windows NT 10.0; Win64; x64) AppleWebKit/537.36 (KHTML, like Gecko) Chrome/109.0.0.0 Safari/537.36","sec-fetch-dest":"empty"},"body":"{\"message\":\"OK\",\"code\":200,\"data\":{\"id\":\"63f58e7f5cf14820c5db7f1d\",\"code\":\"JWjpO\",\"loandTotal\":1.0E8,\"amountOwed\":0.0,\"amountPayMonth\":0.0,\"income\":[{\"id\":\"63f58e805cf14820c5db7f1e\",\"loansId\":\"63f58e7f5cf14820c5db7f1d\",\"category\":\"WAGE\",\"method\":\"MBBANK\",\"totalIncome\":1.0E7,\"companyName\":\"string\",\"name\":\"string\",\"createdAt\":{\"date\":{\"year\":2023,\"month\":2,\"day\":22},\"time\":{\"hour\":10,\"minute\":39,\"second\":44,\"nano\":114499900}},\"updatedAt\":{\"date\":{\"year\":2023,\"month\":2,\"day\":22},\"time\":{\"hour\":10,"}
2023-02-22 10:41:18.577 DEBUG--[25-nio-8083-exec-1] [                                        ]a.c.m.l.LoggingService         :REQUEST:X-Request-ID=fffb48de-dbc1-4047-a2b5-e539af08aa85 | {"httpMethod":"POST","httpPath":"/api/customer/v1/loans/insert","clientIp":"0:0:0:0:0:0:0:1","localIp":"0:0:0:0:0:0:0:1","headers":{"sec-fetch-mode":"cors","content-length":"325","referer":"\u003c\u003cNot log referer record\u003e\u003e","sec-fetch-site":"same-origin","accept-language":"vi-VN,vi;q\u003d0.9,fr-FR;q\u003d0.8,fr;q\u003d0.7,en-US;q\u003d0.6,en;q\u003d0.5","cookie":"Idea-8bcc7671\u003d0e07d4ae-086b-49d7-886d-b91ab4a52490","origin":"http://localhost:8083","accept":"application/json","authorization":"\u003c\u003cNot log authorization record\u003e\u003e","sec-ch-ua":"\"Not_A Brand\";v\u003d\"99\", \"Google Chrome\";v\u003d\"109\", \"Chromium\";v\u003d\"109\"","sec-ch-ua-mobile":"?0","sec-ch-ua-platform":"\"Windows\"","host":"localhost:8083","connection":"keep-alive","content-type":"application/json","accept-encoding":"gzip, deflate, br","user-agent":"Mozilla/5.0 (Windows NT 10.0; Win64; x64) AppleWebKit/537.36 (KHTML, like Gecko) Chrome/109.0.0.0 Safari/537.36","sec-fetch-dest":"empty"},"parameters":{}}
2023-02-22 10:41:18.577 DEBUG--[25-nio-8083-exec-1] [                                        ]a.c.m.l.LoggingService         :Test here {"loansTotal":100000000,"amountOwed":0,"amountPayMonth":0,"income":[{"category":"WAGE","totalIncome":10000000,"method":"MBBANK","name":"string"}],"collateral":[{"collateralValue":1000000,"category":"BDS","location":"string"}],"landItemId":"6305d3c18f240f70b0aee707","loanTime":12,"monthlyRepaymentDate":0,"latePayment":false}
2023-02-22 10:41:18.778 DEBUG--[25-ynchLogThread-2] [                                        ]o.s.d.m.c.MongoTemplate        :Saving Document containing fields: [createdAt, userId, cif, path, requestId, requestObject, requestBody, session, _class]
2023-02-22 10:41:20.662 DEBUG--[25-bsub-publisher2] [                                        ]a.c.m.c.PubSubConfig           :GCP Pubsub Log send success ackId = 7041047730128271
2023-02-22 10:41:25.765 DEBUG--[25-nio-8083-exec-4] [                                        ].c.m.s.JwtAuthenticationFilter :LOGIN SUCCESSFULLY!
2023-02-22 10:41:25.767 DEBUG--[25-nio-8083-exec-4] [                                        ]a.c.m.l.LoggingService         :REQUEST BODY:X-Request-ID=59e61f4a-fe18-421b-a9e0-54604c2ac0e7 | {"loansTotal":1.0E8,"amountOwed":0.0,"amountPayMonth":0.0,"income":[{"category":"WAGE","totalIncome":1.0E7,"method":"MBBANK","name":"string"}],"collateral":[{"collateralValue":1000000.0,"category":"BDS","location":"string"}],"landItemId":"6305d1e28f240f70b0aee606","loanTime":12,"monthlyRepaymentDate":0,"latePayment":false}
2023-02-22 10:41:25.769 DEBUG--[25-ynchLogThread-3] [                                        ]o.s.d.m.c.MongoTemplate        :Calling update using query: { "requestId" : "59e61f4a-fe18-421b-a9e0-54604c2ac0e7"} and update: { "$set" : { "requestBody" : { "loansTotal" : 1.0E8, "amountOwed" : 0.0, "amountPayMonth" : 0.0, "income" : [{ "category" : "WAGE", "totalIncome" : 1.0E7, "method" : "MBBANK", "name" : "string"}], "collateral" : [{ "collateralValue" : 1000000.0, "category" : "BDS", "location" : "string"}], "landItemId" : "6305d1e28f240f70b0aee606", "loanTime" : 12, "monthlyRepaymentDate" : 0, "latePayment" : false, "_class" : "ati.com.mbeelive.dto.input.loans.LoansInput"}, "session" : "a077750984e87660f4c65f15dc2c8d1d83b17111a9fcd359f532cb197f071d2a1fc7b936c141d5c70ab39fd99665e734d5ee9827bd7fa756bf50103ff8184c96"}} in collection: logs
2023-02-22 10:41:26.106 DEBUG--[25-nio-8083-exec-4] [                                        ]o.s.d.m.c.MongoTemplate        :Saving Document containing fields: [code, loans_total, amount_owed, amount_pay_month, income, collateral, monthly_repayment_date, loans_time, late_payment, status, cif, created_at, updated_at, created_by, deleted, _class]
2023-02-22 10:41:26.230 DEBUG--[25-nio-8083-exec-4] [                                        ]o.s.d.m.c.MongoTemplate        :Inserting list of Documents containing 1 items
2023-02-22 10:41:26.349 DEBUG--[25-nio-8083-exec-4] [                                        ]o.s.d.m.c.MongoTemplate        :Inserting list of Documents containing 1 items
2023-02-22 10:41:27.931 DEBUG--[25-nio-8083-exec-4] [                                        ]o.s.d.m.c.MongoTemplate        :findOne using query: { "id" : "6305d1e28f240f70b0aee606", "deleted" : false} fields: {} for class: class ati.com.mbeelive.document.land.LandItem in collection: lands
2023-02-22 10:41:27.932 DEBUG--[25-nio-8083-exec-4] [                                        ]o.s.d.m.c.MongoTemplate        :findOne using query: { "_id" : { "$oid" : "6305d1e28f240f70b0aee606"}, "deleted" : false} fields: {} in db.collection: landstock_dev.lands
2023-02-22 10:41:28.660 DEBUG--[25-nio-8083-exec-4] [                                        ]o.s.d.m.c.MongoTemplate        :Saving Document containing fields: [_id, code, loans_total, amount_owed, amount_pay_month, income, collateral, landItem, monthly_repayment_date, loans_time, late_payment, status, cif, created_at, updated_at, created_by, deleted, _class]
2023-02-22 10:41:28.796 DEBUG--[25-nio-8083-exec-4] [                                        ]o.s.d.m.c.MongoTemplate        :Saving Document containing fields: [title, content, userId, sourceId, status, type, linkToTarget, sourceStatus, created_at, updated_at, created_by, deleted, _class]
2023-02-22 10:41:29.233 DEBUG--[25-nio-8083-exec-4] [                                        ]a.c.m.l.LoggingService         :RESPONSE:X-Request-ID=59e61f4a-fe18-421b-a9e0-54604c2ac0e7 | {"responseCode":200,"during":"3470 ms","httpPath":"/api/customer/v1/loans/insert","clientIp":"0:0:0:0:0:0:0:1","localIp":"0:0:0:0:0:0:0:1","headers":{"sec-fetch-mode":"cors","content-length":"325","referer":"\u003c\u003cNot log referer record\u003e\u003e","sec-fetch-site":"same-origin","accept-language":"vi-VN,vi;q\u003d0.9,fr-FR;q\u003d0.8,fr;q\u003d0.7,en-US;q\u003d0.6,en;q\u003d0.5","cookie":"Idea-8bcc7671\u003d0e07d4ae-086b-49d7-886d-b91ab4a52490","origin":"http://localhost:8083","accept":"application/json","authorization":"\u003c\u003cNot log authorization record\u003e\u003e","sec-ch-ua":"\"Not_A Brand\";v\u003d\"99\", \"Google Chrome\";v\u003d\"109\", \"Chromium\";v\u003d\"109\"","sec-ch-ua-mobile":"?0","sec-ch-ua-platform":"\"Windows\"","host":"localhost:8083","connection":"keep-alive","content-type":"application/json","accept-encoding":"gzip, deflate, br","user-agent":"Mozilla/5.0 (Windows NT 10.0; Win64; x64) AppleWebKit/537.36 (KHTML, like Gecko) Chrome/109.0.0.0 Safari/537.36","sec-fetch-dest":"empty"},"body":"{\"message\":\"OK\",\"code\":200,\"data\":{\"id\":\"63f58ee65cf14820c5db7f22\",\"code\":\"FiXwd\",\"loandTotal\":1.0E8,\"amountOwed\":0.0,\"amountPayMonth\":0.0,\"income\":[{\"id\":\"63f58ee65cf14820c5db7f23\",\"loansId\":\"63f58ee65cf14820c5db7f22\",\"category\":\"WAGE\",\"method\":\"MBBANK\",\"totalIncome\":1.0E7,\"companyName\":\"string\",\"name\":\"string\",\"createdAt\":{\"date\":{\"year\":2023,\"month\":2,\"day\":22},\"time\":{\"hour\":10,\"minute\":41,\"second\":26,\"nano\":229718200}},\"updatedAt\":{\"date\":{\"year\":2023,\"month\":2,\"day\":22},\"time\":{\"hour\":10,"}
2023-02-22 10:41:29.265 DEBUG--[25-nio-8083-exec-4] [                                        ]a.c.m.l.LoggingService         :REQUEST:X-Request-ID=59e61f4a-fe18-421b-a9e0-54604c2ac0e7 | {"httpMethod":"POST","httpPath":"/api/customer/v1/loans/insert","clientIp":"0:0:0:0:0:0:0:1","localIp":"0:0:0:0:0:0:0:1","headers":{"sec-fetch-mode":"cors","content-length":"325","referer":"\u003c\u003cNot log referer record\u003e\u003e","sec-fetch-site":"same-origin","accept-language":"vi-VN,vi;q\u003d0.9,fr-FR;q\u003d0.8,fr;q\u003d0.7,en-US;q\u003d0.6,en;q\u003d0.5","cookie":"Idea-8bcc7671\u003d0e07d4ae-086b-49d7-886d-b91ab4a52490","origin":"http://localhost:8083","accept":"application/json","authorization":"\u003c\u003cNot log authorization record\u003e\u003e","sec-ch-ua":"\"Not_A Brand\";v\u003d\"99\", \"Google Chrome\";v\u003d\"109\", \"Chromium\";v\u003d\"109\"","sec-ch-ua-mobile":"?0","sec-ch-ua-platform":"\"Windows\"","host":"localhost:8083","connection":"keep-alive","content-type":"application/json","accept-encoding":"gzip, deflate, br","user-agent":"Mozilla/5.0 (Windows NT 10.0; Win64; x64) AppleWebKit/537.36 (KHTML, like Gecko) Chrome/109.0.0.0 Safari/537.36","sec-fetch-dest":"empty"},"parameters":{}}
2023-02-22 10:41:29.266 DEBUG--[25-nio-8083-exec-4] [                                        ]a.c.m.l.LoggingService         :Test here {"loansTotal":100000000,"amountOwed":0,"amountPayMonth":0,"income":[{"category":"WAGE","totalIncome":10000000,"method":"MBBANK","name":"string"}],"collateral":[{"collateralValue":1000000,"category":"BDS","location":"string"}],"landItemId":"6305d1e28f240f70b0aee606","loanTime":12,"monthlyRepaymentDate":0,"latePayment":false}
2023-02-22 10:41:29.271 DEBUG--[25-ynchLogThread-4] [                                        ]o.s.d.m.c.MongoTemplate        :Saving Document containing fields: [createdAt, userId, cif, path, requestId, requestObject, requestBody, session, _class]
2023-02-22 10:41:29.363 DEBUG--[25-bsub-publisher1] [                                        ]a.c.m.c.PubSubConfig           :GCP Pubsub Log send success ackId = 7040999513862306
2023-02-22 10:41:41.682 DEBUG--[25-nio-8083-exec-3] [                                        ].c.m.s.JwtAuthenticationFilter :LOGIN SUCCESSFULLY!
2023-02-22 10:41:41.683 DEBUG--[25-nio-8083-exec-3] [                                        ]a.c.m.l.LoggingService         :REQUEST BODY:X-Request-ID=4548b91e-032c-41d0-b6ff-5bbb46b35123 | {"loansTotal":1.0E8,"amountOwed":0.0,"amountPayMonth":0.0,"income":[{"category":"WAGE","totalIncome":1.0E7,"method":"MBBANK","name":"string"}],"collateral":[{"collateralValue":1000000.0,"category":"BDS","location":"string"}],"landItemId":"6305f84c67dedd6aee2f4954","loanTime":12,"monthlyRepaymentDate":0,"latePayment":false}
2023-02-22 10:41:41.684 DEBUG--[25-ynchLogThread-5] [                                        ]o.s.d.m.c.MongoTemplate        :Calling update using query: { "requestId" : "4548b91e-032c-41d0-b6ff-5bbb46b35123"} and update: { "$set" : { "requestBody" : { "loansTotal" : 1.0E8, "amountOwed" : 0.0, "amountPayMonth" : 0.0, "income" : [{ "category" : "WAGE", "totalIncome" : 1.0E7, "method" : "MBBANK", "name" : "string"}], "collateral" : [{ "collateralValue" : 1000000.0, "category" : "BDS", "location" : "string"}], "landItemId" : "6305f84c67dedd6aee2f4954", "loanTime" : 12, "monthlyRepaymentDate" : 0, "latePayment" : false, "_class" : "ati.com.mbeelive.dto.input.loans.LoansInput"}, "session" : "a077750984e87660f4c65f15dc2c8d1d83b17111a9fcd359f532cb197f071d2a1fc7b936c141d5c70ab39fd99665e734d5ee9827bd7fa756bf50103ff8184c96"}} in collection: logs
2023-02-22 10:41:42.042 DEBUG--[25-nio-8083-exec-3] [                                        ]o.s.d.m.c.MongoTemplate        :Saving Document containing fields: [code, loans_total, amount_owed, amount_pay_month, income, collateral, monthly_repayment_date, loans_time, late_payment, status, cif, created_at, updated_at, created_by, deleted, _class]
2023-02-22 10:41:42.160 DEBUG--[25-nio-8083-exec-3] [                                        ]o.s.d.m.c.MongoTemplate        :Inserting list of Documents containing 1 items
2023-02-22 10:41:42.277 DEBUG--[25-nio-8083-exec-3] [                                        ]o.s.d.m.c.MongoTemplate        :Inserting list of Documents containing 1 items
2023-02-22 10:41:42.399 DEBUG--[25-nio-8083-exec-3] [                                        ]o.s.d.m.c.MongoTemplate        :findOne using query: { "id" : "6305f84c67dedd6aee2f4954", "deleted" : false} fields: {} for class: class ati.com.mbeelive.document.land.LandItem in collection: lands
2023-02-22 10:41:42.400 DEBUG--[25-nio-8083-exec-3] [                                        ]o.s.d.m.c.MongoTemplate        :findOne using query: { "_id" : { "$oid" : "6305f84c67dedd6aee2f4954"}, "deleted" : false} fields: {} in db.collection: landstock_dev.lands
2023-02-22 10:41:43.091 DEBUG--[25-nio-8083-exec-3] [                                        ]o.s.d.m.c.MongoTemplate        :Saving Document containing fields: [_id, code, loans_total, amount_owed, amount_pay_month, income, collateral, landItem, monthly_repayment_date, loans_time, late_payment, status, cif, created_at, updated_at, created_by, deleted, _class]
2023-02-22 10:41:43.257 DEBUG--[25-nio-8083-exec-3] [                                        ]o.s.d.m.c.MongoTemplate        :Saving Document containing fields: [title, content, userId, sourceId, status, type, linkToTarget, sourceStatus, created_at, updated_at, created_by, deleted, _class]
2023-02-22 10:41:43.879 DEBUG--[25-nio-8083-exec-3] [                                        ]a.c.m.l.LoggingService         :RESPONSE:X-Request-ID=4548b91e-032c-41d0-b6ff-5bbb46b35123 | {"responseCode":200,"during":"2200 ms","httpPath":"/api/customer/v1/loans/insert","clientIp":"0:0:0:0:0:0:0:1","localIp":"0:0:0:0:0:0:0:1","headers":{"sec-fetch-mode":"cors","content-length":"325","referer":"\u003c\u003cNot log referer record\u003e\u003e","sec-fetch-site":"same-origin","accept-language":"vi-VN,vi;q\u003d0.9,fr-FR;q\u003d0.8,fr;q\u003d0.7,en-US;q\u003d0.6,en;q\u003d0.5","cookie":"Idea-8bcc7671\u003d0e07d4ae-086b-49d7-886d-b91ab4a52490","origin":"http://localhost:8083","accept":"application/json","authorization":"\u003c\u003cNot log authorization record\u003e\u003e","sec-ch-ua":"\"Not_A Brand\";v\u003d\"99\", \"Google Chrome\";v\u003d\"109\", \"Chromium\";v\u003d\"109\"","sec-ch-ua-mobile":"?0","sec-ch-ua-platform":"\"Windows\"","host":"localhost:8083","connection":"keep-alive","content-type":"application/json","accept-encoding":"gzip, deflate, br","user-agent":"Mozilla/5.0 (Windows NT 10.0; Win64; x64) AppleWebKit/537.36 (KHTML, like Gecko) Chrome/109.0.0.0 Safari/537.36","sec-fetch-dest":"empty"},"body":"{\"message\":\"OK\",\"code\":200,\"data\":{\"id\":\"63f58ef65cf14820c5db7f27\",\"code\":\"W906R\",\"loandTotal\":1.0E8,\"amountOwed\":0.0,\"amountPayMonth\":0.0,\"income\":[{\"id\":\"63f58ef65cf14820c5db7f28\",\"loansId\":\"63f58ef65cf14820c5db7f27\",\"category\":\"WAGE\",\"method\":\"MBBANK\",\"totalIncome\":1.0E7,\"companyName\":\"string\",\"name\":\"string\",\"createdAt\":{\"date\":{\"year\":2023,\"month\":2,\"day\":22},\"time\":{\"hour\":10,\"minute\":41,\"second\":42,\"nano\":159231500}},\"updatedAt\":{\"date\":{\"year\":2023,\"month\":2,\"day\":22},\"time\":{\"hour\":10,"}
2023-02-22 10:41:43.883 DEBUG--[25-nio-8083-exec-3] [                                        ]a.c.m.l.LoggingService         :REQUEST:X-Request-ID=4548b91e-032c-41d0-b6ff-5bbb46b35123 | {"httpMethod":"POST","httpPath":"/api/customer/v1/loans/insert","clientIp":"0:0:0:0:0:0:0:1","localIp":"0:0:0:0:0:0:0:1","headers":{"sec-fetch-mode":"cors","content-length":"325","referer":"\u003c\u003cNot log referer record\u003e\u003e","sec-fetch-site":"same-origin","accept-language":"vi-VN,vi;q\u003d0.9,fr-FR;q\u003d0.8,fr;q\u003d0.7,en-US;q\u003d0.6,en;q\u003d0.5","cookie":"Idea-8bcc7671\u003d0e07d4ae-086b-49d7-886d-b91ab4a52490","origin":"http://localhost:8083","accept":"application/json","authorization":"\u003c\u003cNot log authorization record\u003e\u003e","sec-ch-ua":"\"Not_A Brand\";v\u003d\"99\", \"Google Chrome\";v\u003d\"109\", \"Chromium\";v\u003d\"109\"","sec-ch-ua-mobile":"?0","sec-ch-ua-platform":"\"Windows\"","host":"localhost:8083","connection":"keep-alive","content-type":"application/json","accept-encoding":"gzip, deflate, br","user-agent":"Mozilla/5.0 (Windows NT 10.0; Win64; x64) AppleWebKit/537.36 (KHTML, like Gecko) Chrome/109.0.0.0 Safari/537.36","sec-fetch-dest":"empty"},"parameters":{}}
2023-02-22 10:41:43.883 DEBUG--[25-nio-8083-exec-3] [                                        ]a.c.m.l.LoggingService         :Test here {"loansTotal":100000000,"amountOwed":0,"amountPayMonth":0,"income":[{"category":"WAGE","totalIncome":10000000,"method":"MBBANK","name":"string"}],"collateral":[{"collateralValue":1000000,"category":"BDS","location":"string"}],"landItemId":"6305f84c67dedd6aee2f4954","loanTime":12,"monthlyRepaymentDate":0,"latePayment":false}
2023-02-22 10:41:43.885 DEBUG--[25-ynchLogThread-6] [                                        ]o.s.d.m.c.MongoTemplate        :Saving Document containing fields: [createdAt, userId, cif, path, requestId, requestObject, requestBody, session, _class]
2023-02-22 10:41:44.129 DEBUG--[25-bsub-publisher3] [                                        ]a.c.m.c.PubSubConfig           :GCP Pubsub Log send success ackId = 7041071902936731
2023-02-22 10:43:41.802  INFO--[25-extShutdownHook] [                                        ]ryBean$MethodInvocationGateway :stopped bean 'pubSubConfig$PubsubCmvRattingOutboundGateway'
2023-02-22 10:43:41.802  INFO--[25-extShutdownHook] [                                        ].s.i.g.GatewayProxyFactoryBean :stopped bean 'pubSubConfig$PubsubCmvRattingOutboundGateway'
2023-02-22 10:43:41.802  INFO--[25-extShutdownHook] [                                        ]ryBean$MethodInvocationGateway :stopped bean 'pubSubConfig$PubsubLogOutboundGateway'
2023-02-22 10:43:41.802  INFO--[25-extShutdownHook] [                                        ].s.i.g.GatewayProxyFactoryBean :stopped bean 'pubSubConfig$PubsubLogOutboundGateway'
2023-02-22 10:43:41.802  INFO--[25-extShutdownHook] [                                        ]o.s.i.e.EventDrivenConsumer    :Removing {logging-channel-adapter:_org.springframework.integration.errorLogger} as a subscriber to the 'errorChannel' channel
2023-02-22 10:43:41.802  INFO--[25-extShutdownHook] [                                        ].s.i.c.PublishSubscribeChannel :Channel 'application.errorChannel' has 0 subscriber(s).
2023-02-22 10:43:41.803  INFO--[25-extShutdownHook] [                                        ]o.s.i.e.EventDrivenConsumer    :stopped bean '_org.springframework.integration.errorLogger'
2023-02-22 10:43:41.803  INFO--[25-extShutdownHook] [                                        ]o.s.i.e.EventDrivenConsumer    :Removing {message-handler:pubSubConfig.messageSenderLog.serviceActivator} as a subscriber to the 'pubsubLogChannel' channel
2023-02-22 10:43:41.803  INFO--[25-extShutdownHook] [                                        ]o.s.i.c.DirectChannel          :Channel 'application.pubsubLogChannel' has 0 subscriber(s).
2023-02-22 10:43:41.803  INFO--[25-extShutdownHook] [                                        ]o.s.i.e.EventDrivenConsumer    :stopped bean 'pubSubConfig.messageSenderLog.serviceActivator'
2023-02-22 10:43:41.803  INFO--[25-extShutdownHook] [                                        ]o.s.i.e.EventDrivenConsumer    :Removing {message-handler:pubSubConfig.messageSenderCmvRatting.serviceActivator} as a subscriber to the 'pubsubCmvRattingChannel' channel
2023-02-22 10:43:41.803  INFO--[25-extShutdownHook] [                                        ]o.s.i.c.DirectChannel          :Channel 'application.pubsubCmvRattingChannel' has 0 subscriber(s).
2023-02-22 10:43:41.804  INFO--[25-extShutdownHook] [                                        ]o.s.i.e.EventDrivenConsumer    :stopped bean 'pubSubConfig.messageSenderCmvRatting.serviceActivator'
2023-02-22 10:43:41.846  INFO--[25-extShutdownHook] [                                        ]o.s.s.c.ThreadPoolTaskExecutor :Shutting down ExecutorService 'asyncLogsExecutor'
2023-02-22 10:43:41.846  INFO--[25-extShutdownHook] [                                        ]o.s.s.c.ThreadPoolTaskExecutor :Shutting down ExecutorService 'asyncExecutorNotification'
2023-02-22 10:43:41.847  INFO--[25-extShutdownHook] [                                        ]o.s.s.c.ThreadPoolTaskExecutor :Shutting down ExecutorService 'asyncExecutor'
2023-02-22 10:43:41.849  INFO--[25-extShutdownHook] [                                        ]o.s.s.c.ThreadPoolTaskExecutor :Shutting down ExecutorService 'pubSubAcknowledgementExecutor'
2023-02-22 10:43:41.849  INFO--[25-extShutdownHook] [                                        ].s.s.c.ThreadPoolTaskScheduler :Shutting down ExecutorService 'pubsubPublisherThreadPool'
2023-02-22 10:43:41.851  INFO--[25-extShutdownHook] [                                        ]o.s.s.c.ThreadPoolTaskExecutor :Shutting down ExecutorService 'threadPoolTaskExecutor'
2023-02-22 10:43:42.338  INFO--[25-extShutdownHook] [                                        ].s.s.c.ThreadPoolTaskScheduler :Shutting down ExecutorService 'taskScheduler'
2023-02-22 10:43:42.356  INFO--[25-extShutdownHook] [                                        ]tainerEntityManagerFactoryBean :Closing JPA EntityManagerFactory for persistence unit 'default'
2023-02-22 10:43:42.359  INFO--[25-extShutdownHook] [                                        ]c.z.h.HikariDataSource         :HikariPool-1 - Shutdown initiated...
2023-02-22 10:43:42.829  INFO--[25-extShutdownHook] [                                        ]c.z.h.HikariDataSource         :HikariPool-1 - Shutdown completed.
2023-02-22 10:43:42.985  INFO--[25-extShutdownHook] [                                        ]o.m.d.connection               :Closed connection [connectionId{localValue:4, serverValue:29163}] to lab-uat-shard-00-01.ojso0.mongodb.net:27017 because the pool has been closed.
