2022-12-09 12:10:40.263  INFO--[26-kground-preinit] [                                        ]o.h.v.i.u.Version              :HV000001: Hibernate Validator 6.1.7.Final
2022-12-09 12:10:40.319  INFO--[26-main           ] [                                        ]c.m.t.CrawnewsApplication      :Starting CrawnewsApplication on DESKTOP-GSNRLR9 with PID 11312 (C:\Work\MbLandStock\landstock-tool-be\target\classes started by Thanh Thuc in C:\Work\MbLandStock\landstock-tool-be)
2022-12-09 12:10:40.319  INFO--[26-main           ] [                                        ]c.m.t.CrawnewsApplication      :No active profile set, falling back to default profiles: default
2022-12-09 12:10:44.267  INFO--[26-main           ] [                                        ]epositoryConfigurationDelegate :Multiple Spring Data modules found, entering strict repository configuration mode!
2022-12-09 12:10:44.267  INFO--[26-main           ] [                                        ]epositoryConfigurationDelegate :Bootstrapping Spring Data MongoDB repositories in DEFAULT mode.
2022-12-09 12:10:44.487  INFO--[26-main           ] [                                        ]yConfigurationExtensionSupport :Spring Data MongoDB - Could not safely identify store assignment for repository candidate interface com.mbeelive.toolbackend.repo.DistrictRepository. If you want this repository to be a MongoDB repository, consider annotating your entities with one of these annotations: org.springframework.data.mongodb.core.mapping.Document (preferred), or consider extending one of the following types with your repository: org.springframework.data.mongodb.repository.MongoRepository.
2022-12-09 12:10:44.518  INFO--[26-main           ] [                                        ]yConfigurationExtensionSupport :Spring Data MongoDB - Could not safely identify store assignment for repository candidate interface com.mbeelive.toolbackend.repo.NewsRepository. If you want this repository to be a MongoDB repository, consider annotating your entities with one of these annotations: org.springframework.data.mongodb.core.mapping.Document (preferred), or consider extending one of the following types with your repository: org.springframework.data.mongodb.repository.MongoRepository.
2022-12-09 12:10:44.534  INFO--[26-main           ] [                                        ]yConfigurationExtensionSupport :Spring Data MongoDB - Could not safely identify store assignment for repository candidate interface com.mbeelive.toolbackend.repo.ProjectRepository. If you want this repository to be a MongoDB repository, consider annotating your entities with one of these annotations: org.springframework.data.mongodb.core.mapping.Document (preferred), or consider extending one of the following types with your repository: org.springframework.data.mongodb.repository.MongoRepository.
2022-12-09 12:10:44.550  INFO--[26-main           ] [                                        ]yConfigurationExtensionSupport :Spring Data MongoDB - Could not safely identify store assignment for repository candidate interface com.mbeelive.toolbackend.repo.ProvinceRepository. If you want this repository to be a MongoDB repository, consider annotating your entities with one of these annotations: org.springframework.data.mongodb.core.mapping.Document (preferred), or consider extending one of the following types with your repository: org.springframework.data.mongodb.repository.MongoRepository.
2022-12-09 12:10:44.550  INFO--[26-main           ] [                                        ]yConfigurationExtensionSupport :Spring Data MongoDB - Could not safely identify store assignment for repository candidate interface com.mbeelive.toolbackend.repo.SearchPriceViewRepository. If you want this repository to be a MongoDB repository, consider annotating your entities with one of these annotations: org.springframework.data.mongodb.core.mapping.Document (preferred), or consider extending one of the following types with your repository: org.springframework.data.mongodb.repository.MongoRepository.
2022-12-09 12:10:44.550  INFO--[26-main           ] [                                        ]yConfigurationExtensionSupport :Spring Data MongoDB - Could not safely identify store assignment for repository candidate interface com.mbeelive.toolbackend.repo.StreetRepository. If you want this repository to be a MongoDB repository, consider annotating your entities with one of these annotations: org.springframework.data.mongodb.core.mapping.Document (preferred), or consider extending one of the following types with your repository: org.springframework.data.mongodb.repository.MongoRepository.
2022-12-09 12:10:44.565  INFO--[26-main           ] [                                        ]yConfigurationExtensionSupport :Spring Data MongoDB - Could not safely identify store assignment for repository candidate interface com.mbeelive.toolbackend.repo.WardRepository. If you want this repository to be a MongoDB repository, consider annotating your entities with one of these annotations: org.springframework.data.mongodb.core.mapping.Document (preferred), or consider extending one of the following types with your repository: org.springframework.data.mongodb.repository.MongoRepository.
2022-12-09 12:10:44.597  INFO--[26-main           ] [                                        ]epositoryConfigurationDelegate :Finished Spring Data repository scanning in 323ms. Found 1 MongoDB repository interfaces.
2022-12-09 12:10:45.161  INFO--[26-main           ] [                                        ]epositoryConfigurationDelegate :Multiple Spring Data modules found, entering strict repository configuration mode!
2022-12-09 12:10:45.161  INFO--[26-main           ] [                                        ]epositoryConfigurationDelegate :Bootstrapping Spring Data JPA repositories in DEFAULT mode.
2022-12-09 12:10:45.208  INFO--[26-main           ] [                                        ]yConfigurationExtensionSupport :Spring Data JPA - Could not safely identify store assignment for repository candidate interface com.mbeelive.toolbackend.repo.CmvRepository. If you want this repository to be a JPA repository, consider annotating your entities with one of these annotations: javax.persistence.Entity, javax.persistence.MappedSuperclass (preferred), or consider extending one of the following types with your repository: org.springframework.data.jpa.repository.JpaRepository.
2022-12-09 12:10:45.240  INFO--[26-main           ] [                                        ]epositoryConfigurationDelegate :Finished Spring Data repository scanning in 87ms. Found 7 JPA repository interfaces.
2022-12-09 12:10:45.914  INFO--[26-main           ] [                                        ]o.s.b.w.e.t.TomcatWebServer    :Tomcat initialized with port(s): 8084 (http)
2022-12-09 12:10:45.914  INFO--[26-main           ] [                                        ]o.a.c.h.Http11NioProtocol      :Initializing ProtocolHandler ["http-nio-8084"]
2022-12-09 12:10:45.914  INFO--[26-main           ] [                                        ]o.a.c.c.StandardService        :Starting service [Tomcat]
2022-12-09 12:10:45.914  INFO--[26-main           ] [                                        ]o.a.c.c.StandardEngine         :Starting Servlet engine: [Apache Tomcat/9.0.46]
2022-12-09 12:10:46.086  INFO--[26-main           ] [                                        ]o.a.c.c.C.[.[.[/]              :Initializing Spring embedded WebApplicationContext
2022-12-09 12:10:46.086  INFO--[26-main           ] [                                        ]letWebServerApplicationContext :Root WebApplicationContext: initialization completed in 5682 ms
2022-12-09 12:10:46.290  INFO--[26-main           ] [                                        ]c.z.h.HikariDataSource         :HikariPool-1 - Starting...
2022-12-09 12:10:49.171  INFO--[26-main           ] [                                        ]c.z.h.HikariDataSource         :HikariPool-1 - Start completed.
2022-12-09 12:10:49.218  INFO--[26-main           ] [                                        ]o.h.j.i.u.LogHelper            :HHH000204: Processing PersistenceUnitInfo [name: default]
2022-12-09 12:10:49.249  INFO--[26-main           ] [                                        ]o.h.Version                    :HHH000412: Hibernate ORM core version 5.4.32.Final
2022-12-09 12:10:49.344  INFO--[26-main           ] [                                        ]o.h.a.c.Version                :HCANN000001: Hibernate Commons Annotations {5.1.2.Final}
2022-12-09 12:10:49.422  INFO--[26-main           ] [                                        ]o.h.d.Dialect                  :HHH000400: Using dialect: org.hibernate.dialect.MySQL5Dialect
2022-12-09 12:10:49.924  INFO--[26-main           ] [                                        ]e.t.j.p.i.JtaPlatformInitiator :HHH000490: Using JtaPlatform implementation: [org.hibernate.engine.transaction.jta.platform.internal.NoJtaPlatform]
2022-12-09 12:10:49.924  INFO--[26-main           ] [                                        ]tainerEntityManagerFactoryBean :Initialized JPA EntityManagerFactory for persistence unit 'default'
2022-12-09 12:10:49.987  INFO--[26-main           ] [                                        ]o.m.d.cluster                  :Cluster created with settings {hosts=[207.46.234.134:27717], mode=SINGLE, requiredClusterType=UNKNOWN, serverSelectionTimeout='30000 ms'}
2022-12-09 12:10:50.206  INFO--[26-6.234.134:27717] [                                        ]o.m.d.connection               :Opened connection [connectionId{localValue:1, serverValue:5396675}] to 207.46.234.134:27717
2022-12-09 12:10:50.285  INFO--[26-6.234.134:27717] [                                        ]o.m.d.cluster                  :Monitor thread successfully connected to server with description ServerDescription{address=207.46.234.134:27717, type=STANDALONE, state=CONNECTED, ok=true, minWireVersion=0, maxWireVersion=9, maxDocumentSize=16777216, logicalSessionTimeoutMinutes=30, roundTripTimeNanos=78520800}
2022-12-09 12:10:50.802  INFO--[26-main           ] [                                        ]o.r.Version                    :Redisson 3.13.2
2022-12-09 12:10:52.434  INFO--[26-sson-netty-2-11] [                                        ]c.p.MasterPubSubConnectionPool :1 connections initialized for dev-brood.redis.cache.windows.net/13.76.180.224:6380
2022-12-09 12:10:52.482  INFO--[26-sson-netty-2-20] [                                        ]o.r.c.p.MasterConnectionPool   :24 connections initialized for dev-brood.redis.cache.windows.net/13.76.180.224:6380
2022-12-09 12:10:53.131  INFO--[26-main           ] [                                        ]o.s.s.c.ThreadPoolTaskExecutor :Initializing ExecutorService
2022-12-09 12:10:53.131  INFO--[26-main           ] [                                        ]o.s.s.c.ThreadPoolTaskExecutor :Initializing ExecutorService 'asyncExecutor'
2022-12-09 12:10:53.147  INFO--[26-main           ] [                                        ]o.s.s.c.ThreadPoolTaskExecutor :Initializing ExecutorService
2022-12-09 12:10:53.147  INFO--[26-main           ] [                                        ]o.s.s.c.ThreadPoolTaskExecutor :Initializing ExecutorService 'increView'
2022-12-09 12:10:53.178  WARN--[26-main           ] [                                        ]figuration$JpaWebConfiguration :spring.jpa.open-in-view is enabled by default. Therefore, database queries may be performed during view rendering. Explicitly configure spring.jpa.open-in-view to disable this warning
2022-12-09 12:10:53.691  INFO--[26-main           ] [                                        ].s.s.c.ThreadPoolTaskScheduler :Initializing ExecutorService 'taskScheduler'
2022-12-09 12:10:53.722  INFO--[26-main           ] [                                        ]o.a.c.h.Http11NioProtocol      :Starting ProtocolHandler ["http-nio-8084"]
2022-12-09 12:10:53.722  INFO--[26-main           ] [                                        ]o.s.b.w.e.t.TomcatWebServer    :Tomcat started on port(s): 8084 (http) with context path ''
2022-12-09 12:10:53.785  INFO--[26-main           ] [                                        ]o.s.b.w.e.t.TomcatWebServer    :Tomcat initialized with port(s): 8091 (http)
2022-12-09 12:10:53.785  INFO--[26-main           ] [                                        ]o.a.c.h.Http11NioProtocol      :Initializing ProtocolHandler ["http-nio-8091"]
2022-12-09 12:10:53.785  INFO--[26-main           ] [                                        ]o.a.c.c.StandardService        :Starting service [Tomcat]
2022-12-09 12:10:53.785  INFO--[26-main           ] [                                        ]o.a.c.c.StandardEngine         :Starting Servlet engine: [Apache Tomcat/9.0.46]
2022-12-09 12:10:53.852  INFO--[26-main           ] [                                        ]o.a.c.c.C.[.[.[/]              :Initializing Spring embedded WebApplicationContext
2022-12-09 12:10:53.852  INFO--[26-main           ] [                                        ]letWebServerApplicationContext :Root WebApplicationContext: initialization completed in 113 ms
2022-12-09 12:10:53.864  INFO--[26-main           ] [                                        ].b.a.e.w.EndpointLinksResolver :Exposing 2 endpoint(s) beneath base path '/actuator'
2022-12-09 12:10:53.911  INFO--[26-main           ] [                                        ]o.a.c.h.Http11NioProtocol      :Starting ProtocolHandler ["http-nio-8091"]
2022-12-09 12:10:53.911  INFO--[26-main           ] [                                        ]o.s.b.w.e.t.TomcatWebServer    :Tomcat started on port(s): 8091 (http) with context path ''
2022-12-09 12:10:53.942  INFO--[26-main           ] [                                        ]c.m.t.CrawnewsApplication      :Started CrawnewsApplication in 14.093 seconds (JVM running for 16.882)
2022-12-09 12:10:54.021  INFO--[26-scheduling-1   ] [                                        ]c.m.t.s.PostSchedule           :----------------------start postHighLight-------------------------
2022-12-09 12:10:58.345  INFO--[26-)-192.168.8.106] [                                        ]o.a.c.c.C.[.[.[/]              :Initializing Spring DispatcherServlet 'dispatcherServlet'
2022-12-09 12:10:58.345  INFO--[26-)-192.168.8.106] [                                        ]o.s.w.s.DispatcherServlet      :Initializing Servlet 'dispatcherServlet'
2022-12-09 12:11:00.372  INFO--[26-)-192.168.8.106] [                                        ]o.s.w.s.DispatcherServlet      :Completed initialization in 2027 ms
2022-12-09 12:11:14.022  INFO--[26-)-192.168.8.106] [                                        ]o.m.d.connection               :Opened connection [connectionId{localValue:2, serverValue:5396676}] to 207.46.234.134:27717
2022-12-09 12:11:14.197  INFO--[26-scheduling-1   ] [                                        ]o.m.d.connection               :Opened connection [connectionId{localValue:3, serverValue:5396677}] to 207.46.234.134:27717
2022-12-09 12:17:53.114  WARN--[26-l-1 housekeeper] [                                        ]c.z.h.p.HikariPool             :HikariPool-1 - Thread starvation or clock leap detected (housekeeper delta=7m3s846ms722µs700ns).
2022-12-09 12:18:02.256  INFO--[26-6.234.134:27717] [                                        ]o.m.d.connection               :Opened connection [connectionId{localValue:4, serverValue:5396719}] to 207.46.234.134:27717
2022-12-09 12:18:02.481  INFO--[26-scheduling-1   ] [                                        ]o.m.d.connection               :Closed connection [connectionId{localValue:3, serverValue:5396677}] to 207.46.234.134:27717 because there was a socket exception raised on another connection from this pool.
2022-12-09 12:18:02.481  INFO--[26-scheduling-1   ] [                                        ]o.m.d.connection               :Closed connection [connectionId{localValue:2, serverValue:5396676}] to 207.46.234.134:27717 because there was a socket exception raised on another connection from this pool.
2022-12-09 12:18:03.966  INFO--[26-scheduling-1   ] [                                        ]o.m.d.connection               :Opened connection [connectionId{localValue:5, serverValue:5396720}] to 207.46.234.134:27717
2022-12-09 12:18:06.308  INFO--[26-scheduling-1   ] [                                        ]c.m.t.t.TelegramService        :send message success!
2022-12-09 12:18:06.941  INFO--[26-scheduling-1   ] [                                        ]c.m.t.t.TelegramService        :send message success!
2022-12-09 12:18:06.941  INFO--[26-scheduling-1   ] [                                        ]c.m.t.s.PostSchedule           :----------------------end postHighLight---------------------------
2022-12-09 12:18:06.941  INFO--[26-scheduling-1   ] [                                        ]c.m.t.s.CmvCallOutSchedule     :start refreshAccessToken
2022-12-09 12:18:07.591  INFO--[26-scheduling-1   ] [                                        ]c.m.t.s.CmvCallOutSchedule     :end refreshAccessToken
2022-12-09 12:18:07.591  INFO--[26-scheduling-1   ] [                                        ]c.m.t.s.CmvCallOutSchedule     :start collectViews
2022-12-09 12:18:07.750  INFO--[26-scheduling-1   ] [                                        ]c.m.t.s.CmvCallOutSchedule     :end collectViews
2022-12-09 12:18:07.750  INFO--[26-scheduling-1   ] [                                        ]c.m.t.s.ProjectSchedule        :start project collectViews
2022-12-09 12:18:07.844  INFO--[26-scheduling-1   ] [                                        ]c.m.t.s.ProjectService         :collectViews project collect view :{}
2022-12-09 12:18:08.040  WARN--[26-scheduling-1   ] [                                        ]c.z.h.p.PoolBase               :HikariPool-1 - Failed to validate connection com.mysql.cj.jdbc.ConnectionImpl@175a33e6 (No operations allowed after connection closed.). Possibly consider using a shorter maxLifetime value.
2022-12-09 12:18:08.040  WARN--[26-scheduling-1   ] [                                        ]c.z.h.p.PoolBase               :HikariPool-1 - Failed to validate connection com.mysql.cj.jdbc.ConnectionImpl@8c3dac9 (No operations allowed after connection closed.). Possibly consider using a shorter maxLifetime value.
2022-12-09 12:18:08.040  WARN--[26-scheduling-1   ] [                                        ]c.z.h.p.PoolBase               :HikariPool-1 - Failed to validate connection com.mysql.cj.jdbc.ConnectionImpl@4ec00d34 (No operations allowed after connection closed.). Possibly consider using a shorter maxLifetime value.
2022-12-09 12:18:08.040  WARN--[26-scheduling-1   ] [                                        ]c.z.h.p.PoolBase               :HikariPool-1 - Failed to validate connection com.mysql.cj.jdbc.ConnectionImpl@62f385c6 (No operations allowed after connection closed.). Possibly consider using a shorter maxLifetime value.
2022-12-09 12:18:08.456  INFO--[26-scheduling-1   ] [                                        ]c.m.t.s.ProjectService         :collectViews project to update :[]
2022-12-09 12:18:09.024  INFO--[26-scheduling-1   ] [                                        ]c.m.t.s.ProjectService         :collectViews project updated :[]
2022-12-09 12:18:09.024  INFO--[26-scheduling-1   ] [                                        ]c.m.t.s.ProjectSchedule        :end project collectViews
2022-12-09 12:18:09.024  INFO--[26-scheduling-1   ] [                                        ]c.m.t.s.LandSchedule           :----------------------start collectLandViews-------------------------
2022-12-09 12:18:09.118  INFO--[26-scheduling-1   ] [                                        ]c.m.t.s.l.LandService          :collectViews Land collect view :{}
2022-12-09 12:18:09.118  INFO--[26-scheduling-1   ] [                                        ]c.m.t.s.LandSchedule           :----------------------end collectLandViews---------------------------
2022-12-09 12:18:09.118  INFO--[26-scheduling-1   ] [                                        ]c.m.t.s.PostSchedule           :----------------------start postHighLight-------------------------
2022-12-09 12:18:39.976  WARN--[26-l-1 housekeeper] [                                        ]c.z.h.p.HikariPool             :HikariPool-1 - Thread starvation or clock leap detected (housekeeper delta=46s849ms45µs100ns).
2022-12-09 12:18:40.394  INFO--[26-extShutdownHook] [                                        ].s.s.c.ThreadPoolTaskScheduler :Shutting down ExecutorService 'taskScheduler'
2022-12-09 12:18:40.394  INFO--[26-extShutdownHook] [                                        ]o.s.s.c.ThreadPoolTaskExecutor :Shutting down ExecutorService 'increView'
2022-12-09 12:18:40.394  INFO--[26-extShutdownHook] [                                        ]o.s.s.c.ThreadPoolTaskExecutor :Shutting down ExecutorService 'asyncExecutor'
2022-12-09 12:18:40.629  INFO--[26-extShutdownHook] [                                        ]o.m.d.connection               :Closed connection [connectionId{localValue:5, serverValue:5396720}] to 207.46.234.134:27717 because the pool has been closed.
2022-12-09 12:18:40.629  INFO--[26-extShutdownHook] [                                        ]tainerEntityManagerFactoryBean :Closing JPA EntityManagerFactory for persistence unit 'default'
2022-12-09 12:18:40.629  INFO--[26-extShutdownHook] [                                        ]c.z.h.HikariDataSource         :HikariPool-1 - Shutdown initiated...
2022-12-09 12:18:41.995  INFO--[26-scheduling-1   ] [                                        ]c.m.t.t.TelegramService        :send message success!
2022-12-09 12:18:41.995 ERROR--[26-scheduling-1   ] [                                        ].TaskUtils$LoggingErrorHandler :Unexpected error occurred in scheduled task
org.springframework.beans.factory.BeanCreationNotAllowedException: Error creating bean with name 'entityManagerFactory': Singleton bean creation not allowed while singletons of this factory are in destruction (Do not request a bean from a BeanFactory in a destroy method implementation!)
	at org.springframework.beans.factory.support.DefaultSingletonBeanRegistry.getSingleton(DefaultSingletonBeanRegistry.java:220)
	at org.springframework.beans.factory.support.AbstractBeanFactory.doGetBean(AbstractBeanFactory.java:322)
	at org.springframework.beans.factory.support.AbstractBeanFactory.getBean(AbstractBeanFactory.java:202)
	at org.springframework.beans.factory.support.DefaultListableBeanFactory.getBeansOfType(DefaultListableBeanFactory.java:624)
	at org.springframework.beans.factory.BeanFactoryUtils.beansOfTypeIncludingAncestors(BeanFactoryUtils.java:378)
	at org.springframework.dao.support.PersistenceExceptionTranslationInterceptor.detectPersistenceExceptionTranslators(PersistenceExceptionTranslationInterceptor.java:168)
	at org.springframework.dao.support.PersistenceExceptionTranslationInterceptor.invoke(PersistenceExceptionTranslationInterceptor.java:151)
	at org.springframework.aop.framework.ReflectiveMethodInvocation.proceed(ReflectiveMethodInvocation.java:186)
	at org.springframework.aop.framework.CglibAopProxy$CglibMethodInvocation.proceed(CglibAopProxy.java:750)
	at org.springframework.aop.framework.CglibAopProxy$DynamicAdvisedInterceptor.intercept(CglibAopProxy.java:692)
	at com.mbeelive.toolbackend.collection.PostCollection$$EnhancerBySpringCGLIB$$93be903e.getPostisHighlight(<generated>)
	at com.mbeelive.toolbackend.service.PostService.removedHighlight(PostService.java:109)
	at com.mbeelive.toolbackend.schedule.PostSchedule.postHighLight(PostSchedule.java:41)
	at java.base/jdk.internal.reflect.NativeMethodAccessorImpl.invoke0(Native Method)
	at java.base/jdk.internal.reflect.NativeMethodAccessorImpl.invoke(NativeMethodAccessorImpl.java:62)
	at java.base/jdk.internal.reflect.DelegatingMethodAccessorImpl.invoke(DelegatingMethodAccessorImpl.java:43)
	at java.base/java.lang.reflect.Method.invoke(Method.java:566)
	at org.springframework.scheduling.support.ScheduledMethodRunnable.run(ScheduledMethodRunnable.java:84)
	at org.springframework.scheduling.support.DelegatingErrorHandlingRunnable.run(DelegatingErrorHandlingRunnable.java:54)
	at org.springframework.scheduling.concurrent.ReschedulingRunnable.run(ReschedulingRunnable.java:93)
	at java.base/java.util.concurrent.Executors$RunnableAdapter.call(Executors.java:515)
	at java.base/java.util.concurrent.FutureTask.run$$$capture(FutureTask.java:264)
	at java.base/java.util.concurrent.FutureTask.run(FutureTask.java)
	at java.base/java.util.concurrent.ScheduledThreadPoolExecutor$ScheduledFutureTask.run(ScheduledThreadPoolExecutor.java:304)
	at java.base/java.util.concurrent.ThreadPoolExecutor.runWorker(ThreadPoolExecutor.java:1128)
	at java.base/java.util.concurrent.ThreadPoolExecutor$Worker.run(ThreadPoolExecutor.java:628)
	at java.base/java.lang.Thread.run(Thread.java:834)
2022-12-09 12:18:42.481  INFO--[26-extShutdownHook] [                                        ]c.z.h.HikariDataSource         :HikariPool-1 - Shutdown completed.
