2022-12-23 14:59:20.067  INFO--[25-kground-preinit] [                                        ]o.h.v.i.u.Version              :HV000001: Hibernate Validator 6.1.7.Final
2022-12-23 14:59:20.098  INFO--[25-main           ] [                                        ]c.m.t.CrawnewsApplication      :Starting CrawnewsApplication on DESKTOP-GSNRLR9 with PID 16228 (C:\Work\MbLandStock\landstock-tool-be\target\classes started by Thanh Thuc in C:\Work\MbLandStock\landstock-tool-be)
2022-12-23 14:59:20.098  INFO--[25-main           ] [                                        ]c.m.t.CrawnewsApplication      :No active profile set, falling back to default profiles: default
2022-12-23 14:59:20.770  INFO--[25-main           ] [                                        ]epositoryConfigurationDelegate :Multiple Spring Data modules found, entering strict repository configuration mode!
2022-12-23 14:59:20.770  INFO--[25-main           ] [                                        ]epositoryConfigurationDelegate :Bootstrapping Spring Data MongoDB repositories in DEFAULT mode.
2022-12-23 14:59:20.833  INFO--[25-main           ] [                                        ]yConfigurationExtensionSupport :Spring Data MongoDB - Could not safely identify store assignment for repository candidate interface com.mbeelive.toolbackend.repo.DistrictRepository. If you want this repository to be a MongoDB repository, consider annotating your entities with one of these annotations: org.springframework.data.mongodb.core.mapping.Document (preferred), or consider extending one of the following types with your repository: org.springframework.data.mongodb.repository.MongoRepository.
2022-12-23 14:59:20.833  INFO--[25-main           ] [                                        ]yConfigurationExtensionSupport :Spring Data MongoDB - Could not safely identify store assignment for repository candidate interface com.mbeelive.toolbackend.repo.NewsRepository. If you want this repository to be a MongoDB repository, consider annotating your entities with one of these annotations: org.springframework.data.mongodb.core.mapping.Document (preferred), or consider extending one of the following types with your repository: org.springframework.data.mongodb.repository.MongoRepository.
2022-12-23 14:59:20.848  INFO--[25-main           ] [                                        ]yConfigurationExtensionSupport :Spring Data MongoDB - Could not safely identify store assignment for repository candidate interface com.mbeelive.toolbackend.repo.ProjectRepository. If you want this repository to be a MongoDB repository, consider annotating your entities with one of these annotations: org.springframework.data.mongodb.core.mapping.Document (preferred), or consider extending one of the following types with your repository: org.springframework.data.mongodb.repository.MongoRepository.
2022-12-23 14:59:20.848  INFO--[25-main           ] [                                        ]yConfigurationExtensionSupport :Spring Data MongoDB - Could not safely identify store assignment for repository candidate interface com.mbeelive.toolbackend.repo.ProvinceRepository. If you want this repository to be a MongoDB repository, consider annotating your entities with one of these annotations: org.springframework.data.mongodb.core.mapping.Document (preferred), or consider extending one of the following types with your repository: org.springframework.data.mongodb.repository.MongoRepository.
2022-12-23 14:59:20.848  INFO--[25-main           ] [                                        ]yConfigurationExtensionSupport :Spring Data MongoDB - Could not safely identify store assignment for repository candidate interface com.mbeelive.toolbackend.repo.SearchPriceViewRepository. If you want this repository to be a MongoDB repository, consider annotating your entities with one of these annotations: org.springframework.data.mongodb.core.mapping.Document (preferred), or consider extending one of the following types with your repository: org.springframework.data.mongodb.repository.MongoRepository.
2022-12-23 14:59:20.848  INFO--[25-main           ] [                                        ]yConfigurationExtensionSupport :Spring Data MongoDB - Could not safely identify store assignment for repository candidate interface com.mbeelive.toolbackend.repo.StreetRepository. If you want this repository to be a MongoDB repository, consider annotating your entities with one of these annotations: org.springframework.data.mongodb.core.mapping.Document (preferred), or consider extending one of the following types with your repository: org.springframework.data.mongodb.repository.MongoRepository.
2022-12-23 14:59:20.848  INFO--[25-main           ] [                                        ]yConfigurationExtensionSupport :Spring Data MongoDB - Could not safely identify store assignment for repository candidate interface com.mbeelive.toolbackend.repo.WardRepository. If you want this repository to be a MongoDB repository, consider annotating your entities with one of these annotations: org.springframework.data.mongodb.core.mapping.Document (preferred), or consider extending one of the following types with your repository: org.springframework.data.mongodb.repository.MongoRepository.
2022-12-23 14:59:20.864  INFO--[25-main           ] [                                        ]epositoryConfigurationDelegate :Finished Spring Data repository scanning in 88ms. Found 1 MongoDB repository interfaces.
2022-12-23 14:59:21.129  INFO--[25-main           ] [                                        ]epositoryConfigurationDelegate :Multiple Spring Data modules found, entering strict repository configuration mode!
2022-12-23 14:59:21.129  INFO--[25-main           ] [                                        ]epositoryConfigurationDelegate :Bootstrapping Spring Data JPA repositories in DEFAULT mode.
2022-12-23 14:59:21.161  INFO--[25-main           ] [                                        ]yConfigurationExtensionSupport :Spring Data JPA - Could not safely identify store assignment for repository candidate interface com.mbeelive.toolbackend.repo.CmvRepository. If you want this repository to be a JPA repository, consider annotating your entities with one of these annotations: javax.persistence.Entity, javax.persistence.MappedSuperclass (preferred), or consider extending one of the following types with your repository: org.springframework.data.jpa.repository.JpaRepository.
2022-12-23 14:59:21.176  INFO--[25-main           ] [                                        ]epositoryConfigurationDelegate :Finished Spring Data repository scanning in 51ms. Found 7 JPA repository interfaces.
2022-12-23 14:59:21.629  INFO--[25-main           ] [                                        ]o.s.b.w.e.t.TomcatWebServer    :Tomcat initialized with port(s): 8084 (http)
2022-12-23 14:59:21.629  INFO--[25-main           ] [                                        ]o.a.c.h.Http11NioProtocol      :Initializing ProtocolHandler ["http-nio-8084"]
2022-12-23 14:59:21.629  INFO--[25-main           ] [                                        ]o.a.c.c.StandardService        :Starting service [Tomcat]
2022-12-23 14:59:21.629  INFO--[25-main           ] [                                        ]o.a.c.c.StandardEngine         :Starting Servlet engine: [Apache Tomcat/9.0.46]
2022-12-23 14:59:21.770  INFO--[25-main           ] [                                        ]o.a.c.c.C.[.[.[/]              :Initializing Spring embedded WebApplicationContext
2022-12-23 14:59:21.770  INFO--[25-main           ] [                                        ]letWebServerApplicationContext :Root WebApplicationContext: initialization completed in 1625 ms
2022-12-23 14:59:21.957  INFO--[25-main           ] [                                        ]c.z.h.HikariDataSource         :HikariPool-1 - Starting...
2022-12-23 14:59:25.129  INFO--[25-main           ] [                                        ]c.z.h.HikariDataSource         :HikariPool-1 - Start completed.
2022-12-23 14:59:25.222  INFO--[25-main           ] [                                        ]o.h.j.i.u.LogHelper            :HHH000204: Processing PersistenceUnitInfo [name: default]
2022-12-23 14:59:25.269  INFO--[25-main           ] [                                        ]o.h.Version                    :HHH000412: Hibernate ORM core version 5.4.32.Final
2022-12-23 14:59:25.347  INFO--[25-main           ] [                                        ]o.h.a.c.Version                :HCANN000001: Hibernate Commons Annotations {5.1.2.Final}
2022-12-23 14:59:25.425  INFO--[25-main           ] [                                        ]o.h.d.Dialect                  :HHH000400: Using dialect: org.hibernate.dialect.MySQL5Dialect
2022-12-23 14:59:25.894  INFO--[25-main           ] [                                        ]e.t.j.p.i.JtaPlatformInitiator :HHH000490: Using JtaPlatform implementation: [org.hibernate.engine.transaction.jta.platform.internal.NoJtaPlatform]
2022-12-23 14:59:25.910  INFO--[25-main           ] [                                        ]tainerEntityManagerFactoryBean :Initialized JPA EntityManagerFactory for persistence unit 'default'
2022-12-23 14:59:29.065  INFO--[25-main           ] [                                        ]o.m.d.cluster                  :Cluster created with settings {hosts=[127.0.0.1:27017], srvHost=lab-uat.ojso0.mongodb.net, mode=MULTIPLE, requiredClusterType=REPLICA_SET, serverSelectionTimeout='30000 ms', requiredReplicaSetName='atlas-gx6iy8-shard-0'}
2022-12-23 14:59:29.190  INFO--[25-so0.mongodb.net] [                                        ]o.m.d.cluster                  :Adding discovered server lab-uat-shard-00-00.ojso0.mongodb.net:27017 to client view of cluster
2022-12-23 14:59:29.221  INFO--[25-so0.mongodb.net] [                                        ]o.m.d.cluster                  :Adding discovered server lab-uat-shard-00-01.ojso0.mongodb.net:27017 to client view of cluster
2022-12-23 14:59:29.221  INFO--[25-so0.mongodb.net] [                                        ]o.m.d.cluster                  :Adding discovered server lab-uat-shard-00-02.ojso0.mongodb.net:27017 to client view of cluster
2022-12-23 14:59:29.768  INFO--[25-ngodb.net:27017] [                                        ]o.m.d.connection               :Opened connection [connectionId{localValue:3, serverValue:99845}] to lab-uat-shard-00-00.ojso0.mongodb.net:27017
2022-12-23 14:59:29.768  INFO--[25-ngodb.net:27017] [                                        ]o.m.d.connection               :Opened connection [connectionId{localValue:1, serverValue:103723}] to lab-uat-shard-00-01.ojso0.mongodb.net:27017
2022-12-23 14:59:29.768  INFO--[25-ngodb.net:27017] [                                        ]o.m.d.connection               :Opened connection [connectionId{localValue:2, serverValue:99538}] to lab-uat-shard-00-02.ojso0.mongodb.net:27017
2022-12-23 14:59:29.846  INFO--[25-main           ] [                                        ]o.r.Version                    :Redisson 3.13.2
2022-12-23 14:59:29.846  INFO--[25-ngodb.net:27017] [                                        ]o.m.d.cluster                  :Monitor thread successfully connected to server with description ServerDescription{address=lab-uat-shard-00-00.ojso0.mongodb.net:27017, type=REPLICA_SET_SECONDARY, state=CONNECTED, ok=true, minWireVersion=0, maxWireVersion=17, maxDocumentSize=16777216, logicalSessionTimeoutMinutes=30, roundTripTimeNanos=87138900, setName='atlas-gx6iy8-shard-0', canonicalAddress=lab-uat-shard-00-00.ojso0.mongodb.net:27017, hosts=[lab-uat-shard-00-02.ojso0.mongodb.net:27017, lab-uat-shard-00-01.ojso0.mongodb.net:27017, lab-uat-shard-00-00.ojso0.mongodb.net:27017], passives=[], arbiters=[], primary='lab-uat-shard-00-01.ojso0.mongodb.net:27017', tagSet=TagSet{[Tag{name='nodeType', value='ELECTABLE'}, Tag{name='provider', value='AZURE'}, Tag{name='region', value='ASIA_SOUTH_EAST'}, Tag{name='workloadType', value='OPERATIONAL'}]}, electionId=null, setVersion=1, lastWriteDate=Fri Dec 23 14:59:20 GMT+07:00 2022, lastUpdateTimeNanos=218975852859200}
2022-12-23 14:59:29.846  INFO--[25-ngodb.net:27017] [                                        ]o.m.d.cluster                  :Monitor thread successfully connected to server with description ServerDescription{address=lab-uat-shard-00-02.ojso0.mongodb.net:27017, type=REPLICA_SET_SECONDARY, state=CONNECTED, ok=true, minWireVersion=0, maxWireVersion=17, maxDocumentSize=16777216, logicalSessionTimeoutMinutes=30, roundTripTimeNanos=89879600, setName='atlas-gx6iy8-shard-0', canonicalAddress=lab-uat-shard-00-02.ojso0.mongodb.net:27017, hosts=[lab-uat-shard-00-02.ojso0.mongodb.net:27017, lab-uat-shard-00-01.ojso0.mongodb.net:27017, lab-uat-shard-00-00.ojso0.mongodb.net:27017], passives=[], arbiters=[], primary='lab-uat-shard-00-01.ojso0.mongodb.net:27017', tagSet=TagSet{[Tag{name='nodeType', value='ELECTABLE'}, Tag{name='provider', value='AZURE'}, Tag{name='region', value='ASIA_SOUTH_EAST'}, Tag{name='workloadType', value='OPERATIONAL'}]}, electionId=null, setVersion=1, lastWriteDate=Fri Dec 23 14:59:20 GMT+07:00 2022, lastUpdateTimeNanos=218975855145600}
2022-12-23 14:59:29.862  INFO--[25-ngodb.net:27017] [                                        ]o.m.d.cluster                  :Monitor thread successfully connected to server with description ServerDescription{address=lab-uat-shard-00-01.ojso0.mongodb.net:27017, type=REPLICA_SET_PRIMARY, state=CONNECTED, ok=true, minWireVersion=0, maxWireVersion=17, maxDocumentSize=16777216, logicalSessionTimeoutMinutes=30, roundTripTimeNanos=90888900, setName='atlas-gx6iy8-shard-0', canonicalAddress=lab-uat-shard-00-01.ojso0.mongodb.net:27017, hosts=[lab-uat-shard-00-02.ojso0.mongodb.net:27017, lab-uat-shard-00-01.ojso0.mongodb.net:27017, lab-uat-shard-00-00.ojso0.mongodb.net:27017], passives=[], arbiters=[], primary='lab-uat-shard-00-01.ojso0.mongodb.net:27017', tagSet=TagSet{[Tag{name='nodeType', value='ELECTABLE'}, Tag{name='provider', value='AZURE'}, Tag{name='region', value='ASIA_SOUTH_EAST'}, Tag{name='workloadType', value='OPERATIONAL'}]}, electionId=7fffffff0000000000000002, setVersion=1, lastWriteDate=Fri Dec 23 14:59:20 GMT+07:00 2022, lastUpdateTimeNanos=218975856156200}
2022-12-23 14:59:29.862  INFO--[25-ngodb.net:27017] [                                        ]o.m.d.cluster                  :Setting max election id to 7fffffff0000000000000002 from replica set primary lab-uat-shard-00-01.ojso0.mongodb.net:27017
2022-12-23 14:59:29.862  INFO--[25-ngodb.net:27017] [                                        ]o.m.d.cluster                  :Setting max set version to 1 from replica set primary lab-uat-shard-00-01.ojso0.mongodb.net:27017
2022-12-23 14:59:29.862  INFO--[25-ngodb.net:27017] [                                        ]o.m.d.cluster                  :Discovered replica set primary lab-uat-shard-00-01.ojso0.mongodb.net:27017
2022-12-23 14:59:33.185  INFO--[25-sson-netty-2-20] [                                        ]c.p.MasterPubSubConnectionPool :1 connections initialized for dev-brood.redis.cache.windows.net/13.76.180.224:6380
2022-12-23 14:59:33.185  INFO--[25-sson-netty-2-17] [                                        ]o.r.c.p.MasterConnectionPool   :24 connections initialized for dev-brood.redis.cache.windows.net/13.76.180.224:6380
2022-12-23 14:59:33.723  INFO--[25-main           ] [                                        ]o.s.s.c.ThreadPoolTaskExecutor :Initializing ExecutorService
2022-12-23 14:59:33.723  INFO--[25-main           ] [                                        ]o.s.s.c.ThreadPoolTaskExecutor :Initializing ExecutorService 'asyncExecutor'
2022-12-23 14:59:33.723  INFO--[25-main           ] [                                        ]o.s.s.c.ThreadPoolTaskExecutor :Initializing ExecutorService
2022-12-23 14:59:33.723  INFO--[25-main           ] [                                        ]o.s.s.c.ThreadPoolTaskExecutor :Initializing ExecutorService 'increView'
2022-12-23 14:59:33.770  WARN--[25-main           ] [                                        ]figuration$JpaWebConfiguration :spring.jpa.open-in-view is enabled by default. Therefore, database queries may be performed during view rendering. Explicitly configure spring.jpa.open-in-view to disable this warning
2022-12-23 14:59:34.223  INFO--[25-main           ] [                                        ].s.s.c.ThreadPoolTaskScheduler :Initializing ExecutorService 'taskScheduler'
2022-12-23 14:59:34.254  INFO--[25-main           ] [                                        ]o.a.c.h.Http11NioProtocol      :Starting ProtocolHandler ["http-nio-8084"]
2022-12-23 14:59:34.270  INFO--[25-main           ] [                                        ]o.s.b.w.e.t.TomcatWebServer    :Tomcat started on port(s): 8084 (http) with context path ''
2022-12-23 14:59:34.316  INFO--[25-main           ] [                                        ]o.s.b.w.e.t.TomcatWebServer    :Tomcat initialized with port(s): 8091 (http)
2022-12-23 14:59:34.316  INFO--[25-main           ] [                                        ]o.a.c.h.Http11NioProtocol      :Initializing ProtocolHandler ["http-nio-8091"]
2022-12-23 14:59:34.316  INFO--[25-main           ] [                                        ]o.a.c.c.StandardService        :Starting service [Tomcat]
2022-12-23 14:59:34.316  INFO--[25-main           ] [                                        ]o.a.c.c.StandardEngine         :Starting Servlet engine: [Apache Tomcat/9.0.46]
2022-12-23 14:59:34.363  INFO--[25-main           ] [                                        ]o.a.c.c.C.[.[.[/]              :Initializing Spring embedded WebApplicationContext
2022-12-23 14:59:34.363  INFO--[25-main           ] [                                        ]letWebServerApplicationContext :Root WebApplicationContext: initialization completed in 93 ms
2022-12-23 14:59:34.363  INFO--[25-main           ] [                                        ].b.a.e.w.EndpointLinksResolver :Exposing 2 endpoint(s) beneath base path '/actuator'
2022-12-23 14:59:34.410  INFO--[25-main           ] [                                        ]o.a.c.h.Http11NioProtocol      :Starting ProtocolHandler ["http-nio-8091"]
2022-12-23 14:59:34.410  INFO--[25-main           ] [                                        ]o.s.b.w.e.t.TomcatWebServer    :Tomcat started on port(s): 8091 (http) with context path ''
2022-12-23 14:59:36.144  INFO--[25-scheduling-1   ] [                                        ]c.m.t.s.PostSchedule           :----------------------start updateEditedAt-------------------------
2022-12-23 14:59:36.535  INFO--[25-main           ] [                                        ]c.m.t.CrawnewsApplication      :Started CrawnewsApplication in 16.31 seconds (JVM running for 18.249)
2022-12-23 14:59:39.807  INFO--[25-)-192.168.8.105] [                                        ]o.a.c.c.C.[.[.[/]              :Initializing Spring DispatcherServlet 'dispatcherServlet'
2022-12-23 14:59:39.807  INFO--[25-)-192.168.8.105] [                                        ]o.s.w.s.DispatcherServlet      :Initializing Servlet 'dispatcherServlet'
2022-12-23 14:59:39.823  INFO--[25-)-192.168.8.105] [                                        ]o.s.w.s.DispatcherServlet      :Completed initialization in 16 ms
2022-12-23 14:59:40.792  INFO--[25-)-192.168.8.105] [                                        ]o.m.d.connection               :Opened connection [connectionId{localValue:5, serverValue:103725}] to lab-uat-shard-00-01.ojso0.mongodb.net:27017
2022-12-23 14:59:41.325  INFO--[25-scheduling-1   ] [                                        ]o.m.d.connection               :Opened connection [connectionId{localValue:4, serverValue:103724}] to lab-uat-shard-00-01.ojso0.mongodb.net:27017
2022-12-23 15:00:20.617  WARN--[25-l-1 housekeeper] [                                        ]c.z.h.p.HikariPool             :HikariPool-1 - Thread starvation or clock leap detected (housekeeper delta=55s377ms910µs300ns).
2022-12-23 15:01:34.785  WARN--[25-l-1 housekeeper] [                                        ]c.z.h.p.HikariPool             :HikariPool-1 - Thread starvation or clock leap detected (housekeeper delta=1m14s173ms906µs400ns).
2022-12-23 15:01:36.706  INFO--[25-scheduling-1   ] [                                        ]c.m.t.t.TelegramService        :send message success!
2022-12-23 15:01:37.956  INFO--[25-scheduling-1   ] [                                        ]c.m.t.s.PostSchedule           :----------------------end updateEditedAt---------------------------
2022-12-23 15:01:37.956  INFO--[25-scheduling-1   ] [                                        ]c.m.t.s.CmvCallOutSchedule     :start refreshAccessToken
2022-12-23 15:01:38.625  INFO--[25-scheduling-1   ] [                                        ]c.m.t.s.CmvCallOutSchedule     :end refreshAccessToken
2022-12-23 15:01:38.625  INFO--[25-scheduling-1   ] [                                        ]c.m.t.s.CmvCallOutSchedule     :start collectViews
2022-12-23 15:01:38.832  INFO--[25-scheduling-1   ] [                                        ]c.m.t.s.CmvCallOutSchedule     :end collectViews
2022-12-23 15:01:38.832  INFO--[25-scheduling-1   ] [                                        ]c.m.t.s.ProjectSchedule        :start project collectViews
2022-12-23 15:01:38.910  INFO--[25-scheduling-1   ] [                                        ]c.m.t.s.ProjectService         :collectViews project collect view :{}
2022-12-23 15:01:39.576  INFO--[25-scheduling-1   ] [                                        ]c.m.t.s.ProjectService         :collectViews project to update :[]
2022-12-23 15:01:40.110  INFO--[25-scheduling-1   ] [                                        ]c.m.t.s.ProjectService         :collectViews project updated :[]
2022-12-23 15:01:40.110  INFO--[25-scheduling-1   ] [                                        ]c.m.t.s.ProjectSchedule        :end project collectViews
2022-12-23 15:01:40.110  INFO--[25-scheduling-1   ] [                                        ]c.m.t.s.LandSchedule           :----------------------start collectLandViews-------------------------
2022-12-23 15:01:40.192  INFO--[25-scheduling-1   ] [                                        ]c.m.t.s.l.LandService          :collectViews Land collect view :{}
2022-12-23 15:01:40.192  INFO--[25-scheduling-1   ] [                                        ]c.m.t.s.LandSchedule           :----------------------end collectLandViews---------------------------
2022-12-23 15:01:40.192  INFO--[25-scheduling-1   ] [                                        ]c.m.t.s.PostSchedule           :start collectPostViews
2022-12-23 15:01:40.276  INFO--[25-scheduling-1   ] [                                        ]c.m.t.s.PostService            :collectViews post collect view :{}
2022-12-23 15:01:40.469  INFO--[25-scheduling-1   ] [                                        ]c.m.t.s.PostService            :collectViews post to update :[]
2022-12-23 15:01:40.469  INFO--[25-scheduling-1   ] [                                        ]c.m.t.s.PostSchedule           :end collectPostViews
2022-12-23 15:01:40.469  INFO--[25-scheduling-1   ] [                                        ]c.m.t.s.PostSchedule           :start collectPostLibraryViews
2022-12-23 15:01:40.563  INFO--[25-scheduling-1   ] [                                        ]c.m.t.s.PostService            :collectViews postLibrary collect view :{}
2022-12-23 15:01:40.739  INFO--[25-scheduling-1   ] [                                        ]c.m.t.s.PostService            :collectViews postLibrary to update :[]
2022-12-23 15:01:40.739  INFO--[25-scheduling-1   ] [                                        ]c.m.t.s.PostSchedule           :end collectPostLibraryViews
2022-12-23 15:05:01.007  INFO--[25-scheduling-1   ] [                                        ]c.m.t.s.CmvCallOutSchedule     :start collectViews
2022-12-23 15:05:01.194  INFO--[25-scheduling-1   ] [                                        ]c.m.t.s.CmvCallOutSchedule     :end collectViews
2022-12-23 15:05:04.023  INFO--[25-scheduling-1   ] [                                        ]c.m.t.s.ProjectSchedule        :start project collectViews
2022-12-23 15:05:04.117  INFO--[25-scheduling-1   ] [                                        ]c.m.t.s.ProjectService         :collectViews project collect view :{}
2022-12-23 15:05:04.210  WARN--[25-scheduling-1   ] [                                        ]c.z.h.p.PoolBase               :HikariPool-1 - Failed to validate connection com.mysql.cj.jdbc.ConnectionImpl@18f71b2d (No operations allowed after connection closed.). Possibly consider using a shorter maxLifetime value.
2022-12-23 15:05:04.226  WARN--[25-scheduling-1   ] [                                        ]c.z.h.p.PoolBase               :HikariPool-1 - Failed to validate connection com.mysql.cj.jdbc.ConnectionImpl@2985c1c0 (No operations allowed after connection closed.). Possibly consider using a shorter maxLifetime value.
2022-12-23 15:05:04.226  WARN--[25-scheduling-1   ] [                                        ]c.z.h.p.PoolBase               :HikariPool-1 - Failed to validate connection com.mysql.cj.jdbc.ConnectionImpl@98b99ae (No operations allowed after connection closed.). Possibly consider using a shorter maxLifetime value.
2022-12-23 15:05:04.226  WARN--[25-scheduling-1   ] [                                        ]c.z.h.p.PoolBase               :HikariPool-1 - Failed to validate connection com.mysql.cj.jdbc.ConnectionImpl@4d55517a (No operations allowed after connection closed.). Possibly consider using a shorter maxLifetime value.
2022-12-23 15:05:04.226  WARN--[25-scheduling-1   ] [                                        ]c.z.h.p.PoolBase               :HikariPool-1 - Failed to validate connection com.mysql.cj.jdbc.ConnectionImpl@30950883 (No operations allowed after connection closed.). Possibly consider using a shorter maxLifetime value.
2022-12-23 15:05:04.226  WARN--[25-scheduling-1   ] [                                        ]c.z.h.p.PoolBase               :HikariPool-1 - Failed to validate connection com.mysql.cj.jdbc.ConnectionImpl@37194490 (No operations allowed after connection closed.). Possibly consider using a shorter maxLifetime value.
2022-12-23 15:05:04.226  WARN--[25-scheduling-1   ] [                                        ]c.z.h.p.PoolBase               :HikariPool-1 - Failed to validate connection com.mysql.cj.jdbc.ConnectionImpl@620aed34 (No operations allowed after connection closed.). Possibly consider using a shorter maxLifetime value.
2022-12-23 15:05:04.242  WARN--[25-scheduling-1   ] [                                        ]c.z.h.p.PoolBase               :HikariPool-1 - Failed to validate connection com.mysql.cj.jdbc.ConnectionImpl@533be8e (No operations allowed after connection closed.). Possibly consider using a shorter maxLifetime value.
2022-12-23 15:05:04.257  WARN--[25-scheduling-1   ] [                                        ]c.z.h.p.PoolBase               :HikariPool-1 - Failed to validate connection com.mysql.cj.jdbc.ConnectionImpl@1d7a6fbb (No operations allowed after connection closed.). Possibly consider using a shorter maxLifetime value.
2022-12-23 15:05:04.257  WARN--[25-scheduling-1   ] [                                        ]c.z.h.p.PoolBase               :HikariPool-1 - Failed to validate connection com.mysql.cj.jdbc.ConnectionImpl@60ba9540 (No operations allowed after connection closed.). Possibly consider using a shorter maxLifetime value.
2022-12-23 15:05:06.695  INFO--[25-scheduling-1   ] [                                        ]c.m.t.s.ProjectService         :collectViews project to update :[]
2022-12-23 15:05:07.270  INFO--[25-scheduling-1   ] [                                        ]c.m.t.s.ProjectService         :collectViews project updated :[]
2022-12-23 15:05:07.270  INFO--[25-scheduling-1   ] [                                        ]c.m.t.s.ProjectSchedule        :end project collectViews
2022-12-23 15:05:10.011  INFO--[25-scheduling-1   ] [                                        ]c.m.t.s.LandSchedule           :----------------------start collectLandViews-------------------------
2022-12-23 15:05:10.107  INFO--[25-scheduling-1   ] [                                        ]c.m.t.s.l.LandService          :collectViews Land collect view :{}
2022-12-23 15:05:10.107  INFO--[25-scheduling-1   ] [                                        ]c.m.t.s.LandSchedule           :----------------------end collectLandViews---------------------------
