2022-12-21 14:13:36.530  INFO--[25-kground-preinit] [                                        ]o.h.v.i.u.Version              :HV000001: Hibernate Validator 6.1.7.Final
2022-12-21 14:13:36.593  INFO--[25-main           ] [                                        ]c.m.t.CrawnewsApplication      :Starting CrawnewsApplication on DESKTOP-GSNRLR9 with PID 15412 (C:\Work\MbLandStock\landstock-tool-be\target\classes started by Thanh Thuc in C:\Work\MbLandStock\landstock-tool-be)
2022-12-21 14:13:36.593  INFO--[25-main           ] [                                        ]c.m.t.CrawnewsApplication      :No active profile set, falling back to default profiles: default
2022-12-21 14:13:37.390  INFO--[25-main           ] [                                        ]epositoryConfigurationDelegate :Multiple Spring Data modules found, entering strict repository configuration mode!
2022-12-21 14:13:37.390  INFO--[25-main           ] [                                        ]epositoryConfigurationDelegate :Bootstrapping Spring Data MongoDB repositories in DEFAULT mode.
2022-12-21 14:13:37.468  INFO--[25-main           ] [                                        ]yConfigurationExtensionSupport :Spring Data MongoDB - Could not safely identify store assignment for repository candidate interface com.mbeelive.toolbackend.repo.DistrictRepository. If you want this repository to be a MongoDB repository, consider annotating your entities with one of these annotations: org.springframework.data.mongodb.core.mapping.Document (preferred), or consider extending one of the following types with your repository: org.springframework.data.mongodb.repository.MongoRepository.
2022-12-21 14:13:37.468  INFO--[25-main           ] [                                        ]yConfigurationExtensionSupport :Spring Data MongoDB - Could not safely identify store assignment for repository candidate interface com.mbeelive.toolbackend.repo.NewsRepository. If you want this repository to be a MongoDB repository, consider annotating your entities with one of these annotations: org.springframework.data.mongodb.core.mapping.Document (preferred), or consider extending one of the following types with your repository: org.springframework.data.mongodb.repository.MongoRepository.
2022-12-21 14:13:37.483  INFO--[25-main           ] [                                        ]yConfigurationExtensionSupport :Spring Data MongoDB - Could not safely identify store assignment for repository candidate interface com.mbeelive.toolbackend.repo.ProjectRepository. If you want this repository to be a MongoDB repository, consider annotating your entities with one of these annotations: org.springframework.data.mongodb.core.mapping.Document (preferred), or consider extending one of the following types with your repository: org.springframework.data.mongodb.repository.MongoRepository.
2022-12-21 14:13:37.483  INFO--[25-main           ] [                                        ]yConfigurationExtensionSupport :Spring Data MongoDB - Could not safely identify store assignment for repository candidate interface com.mbeelive.toolbackend.repo.ProvinceRepository. If you want this repository to be a MongoDB repository, consider annotating your entities with one of these annotations: org.springframework.data.mongodb.core.mapping.Document (preferred), or consider extending one of the following types with your repository: org.springframework.data.mongodb.repository.MongoRepository.
2022-12-21 14:13:37.483  INFO--[25-main           ] [                                        ]yConfigurationExtensionSupport :Spring Data MongoDB - Could not safely identify store assignment for repository candidate interface com.mbeelive.toolbackend.repo.SearchPriceViewRepository. If you want this repository to be a MongoDB repository, consider annotating your entities with one of these annotations: org.springframework.data.mongodb.core.mapping.Document (preferred), or consider extending one of the following types with your repository: org.springframework.data.mongodb.repository.MongoRepository.
2022-12-21 14:13:37.483  INFO--[25-main           ] [                                        ]yConfigurationExtensionSupport :Spring Data MongoDB - Could not safely identify store assignment for repository candidate interface com.mbeelive.toolbackend.repo.StreetRepository. If you want this repository to be a MongoDB repository, consider annotating your entities with one of these annotations: org.springframework.data.mongodb.core.mapping.Document (preferred), or consider extending one of the following types with your repository: org.springframework.data.mongodb.repository.MongoRepository.
2022-12-21 14:13:37.483  INFO--[25-main           ] [                                        ]yConfigurationExtensionSupport :Spring Data MongoDB - Could not safely identify store assignment for repository candidate interface com.mbeelive.toolbackend.repo.WardRepository. If you want this repository to be a MongoDB repository, consider annotating your entities with one of these annotations: org.springframework.data.mongodb.core.mapping.Document (preferred), or consider extending one of the following types with your repository: org.springframework.data.mongodb.repository.MongoRepository.
2022-12-21 14:13:37.499  INFO--[25-main           ] [                                        ]epositoryConfigurationDelegate :Finished Spring Data repository scanning in 91ms. Found 1 MongoDB repository interfaces.
2022-12-21 14:13:37.827  INFO--[25-main           ] [                                        ]epositoryConfigurationDelegate :Multiple Spring Data modules found, entering strict repository configuration mode!
2022-12-21 14:13:37.827  INFO--[25-main           ] [                                        ]epositoryConfigurationDelegate :Bootstrapping Spring Data JPA repositories in DEFAULT mode.
2022-12-21 14:13:37.858  INFO--[25-main           ] [                                        ]yConfigurationExtensionSupport :Spring Data JPA - Could not safely identify store assignment for repository candidate interface com.mbeelive.toolbackend.repo.CmvRepository. If you want this repository to be a JPA repository, consider annotating your entities with one of these annotations: javax.persistence.Entity, javax.persistence.MappedSuperclass (preferred), or consider extending one of the following types with your repository: org.springframework.data.jpa.repository.JpaRepository.
2022-12-21 14:13:37.889  INFO--[25-main           ] [                                        ]epositoryConfigurationDelegate :Finished Spring Data repository scanning in 63ms. Found 7 JPA repository interfaces.
2022-12-21 14:13:38.374  INFO--[25-main           ] [                                        ]o.s.b.w.e.t.TomcatWebServer    :Tomcat initialized with port(s): 8084 (http)
2022-12-21 14:13:38.374  INFO--[25-main           ] [                                        ]o.a.c.h.Http11NioProtocol      :Initializing ProtocolHandler ["http-nio-8084"]
2022-12-21 14:13:38.374  INFO--[25-main           ] [                                        ]o.a.c.c.StandardService        :Starting service [Tomcat]
2022-12-21 14:13:38.374  INFO--[25-main           ] [                                        ]o.a.c.c.StandardEngine         :Starting Servlet engine: [Apache Tomcat/9.0.46]
2022-12-21 14:13:38.514  INFO--[25-main           ] [                                        ]o.a.c.c.C.[.[.[/]              :Initializing Spring embedded WebApplicationContext
2022-12-21 14:13:38.514  INFO--[25-main           ] [                                        ]letWebServerApplicationContext :Root WebApplicationContext: initialization completed in 1859 ms
2022-12-21 14:13:38.733  INFO--[25-main           ] [                                        ]c.z.h.HikariDataSource         :HikariPool-1 - Starting...
2022-12-21 14:13:43.500  INFO--[25-main           ] [                                        ]c.z.h.HikariDataSource         :HikariPool-1 - Start completed.
2022-12-21 14:13:43.547  INFO--[25-main           ] [                                        ]o.h.j.i.u.LogHelper            :HHH000204: Processing PersistenceUnitInfo [name: default]
2022-12-21 14:13:43.578  INFO--[25-main           ] [                                        ]o.h.Version                    :HHH000412: Hibernate ORM core version 5.4.32.Final
2022-12-21 14:13:43.688  INFO--[25-main           ] [                                        ]o.h.a.c.Version                :HCANN000001: Hibernate Commons Annotations {5.1.2.Final}
2022-12-21 14:13:43.781  INFO--[25-main           ] [                                        ]o.h.d.Dialect                  :HHH000400: Using dialect: org.hibernate.dialect.MySQL5Dialect
2022-12-21 14:13:44.250  INFO--[25-main           ] [                                        ]e.t.j.p.i.JtaPlatformInitiator :HHH000490: Using JtaPlatform implementation: [org.hibernate.engine.transaction.jta.platform.internal.NoJtaPlatform]
2022-12-21 14:13:44.266  INFO--[25-main           ] [                                        ]tainerEntityManagerFactoryBean :Initialized JPA EntityManagerFactory for persistence unit 'default'
2022-12-21 14:13:47.406  INFO--[25-main           ] [                                        ]o.m.d.cluster                  :Cluster created with settings {hosts=[127.0.0.1:27017], srvHost=lab-uat.ojso0.mongodb.net, mode=MULTIPLE, requiredClusterType=REPLICA_SET, serverSelectionTimeout='30000 ms', requiredReplicaSetName='atlas-gx6iy8-shard-0'}
2022-12-21 14:13:48.171  INFO--[25-main           ] [                                        ]o.r.Version                    :Redisson 3.13.2
2022-12-21 14:13:50.155  INFO--[25-sson-netty-2-14] [                                        ]c.p.MasterPubSubConnectionPool :1 connections initialized for dev-brood.redis.cache.windows.net/13.76.180.224:6380
2022-12-21 14:13:50.171  INFO--[25-sson-netty-2-20] [                                        ]o.r.c.p.MasterConnectionPool   :24 connections initialized for dev-brood.redis.cache.windows.net/13.76.180.224:6380
2022-12-21 14:13:50.484  INFO--[25-so0.mongodb.net] [                                        ]o.m.d.cluster                  :Adding discovered server lab-uat-shard-00-00.ojso0.mongodb.net:27017 to client view of cluster
2022-12-21 14:13:50.515  INFO--[25-so0.mongodb.net] [                                        ]o.m.d.cluster                  :Adding discovered server lab-uat-shard-00-01.ojso0.mongodb.net:27017 to client view of cluster
2022-12-21 14:13:50.515  INFO--[25-so0.mongodb.net] [                                        ]o.m.d.cluster                  :Adding discovered server lab-uat-shard-00-02.ojso0.mongodb.net:27017 to client view of cluster
2022-12-21 14:13:50.770  INFO--[25-main           ] [                                        ]o.s.s.c.ThreadPoolTaskExecutor :Initializing ExecutorService
2022-12-21 14:13:50.770  INFO--[25-main           ] [                                        ]o.s.s.c.ThreadPoolTaskExecutor :Initializing ExecutorService 'asyncExecutor'
2022-12-21 14:13:50.770  INFO--[25-main           ] [                                        ]o.s.s.c.ThreadPoolTaskExecutor :Initializing ExecutorService
2022-12-21 14:13:50.770  INFO--[25-main           ] [                                        ]o.s.s.c.ThreadPoolTaskExecutor :Initializing ExecutorService 'increView'
2022-12-21 14:13:50.817  WARN--[25-main           ] [                                        ]figuration$JpaWebConfiguration :spring.jpa.open-in-view is enabled by default. Therefore, database queries may be performed during view rendering. Explicitly configure spring.jpa.open-in-view to disable this warning
2022-12-21 14:13:51.025  INFO--[25-ngodb.net:27017] [                                        ]o.m.d.connection               :Opened connection [connectionId{localValue:1, serverValue:90177}] to lab-uat-shard-00-01.ojso0.mongodb.net:27017
2022-12-21 14:13:51.025  INFO--[25-ngodb.net:27017] [                                        ]o.m.d.connection               :Opened connection [connectionId{localValue:3, serverValue:86994}] to lab-uat-shard-00-02.ojso0.mongodb.net:27017
2022-12-21 14:13:51.103  INFO--[25-ngodb.net:27017] [                                        ]o.m.d.connection               :Opened connection [connectionId{localValue:2, serverValue:87286}] to lab-uat-shard-00-00.ojso0.mongodb.net:27017
2022-12-21 14:13:51.200  INFO--[25-ngodb.net:27017] [                                        ]o.m.d.cluster                  :Monitor thread successfully connected to server with description ServerDescription{address=lab-uat-shard-00-02.ojso0.mongodb.net:27017, type=REPLICA_SET_SECONDARY, state=CONNECTED, ok=true, minWireVersion=0, maxWireVersion=17, maxDocumentSize=16777216, logicalSessionTimeoutMinutes=30, roundTripTimeNanos=159857700, setName='atlas-gx6iy8-shard-0', canonicalAddress=lab-uat-shard-00-02.ojso0.mongodb.net:27017, hosts=[lab-uat-shard-00-02.ojso0.mongodb.net:27017, lab-uat-shard-00-01.ojso0.mongodb.net:27017, lab-uat-shard-00-00.ojso0.mongodb.net:27017], passives=[], arbiters=[], primary='lab-uat-shard-00-01.ojso0.mongodb.net:27017', tagSet=TagSet{[Tag{name='nodeType', value='ELECTABLE'}, Tag{name='provider', value='AZURE'}, Tag{name='region', value='ASIA_SOUTH_EAST'}, Tag{name='workloadType', value='OPERATIONAL'}]}, electionId=null, setVersion=1, lastWriteDate=Wed Dec 21 14:13:47 GMT+07:00 2022, lastUpdateTimeNanos=43413948516600}
2022-12-21 14:13:51.216  INFO--[25-ngodb.net:27017] [                                        ]o.m.d.cluster                  :Monitor thread successfully connected to server with description ServerDescription{address=lab-uat-shard-00-01.ojso0.mongodb.net:27017, type=REPLICA_SET_PRIMARY, state=CONNECTED, ok=true, minWireVersion=0, maxWireVersion=17, maxDocumentSize=16777216, logicalSessionTimeoutMinutes=30, roundTripTimeNanos=191800100, setName='atlas-gx6iy8-shard-0', canonicalAddress=lab-uat-shard-00-01.ojso0.mongodb.net:27017, hosts=[lab-uat-shard-00-02.ojso0.mongodb.net:27017, lab-uat-shard-00-01.ojso0.mongodb.net:27017, lab-uat-shard-00-00.ojso0.mongodb.net:27017], passives=[], arbiters=[], primary='lab-uat-shard-00-01.ojso0.mongodb.net:27017', tagSet=TagSet{[Tag{name='nodeType', value='ELECTABLE'}, Tag{name='provider', value='AZURE'}, Tag{name='region', value='ASIA_SOUTH_EAST'}, Tag{name='workloadType', value='OPERATIONAL'}]}, electionId=7fffffff0000000000000002, setVersion=1, lastWriteDate=Wed Dec 21 14:13:47 GMT+07:00 2022, lastUpdateTimeNanos=43413980012000}
2022-12-21 14:13:51.216  INFO--[25-ngodb.net:27017] [                                        ]o.m.d.cluster                  :Setting max election id to 7fffffff0000000000000002 from replica set primary lab-uat-shard-00-01.ojso0.mongodb.net:27017
2022-12-21 14:13:51.216  INFO--[25-ngodb.net:27017] [                                        ]o.m.d.cluster                  :Setting max set version to 1 from replica set primary lab-uat-shard-00-01.ojso0.mongodb.net:27017
2022-12-21 14:13:51.216  INFO--[25-ngodb.net:27017] [                                        ]o.m.d.cluster                  :Discovered replica set primary lab-uat-shard-00-01.ojso0.mongodb.net:27017
2022-12-21 14:13:51.294  INFO--[25-ngodb.net:27017] [                                        ]o.m.d.cluster                  :Monitor thread successfully connected to server with description ServerDescription{address=lab-uat-shard-00-00.ojso0.mongodb.net:27017, type=REPLICA_SET_SECONDARY, state=CONNECTED, ok=true, minWireVersion=0, maxWireVersion=17, maxDocumentSize=16777216, logicalSessionTimeoutMinutes=30, roundTripTimeNanos=186726400, setName='atlas-gx6iy8-shard-0', canonicalAddress=lab-uat-shard-00-00.ojso0.mongodb.net:27017, hosts=[lab-uat-shard-00-02.ojso0.mongodb.net:27017, lab-uat-shard-00-01.ojso0.mongodb.net:27017, lab-uat-shard-00-00.ojso0.mongodb.net:27017], passives=[], arbiters=[], primary='lab-uat-shard-00-01.ojso0.mongodb.net:27017', tagSet=TagSet{[Tag{name='nodeType', value='ELECTABLE'}, Tag{name='provider', value='AZURE'}, Tag{name='region', value='ASIA_SOUTH_EAST'}, Tag{name='workloadType', value='OPERATIONAL'}]}, electionId=null, setVersion=1, lastWriteDate=Wed Dec 21 14:13:47 GMT+07:00 2022, lastUpdateTimeNanos=43414050750400}
2022-12-21 14:13:51.341  INFO--[25-main           ] [                                        ].s.s.c.ThreadPoolTaskScheduler :Initializing ExecutorService 'taskScheduler'
2022-12-21 14:13:51.372  INFO--[25-main           ] [                                        ]o.a.c.h.Http11NioProtocol      :Starting ProtocolHandler ["http-nio-8084"]
2022-12-21 14:13:51.372  INFO--[25-main           ] [                                        ]o.s.b.w.e.t.TomcatWebServer    :Tomcat started on port(s): 8084 (http) with context path ''
2022-12-21 14:13:51.438  INFO--[25-main           ] [                                        ]o.s.b.w.e.t.TomcatWebServer    :Tomcat initialized with port(s): 8091 (http)
2022-12-21 14:13:51.438  INFO--[25-main           ] [                                        ]o.a.c.h.Http11NioProtocol      :Initializing ProtocolHandler ["http-nio-8091"]
2022-12-21 14:13:51.438  INFO--[25-main           ] [                                        ]o.a.c.c.StandardService        :Starting service [Tomcat]
2022-12-21 14:13:51.438  INFO--[25-main           ] [                                        ]o.a.c.c.StandardEngine         :Starting Servlet engine: [Apache Tomcat/9.0.46]
2022-12-21 14:13:51.469  INFO--[25-main           ] [                                        ]o.a.c.c.C.[.[.[/]              :Initializing Spring embedded WebApplicationContext
2022-12-21 14:13:51.469  INFO--[25-main           ] [                                        ]letWebServerApplicationContext :Root WebApplicationContext: initialization completed in 81 ms
2022-12-21 14:13:51.485  INFO--[25-main           ] [                                        ].b.a.e.w.EndpointLinksResolver :Exposing 2 endpoint(s) beneath base path '/actuator'
2022-12-21 14:13:51.537  INFO--[25-main           ] [                                        ]o.a.c.h.Http11NioProtocol      :Starting ProtocolHandler ["http-nio-8091"]
2022-12-21 14:13:51.537  INFO--[25-main           ] [                                        ]o.s.b.w.e.t.TomcatWebServer    :Tomcat started on port(s): 8091 (http) with context path ''
2022-12-21 14:13:54.021  INFO--[25-scheduling-1   ] [                                        ]c.m.t.s.PostSchedule           :----------------------start updateEditedAt-------------------------
2022-12-21 14:13:54.033  INFO--[25-main           ] [                                        ]c.m.t.CrawnewsApplication      :Started CrawnewsApplication in 17.864 seconds (JVM running for 19.845)
2022-12-21 14:14:12.639  INFO--[25-)-192.168.8.105] [                                        ]o.a.c.c.C.[.[.[/]              :Initializing Spring DispatcherServlet 'dispatcherServlet'
2022-12-21 14:14:12.639  INFO--[25-)-192.168.8.105] [                                        ]o.s.w.s.DispatcherServlet      :Initializing Servlet 'dispatcherServlet'
2022-12-21 14:14:12.639  INFO--[25-)-192.168.8.105] [                                        ]o.s.w.s.DispatcherServlet      :Completed initialization in 0 ms
2022-12-21 14:14:13.588  INFO--[25-)-192.168.8.105] [                                        ]o.m.d.connection               :Opened connection [connectionId{localValue:5, serverValue:90181}] to lab-uat-shard-00-01.ojso0.mongodb.net:27017
2022-12-21 14:14:14.093  INFO--[25-scheduling-1   ] [                                        ]o.m.d.connection               :Opened connection [connectionId{localValue:4, serverValue:90182}] to lab-uat-shard-00-01.ojso0.mongodb.net:27017
2022-12-21 14:15:33.102  INFO--[25-extShutdownHook] [                                        ].s.s.c.ThreadPoolTaskScheduler :Shutting down ExecutorService 'taskScheduler'
2022-12-21 14:15:33.103  INFO--[25-extShutdownHook] [                                        ]o.s.s.c.ThreadPoolTaskExecutor :Shutting down ExecutorService 'increView'
2022-12-21 14:15:33.103  INFO--[25-extShutdownHook] [                                        ]o.s.s.c.ThreadPoolTaskExecutor :Shutting down ExecutorService 'asyncExecutor'
2022-12-21 14:15:33.395  INFO--[25-extShutdownHook] [                                        ]o.m.d.connection               :Closed connection [connectionId{localValue:5, serverValue:90181}] to lab-uat-shard-00-01.ojso0.mongodb.net:27017 because the pool has been closed.
2022-12-21 14:15:33.395  INFO--[25-extShutdownHook] [                                        ]o.m.d.connection               :Closed connection [connectionId{localValue:4, serverValue:90182}] to lab-uat-shard-00-01.ojso0.mongodb.net:27017 because the pool has been closed.
2022-12-21 14:15:33.410  INFO--[25-extShutdownHook] [                                        ]tainerEntityManagerFactoryBean :Closing JPA EntityManagerFactory for persistence unit 'default'
2022-12-21 14:15:33.410  INFO--[25-extShutdownHook] [                                        ]c.z.h.HikariDataSource         :HikariPool-1 - Shutdown initiated...
2022-12-21 14:15:34.722  INFO--[25-scheduling-1   ] [                                        ]c.m.t.t.TelegramService        :send message success!
2022-12-21 14:15:34.722  INFO--[25-scheduling-1   ] [                                        ]c.m.t.s.PostSchedule           :----------------------end updateEditedAt---------------------------
2022-12-21 14:15:35.654  INFO--[25-extShutdownHook] [                                        ]c.z.h.HikariDataSource         :HikariPool-1 - Shutdown completed.
