2023-03-02 10:17:03.020  INFO--[26-kground-preinit] [                                        ]o.h.v.i.u.Version              :HV000001: Hibernate Validator 6.1.7.Final
2023-03-02 10:17:03.071  INFO--[26-main           ] [                                        ]c.m.t.CrawnewsApplication      :Starting CrawnewsApplication on DESKTOP-GSNRLR9 with PID 13172 (C:\Work\MbLandStock\landstock-tool-be\target\classes started by Thanh Thuc in C:\Work\MbLandStock\landstock-tool-be)
2023-03-02 10:17:03.079  INFO--[26-main           ] [                                        ]c.m.t.CrawnewsApplication      :No active profile set, falling back to default profiles: default
2023-03-02 10:17:04.301  INFO--[26-main           ] [                                        ]epositoryConfigurationDelegate :Multiple Spring Data modules found, entering strict repository configuration mode!
2023-03-02 10:17:04.304  INFO--[26-main           ] [                                        ]epositoryConfigurationDelegate :Bootstrapping Spring Data MongoDB repositories in DEFAULT mode.
2023-03-02 10:17:04.435  INFO--[26-main           ] [                                        ]yConfigurationExtensionSupport :Spring Data MongoDB - Could not safely identify store assignment for repository candidate interface com.mbeelive.toolbackend.repo.DistrictRepository. If you want this repository to be a MongoDB repository, consider annotating your entities with one of these annotations: org.springframework.data.mongodb.core.mapping.Document (preferred), or consider extending one of the following types with your repository: org.springframework.data.mongodb.repository.MongoRepository.
2023-03-02 10:17:04.437  INFO--[26-main           ] [                                        ]yConfigurationExtensionSupport :Spring Data MongoDB - Could not safely identify store assignment for repository candidate interface com.mbeelive.toolbackend.repo.NewsRepository. If you want this repository to be a MongoDB repository, consider annotating your entities with one of these annotations: org.springframework.data.mongodb.core.mapping.Document (preferred), or consider extending one of the following types with your repository: org.springframework.data.mongodb.repository.MongoRepository.
2023-03-02 10:17:04.439  INFO--[26-main           ] [                                        ]yConfigurationExtensionSupport :Spring Data MongoDB - Could not safely identify store assignment for repository candidate interface com.mbeelive.toolbackend.repo.ProjectRepository. If you want this repository to be a MongoDB repository, consider annotating your entities with one of these annotations: org.springframework.data.mongodb.core.mapping.Document (preferred), or consider extending one of the following types with your repository: org.springframework.data.mongodb.repository.MongoRepository.
2023-03-02 10:17:04.442  INFO--[26-main           ] [                                        ]yConfigurationExtensionSupport :Spring Data MongoDB - Could not safely identify store assignment for repository candidate interface com.mbeelive.toolbackend.repo.ProvinceRepository. If you want this repository to be a MongoDB repository, consider annotating your entities with one of these annotations: org.springframework.data.mongodb.core.mapping.Document (preferred), or consider extending one of the following types with your repository: org.springframework.data.mongodb.repository.MongoRepository.
2023-03-02 10:17:04.446  INFO--[26-main           ] [                                        ]yConfigurationExtensionSupport :Spring Data MongoDB - Could not safely identify store assignment for repository candidate interface com.mbeelive.toolbackend.repo.SearchPriceViewRepository. If you want this repository to be a MongoDB repository, consider annotating your entities with one of these annotations: org.springframework.data.mongodb.core.mapping.Document (preferred), or consider extending one of the following types with your repository: org.springframework.data.mongodb.repository.MongoRepository.
2023-03-02 10:17:04.449  INFO--[26-main           ] [                                        ]yConfigurationExtensionSupport :Spring Data MongoDB - Could not safely identify store assignment for repository candidate interface com.mbeelive.toolbackend.repo.StreetRepository. If you want this repository to be a MongoDB repository, consider annotating your entities with one of these annotations: org.springframework.data.mongodb.core.mapping.Document (preferred), or consider extending one of the following types with your repository: org.springframework.data.mongodb.repository.MongoRepository.
2023-03-02 10:17:04.451  INFO--[26-main           ] [                                        ]yConfigurationExtensionSupport :Spring Data MongoDB - Could not safely identify store assignment for repository candidate interface com.mbeelive.toolbackend.repo.WardRepository. If you want this repository to be a MongoDB repository, consider annotating your entities with one of these annotations: org.springframework.data.mongodb.core.mapping.Document (preferred), or consider extending one of the following types with your repository: org.springframework.data.mongodb.repository.MongoRepository.
2023-03-02 10:17:04.470  INFO--[26-main           ] [                                        ]epositoryConfigurationDelegate :Finished Spring Data repository scanning in 158ms. Found 1 MongoDB repository interfaces.
2023-03-02 10:17:04.931  INFO--[26-main           ] [                                        ]epositoryConfigurationDelegate :Multiple Spring Data modules found, entering strict repository configuration mode!
2023-03-02 10:17:04.931  INFO--[26-main           ] [                                        ]epositoryConfigurationDelegate :Bootstrapping Spring Data JPA repositories in DEFAULT mode.
2023-03-02 10:17:04.974  INFO--[26-main           ] [                                        ]yConfigurationExtensionSupport :Spring Data JPA - Could not safely identify store assignment for repository candidate interface com.mbeelive.toolbackend.repo.CmvRepository. If you want this repository to be a JPA repository, consider annotating your entities with one of these annotations: javax.persistence.Entity, javax.persistence.MappedSuperclass (preferred), or consider extending one of the following types with your repository: org.springframework.data.jpa.repository.JpaRepository.
2023-03-02 10:17:05.013  INFO--[26-main           ] [                                        ]epositoryConfigurationDelegate :Finished Spring Data repository scanning in 78ms. Found 7 JPA repository interfaces.
2023-03-02 10:17:05.748  INFO--[26-main           ] [                                        ]o.s.b.w.e.t.TomcatWebServer    :Tomcat initialized with port(s): 8084 (http)
2023-03-02 10:17:05.757  INFO--[26-main           ] [                                        ]o.a.c.h.Http11NioProtocol      :Initializing ProtocolHandler ["http-nio-8084"]
2023-03-02 10:17:05.759  INFO--[26-main           ] [                                        ]o.a.c.c.StandardService        :Starting service [Tomcat]
2023-03-02 10:17:05.760  INFO--[26-main           ] [                                        ]o.a.c.c.StandardEngine         :Starting Servlet engine: [Apache Tomcat/9.0.46]
2023-03-02 10:17:05.975  INFO--[26-main           ] [                                        ]o.a.c.c.C.[.[.[/]              :Initializing Spring embedded WebApplicationContext
2023-03-02 10:17:05.976  INFO--[26-main           ] [                                        ]letWebServerApplicationContext :Root WebApplicationContext: initialization completed in 2812 ms
2023-03-02 10:17:06.348  INFO--[26-main           ] [                                        ]c.z.h.HikariDataSource         :HikariPool-1 - Starting...
2023-03-02 10:17:13.099  INFO--[26-main           ] [                                        ]c.z.h.HikariDataSource         :HikariPool-1 - Start completed.
2023-03-02 10:17:13.150  INFO--[26-main           ] [                                        ]o.h.j.i.u.LogHelper            :HHH000204: Processing PersistenceUnitInfo [name: default]
2023-03-02 10:17:13.199  INFO--[26-main           ] [                                        ]o.h.Version                    :HHH000412: Hibernate ORM core version 5.4.32.Final
2023-03-02 10:17:13.302  INFO--[26-main           ] [                                        ]o.h.a.c.Version                :HCANN000001: Hibernate Commons Annotations {5.1.2.Final}
2023-03-02 10:17:13.402  INFO--[26-main           ] [                                        ]o.h.d.Dialect                  :HHH000400: Using dialect: org.hibernate.dialect.MySQL5Dialect
2023-03-02 10:17:14.102  INFO--[26-main           ] [                                        ]e.t.j.p.i.JtaPlatformInitiator :HHH000490: Using JtaPlatform implementation: [org.hibernate.engine.transaction.jta.platform.internal.NoJtaPlatform]
2023-03-02 10:17:14.110  INFO--[26-main           ] [                                        ]tainerEntityManagerFactoryBean :Initialized JPA EntityManagerFactory for persistence unit 'default'
2023-03-02 10:17:14.478  INFO--[26-main           ] [                                        ]o.m.d.cluster                  :Cluster created with settings {hosts=[127.0.0.1:27017], srvHost=lab-uat.ojso0.mongodb.net, mode=MULTIPLE, requiredClusterType=REPLICA_SET, serverSelectionTimeout='30000 ms', requiredReplicaSetName='atlas-gx6iy8-shard-0'}
2023-03-02 10:17:14.544  INFO--[26-so0.mongodb.net] [                                        ]o.m.d.cluster                  :Adding discovered server lab-uat-shard-00-00.ojso0.mongodb.net:27017 to client view of cluster
2023-03-02 10:17:14.572  INFO--[26-so0.mongodb.net] [                                        ]o.m.d.cluster                  :Adding discovered server lab-uat-shard-00-01.ojso0.mongodb.net:27017 to client view of cluster
2023-03-02 10:17:14.573  INFO--[26-so0.mongodb.net] [                                        ]o.m.d.cluster                  :Adding discovered server lab-uat-shard-00-02.ojso0.mongodb.net:27017 to client view of cluster
2023-03-02 10:17:15.385  INFO--[26-ngodb.net:27017] [                                        ]o.m.d.connection               :Opened connection [connectionId{localValue:3, serverValue:78775}] to lab-uat-shard-00-00.ojso0.mongodb.net:27017
2023-03-02 10:17:15.385  INFO--[26-ngodb.net:27017] [                                        ]o.m.d.connection               :Opened connection [connectionId{localValue:1, serverValue:84013}] to lab-uat-shard-00-01.ojso0.mongodb.net:27017
2023-03-02 10:17:15.391  INFO--[26-ngodb.net:27017] [                                        ]o.m.d.connection               :Opened connection [connectionId{localValue:2, serverValue:78532}] to lab-uat-shard-00-02.ojso0.mongodb.net:27017
2023-03-02 10:17:15.444  INFO--[26-main           ] [                                        ]o.r.Version                    :Redisson 3.13.2
2023-03-02 10:17:15.598  INFO--[26-ngodb.net:27017] [                                        ]o.m.d.cluster                  :Monitor thread successfully connected to server with description ServerDescription{address=lab-uat-shard-00-02.ojso0.mongodb.net:27017, type=REPLICA_SET_SECONDARY, state=CONNECTED, ok=true, minWireVersion=0, maxWireVersion=17, maxDocumentSize=16777216, logicalSessionTimeoutMinutes=30, roundTripTimeNanos=207178000, setName='atlas-gx6iy8-shard-0', canonicalAddress=lab-uat-shard-00-02.ojso0.mongodb.net:27017, hosts=[lab-uat-shard-00-02.ojso0.mongodb.net:27017, lab-uat-shard-00-01.ojso0.mongodb.net:27017, lab-uat-shard-00-00.ojso0.mongodb.net:27017], passives=[], arbiters=[], primary='lab-uat-shard-00-01.ojso0.mongodb.net:27017', tagSet=TagSet{[Tag{name='nodeType', value='ELECTABLE'}, Tag{name='provider', value='AZURE'}, Tag{name='region', value='ASIA_SOUTH_EAST'}, Tag{name='workloadType', value='OPERATIONAL'}]}, electionId=null, setVersion=1, lastWriteDate=Thu Mar 02 10:17:06 GMT+07:00 2023, lastUpdateTimeNanos=849162313333900}
2023-03-02 10:17:15.598  INFO--[26-ngodb.net:27017] [                                        ]o.m.d.cluster                  :Monitor thread successfully connected to server with description ServerDescription{address=lab-uat-shard-00-01.ojso0.mongodb.net:27017, type=REPLICA_SET_PRIMARY, state=CONNECTED, ok=true, minWireVersion=0, maxWireVersion=17, maxDocumentSize=16777216, logicalSessionTimeoutMinutes=30, roundTripTimeNanos=209005300, setName='atlas-gx6iy8-shard-0', canonicalAddress=lab-uat-shard-00-01.ojso0.mongodb.net:27017, hosts=[lab-uat-shard-00-02.ojso0.mongodb.net:27017, lab-uat-shard-00-01.ojso0.mongodb.net:27017, lab-uat-shard-00-00.ojso0.mongodb.net:27017], passives=[], arbiters=[], primary='lab-uat-shard-00-01.ojso0.mongodb.net:27017', tagSet=TagSet{[Tag{name='nodeType', value='ELECTABLE'}, Tag{name='provider', value='AZURE'}, Tag{name='region', value='ASIA_SOUTH_EAST'}, Tag{name='workloadType', value='OPERATIONAL'}]}, electionId=7fffffff0000000000000006, setVersion=1, lastWriteDate=Thu Mar 02 10:17:06 GMT+07:00 2023, lastUpdateTimeNanos=849162311668600}
2023-03-02 10:17:15.598  INFO--[26-ngodb.net:27017] [                                        ]o.m.d.cluster                  :Monitor thread successfully connected to server with description ServerDescription{address=lab-uat-shard-00-00.ojso0.mongodb.net:27017, type=REPLICA_SET_SECONDARY, state=CONNECTED, ok=true, minWireVersion=0, maxWireVersion=17, maxDocumentSize=16777216, logicalSessionTimeoutMinutes=30, roundTripTimeNanos=209206500, setName='atlas-gx6iy8-shard-0', canonicalAddress=lab-uat-shard-00-00.ojso0.mongodb.net:27017, hosts=[lab-uat-shard-00-02.ojso0.mongodb.net:27017, lab-uat-shard-00-01.ojso0.mongodb.net:27017, lab-uat-shard-00-00.ojso0.mongodb.net:27017], passives=[], arbiters=[], primary='lab-uat-shard-00-01.ojso0.mongodb.net:27017', tagSet=TagSet{[Tag{name='nodeType', value='ELECTABLE'}, Tag{name='provider', value='AZURE'}, Tag{name='region', value='ASIA_SOUTH_EAST'}, Tag{name='workloadType', value='OPERATIONAL'}]}, electionId=null, setVersion=1, lastWriteDate=Thu Mar 02 10:17:06 GMT+07:00 2023, lastUpdateTimeNanos=849162311668700}
2023-03-02 10:17:15.600  INFO--[26-ngodb.net:27017] [                                        ]o.m.d.cluster                  :Setting max election id to 7fffffff0000000000000006 from replica set primary lab-uat-shard-00-01.ojso0.mongodb.net:27017
2023-03-02 10:17:15.600  INFO--[26-ngodb.net:27017] [                                        ]o.m.d.cluster                  :Setting max set version to 1 from replica set primary lab-uat-shard-00-01.ojso0.mongodb.net:27017
2023-03-02 10:17:15.600  INFO--[26-ngodb.net:27017] [                                        ]o.m.d.cluster                  :Discovered replica set primary lab-uat-shard-00-01.ojso0.mongodb.net:27017
2023-03-02 10:17:17.551  INFO--[26-sson-netty-2-19] [                                        ]c.p.MasterPubSubConnectionPool :1 connections initialized for dev-brood.redis.cache.windows.net/13.76.180.224:6380
2023-03-02 10:17:18.088  INFO--[26-sson-netty-2-20] [                                        ]o.r.c.p.MasterConnectionPool   :24 connections initialized for dev-brood.redis.cache.windows.net/13.76.180.224:6380
2023-03-02 10:17:18.769  INFO--[26-main           ] [                                        ]o.s.s.c.ThreadPoolTaskExecutor :Initializing ExecutorService
2023-03-02 10:17:18.769  INFO--[26-main           ] [                                        ]o.s.s.c.ThreadPoolTaskExecutor :Initializing ExecutorService 'asyncExecutor'
2023-03-02 10:17:18.772  INFO--[26-main           ] [                                        ]o.s.s.c.ThreadPoolTaskExecutor :Initializing ExecutorService
2023-03-02 10:17:18.772  INFO--[26-main           ] [                                        ]o.s.s.c.ThreadPoolTaskExecutor :Initializing ExecutorService 'increView'
2023-03-02 10:17:18.841  WARN--[26-main           ] [                                        ]figuration$JpaWebConfiguration :spring.jpa.open-in-view is enabled by default. Therefore, database queries may be performed during view rendering. Explicitly configure spring.jpa.open-in-view to disable this warning
2023-03-02 10:17:19.504  INFO--[26-main           ] [                                        ].s.s.c.ThreadPoolTaskScheduler :Initializing ExecutorService 'taskScheduler'
2023-03-02 10:17:19.570  INFO--[26-main           ] [                                        ]o.a.c.h.Http11NioProtocol      :Starting ProtocolHandler ["http-nio-8084"]
2023-03-02 10:17:19.585  INFO--[26-main           ] [                                        ]o.s.b.w.e.t.TomcatWebServer    :Tomcat started on port(s): 8084 (http) with context path ''
2023-03-02 10:17:19.654  INFO--[26-main           ] [                                        ]o.s.b.w.e.t.TomcatWebServer    :Tomcat initialized with port(s): 8091 (http)
2023-03-02 10:17:19.655  INFO--[26-main           ] [                                        ]o.a.c.h.Http11NioProtocol      :Initializing ProtocolHandler ["http-nio-8091"]
2023-03-02 10:17:19.655  INFO--[26-main           ] [                                        ]o.a.c.c.StandardService        :Starting service [Tomcat]
2023-03-02 10:17:19.655  INFO--[26-main           ] [                                        ]o.a.c.c.StandardEngine         :Starting Servlet engine: [Apache Tomcat/9.0.46]
2023-03-02 10:17:19.714  INFO--[26-main           ] [                                        ]o.a.c.c.C.[.[.[/]              :Initializing Spring embedded WebApplicationContext
2023-03-02 10:17:19.714  INFO--[26-main           ] [                                        ]letWebServerApplicationContext :Root WebApplicationContext: initialization completed in 125 ms
2023-03-02 10:17:19.733  INFO--[26-main           ] [                                        ].b.a.e.w.EndpointLinksResolver :Exposing 2 endpoint(s) beneath base path '/actuator'
2023-03-02 10:17:19.818  INFO--[26-main           ] [                                        ]o.a.c.h.Http11NioProtocol      :Starting ProtocolHandler ["http-nio-8091"]
2023-03-02 10:17:19.821  INFO--[26-main           ] [                                        ]o.s.b.w.e.t.TomcatWebServer    :Tomcat started on port(s): 8091 (http) with context path ''
2023-03-02 10:17:19.845  INFO--[26-main           ] [                                        ]c.m.t.CrawnewsApplication      :Started CrawnewsApplication in 17.243 seconds (JVM running for 19.933)
2023-03-02 10:17:20.862  INFO--[26-scheduling-1   ] [                                        ]c.m.t.s.DBSequencesSchedule    :----------------------start updateSequences---------------------------
2023-03-02 10:17:21.785  INFO--[26-)-192.168.8.104] [                                        ]o.a.c.c.C.[.[.[/]              :Initializing Spring DispatcherServlet 'dispatcherServlet'
2023-03-02 10:17:21.785  INFO--[26-)-192.168.8.104] [                                        ]o.s.w.s.DispatcherServlet      :Initializing Servlet 'dispatcherServlet'
2023-03-02 10:17:21.795  INFO--[26-)-192.168.8.104] [                                        ]o.s.w.s.DispatcherServlet      :Completed initialization in 10 ms
2023-03-02 10:17:22.752  INFO--[26-)-192.168.8.104] [                                        ]o.m.d.connection               :Opened connection [connectionId{localValue:4, serverValue:84014}] to lab-uat-shard-00-01.ojso0.mongodb.net:27017
2023-03-02 10:17:23.654  INFO--[26-scheduling-1   ] [                                        ]o.m.d.connection               :Opened connection [connectionId{localValue:5, serverValue:84015}] to lab-uat-shard-00-01.ojso0.mongodb.net:27017
2023-03-02 10:17:25.840  INFO--[26-scheduling-1   ] [                                        ]c.m.t.t.TelegramService        :send message success!
2023-03-02 10:17:32.310  INFO--[26-scheduling-1   ] [                                        ]c.m.t.s.DBSequencesSchedule    :----------------------end updateSequences---------------------------
2023-03-02 10:17:33.010  INFO--[26-scheduling-1   ] [                                        ]c.m.t.s.DBSequencesSchedule    :----------------------start updateSequences---------------------------
2023-03-02 10:17:34.067  INFO--[26-scheduling-1   ] [                                        ]c.m.t.t.TelegramService        :send message success!
2023-03-02 10:17:34.067  INFO--[26-scheduling-1   ] [                                        ]c.m.t.s.DBSequencesSchedule    :----------------------end updateSequences---------------------------
2023-03-02 10:17:35.014  INFO--[26-scheduling-1   ] [                                        ]c.m.t.s.DBSequencesSchedule    :----------------------start updateSequences---------------------------
2023-03-02 10:17:35.368  INFO--[26-extShutdownHook] [                                        ].s.s.c.ThreadPoolTaskScheduler :Shutting down ExecutorService 'taskScheduler'
2023-03-02 10:17:35.372  INFO--[26-extShutdownHook] [                                        ]o.s.s.c.ThreadPoolTaskExecutor :Shutting down ExecutorService 'increView'
2023-03-02 10:17:35.372  INFO--[26-extShutdownHook] [                                        ]o.s.s.c.ThreadPoolTaskExecutor :Shutting down ExecutorService 'asyncExecutor'
2023-03-02 10:17:35.515  INFO--[26-scheduling-1   ] [                                        ]c.m.t.t.TelegramService        :send message success!
2023-03-02 10:17:35.515  INFO--[26-scheduling-1   ] [                                        ]c.m.t.s.DBSequencesSchedule    :----------------------end updateSequences---------------------------
2023-03-02 10:17:35.714  INFO--[26-extShutdownHook] [                                        ]o.m.d.connection               :Closed connection [connectionId{localValue:4, serverValue:84014}] to lab-uat-shard-00-01.ojso0.mongodb.net:27017 because the pool has been closed.
2023-03-02 10:17:35.717  INFO--[26-extShutdownHook] [                                        ]o.m.d.connection               :Closed connection [connectionId{localValue:5, serverValue:84015}] to lab-uat-shard-00-01.ojso0.mongodb.net:27017 because the pool has been closed.
2023-03-02 10:17:35.718  INFO--[26-extShutdownHook] [                                        ]tainerEntityManagerFactoryBean :Closing JPA EntityManagerFactory for persistence unit 'default'
2023-03-02 10:17:35.722  INFO--[26-extShutdownHook] [                                        ]c.z.h.HikariDataSource         :HikariPool-1 - Shutdown initiated...
2023-03-02 10:17:36.530  INFO--[26-extShutdownHook] [                                        ]c.z.h.HikariDataSource         :HikariPool-1 - Shutdown completed.
